#
# A fatal error has been detected by the Java Runtime Environment:
#
#  EXCEPTION_ACCESS_VIOLATION (0xc0000005) at pc=0x00007fff8bd872a6, pid=3424, tid=0x0000000000002328
#
# JRE version: Java(TM) SE Runtime Environment (8.0_221-b11) (build 1.8.0_221-b11)
# Java VM: Java HotSpot(TM) 64-Bit Server VM (25.221-b11 mixed mode windows-amd64 compressed oops)
# Problematic frame:
# C  [ntdll.dll+0x72a6]
#
# Failed to write core dump. Minidumps are not enabled by default on client versions of Windows
#
# If you would like to submit a bug report, please visit:
#   http://bugreport.java.com/bugreport/crash.jsp
# The crash happened outside the Java Virtual Machine in native code.
# See problematic frame for where to report the bug.
#

---------------  T H R E A D  ---------------

Current thread (0x0000000014fb1800):  JavaThread "Thread-7" [_thread_in_native, id=9000, stack(0x0000000025af0000,0x0000000025bf0000)]

siginfo: ExceptionCode=0xc0000005, writing address 0x0000000000000024

Registers:
RAX=0x0000000000000000, RBX=0x0000000026344058, RCX=0x0000000026344058, RDX=0x00000000fffffffa
RSP=0x0000000025bee950, RBP=0x0000000000000000, RSI=0x0000000000000000, RDI=0x0000000000000000
R8 =0x0000000000000000, R9 =0x0000000026344000, R10=0x0000000000000000, R11=0x0000000000000246
R12=0x0000000000000000, R13=0x000000000070e000, R14=0x0000000000000001, R15=0x0000000000000000
RIP=0x00007fff8bd872a6, EFLAGS=0x0000000000010213

Top of Stack: (sp=0x0000000025bee950)
0x0000000025bee950:   ffffffffffffffff 0000000026344058
0x0000000025bee960:   000000001dd32748 0000000033171658
0x0000000025bee970:   000000001dd32080 0000000000000000
0x0000000025bee980:   0000000025bee9a8 0000000025beea58
0x0000000025bee990:   00000000230f5d00 00000000fffffffa
0x0000000025bee9a0:   000000000070e000 fffffffffffffffe
0x0000000025bee9b0:   00000000000001e0 0000000000000280
0x0000000025bee9c0:   0000000000000000 00000000e808e101
0x0000000025bee9d0:   0000000000000000 0000000000000000
0x0000000025bee9e0:   000058260a37af3d 00000000c1d56230
0x0000000025bee9f0:   0000000014fb1800 0000000000000001
0x0000000025beea00:   0000000000000001 0000000000000001
0x0000000025beea10:   0000000000000000 0000000026344058
0x0000000025beea20:   0000000000000000 00007fff8bd9b576
0x0000000025beea30:   00006c73164fbfe7 0000000033170ab0
0x0000000025beea40:   00000000fffffffa ffffffffff676980 

Instructions: (pc=0x00007fff8bd872a6)
0x00007fff8bd87286:   48 39 73 18 0f 84 d1 00 00 00 48 8b 03 48 83 f8
0x00007fff8bd87296:   ff 0f 84 d1 00 00 00 44 8b fe 48 83 f8 ff 74 03
0x00007fff8bd872a6:   ff 40 24 4c 8b 73 18 4c 8d 2d 44 82 15 00 bd 22
0x00007fff8bd872b6:   17 00 00 e8 72 89 03 00 85 c0 0f 85 5e 0b 0a 00 


Register to memory mapping:

RAX=0x0000000000000000 is an unknown value
RBX=0x0000000026344058 is an unknown value
RCX=0x0000000026344058 is an unknown value
RDX=0x00000000fffffffa is an unallocated location in the heap
RSP=0x0000000025bee950 is pointing into the stack for thread: 0x0000000014fb1800
RBP=0x0000000000000000 is an unknown value
RSI=0x0000000000000000 is an unknown value
RDI=0x0000000000000000 is an unknown value
R8 =0x0000000000000000 is an unknown value
R9 =0x0000000026344000 is an unknown value
R10=0x0000000000000000 is an unknown value
R11=0x0000000000000246 is an unknown value
R12=0x0000000000000000 is an unknown value
R13=0x000000000070e000 is an unknown value
R14=0x0000000000000001 is an unknown value
R15=0x0000000000000000 is an unknown value


Stack: [0x0000000025af0000,0x0000000025bf0000],  sp=0x0000000025bee950,  free space=1018k
Native frames: (J=compiled Java code, j=interpreted, Vv=VM code, C=native code)

Java frames: (J=compiled Java code, j=interpreted, Vv=VM code)
J 5375  org.bytedeco.javacpp.opencv_videoio$VideoCapture.retrieve(Lorg/bytedeco/javacpp/opencv_core$Mat;)Z (0 bytes) @ 0x00000000031f898f [0x00000000031f8940+0x4f]
J 5374 C1 org.bytedeco.javacv.OpenCVFrameGrabber.grab()Lorg/bytedeco/javacv/Frame; (255 bytes) @ 0x000000000322b26c [0x000000000322b1c0+0xac]
j  application.FaceDetector.run()V+1109
j  java.lang.Thread.run()V+11
v  ~StubRoutines::call_stub

---------------  P R O C E S S  ---------------

Java Threads: ( => current thread )
  0x0000000022566000 JavaThread "Thread-10" [_thread_in_native, id=9576, stack(0x0000000033b70000,0x0000000033c70000)]
  0x00000000225d7800 JavaThread "URL-Loader-20" daemon [_thread_blocked, id=7284, stack(0x0000000034b70000,0x0000000034c70000)]
  0x00000000225d7000 JavaThread "URL-Loader-19" daemon [_thread_blocked, id=10116, stack(0x0000000034a70000,0x0000000034b70000)]
  0x00000000225d6000 JavaThread "URL-Loader-18" daemon [_thread_blocked, id=1000, stack(0x0000000034970000,0x0000000034a70000)]
  0x00000000225d5800 JavaThread "URL-Loader-17" daemon [_thread_blocked, id=856, stack(0x0000000034870000,0x0000000034970000)]
  0x00000000225ce000 JavaThread "URL-Loader-16" daemon [_thread_blocked, id=10168, stack(0x0000000034770000,0x0000000034870000)]
  0x00000000225d4800 JavaThread "URL-Loader-15" daemon [_thread_blocked, id=6712, stack(0x0000000034670000,0x0000000034770000)]
  0x00000000225d3000 JavaThread "URL-Loader-14" daemon [_thread_blocked, id=6348, stack(0x0000000034570000,0x0000000034670000)]
  0x00000000225d4000 JavaThread "URL-Loader-13" daemon [_thread_blocked, id=9456, stack(0x0000000034470000,0x0000000034570000)]
  0x00000000225d2800 JavaThread "URL-Loader-12" daemon [_thread_in_native, id=5820, stack(0x0000000034370000,0x0000000034470000)]
  0x00000000225d1800 JavaThread "URL-Loader-11" daemon [_thread_blocked, id=104, stack(0x0000000034270000,0x0000000034370000)]
  0x00000000225d1000 JavaThread "URL-Loader-10" daemon [_thread_blocked, id=4912, stack(0x0000000034070000,0x0000000034170000)]
  0x00000000225d0000 JavaThread "URL-Loader-9" daemon [_thread_blocked, id=6220, stack(0x0000000033d70000,0x0000000033e70000)]
  0x00000000225cd000 JavaThread "URL-Loader-8" daemon [_thread_blocked, id=7512, stack(0x0000000033c70000,0x0000000033d70000)]
  0x00000000225ca000 JavaThread "Keep-Alive-Timer" daemon [_thread_blocked, id=8856, stack(0x0000000033a70000,0x0000000033b70000)]
  0x00000000225cb000 JavaThread "Keep-Alive-SocketCleaner" daemon [_thread_blocked, id=10084, stack(0x0000000033970000,0x0000000033a70000)]
  0x00000000225cc800 JavaThread "URL-Loader-7" daemon [_thread_blocked, id=9488, stack(0x0000000033870000,0x0000000033970000)]
  0x00000000225c9800 JavaThread "URL-Loader-6" daemon [_thread_blocked, id=2748, stack(0x0000000033670000,0x0000000033770000)]
  0x00000000225cb800 JavaThread "URL-Loader-5" daemon [_thread_blocked, id=9256, stack(0x0000000033570000,0x0000000033670000)]
  0x00000000225ce800 JavaThread "URL-Loader-4" daemon [_thread_blocked, id=1656, stack(0x0000000033470000,0x0000000033570000)]
  0x00000000225cf800 JavaThread "URL-Loader-3" daemon [_thread_blocked, id=9924, stack(0x0000000033370000,0x0000000033470000)]
  0x0000000014fb3800 JavaThread "URL-Loader-2" daemon [_thread_blocked, id=2508, stack(0x0000000033270000,0x0000000033370000)]
  0x0000000014fb0800 JavaThread "URL-Loader-1" daemon [_thread_blocked, id=2724, stack(0x0000000000b10000,0x0000000000c10000)]
=>0x0000000014fb1800 JavaThread "Thread-7" [_thread_in_native, id=9000, stack(0x0000000025af0000,0x0000000025bf0000)]
  0x0000000014fb4800 JavaThread "Disposer" daemon [_thread_blocked, id=8740, stack(0x0000000020570000,0x0000000020670000)]
  0x0000000014faf000 JavaThread "Prism Font Disposer" daemon [_thread_blocked, id=1048, stack(0x000000001fc70000,0x000000001fd70000)]
  0x000000001c284800 JavaThread "AWT-Windows" daemon [_thread_in_native, id=8232, stack(0x000000001e0d0000,0x000000001e1d0000)]
  0x000000001d2a3800 JavaThread "Java2D Disposer" daemon [_thread_blocked, id=9500, stack(0x000000001ded0000,0x000000001dfd0000)]
  0x000000001c92d800 JavaThread "JavaCPP Deallocator" daemon [_thread_blocked, id=9208, stack(0x000000001da60000,0x000000001db60000)]
  0x0000000016d00000 JavaThread "Thread-3" daemon [_thread_in_native, id=4268, stack(0x000000001c670000,0x000000001c770000)]
  0x000000001befe000 JavaThread "JavaFX-Launcher" [_thread_blocked, id=8280, stack(0x000000001c770000,0x000000001c870000)]
  0x0000000016cbb000 JavaThread "JavaFX Application Thread" [_thread_in_native, id=9764, stack(0x00000000174a0000,0x00000000175a0000)]
  0x0000000016ca6000 JavaThread "Thread-1" daemon [_thread_blocked, id=4452, stack(0x00000000173a0000,0x00000000174a0000)]
  0x0000000016cb6800 JavaThread "QuantumRenderer-0" daemon [_thread_blocked, id=2148, stack(0x0000000017130000,0x0000000017230000)]
  0x000000001695a800 JavaThread "Service Thread" daemon [_thread_blocked, id=3336, stack(0x0000000016d20000,0x0000000016e20000)]
  0x0000000014fb0000 JavaThread "C1 CompilerThread2" daemon [_thread_blocked, id=8252, stack(0x0000000016820000,0x0000000016920000)]
  0x0000000014f9f800 JavaThread "C2 CompilerThread1" daemon [_thread_blocked, id=3300, stack(0x0000000016720000,0x0000000016820000)]
  0x0000000014f94000 JavaThread "C2 CompilerThread0" daemon [_thread_in_native, id=5172, stack(0x0000000016620000,0x0000000016720000)]
  0x0000000014f92000 JavaThread "Attach Listener" daemon [_thread_blocked, id=7672, stack(0x0000000016520000,0x0000000016620000)]
  0x0000000014f91000 JavaThread "Signal Dispatcher" daemon [_thread_blocked, id=6932, stack(0x0000000016420000,0x0000000016520000)]
  0x0000000014f80000 JavaThread "Finalizer" daemon [_thread_blocked, id=7396, stack(0x00000000161f0000,0x00000000162f0000)]
  0x00000000029b6000 JavaThread "Reference Handler" daemon [_thread_blocked, id=9452, stack(0x00000000160f0000,0x00000000161f0000)]
  0x00000000028c7000 JavaThread "main" [_thread_blocked, id=4184, stack(0x00000000027c0000,0x00000000028c0000)]

Other Threads:
  0x0000000014f57800 VMThread [stack: 0x0000000015ff0000,0x00000000160f0000] [id=6504]
  0x0000000014fed000 WatcherThread [stack: 0x0000000016e20000,0x0000000016f20000] [id=9912]

VM state:not at safepoint (normal execution)

VM Mutex/Monitor currently owned by a thread: None

heap address: 0x00000000c1c00000, size: 996 MB, Compressed Oops mode: 32-bit
Narrow klass base: 0x0000000000000000, Narrow klass shift: 3
Compressed class space size: 1073741824 Address: 0x0000000100000000

Heap:
 PSYoungGen      total 149504K, used 16733K [0x00000000eb400000, 0x00000000f6980000, 0x0000000100000000)
  eden space 139776K, 5% used [0x00000000eb400000,0x00000000ebadb478,0x00000000f3c80000)
  from space 9728K, 99% used [0x00000000f3c80000,0x00000000f45fc1b8,0x00000000f4600000)
  to   space 11264K, 0% used [0x00000000f5e80000,0x00000000f5e80000,0x00000000f6980000)
 ParOldGen       total 64512K, used 24377K [0x00000000c1c00000, 0x00000000c5b00000, 0x00000000eb400000)
  object space 64512K, 37% used [0x00000000c1c00000,0x00000000c33ce5d8,0x00000000c5b00000)
 Metaspace       used 35728K, capacity 37062K, committed 37208K, reserved 1081344K
  class space    used 4428K, capacity 4744K, committed 4864K, reserved 1048576K

Card table byte_map: [0x0000000011d80000,0x0000000011f80000] byte_map_base: 0x0000000011772000

Marking Bits: (ParMarkBitMap*) 0x000000005deb5ce0
 Begin Bits: [0x00000000124d0000, 0x0000000013460000)
 End Bits:   [0x0000000013460000, 0x00000000143f0000)

Polling page: 0x0000000000a00000

CodeCache: size=245760Kb used=20882Kb max_used=20882Kb free=224877Kb
 bounds [0x00000000029c0000, 0x0000000003e50000, 0x00000000119c0000]
 total_blobs=7359 nmethods=6335 adapters=935
 compilation: enabled

Compilation events (10 events):
Event: 130.906 Thread 0x0000000014fb0000 7543       3       sun.net.www.protocol.https.HttpsURLConnectionImpl::setRequestProperty (10 bytes)
Event: 130.906 Thread 0x0000000014fb0000 nmethod 7543 0x0000000003e33910 code [0x0000000003e33a80, 0x0000000003e33c88]
Event: 130.906 Thread 0x0000000014fb0000 7547   !   3       java.net.Socket::createImpl (41 bytes)
Event: 130.907 Thread 0x0000000014fb0000 nmethod 7547 0x0000000003e3a9d0 code [0x0000000003e3ab60, 0x0000000003e3b018]
Event: 130.907 Thread 0x0000000014fb0000 7544  s    3       sun.net.www.protocol.http.HttpURLConnection::setRequestProperty (78 bytes)
Event: 130.908 Thread 0x0000000014fb0000 nmethod 7544 0x0000000003e35350 code [0x0000000003e35540, 0x0000000003e35d68]
Event: 130.908 Thread 0x0000000014fb0000 7546       3       java.net.Socket::setImpl (52 bytes)
Event: 130.909 Thread 0x0000000014fb0000 nmethod 7546 0x0000000003e3e410 code [0x0000000003e3e5e0, 0x0000000003e3ed28]
Event: 130.909 Thread 0x0000000014fb0000 7545       3       sun.net.www.ParseUtil::appendSchemeSpecificPart (181 bytes)
Event: 130.912 Thread 0x0000000014fb0000 nmethod 7545 0x0000000003e3ef90 code [0x0000000003e3f2c0, 0x0000000003e414a8]

GC Heap History (10 events):
Event: 113.231 GC heap before
{Heap before GC invocations=27 (full 2):
 PSYoungGen      total 111104K, used 104433K [0x00000000eb400000, 0x00000000f2f00000, 0x0000000100000000)
  eden space 104448K, 99% used [0x00000000eb400000,0x00000000f19fc438,0x00000000f1a00000)
  from space 6656K, 0% used [0x00000000f2200000,0x00000000f2200000,0x00000000f2880000)
  to   space 8192K, 0% used [0x00000000f1a00000,0x00000000f1a00000,0x00000000f2200000)
 ParOldGen       total 64512K, used 24241K [0x00000000c1c00000, 0x00000000c5b00000, 0x00000000eb400000)
  object space 64512K, 37% used [0x00000000c1c00000,0x00000000c33ac5d8,0x00000000c5b00000)
 Metaspace       used 34228K, capacity 35482K, committed 35800K, reserved 1081344K
  class space    used 4316K, capacity 4616K, committed 4736K, reserved 1048576K
Event: 113.243 GC heap after
Heap after GC invocations=27 (full 2):
 PSYoungGen      total 112640K, used 369K [0x00000000eb400000, 0x00000000f3700000, 0x0000000100000000)
  eden space 104448K, 0% used [0x00000000eb400000,0x00000000eb400000,0x00000000f1a00000)
  from space 8192K, 4% used [0x00000000f1a00000,0x00000000f1a5c538,0x00000000f2200000)
  to   space 8192K, 0% used [0x00000000f2f00000,0x00000000f2f00000,0x00000000f3700000)
 ParOldGen       total 64512K, used 24249K [0x00000000c1c00000, 0x00000000c5b00000, 0x00000000eb400000)
  object space 64512K, 37% used [0x00000000c1c00000,0x00000000c33ae5d8,0x00000000c5b00000)
 Metaspace       used 34228K, capacity 35482K, committed 35800K, reserved 1081344K
  class space    used 4316K, capacity 4616K, committed 4736K, reserved 1048576K
}
Event: 113.301 GC heap before
{Heap before GC invocations=28 (full 2):
 PSYoungGen      total 112640K, used 104751K [0x00000000eb400000, 0x00000000f3700000, 0x0000000100000000)
  eden space 104448K, 99% used [0x00000000eb400000,0x00000000f19efa68,0x00000000f1a00000)
  from space 8192K, 4% used [0x00000000f1a00000,0x00000000f1a5c538,0x00000000f2200000)
  to   space 8192K, 0% used [0x00000000f2f00000,0x00000000f2f00000,0x00000000f3700000)
 ParOldGen       total 64512K, used 24249K [0x00000000c1c00000, 0x00000000c5b00000, 0x00000000eb400000)
  object space 64512K, 37% used [0x00000000c1c00000,0x00000000c33ae5d8,0x00000000c5b00000)
 Metaspace       used 34228K, capacity 35482K, committed 35800K, reserved 1081344K
  class space    used 4316K, capacity 4616K, committed 4736K, reserved 1048576K
Event: 113.310 GC heap after
Heap after GC invocations=28 (full 2):
 PSYoungGen      total 125952K, used 1619K [0x00000000eb400000, 0x00000000f4100000, 0x0000000100000000)
  eden space 117760K, 0% used [0x00000000eb400000,0x00000000eb400000,0x00000000f2700000)
  from space 8192K, 19% used [0x00000000f2f00000,0x00000000f3094d88,0x00000000f3700000)
  to   space 8192K, 0% used [0x00000000f2700000,0x00000000f2700000,0x00000000f2f00000)
 ParOldGen       total 64512K, used 24257K [0x00000000c1c00000, 0x00000000c5b00000, 0x00000000eb400000)
  object space 64512K, 37% used [0x00000000c1c00000,0x00000000c33b05d8,0x00000000c5b00000)
 Metaspace       used 34228K, capacity 35482K, committed 35800K, reserved 1081344K
  class space    used 4316K, capacity 4616K, committed 4736K, reserved 1048576K
}
Event: 115.909 GC heap before
{Heap before GC invocations=29 (full 2):
 PSYoungGen      total 125952K, used 118540K [0x00000000eb400000, 0x00000000f4100000, 0x0000000100000000)
  eden space 117760K, 99% used [0x00000000eb400000,0x00000000f262e4e0,0x00000000f2700000)
  from space 8192K, 19% used [0x00000000f2f00000,0x00000000f3094d88,0x00000000f3700000)
  to   space 8192K, 0% used [0x00000000f2700000,0x00000000f2700000,0x00000000f2f00000)
 ParOldGen       total 64512K, used 24257K [0x00000000c1c00000, 0x00000000c5b00000, 0x00000000eb400000)
  object space 64512K, 37% used [0x00000000c1c00000,0x00000000c33b05d8,0x00000000c5b00000)
 Metaspace       used 35044K, capacity 36322K, committed 36568K, reserved 1081344K
  class space    used 4412K, capacity 4698K, committed 4736K, reserved 1048576K
Event: 115.917 GC heap after
Heap after GC invocations=29 (full 2):
 PSYoungGen      total 125952K, used 5139K [0x00000000eb400000, 0x00000000f4f80000, 0x0000000100000000)
  eden space 117760K, 0% used [0x00000000eb400000,0x00000000eb400000,0x00000000f2700000)
  from space 8192K, 62% used [0x00000000f2700000,0x00000000f2c04f10,0x00000000f2f00000)
  to   space 8704K, 0% used [0x00000000f4700000,0x00000000f4700000,0x00000000f4f80000)
 ParOldGen       total 64512K, used 24265K [0x00000000c1c00000, 0x00000000c5b00000, 0x00000000eb400000)
  object space 64512K, 37% used [0x00000000c1c00000,0x00000000c33b25d8,0x00000000c5b00000)
 Metaspace       used 35044K, capacity 36322K, committed 36568K, reserved 1081344K
  class space    used 4412K, capacity 4698K, committed 4736K, reserved 1048576K
}
Event: 122.509 GC heap before
{Heap before GC invocations=30 (full 2):
 PSYoungGen      total 125952K, used 122559K [0x00000000eb400000, 0x00000000f4f80000, 0x0000000100000000)
  eden space 117760K, 99% used [0x00000000eb400000,0x00000000f26ab008,0x00000000f2700000)
  from space 8192K, 62% used [0x00000000f2700000,0x00000000f2c04f10,0x00000000f2f00000)
  to   space 8704K, 0% used [0x00000000f4700000,0x00000000f4700000,0x00000000f4f80000)
 ParOldGen       total 64512K, used 24265K [0x00000000c1c00000, 0x00000000c5b00000, 0x00000000eb400000)
  object space 64512K, 37% used [0x00000000c1c00000,0x00000000c33b25d8,0x00000000c5b00000)
 Metaspace       used 35430K, capacity 36742K, committed 36952K, reserved 1081344K
  class space    used 4422K, capacity 4744K, committed 4864K, reserved 1048576K
Event: 122.521 GC heap after
Heap after GC invocations=30 (full 2):
 PSYoungGen      total 148480K, used 8693K [0x00000000eb400000, 0x00000000f4f80000, 0x0000000100000000)
  eden space 139776K, 0% used [0x00000000eb400000,0x00000000eb400000,0x00000000f3c80000)
  from space 8704K, 99% used [0x00000000f4700000,0x00000000f4f7d550,0x00000000f4f80000)
  to   space 9728K, 0% used [0x00000000f3c80000,0x00000000f3c80000,0x00000000f4600000)
 ParOldGen       total 64512K, used 24369K [0x00000000c1c00000, 0x00000000c5b00000, 0x00000000eb400000)
  object space 64512K, 37% used [0x00000000c1c00000,0x00000000c33cc5d8,0x00000000c5b00000)
 Metaspace       used 35430K, capacity 36742K, committed 36952K, reserved 1081344K
  class space    used 4422K, capacity 4744K, committed 4864K, reserved 1048576K
}
Event: 130.737 GC heap before
{Heap before GC invocations=31 (full 2):
 PSYoungGen      total 148480K, used 147679K [0x00000000eb400000, 0x00000000f4f80000, 0x0000000100000000)
  eden space 139776K, 99% used [0x00000000eb400000,0x00000000f3bba7e0,0x00000000f3c80000)
  from space 8704K, 99% used [0x00000000f4700000,0x00000000f4f7d550,0x00000000f4f80000)
  to   space 9728K, 0% used [0x00000000f3c80000,0x00000000f3c80000,0x00000000f4600000)
 ParOldGen       total 64512K, used 24369K [0x00000000c1c00000, 0x00000000c5b00000, 0x00000000eb400000)
  object space 64512K, 37% used [0x00000000c1c00000,0x00000000c33cc5d8,0x00000000c5b00000)
 Metaspace       used 35719K, capacity 37062K, committed 37208K, reserved 1081344K
  class space    used 4428K, capacity 4744K, committed 4864K, reserved 1048576K
Event: 130.751 GC heap after
Heap after GC invocations=31 (full 2):
 PSYoungGen      total 149504K, used 9712K [0x00000000eb400000, 0x00000000f6980000, 0x0000000100000000)
  eden space 139776K, 0% used [0x00000000eb400000,0x00000000eb400000,0x00000000f3c80000)
  from space 9728K, 99% used [0x00000000f3c80000,0x00000000f45fc1b8,0x00000000f4600000)
  to   space 11264K, 0% used [0x00000000f5e80000,0x00000000f5e80000,0x00000000f6980000)
 ParOldGen       total 64512K, used 24377K [0x00000000c1c00000, 0x00000000c5b00000, 0x00000000eb400000)
  object space 64512K, 37% used [0x00000000c1c00000,0x00000000c33ce5d8,0x00000000c5b00000)
 Metaspace       used 35719K, capacity 37062K, committed 37208K, reserved 1081344K
  class space    used 4428K, capacity 4744K, committed 4864K, reserved 1048576K
}

Deoptimization events (10 events):
Event: 122.264 Thread 0x0000000016cbb000 Uncommon trap: reason=unstable_if action=reinterpret pc=0x000000000337a8bc method=java.util.Properties$LineReader.readLine()I @ 105
Event: 122.636 Thread 0x00000000225ce800 Uncommon trap: reason=unstable_if action=reinterpret pc=0x00000000035aad48 method=java.util.concurrent.locks.ReentrantLock$Sync.tryRelease(I)Z @ 28
Event: 122.785 Thread 0x0000000016cb6800 Uncommon trap: reason=class_check action=maybe_recompile pc=0x00000000034fd2f0 method=com.sun.javafx.geom.transform.AffineBase.getType()I @ 9
Event: 122.791 Thread 0x0000000016cb6800 Uncommon trap: reason=class_check action=maybe_recompile pc=0x00000000034fd2f0 method=com.sun.javafx.geom.transform.AffineBase.getType()I @ 9
Event: 122.852 Thread 0x0000000016cbb000 Uncommon trap: reason=class_check action=maybe_recompile pc=0x00000000035f3b18 method=java.util.HashMap.removeNode(ILjava/lang/Object;Ljava/lang/Object;ZZ)Ljava/util/HashMap$Node; @ 68
Event: 122.852 Thread 0x0000000016cbb000 Uncommon trap: reason=class_check action=maybe_recompile pc=0x00000000035f3b18 method=java.util.HashMap.removeNode(ILjava/lang/Object;Ljava/lang/Object;ZZ)Ljava/util/HashMap$Node; @ 68
Event: 122.852 Thread 0x0000000016cbb000 Uncommon trap: reason=class_check action=maybe_recompile pc=0x00000000035f3b18 method=java.util.HashMap.removeNode(ILjava/lang/Object;Ljava/lang/Object;ZZ)Ljava/util/HashMap$Node; @ 68
Event: 122.852 Thread 0x0000000016cbb000 Uncommon trap: reason=class_check action=maybe_recompile pc=0x00000000035f3b18 method=java.util.HashMap.removeNode(ILjava/lang/Object;Ljava/lang/Object;ZZ)Ljava/util/HashMap$Node; @ 68
Event: 124.547 Thread 0x00000000225d1000 Uncommon trap: reason=predicate action=maybe_recompile pc=0x00000000034136c4 method=java.util.regex.Pattern$Slice.match(Ljava/util/regex/Matcher;ILjava/lang/CharSequence;)Z @ 21
Event: 130.809 Thread 0x0000000016cb6800 Uncommon trap: reason=unstable_if action=reinterpret pc=0x0000000003937754 method=java.util.concurrent.locks.ReentrantLock$NonfairSync.lock()V @ 6

Classes redefined (0 events):
No events

Internal exceptions (10 events):
Event: 10.590 Thread 0x0000000016cbb000 Exception <a 'java/security/PrivilegedActionException'> (0x00000000ecd0e1d0) thrown at [C:\re\workspace\8-2-build-windows-amd64-cygwin\jdk8u221\13320\hotspot\src\share\vm\prims\jvm.cpp, line 1502]
Event: 16.729 Thread 0x0000000016cb6800 Implicit null exception at 0x00000000035101d0 to 0x0000000003510229
Event: 22.166 Thread 0x0000000016cbb000 Implicit null exception at 0x00000000034f06da to 0x00000000034f0b45
Event: 30.572 Thread 0x0000000016cbb000 Implicit null exception at 0x00000000036b60e7 to 0x00000000036b68f5
Event: 59.070 Thread 0x0000000016cb6800 Implicit null exception at 0x00000000037746a5 to 0x0000000003774e21
Event: 111.111 Thread 0x0000000016cbb000 Exception <a 'sun/nio/fs/WindowsException'> (0x00000000f1609c40) thrown at [C:\re\workspace\8-2-build-windows-amd64-cygwin\jdk8u221\13320\hotspot\src\share\vm\prims\jni.cpp, line 710]
Event: 111.113 Thread 0x0000000016cbb000 Exception <a 'sun/nio/fs/WindowsException'> (0x00000000f160b660) thrown at [C:\re\workspace\8-2-build-windows-amd64-cygwin\jdk8u221\13320\hotspot\src\share\vm\prims\jni.cpp, line 710]
Event: 115.550 Thread 0x0000000016cb6800 Implicit null exception at 0x00000000035aa63a to 0x00000000035aa6ed
Event: 122.264 Thread 0x0000000016cbb000 Implicit null exception at 0x00000000033854d6 to 0x0000000003385a11
Event: 122.264 Thread 0x0000000016cbb000 Implicit null exception at 0x000000000337a0c4 to 0x000000000337a841

Events (10 events):
Event: 130.752 Executing VM operation: RevokeBias
Event: 130.752 Executing VM operation: RevokeBias done
Event: 130.752 Executing VM operation: RevokeBias
Event: 130.753 Executing VM operation: RevokeBias done
Event: 130.753 Executing VM operation: RevokeBias
Event: 130.753 Executing VM operation: RevokeBias done
Event: 130.809 Thread 0x0000000016cb6800 Uncommon trap: trap_request=0xffffff65 fr.pc=0x0000000003937754
Event: 130.809 Thread 0x0000000016cb6800 DEOPT PACKING pc=0x0000000003937754 sp=0x000000001722d7a0
Event: 130.810 Thread 0x0000000016cb6800 DEOPT UNPACKING pc=0x0000000002a0583b sp=0x000000001722d4c0 mode 2
Event: 130.860 Thread 0x0000000022566000 Thread added: 0x0000000022566000


Dynamic libraries:
0x00007ff618160000 - 0x00007ff618197000 	C:\Program Files\Java\jre1.8.0_221\bin\javaw.exe
0x00007fff8bd80000 - 0x00007fff8bf70000 	C:\Windows\SYSTEM32\ntdll.dll
0x00007fff8bbe0000 - 0x00007fff8bc92000 	C:\Windows\System32\KERNEL32.DLL
0x00007fff89330000 - 0x00007fff895d4000 	C:\Windows\System32\KERNELBASE.dll
0x00007fff8b180000 - 0x00007fff8b223000 	C:\Windows\System32\ADVAPI32.dll
0x00007fff8bca0000 - 0x00007fff8bd3e000 	C:\Windows\System32\msvcrt.dll
0x00007fff89e30000 - 0x00007fff89ec7000 	C:\Windows\System32\sechost.dll
0x00007fff8b030000 - 0x00007fff8b150000 	C:\Windows\System32\RPCRT4.dll
0x00007fff8b910000 - 0x00007fff8baa4000 	C:\Windows\System32\USER32.dll
0x00007fff895e0000 - 0x00007fff89601000 	C:\Windows\System32\win32u.dll
0x00007fff8b150000 - 0x00007fff8b176000 	C:\Windows\System32\GDI32.dll
0x00007fff88de0000 - 0x00007fff88f75000 	C:\Windows\System32\gdi32full.dll
0x00007fff89610000 - 0x00007fff896ae000 	C:\Windows\System32\msvcp_win.dll
0x00007fff89230000 - 0x00007fff8932a000 	C:\Windows\System32\ucrtbase.dll
0x00007fff7b9c0000 - 0x00007fff7bc44000 	C:\Windows\WinSxS\amd64_microsoft.windows.common-controls_6595b64144ccf1df_6.0.18362.900_none_e6beb9d913147d17\COMCTL32.dll
0x00007fff8a850000 - 0x00007fff8ab85000 	C:\Windows\System32\combase.dll
0x00007fff89010000 - 0x00007fff89090000 	C:\Windows\System32\bcryptPrimitives.dll
0x00007fff8b470000 - 0x00007fff8b49e000 	C:\Windows\System32\IMM32.DLL
0x000000005f030000 - 0x000000005f102000 	C:\Program Files\Java\jre1.8.0_221\bin\msvcr100.dll
0x000000005d690000 - 0x000000005df35000 	C:\Program Files\Java\jre1.8.0_221\bin\server\jvm.dll
0x00007fff8afc0000 - 0x00007fff8afc8000 	C:\Windows\System32\PSAPI.DLL
0x00007fff776d0000 - 0x00007fff776d9000 	C:\Windows\SYSTEM32\WSOCK32.dll
0x00007fff85bf0000 - 0x00007fff85c14000 	C:\Windows\SYSTEM32\WINMM.dll
0x00007fff8acf0000 - 0x00007fff8ad5f000 	C:\Windows\System32\WS2_32.dll
0x00007fff7de90000 - 0x00007fff7de9a000 	C:\Windows\SYSTEM32\VERSION.dll
0x00007fff85bc0000 - 0x00007fff85bed000 	C:\Windows\SYSTEM32\WINMMBASE.dll
0x00007fff89090000 - 0x00007fff890da000 	C:\Windows\System32\cfgmgr32.dll
0x00007fff84bd0000 - 0x00007fff84bdf000 	C:\Program Files\Java\jre1.8.0_221\bin\verify.dll
0x00007fff725d0000 - 0x00007fff725f9000 	C:\Program Files\Java\jre1.8.0_221\bin\java.dll
0x00007fff82400000 - 0x00007fff82416000 	C:\Program Files\Java\jre1.8.0_221\bin\zip.dll
0x00007fff8a020000 - 0x00007fff8a706000 	C:\Windows\System32\SHELL32.dll
0x00007fff8ad60000 - 0x00007fff8ae09000 	C:\Windows\System32\shcore.dll
0x00007fff896b0000 - 0x00007fff89e30000 	C:\Windows\System32\windows.storage.dll
0x00007fff88ce0000 - 0x00007fff88d03000 	C:\Windows\System32\profapi.dll
0x00007fff88c50000 - 0x00007fff88c9a000 	C:\Windows\System32\powrprof.dll
0x00007fff88c40000 - 0x00007fff88c50000 	C:\Windows\System32\UMPDC.dll
0x00007fff8b370000 - 0x00007fff8b3c2000 	C:\Windows\System32\shlwapi.dll
0x00007fff88cc0000 - 0x00007fff88cd1000 	C:\Windows\System32\kernel.appcore.dll
0x00007fff88d10000 - 0x00007fff88d27000 	C:\Windows\System32\cryptsp.dll
0x0000000000d80000 - 0x0000000000d83000 	C:\Program Files\Java\jre1.8.0_221\bin\api-ms-win-core-console-l1-1-0.dll
0x0000000000d90000 - 0x0000000000d93000 	C:\Program Files\Java\jre1.8.0_221\bin\api-ms-win-core-datetime-l1-1-0.dll
0x0000000000da0000 - 0x0000000000da3000 	C:\Program Files\Java\jre1.8.0_221\bin\api-ms-win-core-debug-l1-1-0.dll
0x0000000000db0000 - 0x0000000000db3000 	C:\Program Files\Java\jre1.8.0_221\bin\api-ms-win-core-errorhandling-l1-1-0.dll
0x0000000000dc0000 - 0x0000000000dc4000 	C:\Program Files\Java\jre1.8.0_221\bin\api-ms-win-core-file-l1-1-0.dll
0x0000000000dd0000 - 0x0000000000dd3000 	C:\Program Files\Java\jre1.8.0_221\bin\api-ms-win-core-file-l1-2-0.dll
0x0000000000de0000 - 0x0000000000de3000 	C:\Program Files\Java\jre1.8.0_221\bin\api-ms-win-core-file-l2-1-0.dll
0x0000000016f20000 - 0x0000000016f23000 	C:\Program Files\Java\jre1.8.0_221\bin\api-ms-win-core-handle-l1-1-0.dll
0x0000000016f30000 - 0x0000000016f33000 	C:\Program Files\Java\jre1.8.0_221\bin\api-ms-win-core-heap-l1-1-0.dll
0x0000000016f40000 - 0x0000000016f43000 	C:\Program Files\Java\jre1.8.0_221\bin\api-ms-win-core-interlocked-l1-1-0.dll
0x0000000016f50000 - 0x0000000016f53000 	C:\Program Files\Java\jre1.8.0_221\bin\api-ms-win-core-libraryloader-l1-1-0.dll
0x0000000016f60000 - 0x0000000016f63000 	C:\Program Files\Java\jre1.8.0_221\bin\api-ms-win-core-localization-l1-2-0.dll
0x0000000016f70000 - 0x0000000016f73000 	C:\Program Files\Java\jre1.8.0_221\bin\api-ms-win-core-memory-l1-1-0.dll
0x0000000016f80000 - 0x0000000016f83000 	C:\Program Files\Java\jre1.8.0_221\bin\api-ms-win-core-namedpipe-l1-1-0.dll
0x0000000016f90000 - 0x0000000016f93000 	C:\Program Files\Java\jre1.8.0_221\bin\api-ms-win-core-processenvironment-l1-1-0.dll
0x0000000016fa0000 - 0x0000000016fa3000 	C:\Program Files\Java\jre1.8.0_221\bin\api-ms-win-core-processthreads-l1-1-0.dll
0x0000000016fb0000 - 0x0000000016fb3000 	C:\Program Files\Java\jre1.8.0_221\bin\api-ms-win-core-processthreads-l1-1-1.dll
0x0000000016fc0000 - 0x0000000016fc3000 	C:\Program Files\Java\jre1.8.0_221\bin\api-ms-win-core-profile-l1-1-0.dll
0x0000000016fd0000 - 0x0000000016fd3000 	C:\Program Files\Java\jre1.8.0_221\bin\api-ms-win-core-rtlsupport-l1-1-0.dll
0x0000000016fe0000 - 0x0000000016fe3000 	C:\Program Files\Java\jre1.8.0_221\bin\api-ms-win-core-string-l1-1-0.dll
0x0000000016ff0000 - 0x0000000016ff3000 	C:\Program Files\Java\jre1.8.0_221\bin\api-ms-win-core-synch-l1-1-0.dll
0x0000000017000000 - 0x0000000017003000 	C:\Program Files\Java\jre1.8.0_221\bin\api-ms-win-core-synch-l1-2-0.dll
0x0000000017010000 - 0x0000000017013000 	C:\Program Files\Java\jre1.8.0_221\bin\api-ms-win-core-sysinfo-l1-1-0.dll
0x0000000017020000 - 0x0000000017023000 	C:\Program Files\Java\jre1.8.0_221\bin\api-ms-win-core-timezone-l1-1-0.dll
0x0000000017030000 - 0x0000000017033000 	C:\Program Files\Java\jre1.8.0_221\bin\api-ms-win-core-util-l1-1-0.dll
0x0000000017040000 - 0x0000000017043000 	C:\Program Files\Java\jre1.8.0_221\bin\api-ms-win-crt-conio-l1-1-0.dll
0x0000000017050000 - 0x0000000017054000 	C:\Program Files\Java\jre1.8.0_221\bin\api-ms-win-crt-convert-l1-1-0.dll
0x0000000017060000 - 0x0000000017063000 	C:\Program Files\Java\jre1.8.0_221\bin\api-ms-win-crt-environment-l1-1-0.dll
0x0000000017070000 - 0x0000000017073000 	C:\Program Files\Java\jre1.8.0_221\bin\api-ms-win-crt-filesystem-l1-1-0.dll
0x0000000017080000 - 0x0000000017083000 	C:\Program Files\Java\jre1.8.0_221\bin\api-ms-win-crt-heap-l1-1-0.dll
0x0000000017090000 - 0x0000000017093000 	C:\Program Files\Java\jre1.8.0_221\bin\api-ms-win-crt-locale-l1-1-0.dll
0x00000000170a0000 - 0x00000000170a5000 	C:\Program Files\Java\jre1.8.0_221\bin\api-ms-win-crt-math-l1-1-0.dll
0x00000000170b0000 - 0x00000000170b5000 	C:\Program Files\Java\jre1.8.0_221\bin\api-ms-win-crt-multibyte-l1-1-0.dll
0x00000000170c0000 - 0x00000000170d0000 	C:\Program Files\Java\jre1.8.0_221\bin\api-ms-win-crt-private-l1-1-0.dll
0x00000000170d0000 - 0x00000000170d3000 	C:\Program Files\Java\jre1.8.0_221\bin\api-ms-win-crt-process-l1-1-0.dll
0x00000000170e0000 - 0x00000000170e4000 	C:\Program Files\Java\jre1.8.0_221\bin\api-ms-win-crt-runtime-l1-1-0.dll
0x00000000170f0000 - 0x00000000170f4000 	C:\Program Files\Java\jre1.8.0_221\bin\api-ms-win-crt-stdio-l1-1-0.dll
0x0000000017100000 - 0x0000000017104000 	C:\Program Files\Java\jre1.8.0_221\bin\api-ms-win-crt-string-l1-1-0.dll
0x0000000017110000 - 0x0000000017113000 	C:\Program Files\Java\jre1.8.0_221\bin\api-ms-win-crt-time-l1-1-0.dll
0x0000000017120000 - 0x0000000017123000 	C:\Program Files\Java\jre1.8.0_221\bin\api-ms-win-crt-utility-l1-1-0.dll
0x00007fff5b660000 - 0x00007fff5b756000 	C:\Program Files\Java\jre1.8.0_221\bin\ucrtbase.dll
0x00007fff84af0000 - 0x00007fff84b06000 	C:\Program Files\Java\jre1.8.0_221\bin\vcruntime140.dll
0x00007fff592b0000 - 0x00007fff5935a000 	C:\Program Files\Java\jre1.8.0_221\bin\msvcp140.dll
0x00007fff5b8b0000 - 0x00007fff5b904000 	C:\Program Files\Java\jre1.8.0_221\bin\concrt140.dll
0x00007fff84a90000 - 0x00007fff84ab3000 	C:\Program Files\Java\jre1.8.0_221\bin\prism_d3d.dll
0x00007fff52e20000 - 0x00007fff52fe7000 	C:\Windows\system32\d3d9.dll
0x00007fff86790000 - 0x00007fff867bd000 	C:\Windows\SYSTEM32\dwmapi.dll
0x00007fff878b0000 - 0x00007fff878d0000 	C:\Windows\SYSTEM32\dxcore.dll
0x00007fff86430000 - 0x00007fff864c9000 	C:\Windows\system32\uxtheme.dll
0x00007fff2d5a0000 - 0x00007fff2fadd000 	C:\Windows\SYSTEM32\igdumdim64.dll
0x00007fff89ed0000 - 0x00007fff89f95000 	C:\Windows\System32\OLEAUT32.dll
0x00007fff8ab90000 - 0x00007fff8ace7000 	C:\Windows\System32\ole32.dll
0x00007fff8b4a0000 - 0x00007fff8b910000 	C:\Windows\System32\SETUPAPI.dll
0x00007fff88f80000 - 0x00007fff88fa6000 	C:\Windows\System32\bcrypt.dll
0x00007fff5b610000 - 0x00007fff5b659000 	C:\Program Files\Java\jre1.8.0_221\bin\glass.dll
0x00007fff8b230000 - 0x00007fff8b300000 	C:\Windows\System32\COMDLG32.dll
0x00007fff8a710000 - 0x00007fff8a845000 	C:\Windows\System32\MSCTF.dll
0x00007fff7f540000 - 0x00007fff7ff80000 	C:\Windows\SYSTEM32\igdusc64.dll
0x00007fff54c40000 - 0x00007fff54d2f000 	C:\Users\mmcam\.javacpp\cache\opencv-3.2.0-1.3-windows-x86_64.jar\org\bytedeco\javacpp\windows-x86_64\msvcr120.dll
0x00007fff54ac0000 - 0x00007fff54b66000 	C:\Users\mmcam\.javacpp\cache\opencv-3.2.0-1.3-windows-x86_64.jar\org\bytedeco\javacpp\windows-x86_64\msvcp120.dll
0x00007fff4a7e0000 - 0x00007fff4aa68000 	C:\Users\mmcam\.javacpp\cache\opencv-3.2.0-1.3-windows-x86_64.jar\org\bytedeco\javacpp\windows-x86_64\opencv_core320.dll
0x00007fff3c900000 - 0x00007fff3cc62000 	C:\Users\mmcam\.javacpp\cache\opencv-3.2.0-1.3-windows-x86_64.jar\org\bytedeco\javacpp\windows-x86_64\opencv_imgproc320.dll
0x00007fff424f0000 - 0x00007fff4273a000 	C:\Users\mmcam\.javacpp\cache\opencv-3.2.0-1.3-windows-x86_64.jar\org\bytedeco\javacpp\windows-x86_64\jniopencv_core.dll
0x00007fff617f0000 - 0x00007fff6180a000 	C:\Program Files\Java\jre1.8.0_221\bin\net.dll
0x00007fff78d80000 - 0x00007fff78f56000 	C:\Windows\SYSTEM32\urlmon.dll
0x00007fff79080000 - 0x00007fff79326000 	C:\Windows\SYSTEM32\iertutil.dll
0x00007fff88680000 - 0x00007fff8868c000 	C:\Windows\SYSTEM32\CRYPTBASE.DLL
0x00007fff884b0000 - 0x00007fff88517000 	C:\Windows\system32\mswsock.dll
0x00007fff617d0000 - 0x00007fff617e2000 	C:\Program Files\Java\jre1.8.0_221\bin\nio.dll
0x00007fff52c80000 - 0x00007fff52e19000 	C:\Program Files\Java\jre1.8.0_221\bin\awt.dll
0x00007fff86270000 - 0x00007fff862ff000 	C:\Windows\SYSTEM32\apphelp.dll
0x00007fff84ad0000 - 0x00007fff84ae4000 	C:\Program Files\Java\jre1.8.0_221\bin\javafx_font.dll
0x00007fff29540000 - 0x00007fff2d59b000 	C:\Program Files\Java\jre1.8.0_221\bin\jfxwebkit.dll
0x00007fff88020000 - 0x00007fff88053000 	C:\Windows\system32\rsaenh.dll
0x00007fff78a80000 - 0x00007fff78d7e000 	C:\Windows\SYSTEM32\dwrite.dll
0x00007fff8bb30000 - 0x00007fff8bbd2000 	C:\Windows\System32\clbcatq.dll
0x00007fff84060000 - 0x00007fff8420f000 	C:\Windows\SYSTEM32\WindowsCodecs.dll
0x00007fff54a10000 - 0x00007fff54a4a000 	C:\Windows\system32\dataexchange.dll
0x00007fff859e0000 - 0x00007fff85bbc000 	C:\Windows\system32\dcomp.dll
0x00007fff85780000 - 0x00007fff859db000 	C:\Windows\system32\d3d11.dll
0x00007fff87940000 - 0x00007fff87a2b000 	C:\Windows\system32\dxgi.dll
0x00007fff86520000 - 0x00007fff86781000 	C:\Windows\system32\twinapi.appcore.dll
0x00007fff86a40000 - 0x00007fff86a69000 	C:\Windows\system32\RMCLIENT.dll
0x00007fff72660000 - 0x00007fff72693000 	C:\Program Files\Common Files\Microsoft Shared\Ink\rtscom.dll
0x00007fff7aed0000 - 0x00007fff7af6e000 	C:\Windows\System32\TextInputFramework.dll
0x00007fff85f90000 - 0x00007fff86064000 	C:\Windows\System32\CoreMessaging.dll
0x00007fff84450000 - 0x00007fff8477a000 	C:\Windows\System32\CoreUIComponents.dll
0x00007fff87ca0000 - 0x00007fff87cd1000 	C:\Windows\SYSTEM32\ntmarta.dll
0x00007fff842f0000 - 0x00007fff84443000 	C:\Windows\SYSTEM32\wintypes.dll

VM Arguments:
jvm_args: -Djava.library.path=C:\Users\Administrator\Desktop\opencv\build\java\x64 -Dfile.encoding=Cp1252 
java_command: application.Main
java_class_path (initial): C:\Users\mmcam\OneDrive\Bureau\projet java\ensahVision\target\classes;C:\Users\mmcam\.p2\pool\plugins\org.eclipse.fx.ide.css.jfx8_1.2.0.201501301049.jar;C:\Users\mmcam\OneDrive\Bureau\projet java\ensahVision\bin\opencv-341.jar;C:\Users\mmcam\.m2\repository\org\bytedeco\javacv-platform\1.3.2\javacv-platform-1.3.2.jar;C:\Users\mmcam\.m2\repository\org\bytedeco\javacv\1.3.2\javacv-1.3.2.jar;C:\Users\mmcam\.m2\repository\org\bytedeco\javacpp-presets\ffmpeg\3.2.1-1.3\ffmpeg-3.2.1-1.3.jar;C:\Users\mmcam\.m2\repository\org\bytedeco\javacpp-presets\flycapture\2.9.3.43-1.3\flycapture-2.9.3.43-1.3.jar;C:\Users\mmcam\.m2\repository\org\bytedeco\javacpp-presets\libdc1394\2.2.4-1.3\libdc1394-2.2.4-1.3.jar;C:\Users\mmcam\.m2\repository\org\bytedeco\javacpp-presets\libfreenect\0.5.3-1.3\libfreenect-0.5.3-1.3.jar;C:\Users\mmcam\.m2\repository\org\bytedeco\javacpp-presets\libfreenect2\0.2.0-1.3\libfreenect2-0.2.0-1.3.jar;C:\Users\mmcam\.m2\repository\org\bytedeco\javacpp-presets\librealsense\1.9.6-1.3\librealsense-1.9.6-1.3.jar;C:\Users\mmcam\.m2\repository\org\bytedeco\javacpp-presets\videoinput\0.200-1.3\videoinput-0.200-1.3.jar;C:\Users\mmcam\.m2\repository\org\bytedeco\javacpp-presets\artoolkitplus\2.3.1-1.3\artoolkitplus-2.3.1-1.3.jar;C:\Users\mmcam\.m2\repository\org\bytedeco\javacpp-presets\flandmark\1.07-1.3\flandmark-1.07-1.3.jar;C:\Users\mmcam\.m2\repository\org\bytedeco\javacpp-presets\opencv-platform\3.2.0-1.3\opencv-platform-3.2.0-1.3.jar;C:\Users\mmcam\.m2\repository\org\bytedeco\javacpp-presets\opencv\3.2.0-1.3\opencv-3.2.0-1.3-android-arm.jar;C:\Users\mmcam\.m2\repository\org\bytedeco\javacpp-presets\opencv\3.2.0-1.3\opencv-3.2.0-1.3-android-x86.jar;C:\Users\mmcam\.m2\repository\org\bytedeco\javacpp-presets\opencv\3.2.0-1.3\opencv-3.2.0-1.3-linux-x86.jar;C:\Users\mmcam\.m2\repository\org\bytedeco\javacpp-presets\opencv\3.2.0-1.3\opencv-3.2.0-1.3-linux-x86_64.jar;C:\Users\mmcam\.m2\repository\org\bytedeco\javacpp-presets\opencv\3.2.0-1.3\o
Launcher Type: SUN_STANDARD

Environment Variables:
PATH=C:/Program Files/Java/jre1.8.0_221/bin/server;C:/Program Files/Java/jre1.8.0_221/bin;C:/Program Files/Java/jre1.8.0_221/lib/amd64;C:\Program Files (x86)\Common Files\Oracle\Java\javapath;C:\opencv\build\bin;C:\Users\mmcam\AppData\Local\Microsoft\WindowsApps;;C:\Users\mmcam\AppData\Local\Programs\Microsoft VS Code\bin;C:\Users\mmcam\AppData\Roaming\npm;C:\Users\mmcam\OneDrive\Bureau;
USERNAME=mmcam
OS=Windows_NT
PROCESSOR_IDENTIFIER=Intel64 Family 6 Model 69 Stepping 1, GenuineIntel



---------------  S Y S T E M  ---------------

OS: Windows 10.0 , 64 bit Build 18362 (10.0.18362.900)

CPU:total 4 (initial active 4) (2 cores per cpu, 2 threads per core) family 6 model 69 stepping 1, cmov, cx8, fxsr, mmx, sse, sse2, sse3, ssse3, sse4.1, sse4.2, popcnt, avx, avx2, aes, clmul, erms, lzcnt, ht, tsc, tscinvbit, bmi1, bmi2

Memory: 4k page, physical 4074888k(685492k free), swap 10890632k(2873828k free)

vm_info: Java HotSpot(TM) 64-Bit Server VM (25.221-b11) for windows-amd64 JRE (1.8.0_221-b11), built on Jul  4 2019 04:39:29 by "java_re" with MS VC++ 10.0 (VS2010)

time: Fri Jun 12 18:40:05 2020
timezone: Maroc (heure d’été)
elapsed time: 131 seconds (0d 0h 2m 11s)

