#
# A fatal error has been detected by the Java Runtime Environment:
#
#  EXCEPTION_ACCESS_VIOLATION (0xc0000005) at pc=0x00007fff8bd872a6, pid=8952, tid=0x0000000000001ac0
#
# JRE version: Java(TM) SE Runtime Environment (8.0_221-b11) (build 1.8.0_221-b11)
# Java VM: Java HotSpot(TM) 64-Bit Server VM (25.221-b11 mixed mode windows-amd64 compressed oops)
# Problematic frame:
# C  [ntdll.dll+0x72a6]
#
# Failed to write core dump. Minidumps are not enabled by default on client versions of Windows
#
# If you would like to submit a bug report, please visit:
#   http://bugreport.java.com/bugreport/crash.jsp
# The crash happened outside the Java Virtual Machine in native code.
# See problematic frame for where to report the bug.
#

---------------  T H R E A D  ---------------

Current thread (0x000000001d5f4000):  JavaThread "Thread-6" [_thread_in_native, id=6848, stack(0x0000000029150000,0x0000000029250000)]

siginfo: ExceptionCode=0xc0000005, writing address 0x0000000000000024

Registers:
RAX=0x0000000000000000, RBX=0x00000000230233e8, RCX=0x00000000230233e8, RDX=0x00000000fffffffa
RSP=0x000000002924f090, RBP=0x0000000000000000, RSI=0x0000000000000000, RDI=0x0000000000000000
R8 =0x0000000000000000, R9 =0x0000000023023300, R10=0x0000000000000000, R11=0x0000000000000246
R12=0x0000000000000000, R13=0x000000000073f000, R14=0x0000000000000001, R15=0x0000000000000000
RIP=0x00007fff8bd872a6, EFLAGS=0x0000000000010213

Top of Stack: (sp=0x000000002924f090)
0x000000002924f090:   ffffffffffffffff 00000000230233e8
0x000000002924f0a0:   000000000000e106 00007fff8bdc535c
0x000000002924f0b0:   00000000355ea840 0000000035010000
0x000000002924f0c0:   0000000000a80000 00000000c29ba958
0x000000002924f0d0:   000000002312a200 00000000fffffffa
0x000000002924f0e0:   000000000073f000 fffffffffffffffe
0x000000002924f0f0:   0000000028fc5400 00000000355ea840
0x000000002924f100:   0000000000000000 0000000000000000
0x000000002924f110:   000000000000e106 00007fff8bdc4c19
0x000000002924f120:   000041ba245ccabd 000000002924f189
0x000000002924f130:   000000001d5f4000 0000000000000001
0x000000002924f140:   0000000000000001 0000000000000001
0x000000002924f150:   0000000000000000 00000000230233e8
0x000000002924f160:   0000000000000000 00007fff8bd9b576
0x000000002924f170:   00004304e4e7fe38 0000000000000000
0x000000002924f180:   00000000fffffffa ffffffffff676980 

Instructions: (pc=0x00007fff8bd872a6)
0x00007fff8bd87286:   48 39 73 18 0f 84 d1 00 00 00 48 8b 03 48 83 f8
0x00007fff8bd87296:   ff 0f 84 d1 00 00 00 44 8b fe 48 83 f8 ff 74 03
0x00007fff8bd872a6:   ff 40 24 4c 8b 73 18 4c 8d 2d 44 82 15 00 bd 22
0x00007fff8bd872b6:   17 00 00 e8 72 89 03 00 85 c0 0f 85 5e 0b 0a 00 


Register to memory mapping:

RAX=0x0000000000000000 is an unknown value
RBX=0x00000000230233e8 is an unknown value
RCX=0x00000000230233e8 is an unknown value
RDX=0x00000000fffffffa is an unallocated location in the heap
RSP=0x000000002924f090 is pointing into the stack for thread: 0x000000001d5f4000
RBP=0x0000000000000000 is an unknown value
RSI=0x0000000000000000 is an unknown value
RDI=0x0000000000000000 is an unknown value
R8 =0x0000000000000000 is an unknown value
R9 =0x0000000023023300 is an unknown value
R10=0x0000000000000000 is an unknown value
R11=0x0000000000000246 is an unknown value
R12=0x0000000000000000 is an unknown value
R13=0x000000000073f000 is an unknown value
R14=0x0000000000000001 is an unknown value
R15=0x0000000000000000 is an unknown value


Stack: [0x0000000029150000,0x0000000029250000],  sp=0x000000002924f090,  free space=1020k
Native frames: (J=compiled Java code, j=interpreted, Vv=VM code, C=native code)

Java frames: (J=compiled Java code, j=interpreted, Vv=VM code)
j  org.bytedeco.javacpp.opencv_videoio$VideoCapture.retrieve(Lorg/bytedeco/javacpp/opencv_core$Mat;)Z+0
j  org.bytedeco.javacv.OpenCVFrameGrabber.grab()Lorg/bytedeco/javacv/Frame;+8
j  application.FaceDetector.run()V+1235
j  java.lang.Thread.run()V+11
v  ~StubRoutines::call_stub

---------------  P R O C E S S  ---------------

Java Threads: ( => current thread )
  0x000000001cc05000 JavaThread "Thread-8" [_thread_in_native, id=9788, stack(0x00000000363e0000,0x00000000364e0000)]
  0x000000001cc08000 JavaThread "URL-Loader-14" daemon [_thread_blocked, id=7776, stack(0x00000000362e0000,0x00000000363e0000)]
  0x000000001cbfd800 JavaThread "URL-Loader-13" daemon [_thread_blocked, id=3536, stack(0x00000000361e0000,0x00000000362e0000)]
  0x000000001cc04000 JavaThread "URL-Loader-12" daemon [_thread_blocked, id=6932, stack(0x00000000360e0000,0x00000000361e0000)]
  0x000000001cc03800 JavaThread "URL-Loader-11" daemon [_thread_blocked, id=9492, stack(0x0000000035fe0000,0x00000000360e0000)]
  0x000000001cbfe000 JavaThread "URL-Loader-10" daemon [_thread_blocked, id=4084, stack(0x0000000034cf0000,0x0000000034df0000)]
  0x000000001cbff000 JavaThread "URL-Loader-9" daemon [_thread_blocked, id=8916, stack(0x0000000034bf0000,0x0000000034cf0000)]
  0x000000001cc02000 JavaThread "Thread-7" daemon [_thread_in_native, id=8684, stack(0x0000000034f10000,0x0000000035010000)]
  0x000000001cc02800 JavaThread "URL-Loader-8" daemon [_thread_blocked, id=3560, stack(0x0000000033b20000,0x0000000033c20000)]
  0x000000001cc01000 JavaThread "URL-Loader-7" daemon [_thread_blocked, id=9604, stack(0x0000000033a20000,0x0000000033b20000)]
  0x000000001cc00800 JavaThread "Keep-Alive-Timer" daemon [_thread_blocked, id=9556, stack(0x0000000033920000,0x0000000033a20000)]
  0x000000001cbff800 JavaThread "URL-Loader-6" daemon [_thread_blocked, id=9476, stack(0x0000000033820000,0x0000000033920000)]
  0x000000001d5f8800 JavaThread "URL-Loader-5" daemon [_thread_blocked, id=9912, stack(0x0000000033720000,0x0000000033820000)]
  0x000000001d5f7800 JavaThread "URL-Loader-4" daemon [_thread_blocked, id=1720, stack(0x0000000033620000,0x0000000033720000)]
  0x000000001d5f3000 JavaThread "URL-Loader-3" daemon [_thread_blocked, id=7752, stack(0x0000000033320000,0x0000000033420000)]
  0x000000001d5f6000 JavaThread "URL-Loader-2" daemon [_thread_blocked, id=7236, stack(0x0000000033220000,0x0000000033320000)]
  0x000000001d5f7000 JavaThread "URL-Loader-1" daemon [_thread_blocked, id=10224, stack(0x0000000032a20000,0x0000000032b20000)]
=>0x000000001d5f4000 JavaThread "Thread-6" [_thread_in_native, id=6848, stack(0x0000000029150000,0x0000000029250000)]
  0x000000001ca2a000 JavaThread "Disposer" daemon [_thread_blocked, id=8552, stack(0x0000000020650000,0x0000000020750000)]
  0x000000001ca2c800 JavaThread "Prism Font Disposer" daemon [_thread_blocked, id=1588, stack(0x000000001fd50000,0x000000001fe50000)]
  0x0000000017439800 JavaThread "AWT-Windows" daemon [_thread_in_native, id=8664, stack(0x000000001e1b0000,0x000000001e2b0000)]
  0x0000000017459800 JavaThread "Java2D Disposer" daemon [_thread_blocked, id=8800, stack(0x000000001dfb0000,0x000000001e0b0000)]
  0x000000001d317000 JavaThread "JavaCPP Deallocator" daemon [_thread_blocked, id=10212, stack(0x000000001db40000,0x000000001dc40000)]
  0x00000000170fd800 JavaThread "JavaFX-Launcher" [_thread_blocked, id=9256, stack(0x000000001c850000,0x000000001c950000)]
  0x000000001708f800 JavaThread "Thread-2" daemon [_thread_in_native, id=9588, stack(0x000000001c750000,0x000000001c850000)]
  0x0000000017027800 JavaThread "JavaFX Application Thread" [_thread_in_native, id=9720, stack(0x0000000017d70000,0x0000000017e70000)]
  0x0000000017026000 JavaThread "Thread-1" daemon [_thread_blocked, id=9868, stack(0x0000000017c70000,0x0000000017d70000)]
  0x0000000016fdf000 JavaThread "QuantumRenderer-0" daemon [_thread_blocked, id=5648, stack(0x0000000017a10000,0x0000000017b10000)]
  0x00000000167f6800 JavaThread "Service Thread" daemon [_thread_blocked, id=8784, stack(0x0000000016dd0000,0x0000000016ed0000)]
  0x00000000167da800 JavaThread "C1 CompilerThread2" daemon [_thread_blocked, id=804, stack(0x0000000016cd0000,0x0000000016dd0000)]
  0x00000000167d2000 JavaThread "C2 CompilerThread1" daemon [_thread_blocked, id=5048, stack(0x0000000016bd0000,0x0000000016cd0000)]
  0x0000000015026800 JavaThread "C2 CompilerThread0" daemon [_thread_blocked, id=10192, stack(0x00000000166d0000,0x00000000167d0000)]
  0x0000000015024800 JavaThread "Attach Listener" daemon [_thread_blocked, id=7248, stack(0x00000000165d0000,0x00000000166d0000)]
  0x0000000015023000 JavaThread "Signal Dispatcher" daemon [_thread_blocked, id=9240, stack(0x00000000164d0000,0x00000000165d0000)]
  0x000000001500c000 JavaThread "Finalizer" daemon [_thread_blocked, id=6732, stack(0x00000000162a0000,0x00000000163a0000)]
  0x0000000002a46000 JavaThread "Reference Handler" daemon [_thread_blocked, id=1224, stack(0x00000000161a0000,0x00000000162a0000)]
  0x0000000002957000 JavaThread "main" [_thread_blocked, id=3336, stack(0x0000000002850000,0x0000000002950000)]

Other Threads:
  0x0000000014fe8000 VMThread [stack: 0x00000000160a0000,0x00000000161a0000] [id=240]
  0x0000000016843800 WatcherThread [stack: 0x0000000016ed0000,0x0000000016fd0000] [id=4028]

VM state:not at safepoint (normal execution)

VM Mutex/Monitor currently owned by a thread: None

heap address: 0x00000000c1c00000, size: 996 MB, Compressed Oops mode: 32-bit
Narrow klass base: 0x0000000000000000, Narrow klass shift: 3
Compressed class space size: 1073741824 Address: 0x0000000100000000

Heap:
 PSYoungGen      total 142848K, used 32988K [0x00000000eb400000, 0x00000000f6e80000, 0x0000000100000000)
  eden space 134656K, 21% used [0x00000000eb400000,0x00000000ed0a3bd8,0x00000000f3780000)
  from space 8192K, 44% used [0x00000000f3780000,0x00000000f3b137b0,0x00000000f3f80000)
  to   space 8192K, 0% used [0x00000000f6680000,0x00000000f6680000,0x00000000f6e80000)
 ParOldGen       total 52224K, used 27602K [0x00000000c1c00000, 0x00000000c4f00000, 0x00000000eb400000)
  object space 52224K, 52% used [0x00000000c1c00000,0x00000000c36f48e8,0x00000000c4f00000)
 Metaspace       used 33816K, capacity 35124K, committed 35200K, reserved 1079296K
  class space    used 4360K, capacity 4667K, committed 4736K, reserved 1048576K

Card table byte_map: [0x0000000011e10000,0x0000000012010000] byte_map_base: 0x0000000011802000

Marking Bits: (ParMarkBitMap*) 0x000000005deb5ce0
 Begin Bits: [0x0000000012560000, 0x00000000134f0000)
 End Bits:   [0x00000000134f0000, 0x0000000014480000)

Polling page: 0x0000000000dc0000

CodeCache: size=245760Kb used=15202Kb max_used=15217Kb free=230557Kb
 bounds [0x0000000002a50000, 0x0000000003950000, 0x0000000011a50000]
 total_blobs=5818 nmethods=4805 adapters=925
 compilation: enabled

Compilation events (10 events):
Event: 40.396 Thread 0x00000000167da800 5576       3       java.util.Stack::empty (13 bytes)
Event: 40.397 Thread 0x00000000167da800 nmethod 5576 0x0000000003926a10 code [0x0000000003926b80, 0x0000000003926f50]
Event: 40.403 Thread 0x00000000167d2000 nmethod 5573 0x0000000003918a90 code [0x0000000003918be0, 0x0000000003918fb8]
Event: 40.403 Thread 0x00000000167d2000 5574   !   4       java.util.regex.Pattern::matcher (44 bytes)
Event: 40.414 Thread 0x00000000167d2000 nmethod 5574 0x0000000003918190 code [0x0000000003918300, 0x0000000003918758]
Event: 40.465 Thread 0x00000000167da800 5577       3       com.sun.webkit.Timer::fwkStopTimer (8 bytes)
Event: 40.465 Thread 0x00000000167da800 nmethod 5577 0x0000000003926590 code [0x0000000003926700, 0x0000000003926938]
Event: 40.516 Thread 0x0000000015026800 nmethod 5570 0x000000000393bf10 code [0x000000000393c280, 0x000000000393f770]
Event: 40.577 Thread 0x00000000167da800 5578       1       javafx.animation.Animation::access$100 (5 bytes)
Event: 40.577 Thread 0x00000000167da800 nmethod 5578 0x00000000039262d0 code [0x0000000003926420, 0x0000000003926510]

GC Heap History (10 events):
Event: 31.911 GC heap before
{Heap before GC invocations=15 (full 2):
 PSYoungGen      total 83968K, used 82345K [0x00000000eb400000, 0x00000000f1100000, 0x0000000100000000)
  eden space 78848K, 99% used [0x00000000eb400000,0x00000000f00c65b8,0x00000000f0100000)
  from space 5120K, 72% used [0x00000000f0c00000,0x00000000f0fa4030,0x00000000f1100000)
  to   space 8192K, 0% used [0x00000000f0100000,0x00000000f0100000,0x00000000f0900000)
 ParOldGen       total 52224K, used 24055K [0x00000000c1c00000, 0x00000000c4f00000, 0x00000000eb400000)
  object space 52224K, 46% used [0x00000000c1c00000,0x00000000c337dc18,0x00000000c4f00000)
 Metaspace       used 28954K, capacity 30136K, committed 30336K, reserved 1075200K
  class space    used 3855K, capacity 4115K, committed 4224K, reserved 1048576K
Event: 31.915 GC heap after
Heap after GC invocations=15 (full 2):
 PSYoungGen      total 87040K, used 4960K [0x00000000eb400000, 0x00000000f2300000, 0x0000000100000000)
  eden space 78848K, 0% used [0x00000000eb400000,0x00000000eb400000,0x00000000f0100000)
  from space 8192K, 60% used [0x00000000f0100000,0x00000000f05d8040,0x00000000f0900000)
  to   space 8192K, 0% used [0x00000000f1b00000,0x00000000f1b00000,0x00000000f2300000)
 ParOldGen       total 52224K, used 24063K [0x00000000c1c00000, 0x00000000c4f00000, 0x00000000eb400000)
  object space 52224K, 46% used [0x00000000c1c00000,0x00000000c337fc18,0x00000000c4f00000)
 Metaspace       used 28954K, capacity 30136K, committed 30336K, reserved 1075200K
  class space    used 3855K, capacity 4115K, committed 4224K, reserved 1048576K
}
Event: 35.098 GC heap before
{Heap before GC invocations=16 (full 2):
 PSYoungGen      total 87040K, used 83799K [0x00000000eb400000, 0x00000000f2300000, 0x0000000100000000)
  eden space 78848K, 99% used [0x00000000eb400000,0x00000000f00fde88,0x00000000f0100000)
  from space 8192K, 60% used [0x00000000f0100000,0x00000000f05d8040,0x00000000f0900000)
  to   space 8192K, 0% used [0x00000000f1b00000,0x00000000f1b00000,0x00000000f2300000)
 ParOldGen       total 52224K, used 24063K [0x00000000c1c00000, 0x00000000c4f00000, 0x00000000eb400000)
  object space 52224K, 46% used [0x00000000c1c00000,0x00000000c337fc18,0x00000000c4f00000)
 Metaspace       used 32693K, capacity 33978K, committed 34304K, reserved 1079296K
  class space    used 4256K, capacity 4548K, committed 4608K, reserved 1048576K
Event: 35.113 GC heap after
Heap after GC invocations=16 (full 2):
 PSYoungGen      total 103936K, used 7488K [0x00000000eb400000, 0x00000000f2380000, 0x0000000100000000)
  eden space 95744K, 0% used [0x00000000eb400000,0x00000000eb400000,0x00000000f1180000)
  from space 8192K, 91% used [0x00000000f1b00000,0x00000000f22502f8,0x00000000f2300000)
  to   space 9216K, 0% used [0x00000000f1180000,0x00000000f1180000,0x00000000f1a80000)
 ParOldGen       total 52224K, used 24071K [0x00000000c1c00000, 0x00000000c4f00000, 0x00000000eb400000)
  object space 52224K, 46% used [0x00000000c1c00000,0x00000000c3381c18,0x00000000c4f00000)
 Metaspace       used 32693K, capacity 33978K, committed 34304K, reserved 1079296K
  class space    used 4256K, capacity 4548K, committed 4608K, reserved 1048576K
}
Event: 35.178 GC heap before
{Heap before GC invocations=17 (full 2):
 PSYoungGen      total 103936K, used 103163K [0x00000000eb400000, 0x00000000f2380000, 0x0000000100000000)
  eden space 95744K, 99% used [0x00000000eb400000,0x00000000f116ea58,0x00000000f1180000)
  from space 8192K, 91% used [0x00000000f1b00000,0x00000000f22502f8,0x00000000f2300000)
  to   space 9216K, 0% used [0x00000000f1180000,0x00000000f1180000,0x00000000f1a80000)
 ParOldGen       total 52224K, used 24071K [0x00000000c1c00000, 0x00000000c4f00000, 0x00000000eb400000)
  object space 52224K, 46% used [0x00000000c1c00000,0x00000000c3381c18,0x00000000c4f00000)
 Metaspace       used 32694K, capacity 33978K, committed 34304K, reserved 1079296K
  class space    used 4256K, capacity 4548K, committed 4608K, reserved 1048576K
Event: 35.186 GC heap after
Heap after GC invocations=17 (full 2):
 PSYoungGen      total 104960K, used 5022K [0x00000000eb400000, 0x00000000f4800000, 0x0000000100000000)
  eden space 95744K, 0% used [0x00000000eb400000,0x00000000eb400000,0x00000000f1180000)
  from space 9216K, 54% used [0x00000000f1180000,0x00000000f1667b18,0x00000000f1a80000)
  to   space 8704K, 0% used [0x00000000f3f80000,0x00000000f3f80000,0x00000000f4800000)
 ParOldGen       total 52224K, used 24079K [0x00000000c1c00000, 0x00000000c4f00000, 0x00000000eb400000)
  object space 52224K, 46% used [0x00000000c1c00000,0x00000000c3383c18,0x00000000c4f00000)
 Metaspace       used 32694K, capacity 33978K, committed 34304K, reserved 1079296K
  class space    used 4256K, capacity 4548K, committed 4608K, reserved 1048576K
}
Event: 35.225 GC heap before
{Heap before GC invocations=18 (full 2):
 PSYoungGen      total 104960K, used 100669K [0x00000000eb400000, 0x00000000f4800000, 0x0000000100000000)
  eden space 95744K, 99% used [0x00000000eb400000,0x00000000f1167c00,0x00000000f1180000)
  from space 9216K, 54% used [0x00000000f1180000,0x00000000f1667b18,0x00000000f1a80000)
  to   space 8704K, 0% used [0x00000000f3f80000,0x00000000f3f80000,0x00000000f4800000)
 ParOldGen       total 52224K, used 24079K [0x00000000c1c00000, 0x00000000c4f00000, 0x00000000eb400000)
  object space 52224K, 46% used [0x00000000c1c00000,0x00000000c3383c18,0x00000000c4f00000)
 Metaspace       used 32694K, capacity 33978K, committed 34304K, reserved 1079296K
  class space    used 4256K, capacity 4548K, committed 4608K, reserved 1048576K
Event: 35.231 GC heap after
Heap after GC invocations=18 (full 2):
 PSYoungGen      total 143360K, used 5022K [0x00000000eb400000, 0x00000000f4d80000, 0x0000000100000000)
  eden space 134656K, 0% used [0x00000000eb400000,0x00000000eb400000,0x00000000f3780000)
  from space 8704K, 57% used [0x00000000f3f80000,0x00000000f4467ae8,0x00000000f4800000)
  to   space 8192K, 0% used [0x00000000f3780000,0x00000000f3780000,0x00000000f3f80000)
 ParOldGen       total 52224K, used 24119K [0x00000000c1c00000, 0x00000000c4f00000, 0x00000000eb400000)
  object space 52224K, 46% used [0x00000000c1c00000,0x00000000c338dc18,0x00000000c4f00000)
 Metaspace       used 32694K, capacity 33978K, committed 34304K, reserved 1079296K
  class space    used 4256K, capacity 4548K, committed 4608K, reserved 1048576K
}
Event: 38.583 GC heap before
{Heap before GC invocations=19 (full 2):
 PSYoungGen      total 143360K, used 138892K [0x00000000eb400000, 0x00000000f4d80000, 0x0000000100000000)
  eden space 134656K, 99% used [0x00000000eb400000,0x00000000f36bb5d8,0x00000000f3780000)
  from space 8704K, 57% used [0x00000000f3f80000,0x00000000f4467ae8,0x00000000f4800000)
  to   space 8192K, 0% used [0x00000000f3780000,0x00000000f3780000,0x00000000f3f80000)
 ParOldGen       total 52224K, used 24119K [0x00000000c1c00000, 0x00000000c4f00000, 0x00000000eb400000)
  object space 52224K, 46% used [0x00000000c1c00000,0x00000000c338dc18,0x00000000c4f00000)
 Metaspace       used 33593K, capacity 34848K, committed 34944K, reserved 1079296K
  class space    used 4356K, capacity 4661K, committed 4736K, reserved 1048576K
Event: 38.597 GC heap after
Heap after GC invocations=19 (full 2):
 PSYoungGen      total 142848K, used 3661K [0x00000000eb400000, 0x00000000f6e80000, 0x0000000100000000)
  eden space 134656K, 0% used [0x00000000eb400000,0x00000000eb400000,0x00000000f3780000)
  from space 8192K, 44% used [0x00000000f3780000,0x00000000f3b137b0,0x00000000f3f80000)
  to   space 8192K, 0% used [0x00000000f6680000,0x00000000f6680000,0x00000000f6e80000)
 ParOldGen       total 52224K, used 27602K [0x00000000c1c00000, 0x00000000c4f00000, 0x00000000eb400000)
  object space 52224K, 52% used [0x00000000c1c00000,0x00000000c36f48e8,0x00000000c4f00000)
 Metaspace       used 33593K, capacity 34848K, committed 34944K, reserved 1079296K
  class space    used 4356K, capacity 4661K, committed 4736K, reserved 1048576K
}

Deoptimization events (10 events):
Event: 35.677 Thread 0x0000000016fdf000 Uncommon trap: reason=bimorphic action=maybe_recompile pc=0x0000000002dd6ef0 method=com.sun.javafx.geom.transform.Affine3D.setTransform(Lcom/sun/javafx/geom/transform/BaseTransform;)V @ 2
Event: 35.681 Thread 0x0000000016fdf000 Uncommon trap: reason=bimorphic action=maybe_recompile pc=0x0000000002dd6ef0 method=com.sun.javafx.geom.transform.Affine3D.setTransform(Lcom/sun/javafx/geom/transform/BaseTransform;)V @ 2
Event: 35.693 Thread 0x0000000016fdf000 Uncommon trap: reason=unstable_if action=reinterpret pc=0x0000000003561ff8 method=com.sun.javafx.geom.transform.AffineBase.isTranslateOrIdentity()Z @ 5
Event: 35.694 Thread 0x0000000016fdf000 Uncommon trap: reason=class_check action=maybe_recompile pc=0x00000000031f5c68 method=com.sun.javafx.geom.transform.AffineBase.getType()I @ 9
Event: 35.694 Thread 0x0000000016fdf000 Uncommon trap: reason=unstable_if action=reinterpret pc=0x0000000003581218 method=com.sun.javafx.geom.transform.AffineBase.isTranslateOrIdentity()Z @ 5
Event: 35.787 Thread 0x000000001d5f6000 Uncommon trap: reason=unstable_if action=reinterpret pc=0x0000000002eb2f48 method=java.lang.String.indexOf([CII[CIII)I @ 27
Event: 35.797 Thread 0x000000001d5f6000 Uncommon trap: reason=predicate action=maybe_recompile pc=0x0000000003287a50 method=java.util.regex.Pattern$SliceI.match(Ljava/util/regex/Matcher;ILjava/lang/CharSequence;)Z @ 21
Event: 37.087 Thread 0x0000000016fdf000 Uncommon trap: reason=class_check action=maybe_recompile pc=0x00000000031f5c68 method=com.sun.javafx.geom.transform.AffineBase.getType()I @ 9
Event: 40.274 Thread 0x0000000016fdf000 Uncommon trap: reason=class_check action=maybe_recompile pc=0x000000000362e9f8 method=com.sun.javafx.sg.prism.NGGroup.computeRenderRoot(Lcom/sun/javafx/sg/prism/NodePath;Lcom/sun/javafx/geom/RectBounds;ILcom/sun/javafx/geom/transform/BaseTransform;Lcom/su
Event: 40.303 Thread 0x0000000016fdf000 Uncommon trap: reason=unstable_if action=reinterpret pc=0x0000000002fe2094 method=com.sun.scenario.effect.impl.state.BoxRenderState.validateWeights()V @ 147

Classes redefined (0 events):
No events

Internal exceptions (10 events):
Event: 21.241 Thread 0x0000000016fdf000 Implicit null exception at 0x0000000003290a94 to 0x0000000003290acd
Event: 21.241 Thread 0x0000000016fdf000 Implicit null exception at 0x000000000322546c to 0x00000000032254e1
Event: 30.691 Thread 0x0000000016fdf000 Implicit null exception at 0x0000000002ca55f9 to 0x0000000002ca6d65
Event: 30.691 Thread 0x0000000016fdf000 Implicit null exception at 0x0000000003287214 to 0x0000000003287279
Event: 30.691 Thread 0x0000000016fdf000 Implicit null exception at 0x0000000003024c10 to 0x0000000003024c69
Event: 33.295 Thread 0x0000000017027800 Exception <a 'sun/nio/fs/WindowsException'> (0x00000000ec9403b0) thrown at [C:\re\workspace\8-2-build-windows-amd64-cygwin\jdk8u221\13320\hotspot\src\share\vm\prims\jni.cpp, line 710]
Event: 33.297 Thread 0x0000000017027800 Exception <a 'sun/nio/fs/WindowsException'> (0x00000000ec941dd0) thrown at [C:\re\workspace\8-2-build-windows-amd64-cygwin\jdk8u221\13320\hotspot\src\share\vm\prims\jni.cpp, line 710]
Event: 35.601 Thread 0x0000000016fdf000 Implicit null exception at 0x00000000035f04af to 0x00000000035f0c25
Event: 35.674 Thread 0x0000000016fdf000 Implicit null exception at 0x0000000002f04d7a to 0x0000000002f04e2d
Event: 36.811 Thread 0x000000001cc02000 Exception <a 'sun/nio/fs/WindowsException'> (0x00000000f1af6960) thrown at [C:\re\workspace\8-2-build-windows-amd64-cygwin\jdk8u221\13320\hotspot\src\share\vm\prims\jni.cpp, line 710]

Events (10 events):
Event: 40.157 Executing VM operation: RevokeBias
Event: 40.161 Executing VM operation: RevokeBias done
Event: 40.216 Thread 0x000000001cc0b800 Thread exited: 0x000000001cc0b800
Event: 40.248 Thread 0x000000001cc05000 Thread added: 0x000000001cc05000
Event: 40.274 Thread 0x0000000016fdf000 Uncommon trap: trap_request=0xffffffde fr.pc=0x000000000362e9f8
Event: 40.274 Thread 0x0000000016fdf000 DEOPT PACKING pc=0x000000000362e9f8 sp=0x0000000017b0e6b0
Event: 40.274 Thread 0x0000000016fdf000 DEOPT UNPACKING pc=0x0000000002a9583b sp=0x0000000017b0e630 mode 2
Event: 40.303 Thread 0x0000000016fdf000 Uncommon trap: trap_request=0xffffff65 fr.pc=0x0000000002fe2094
Event: 40.303 Thread 0x0000000016fdf000 DEOPT PACKING pc=0x0000000002fe2094 sp=0x0000000017b0d7e0
Event: 40.303 Thread 0x0000000016fdf000 DEOPT UNPACKING pc=0x0000000002a9583b sp=0x0000000017b0d748 mode 2


Dynamic libraries:
0x00007ff618160000 - 0x00007ff618197000 	C:\Program Files\Java\jre1.8.0_221\bin\javaw.exe
0x00007fff8bd80000 - 0x00007fff8bf70000 	C:\Windows\SYSTEM32\ntdll.dll
0x00007fff8bbe0000 - 0x00007fff8bc92000 	C:\Windows\System32\KERNEL32.DLL
0x00007fff89330000 - 0x00007fff895d4000 	C:\Windows\System32\KERNELBASE.dll
0x00007fff8b180000 - 0x00007fff8b223000 	C:\Windows\System32\ADVAPI32.dll
0x00007fff8bca0000 - 0x00007fff8bd3e000 	C:\Windows\System32\msvcrt.dll
0x00007fff89e30000 - 0x00007fff89ec7000 	C:\Windows\System32\sechost.dll
0x00007fff8b030000 - 0x00007fff8b150000 	C:\Windows\System32\RPCRT4.dll
0x00007fff8b910000 - 0x00007fff8baa4000 	C:\Windows\System32\USER32.dll
0x00007fff895e0000 - 0x00007fff89601000 	C:\Windows\System32\win32u.dll
0x00007fff8b150000 - 0x00007fff8b176000 	C:\Windows\System32\GDI32.dll
0x00007fff88de0000 - 0x00007fff88f75000 	C:\Windows\System32\gdi32full.dll
0x00007fff89610000 - 0x00007fff896ae000 	C:\Windows\System32\msvcp_win.dll
0x00007fff89230000 - 0x00007fff8932a000 	C:\Windows\System32\ucrtbase.dll
0x00007fff7b9c0000 - 0x00007fff7bc44000 	C:\Windows\WinSxS\amd64_microsoft.windows.common-controls_6595b64144ccf1df_6.0.18362.900_none_e6beb9d913147d17\COMCTL32.dll
0x00007fff8a850000 - 0x00007fff8ab85000 	C:\Windows\System32\combase.dll
0x00007fff89010000 - 0x00007fff89090000 	C:\Windows\System32\bcryptPrimitives.dll
0x00007fff8b470000 - 0x00007fff8b49e000 	C:\Windows\System32\IMM32.DLL
0x000000005f030000 - 0x000000005f102000 	C:\Program Files\Java\jre1.8.0_221\bin\msvcr100.dll
0x000000005d690000 - 0x000000005df35000 	C:\Program Files\Java\jre1.8.0_221\bin\server\jvm.dll
0x00007fff8afc0000 - 0x00007fff8afc8000 	C:\Windows\System32\PSAPI.DLL
0x00007fff776d0000 - 0x00007fff776d9000 	C:\Windows\SYSTEM32\WSOCK32.dll
0x00007fff8acf0000 - 0x00007fff8ad5f000 	C:\Windows\System32\WS2_32.dll
0x00007fff85bf0000 - 0x00007fff85c14000 	C:\Windows\SYSTEM32\WINMM.dll
0x00007fff7de90000 - 0x00007fff7de9a000 	C:\Windows\SYSTEM32\VERSION.dll
0x00007fff85bc0000 - 0x00007fff85bed000 	C:\Windows\SYSTEM32\WINMMBASE.dll
0x00007fff89090000 - 0x00007fff890da000 	C:\Windows\System32\cfgmgr32.dll
0x00007fff84bd0000 - 0x00007fff84bdf000 	C:\Program Files\Java\jre1.8.0_221\bin\verify.dll
0x00007fff725d0000 - 0x00007fff725f9000 	C:\Program Files\Java\jre1.8.0_221\bin\java.dll
0x00007fff82400000 - 0x00007fff82416000 	C:\Program Files\Java\jre1.8.0_221\bin\zip.dll
0x00007fff8a020000 - 0x00007fff8a706000 	C:\Windows\System32\SHELL32.dll
0x00007fff8ad60000 - 0x00007fff8ae09000 	C:\Windows\System32\shcore.dll
0x00007fff896b0000 - 0x00007fff89e30000 	C:\Windows\System32\windows.storage.dll
0x00007fff88ce0000 - 0x00007fff88d03000 	C:\Windows\System32\profapi.dll
0x00007fff88c50000 - 0x00007fff88c9a000 	C:\Windows\System32\powrprof.dll
0x00007fff88c40000 - 0x00007fff88c50000 	C:\Windows\System32\UMPDC.dll
0x00007fff8b370000 - 0x00007fff8b3c2000 	C:\Windows\System32\shlwapi.dll
0x00007fff88cc0000 - 0x00007fff88cd1000 	C:\Windows\System32\kernel.appcore.dll
0x00007fff88d10000 - 0x00007fff88d27000 	C:\Windows\System32\cryptsp.dll
0x0000000002800000 - 0x0000000002803000 	C:\Program Files\Java\jre1.8.0_221\bin\api-ms-win-core-console-l1-1-0.dll
0x0000000002810000 - 0x0000000002813000 	C:\Program Files\Java\jre1.8.0_221\bin\api-ms-win-core-datetime-l1-1-0.dll
0x0000000002820000 - 0x0000000002823000 	C:\Program Files\Java\jre1.8.0_221\bin\api-ms-win-core-debug-l1-1-0.dll
0x0000000002830000 - 0x0000000002833000 	C:\Program Files\Java\jre1.8.0_221\bin\api-ms-win-core-errorhandling-l1-1-0.dll
0x00000000177d0000 - 0x00000000177d4000 	C:\Program Files\Java\jre1.8.0_221\bin\api-ms-win-core-file-l1-1-0.dll
0x00000000177e0000 - 0x00000000177e3000 	C:\Program Files\Java\jre1.8.0_221\bin\api-ms-win-core-file-l1-2-0.dll
0x00000000177f0000 - 0x00000000177f3000 	C:\Program Files\Java\jre1.8.0_221\bin\api-ms-win-core-file-l2-1-0.dll
0x0000000017800000 - 0x0000000017803000 	C:\Program Files\Java\jre1.8.0_221\bin\api-ms-win-core-handle-l1-1-0.dll
0x0000000017810000 - 0x0000000017813000 	C:\Program Files\Java\jre1.8.0_221\bin\api-ms-win-core-heap-l1-1-0.dll
0x0000000017820000 - 0x0000000017823000 	C:\Program Files\Java\jre1.8.0_221\bin\api-ms-win-core-interlocked-l1-1-0.dll
0x0000000017830000 - 0x0000000017833000 	C:\Program Files\Java\jre1.8.0_221\bin\api-ms-win-core-libraryloader-l1-1-0.dll
0x0000000017840000 - 0x0000000017843000 	C:\Program Files\Java\jre1.8.0_221\bin\api-ms-win-core-localization-l1-2-0.dll
0x0000000017850000 - 0x0000000017853000 	C:\Program Files\Java\jre1.8.0_221\bin\api-ms-win-core-memory-l1-1-0.dll
0x0000000017860000 - 0x0000000017863000 	C:\Program Files\Java\jre1.8.0_221\bin\api-ms-win-core-namedpipe-l1-1-0.dll
0x0000000017870000 - 0x0000000017873000 	C:\Program Files\Java\jre1.8.0_221\bin\api-ms-win-core-processenvironment-l1-1-0.dll
0x0000000017880000 - 0x0000000017883000 	C:\Program Files\Java\jre1.8.0_221\bin\api-ms-win-core-processthreads-l1-1-0.dll
0x0000000017890000 - 0x0000000017893000 	C:\Program Files\Java\jre1.8.0_221\bin\api-ms-win-core-processthreads-l1-1-1.dll
0x00000000178a0000 - 0x00000000178a3000 	C:\Program Files\Java\jre1.8.0_221\bin\api-ms-win-core-profile-l1-1-0.dll
0x00000000178b0000 - 0x00000000178b3000 	C:\Program Files\Java\jre1.8.0_221\bin\api-ms-win-core-rtlsupport-l1-1-0.dll
0x00000000178c0000 - 0x00000000178c3000 	C:\Program Files\Java\jre1.8.0_221\bin\api-ms-win-core-string-l1-1-0.dll
0x00000000178d0000 - 0x00000000178d3000 	C:\Program Files\Java\jre1.8.0_221\bin\api-ms-win-core-synch-l1-1-0.dll
0x00000000178e0000 - 0x00000000178e3000 	C:\Program Files\Java\jre1.8.0_221\bin\api-ms-win-core-synch-l1-2-0.dll
0x00000000178f0000 - 0x00000000178f3000 	C:\Program Files\Java\jre1.8.0_221\bin\api-ms-win-core-sysinfo-l1-1-0.dll
0x0000000017900000 - 0x0000000017903000 	C:\Program Files\Java\jre1.8.0_221\bin\api-ms-win-core-timezone-l1-1-0.dll
0x0000000017910000 - 0x0000000017913000 	C:\Program Files\Java\jre1.8.0_221\bin\api-ms-win-core-util-l1-1-0.dll
0x0000000017920000 - 0x0000000017923000 	C:\Program Files\Java\jre1.8.0_221\bin\api-ms-win-crt-conio-l1-1-0.dll
0x0000000017930000 - 0x0000000017934000 	C:\Program Files\Java\jre1.8.0_221\bin\api-ms-win-crt-convert-l1-1-0.dll
0x0000000017940000 - 0x0000000017943000 	C:\Program Files\Java\jre1.8.0_221\bin\api-ms-win-crt-environment-l1-1-0.dll
0x0000000017950000 - 0x0000000017953000 	C:\Program Files\Java\jre1.8.0_221\bin\api-ms-win-crt-filesystem-l1-1-0.dll
0x0000000017960000 - 0x0000000017963000 	C:\Program Files\Java\jre1.8.0_221\bin\api-ms-win-crt-heap-l1-1-0.dll
0x0000000017970000 - 0x0000000017973000 	C:\Program Files\Java\jre1.8.0_221\bin\api-ms-win-crt-locale-l1-1-0.dll
0x0000000017980000 - 0x0000000017985000 	C:\Program Files\Java\jre1.8.0_221\bin\api-ms-win-crt-math-l1-1-0.dll
0x0000000017990000 - 0x0000000017995000 	C:\Program Files\Java\jre1.8.0_221\bin\api-ms-win-crt-multibyte-l1-1-0.dll
0x00000000179a0000 - 0x00000000179b0000 	C:\Program Files\Java\jre1.8.0_221\bin\api-ms-win-crt-private-l1-1-0.dll
0x00000000179b0000 - 0x00000000179b3000 	C:\Program Files\Java\jre1.8.0_221\bin\api-ms-win-crt-process-l1-1-0.dll
0x00000000179c0000 - 0x00000000179c4000 	C:\Program Files\Java\jre1.8.0_221\bin\api-ms-win-crt-runtime-l1-1-0.dll
0x00000000179d0000 - 0x00000000179d4000 	C:\Program Files\Java\jre1.8.0_221\bin\api-ms-win-crt-stdio-l1-1-0.dll
0x00000000179e0000 - 0x00000000179e4000 	C:\Program Files\Java\jre1.8.0_221\bin\api-ms-win-crt-string-l1-1-0.dll
0x00000000179f0000 - 0x00000000179f3000 	C:\Program Files\Java\jre1.8.0_221\bin\api-ms-win-crt-time-l1-1-0.dll
0x0000000017a00000 - 0x0000000017a03000 	C:\Program Files\Java\jre1.8.0_221\bin\api-ms-win-crt-utility-l1-1-0.dll
0x00007fff59260000 - 0x00007fff59356000 	C:\Program Files\Java\jre1.8.0_221\bin\ucrtbase.dll
0x00007fff84aa0000 - 0x00007fff84ab6000 	C:\Program Files\Java\jre1.8.0_221\bin\vcruntime140.dll
0x00007fff54c80000 - 0x00007fff54d2a000 	C:\Program Files\Java\jre1.8.0_221\bin\msvcp140.dll
0x00007fff5b8b0000 - 0x00007fff5b904000 	C:\Program Files\Java\jre1.8.0_221\bin\concrt140.dll
0x00007fff72670000 - 0x00007fff72693000 	C:\Program Files\Java\jre1.8.0_221\bin\prism_d3d.dll
0x00007fff52e20000 - 0x00007fff52fe7000 	C:\Windows\system32\d3d9.dll
0x00007fff86790000 - 0x00007fff867bd000 	C:\Windows\SYSTEM32\dwmapi.dll
0x00007fff878b0000 - 0x00007fff878d0000 	C:\Windows\SYSTEM32\dxcore.dll
0x00007fff86430000 - 0x00007fff864c9000 	C:\Windows\system32\uxtheme.dll
0x00007fff2d5a0000 - 0x00007fff2fadd000 	C:\Windows\SYSTEM32\igdumdim64.dll
0x00007fff89ed0000 - 0x00007fff89f95000 	C:\Windows\System32\OLEAUT32.dll
0x00007fff8ab90000 - 0x00007fff8ace7000 	C:\Windows\System32\ole32.dll
0x00007fff8b4a0000 - 0x00007fff8b910000 	C:\Windows\System32\SETUPAPI.dll
0x00007fff88f80000 - 0x00007fff88fa6000 	C:\Windows\System32\bcrypt.dll
0x00007fff5b610000 - 0x00007fff5b659000 	C:\Program Files\Java\jre1.8.0_221\bin\glass.dll
0x00007fff8b230000 - 0x00007fff8b300000 	C:\Windows\System32\COMDLG32.dll
0x00007fff8a710000 - 0x00007fff8a845000 	C:\Windows\System32\MSCTF.dll
0x00007fff7f540000 - 0x00007fff7ff80000 	C:\Windows\SYSTEM32\igdusc64.dll
0x00007fff54920000 - 0x00007fff54a0f000 	C:\Users\mmcam\.javacpp\cache\opencv-3.2.0-1.3-windows-x86_64.jar\org\bytedeco\javacpp\windows-x86_64\msvcr120.dll
0x00007fff54ac0000 - 0x00007fff54b66000 	C:\Users\mmcam\.javacpp\cache\opencv-3.2.0-1.3-windows-x86_64.jar\org\bytedeco\javacpp\windows-x86_64\msvcp120.dll
0x00007fff4a7e0000 - 0x00007fff4aa68000 	C:\Users\mmcam\.javacpp\cache\opencv-3.2.0-1.3-windows-x86_64.jar\org\bytedeco\javacpp\windows-x86_64\opencv_core320.dll
0x00007fff3c900000 - 0x00007fff3cc62000 	C:\Users\mmcam\.javacpp\cache\opencv-3.2.0-1.3-windows-x86_64.jar\org\bytedeco\javacpp\windows-x86_64\opencv_imgproc320.dll
0x00007fff424f0000 - 0x00007fff4273a000 	C:\Users\mmcam\.javacpp\cache\opencv-3.2.0-1.3-windows-x86_64.jar\org\bytedeco\javacpp\windows-x86_64\jniopencv_core.dll
0x00007fff617f0000 - 0x00007fff6180a000 	C:\Program Files\Java\jre1.8.0_221\bin\net.dll
0x00007fff78d80000 - 0x00007fff78f56000 	C:\Windows\SYSTEM32\urlmon.dll
0x00007fff79080000 - 0x00007fff79326000 	C:\Windows\SYSTEM32\iertutil.dll
0x00007fff88680000 - 0x00007fff8868c000 	C:\Windows\SYSTEM32\CRYPTBASE.DLL
0x00007fff884b0000 - 0x00007fff88517000 	C:\Windows\system32\mswsock.dll
0x00007fff617d0000 - 0x00007fff617e2000 	C:\Program Files\Java\jre1.8.0_221\bin\nio.dll
0x00007fff52c80000 - 0x00007fff52e19000 	C:\Program Files\Java\jre1.8.0_221\bin\awt.dll
0x00007fff86270000 - 0x00007fff862ff000 	C:\Windows\SYSTEM32\apphelp.dll
0x00007fff84a80000 - 0x00007fff84a94000 	C:\Program Files\Java\jre1.8.0_221\bin\javafx_font.dll
0x00007fff29540000 - 0x00007fff2d59b000 	C:\Program Files\Java\jre1.8.0_221\bin\jfxwebkit.dll
0x00007fff88020000 - 0x00007fff88053000 	C:\Windows\system32\rsaenh.dll
0x00007fff78a80000 - 0x00007fff78d7e000 	C:\Windows\SYSTEM32\dwrite.dll
0x00007fff8bb30000 - 0x00007fff8bbd2000 	C:\Windows\System32\clbcatq.dll
0x00007fff84060000 - 0x00007fff8420f000 	C:\Windows\SYSTEM32\WindowsCodecs.dll
0x00007fff54a10000 - 0x00007fff54a4a000 	C:\Windows\system32\dataexchange.dll
0x00007fff859e0000 - 0x00007fff85bbc000 	C:\Windows\system32\dcomp.dll
0x00007fff85780000 - 0x00007fff859db000 	C:\Windows\system32\d3d11.dll
0x00007fff87940000 - 0x00007fff87a2b000 	C:\Windows\system32\dxgi.dll
0x00007fff86520000 - 0x00007fff86781000 	C:\Windows\system32\twinapi.appcore.dll
0x00007fff86a40000 - 0x00007fff86a69000 	C:\Windows\system32\RMCLIENT.dll
0x00007fff5b5d0000 - 0x00007fff5b603000 	C:\Program Files\Common Files\Microsoft Shared\Ink\rtscom.dll
0x00007fff7aed0000 - 0x00007fff7af6e000 	C:\Windows\System32\TextInputFramework.dll
0x00007fff85f90000 - 0x00007fff86064000 	C:\Windows\System32\CoreMessaging.dll
0x00007fff84450000 - 0x00007fff8477a000 	C:\Windows\System32\CoreUIComponents.dll
0x00007fff87ca0000 - 0x00007fff87cd1000 	C:\Windows\SYSTEM32\ntmarta.dll
0x00007fff842f0000 - 0x00007fff84443000 	C:\Windows\SYSTEM32\wintypes.dll

VM Arguments:
jvm_args: -Djava.library.path=C:\Users\Administrator\Desktop\opencv\build\java\x64 -Dfile.encoding=Cp1252 
java_command: application.Main
java_class_path (initial): C:\Users\mmcam\OneDrive\Bureau\projet java\ensahVision\target\classes;C:\Users\mmcam\.p2\pool\plugins\org.eclipse.fx.ide.css.jfx8_1.2.0.201501301049.jar;C:\Users\mmcam\OneDrive\Bureau\projet java\ensahVision\bin\opencv-341.jar;C:\Users\mmcam\.m2\repository\org\bytedeco\javacv-platform\1.3.2\javacv-platform-1.3.2.jar;C:\Users\mmcam\.m2\repository\org\bytedeco\javacv\1.3.2\javacv-1.3.2.jar;C:\Users\mmcam\.m2\repository\org\bytedeco\javacpp-presets\ffmpeg\3.2.1-1.3\ffmpeg-3.2.1-1.3.jar;C:\Users\mmcam\.m2\repository\org\bytedeco\javacpp-presets\flycapture\2.9.3.43-1.3\flycapture-2.9.3.43-1.3.jar;C:\Users\mmcam\.m2\repository\org\bytedeco\javacpp-presets\libdc1394\2.2.4-1.3\libdc1394-2.2.4-1.3.jar;C:\Users\mmcam\.m2\repository\org\bytedeco\javacpp-presets\libfreenect\0.5.3-1.3\libfreenect-0.5.3-1.3.jar;C:\Users\mmcam\.m2\repository\org\bytedeco\javacpp-presets\libfreenect2\0.2.0-1.3\libfreenect2-0.2.0-1.3.jar;C:\Users\mmcam\.m2\repository\org\bytedeco\javacpp-presets\librealsense\1.9.6-1.3\librealsense-1.9.6-1.3.jar;C:\Users\mmcam\.m2\repository\org\bytedeco\javacpp-presets\videoinput\0.200-1.3\videoinput-0.200-1.3.jar;C:\Users\mmcam\.m2\repository\org\bytedeco\javacpp-presets\artoolkitplus\2.3.1-1.3\artoolkitplus-2.3.1-1.3.jar;C:\Users\mmcam\.m2\repository\org\bytedeco\javacpp-presets\flandmark\1.07-1.3\flandmark-1.07-1.3.jar;C:\Users\mmcam\.m2\repository\org\bytedeco\javacpp-presets\opencv-platform\3.2.0-1.3\opencv-platform-3.2.0-1.3.jar;C:\Users\mmcam\.m2\repository\org\bytedeco\javacpp-presets\opencv\3.2.0-1.3\opencv-3.2.0-1.3-android-arm.jar;C:\Users\mmcam\.m2\repository\org\bytedeco\javacpp-presets\opencv\3.2.0-1.3\opencv-3.2.0-1.3-android-x86.jar;C:\Users\mmcam\.m2\repository\org\bytedeco\javacpp-presets\opencv\3.2.0-1.3\opencv-3.2.0-1.3-linux-x86.jar;C:\Users\mmcam\.m2\repository\org\bytedeco\javacpp-presets\opencv\3.2.0-1.3\opencv-3.2.0-1.3-linux-x86_64.jar;C:\Users\mmcam\.m2\repository\org\bytedeco\javacpp-presets\opencv\3.2.0-1.3\o
Launcher Type: SUN_STANDARD

Environment Variables:
PATH=C:/Program Files/Java/jre1.8.0_221/bin/server;C:/Program Files/Java/jre1.8.0_221/bin;C:/Program Files/Java/jre1.8.0_221/lib/amd64;C:\Program Files (x86)\Common Files\Oracle\Java\javapath;C:\opencv\build\bin;C:\Users\mmcam\AppData\Local\Microsoft\WindowsApps;;C:\Users\mmcam\AppData\Local\Programs\Microsoft VS Code\bin;C:\Users\mmcam\AppData\Roaming\npm;C:\Users\mmcam\OneDrive\Bureau;
USERNAME=mmcam
OS=Windows_NT
PROCESSOR_IDENTIFIER=Intel64 Family 6 Model 69 Stepping 1, GenuineIntel



---------------  S Y S T E M  ---------------

OS: Windows 10.0 , 64 bit Build 18362 (10.0.18362.900)

CPU:total 4 (initial active 4) (2 cores per cpu, 2 threads per core) family 6 model 69 stepping 1, cmov, cx8, fxsr, mmx, sse, sse2, sse3, ssse3, sse4.1, sse4.2, popcnt, avx, avx2, aes, clmul, erms, lzcnt, ht, tsc, tscinvbit, bmi1, bmi2

Memory: 4k page, physical 4074888k(491676k free), swap 10890632k(3041452k free)

vm_info: Java HotSpot(TM) 64-Bit Server VM (25.221-b11) for windows-amd64 JRE (1.8.0_221-b11), built on Jul  4 2019 04:39:29 by "java_re" with MS VC++ 10.0 (VS2010)

time: Fri Jun 12 15:54:44 2020
timezone: Maroc (heure d’été)
elapsed time: 40 seconds (0d 0h 0m 40s)

