#
# A fatal error has been detected by the Java Runtime Environment:
#
#  EXCEPTION_ACCESS_VIOLATION (0xc0000005) at pc=0x00007ff85e6c72a6, pid=9960, tid=0x0000000000001f0c
#
# JRE version: Java(TM) SE Runtime Environment (8.0_221-b11) (build 1.8.0_221-b11)
# Java VM: Java HotSpot(TM) 64-Bit Server VM (25.221-b11 mixed mode windows-amd64 compressed oops)
# Problematic frame:
# C  [ntdll.dll+0x72a6]
#
# Failed to write core dump. Minidumps are not enabled by default on client versions of Windows
#
# If you would like to submit a bug report, please visit:
#   http://bugreport.java.com/bugreport/crash.jsp
# The crash happened outside the Java Virtual Machine in native code.
# See problematic frame for where to report the bug.
#

---------------  T H R E A D  ---------------

Current thread (0x000000001506e000):  JavaThread "Thread-8" [_thread_in_native, id=7948, stack(0x000000001bd30000,0x000000001be30000)]

siginfo: ExceptionCode=0xc0000005, writing address 0x0000000000000024

Registers:
RAX=0x0000000000000000, RBX=0x00000000255f5278, RCX=0x00000000255f5278, RDX=0x00000000fffffffa
RSP=0x000000001be2e890, RBP=0x0000000000000000, RSI=0x0000000000000000, RDI=0x0000000000000000
R8 =0x0000000000000000, R9 =0x00000000255f5200, R10=0x0000000000000000, R11=0x0000000000000246
R12=0x0000000000000000, R13=0x000000000086c000, R14=0x0000000000000001, R15=0x0000000000000000
RIP=0x00007ff85e6c72a6, EFLAGS=0x0000000000010213

Top of Stack: (sp=0x000000001be2e890)
0x000000001be2e890:   ffffffffffffffff 00000000255f5278
0x000000001be2e8a0:   00000000eceaef90 0000000000000000
0x000000001be2e8b0:   00000000eb438980 0000000000000000
0x000000001be2e8c0:   0000000000000000 0000000000000000
0x000000001be2e8d0:   0000000000000000 00000000fffffffa
0x000000001be2e8e0:   000000000086c000 0000000000000000
0x000000001be2e8f0:   00000000eb4389b0 0000000000000000
0x000000001be2e900:   00000000ffffffff 0000000000000000
0x000000001be2e910:   00000000ffffffff 0000000000000000
0x000000001be2e920:   0000225b5ed319ab 0000000000000000
0x000000001be2e930:   000000001506e000 0000000000000001
0x000000001be2e940:   0000000000000001 0000000000000001
0x000000001be2e950:   0000000000000000 00000000255f5278
0x000000001be2e960:   0000000000000000 00007ff85e6db576
0x000000001be2e970:   3ff0000000000000 0000000000000000
0x000000001be2e980:   00000000fffffffa ffffffffff676980 

Instructions: (pc=0x00007ff85e6c72a6)
0x00007ff85e6c7286:   48 39 73 18 0f 84 d1 00 00 00 48 8b 03 48 83 f8
0x00007ff85e6c7296:   ff 0f 84 d1 00 00 00 44 8b fe 48 83 f8 ff 74 03
0x00007ff85e6c72a6:   ff 40 24 4c 8b 73 18 4c 8d 2d 44 82 15 00 bd 22
0x00007ff85e6c72b6:   17 00 00 e8 72 89 03 00 85 c0 0f 85 5e 0b 0a 00 


Register to memory mapping:

RAX=0x0000000000000000 is an unknown value
RBX=0x00000000255f5278 is an unknown value
RCX=0x00000000255f5278 is an unknown value
RDX=0x00000000fffffffa is an unallocated location in the heap
RSP=0x000000001be2e890 is pointing into the stack for thread: 0x000000001506e000
RBP=0x0000000000000000 is an unknown value
RSI=0x0000000000000000 is an unknown value
RDI=0x0000000000000000 is an unknown value
R8 =0x0000000000000000 is an unknown value
R9 =0x00000000255f5200 is an unknown value
R10=0x0000000000000000 is an unknown value
R11=0x0000000000000246 is an unknown value
R12=0x0000000000000000 is an unknown value
R13=0x000000000086c000 is an unknown value
R14=0x0000000000000001 is an unknown value
R15=0x0000000000000000 is an unknown value


Stack: [0x000000001bd30000,0x000000001be30000],  sp=0x000000001be2e890,  free space=1018k
Native frames: (J=compiled Java code, j=interpreted, Vv=VM code, C=native code)

Java frames: (J=compiled Java code, j=interpreted, Vv=VM code)
J 4220  org.bytedeco.javacpp.opencv_videoio$VideoCapture.retrieve(Lorg/bytedeco/javacpp/opencv_core$Mat;)Z (0 bytes) @ 0x00000000036b214f [0x00000000036b2100+0x4f]
J 4219 C1 org.bytedeco.javacv.OpenCVFrameGrabber.grab()Lorg/bytedeco/javacv/Frame; (255 bytes) @ 0x00000000036b37cc [0x00000000036b3720+0xac]
j  application.FaceDetector.run()V+1235
j  java.lang.Thread.run()V+11
v  ~StubRoutines::call_stub

---------------  P R O C E S S  ---------------

Java Threads: ( => current thread )
=>0x000000001506e000 JavaThread "Thread-8" [_thread_in_native, id=7948, stack(0x000000001bd30000,0x000000001be30000)]
  0x000000001ccd2000 JavaThread "Prism Font Disposer" daemon [_thread_blocked, id=2924, stack(0x0000000020db0000,0x0000000020eb0000)]
  0x000000001d1bc000 JavaThread "AWT-Windows" daemon [_thread_in_native, id=10036, stack(0x000000001e1b0000,0x000000001e2b0000)]
  0x000000001d4a7800 JavaThread "Java2D Disposer" daemon [_thread_blocked, id=9528, stack(0x000000001db00000,0x000000001dc00000)]
  0x000000001cd6e800 JavaThread "JavaCPP Deallocator" daemon [_thread_blocked, id=864, stack(0x000000001dc10000,0x000000001dd10000)]
  0x0000000016dc3000 JavaThread "JavaFX-Launcher" [_thread_blocked, id=9300, stack(0x000000001c830000,0x000000001c930000)]
  0x0000000016d8c800 JavaThread "Thread-2" daemon [_thread_in_native, id=7076, stack(0x000000001c730000,0x000000001c830000)]
  0x0000000016d69800 JavaThread "JavaFX Application Thread" [_thread_in_Java, id=10012, stack(0x0000000017560000,0x0000000017660000)]
  0x0000000016d68800 JavaThread "Thread-1" daemon [_thread_blocked, id=10024, stack(0x0000000017460000,0x0000000017560000)]
  0x0000000016d30000 JavaThread "QuantumRenderer-0" daemon [_thread_blocked, id=10004, stack(0x0000000017180000,0x0000000017280000)]
  0x0000000016a02800 JavaThread "Service Thread" daemon [_thread_blocked, id=10008, stack(0x0000000016dd0000,0x0000000016ed0000)]
  0x000000001506c800 JavaThread "C1 CompilerThread2" daemon [_thread_in_native, id=10020, stack(0x00000000168d0000,0x00000000169d0000)]
  0x000000001505e000 JavaThread "C2 CompilerThread1" daemon [_thread_blocked, id=9380, stack(0x00000000167d0000,0x00000000168d0000)]
  0x0000000015056000 JavaThread "C2 CompilerThread0" daemon [_thread_blocked, id=9260, stack(0x00000000166d0000,0x00000000167d0000)]
  0x0000000015054800 JavaThread "Attach Listener" daemon [_thread_blocked, id=7404, stack(0x00000000165d0000,0x00000000166d0000)]
  0x0000000015053800 JavaThread "Signal Dispatcher" daemon [_thread_blocked, id=8544, stack(0x00000000164d0000,0x00000000165d0000)]
  0x0000000015040000 JavaThread "Finalizer" daemon [_thread_blocked, id=9532, stack(0x00000000162a0000,0x00000000163a0000)]
  0x0000000002a78000 JavaThread "Reference Handler" daemon [_thread_blocked, id=10088, stack(0x00000000161a0000,0x00000000162a0000)]
  0x0000000002986800 JavaThread "main" [_thread_blocked, id=10028, stack(0x0000000002840000,0x0000000002940000)]

Other Threads:
  0x0000000015017800 VMThread [stack: 0x00000000160a0000,0x00000000161a0000] [id=3620]
  0x0000000016a48000 WatcherThread [stack: 0x0000000016ed0000,0x0000000016fd0000] [id=10000]

VM state:not at safepoint (normal execution)

VM Mutex/Monitor currently owned by a thread: None

heap address: 0x00000000c1c00000, size: 996 MB, Compressed Oops mode: 32-bit
Narrow klass base: 0x0000000000000000, Narrow klass shift: 3
Compressed class space size: 1073741824 Address: 0x0000000100000000

Heap:
 PSYoungGen      total 27136K, used 13574K [0x00000000eb400000, 0x00000000ed580000, 0x0000000100000000)
  eden space 24064K, 43% used [0x00000000eb400000,0x00000000ebe44280,0x00000000ecb80000)
  from space 3072K, 99% used [0x00000000ecc00000,0x00000000ecefd590,0x00000000ecf00000)
  to   space 5120K, 0% used [0x00000000ed080000,0x00000000ed080000,0x00000000ed580000)
 ParOldGen       total 49152K, used 23985K [0x00000000c1c00000, 0x00000000c4c00000, 0x00000000eb400000)
  object space 49152K, 48% used [0x00000000c1c00000,0x00000000c336c660,0x00000000c4c00000)
 Metaspace       used 28879K, capacity 30026K, committed 30208K, reserved 1075200K
  class space    used 3698K, capacity 3970K, committed 4096K, reserved 1048576K

Card table byte_map: [0x0000000011e40000,0x0000000012040000] byte_map_base: 0x0000000011832000

Marking Bits: (ParMarkBitMap*) 0x00000000513f5ce0
 Begin Bits: [0x0000000012590000, 0x0000000013520000)
 End Bits:   [0x0000000013520000, 0x00000000144b0000)

Polling page: 0x0000000000b80000

CodeCache: size=245760Kb used=15526Kb max_used=15633Kb free=230233Kb
 bounds [0x0000000002a80000, 0x00000000039e0000, 0x0000000011a80000]
 total_blobs=5653 nmethods=4729 adapters=835
 compilation: enabled

Compilation events (10 events):
Event: 361.146 Thread 0x000000001506c800 5520       3       java.net.JarURLConnection::parseSpecs (105 bytes)
Event: 361.147 Thread 0x000000001506c800 nmethod 5520 0x0000000002bb5d10 code [0x0000000002bb5f80, 0x0000000002bb7068]
Event: 361.148 Thread 0x000000001506c800 5521       3       java.net.URLConnection::setUseCaches (23 bytes)
Event: 361.148 Thread 0x000000001506c800 nmethod 5521 0x0000000002ecc3d0 code [0x0000000002ecc540, 0x0000000002ecc788]
Event: 361.149 Thread 0x000000001506c800 5522       3       sun.net.www.protocol.jar.URLJarFile::getEntry (69 bytes)
Event: 361.151 Thread 0x000000001506c800 nmethod 5522 0x00000000039d7250 code [0x00000000039d7520, 0x00000000039d8b18]
Event: 361.152 Thread 0x000000001506c800 5523       3       sun.net.www.protocol.jar.URLJarFile$URLJarFileEntry::<init> (16 bytes)
Event: 361.152 Thread 0x000000001506c800 nmethod 5523 0x0000000002bb5750 code [0x0000000002bb58c0, 0x0000000002bb5ba8]
Event: 361.153 Thread 0x000000001506c800 5524       3       java.util.jar.JarEntry::<init> (30 bytes)
Event: 361.153 Thread 0x000000001506c800 nmethod 5524 0x0000000002bb5290 code [0x0000000002bb5400, 0x0000000002bb5668]

GC Heap History (10 events):
Event: 234.461 GC heap before
{Heap before GC invocations=116 (full 1):
 PSYoungGen      total 29184K, used 24811K [0x00000000eb400000, 0x00000000ed600000, 0x0000000100000000)
  eden space 23552K, 99% used [0x00000000eb400000,0x00000000ecae6ee8,0x00000000ecb00000)
  from space 5632K, 24% used [0x00000000ed080000,0x00000000ed1d4010,0x00000000ed600000)
  to   space 5632K, 0% used [0x00000000ecb00000,0x00000000ecb00000,0x00000000ed080000)
 ParOldGen       total 49152K, used 23929K [0x00000000c1c00000, 0x00000000c4c00000, 0x00000000eb400000)
  object space 49152K, 48% used [0x00000000c1c00000,0x00000000c335e660,0x00000000c4c00000)
 Metaspace       used 28317K, capacity 29456K, committed 29568K, reserved 1075200K
  class space    used 3663K, capacity 3931K, committed 3968K, reserved 1048576K
Event: 234.463 GC heap after
Heap after GC invocations=116 (full 1):
 PSYoungGen      total 29184K, used 3760K [0x00000000eb400000, 0x00000000ed800000, 0x0000000100000000)
  eden space 23552K, 0% used [0x00000000eb400000,0x00000000eb400000,0x00000000ecb00000)
  from space 5632K, 66% used [0x00000000ecb00000,0x00000000eceac030,0x00000000ed080000)
  to   space 6144K, 0% used [0x00000000ed200000,0x00000000ed200000,0x00000000ed800000)
 ParOldGen       total 49152K, used 23937K [0x00000000c1c00000, 0x00000000c4c00000, 0x00000000eb400000)
  object space 49152K, 48% used [0x00000000c1c00000,0x00000000c3360660,0x00000000c4c00000)
 Metaspace       used 28317K, capacity 29456K, committed 29568K, reserved 1075200K
  class space    used 3663K, capacity 3931K, committed 3968K, reserved 1048576K
}
Event: 234.874 GC heap before
{Heap before GC invocations=117 (full 1):
 PSYoungGen      total 29184K, used 27312K [0x00000000eb400000, 0x00000000ed800000, 0x0000000100000000)
  eden space 23552K, 100% used [0x00000000eb400000,0x00000000ecb00000,0x00000000ecb00000)
  from space 5632K, 66% used [0x00000000ecb00000,0x00000000eceac030,0x00000000ed080000)
  to   space 6144K, 0% used [0x00000000ed200000,0x00000000ed200000,0x00000000ed800000)
 ParOldGen       total 49152K, used 23937K [0x00000000c1c00000, 0x00000000c4c00000, 0x00000000eb400000)
  object space 49152K, 48% used [0x00000000c1c00000,0x00000000c3360660,0x00000000c4c00000)
 Metaspace       used 28317K, capacity 29456K, committed 29568K, reserved 1075200K
  class space    used 3663K, capacity 3931K, committed 3968K, reserved 1048576K
Event: 234.878 GC heap after
Heap after GC invocations=117 (full 1):
 PSYoungGen      total 30720K, used 1296K [0x00000000eb400000, 0x00000000ed780000, 0x0000000100000000)
  eden space 25088K, 0% used [0x00000000eb400000,0x00000000eb400000,0x00000000ecc80000)
  from space 5632K, 23% used [0x00000000ed200000,0x00000000ed344010,0x00000000ed780000)
  to   space 5632K, 0% used [0x00000000ecc80000,0x00000000ecc80000,0x00000000ed200000)
 ParOldGen       total 49152K, used 23937K [0x00000000c1c00000, 0x00000000c4c00000, 0x00000000eb400000)
  object space 49152K, 48% used [0x00000000c1c00000,0x00000000c3360660,0x00000000c4c00000)
 Metaspace       used 28317K, capacity 29456K, committed 29568K, reserved 1075200K
  class space    used 3663K, capacity 3931K, committed 3968K, reserved 1048576K
}
Event: 235.281 GC heap before
{Heap before GC invocations=118 (full 1):
 PSYoungGen      total 30720K, used 26043K [0x00000000eb400000, 0x00000000ed780000, 0x0000000100000000)
  eden space 25088K, 98% used [0x00000000eb400000,0x00000000ecc2adc0,0x00000000ecc80000)
  from space 5632K, 23% used [0x00000000ed200000,0x00000000ed344010,0x00000000ed780000)
  to   space 5632K, 0% used [0x00000000ecc80000,0x00000000ecc80000,0x00000000ed200000)
 ParOldGen       total 49152K, used 23937K [0x00000000c1c00000, 0x00000000c4c00000, 0x00000000eb400000)
  object space 49152K, 48% used [0x00000000c1c00000,0x00000000c3360660,0x00000000c4c00000)
 Metaspace       used 28320K, capacity 29456K, committed 29568K, reserved 1075200K
  class space    used 3663K, capacity 3931K, committed 3968K, reserved 1048576K
Event: 235.283 GC heap after
Heap after GC invocations=118 (full 1):
 PSYoungGen      total 30720K, used 1328K [0x00000000eb400000, 0x00000000ed880000, 0x0000000100000000)
  eden space 25088K, 0% used [0x00000000eb400000,0x00000000eb400000,0x00000000ecc80000)
  from space 5632K, 23% used [0x00000000ecc80000,0x00000000ecdcc010,0x00000000ed200000)
  to   space 5632K, 0% used [0x00000000ed300000,0x00000000ed300000,0x00000000ed880000)
 ParOldGen       total 49152K, used 23937K [0x00000000c1c00000, 0x00000000c4c00000, 0x00000000eb400000)
  object space 49152K, 48% used [0x00000000c1c00000,0x00000000c3360660,0x00000000c4c00000)
 Metaspace       used 28320K, capacity 29456K, committed 29568K, reserved 1075200K
  class space    used 3663K, capacity 3931K, committed 3968K, reserved 1048576K
}
Event: 245.123 GC heap before
{Heap before GC invocations=119 (full 1):
 PSYoungGen      total 30720K, used 26416K [0x00000000eb400000, 0x00000000ed880000, 0x0000000100000000)
  eden space 25088K, 100% used [0x00000000eb400000,0x00000000ecc80000,0x00000000ecc80000)
  from space 5632K, 23% used [0x00000000ecc80000,0x00000000ecdcc010,0x00000000ed200000)
  to   space 5632K, 0% used [0x00000000ed300000,0x00000000ed300000,0x00000000ed880000)
 ParOldGen       total 49152K, used 23937K [0x00000000c1c00000, 0x00000000c4c00000, 0x00000000eb400000)
  object space 49152K, 48% used [0x00000000c1c00000,0x00000000c3360660,0x00000000c4c00000)
 Metaspace       used 28688K, capacity 29814K, committed 29824K, reserved 1075200K
  class space    used 3693K, capacity 3964K, committed 3968K, reserved 1048576K
Event: 245.132 GC heap after
Heap after GC invocations=119 (full 1):
 PSYoungGen      total 27648K, used 2194K [0x00000000eb400000, 0x00000000ed600000, 0x0000000100000000)
  eden space 24576K, 0% used [0x00000000eb400000,0x00000000eb400000,0x00000000ecc00000)
  from space 3072K, 71% used [0x00000000ed300000,0x00000000ed524ae0,0x00000000ed600000)
  to   space 5120K, 0% used [0x00000000ecc00000,0x00000000ecc00000,0x00000000ed100000)
 ParOldGen       total 49152K, used 23953K [0x00000000c1c00000, 0x00000000c4c00000, 0x00000000eb400000)
  object space 49152K, 48% used [0x00000000c1c00000,0x00000000c3364660,0x00000000c4c00000)
 Metaspace       used 28688K, capacity 29814K, committed 29824K, reserved 1075200K
  class space    used 3693K, capacity 3964K, committed 3968K, reserved 1048576K
}
Event: 360.842 GC heap before
{Heap before GC invocations=120 (full 1):
 PSYoungGen      total 27648K, used 26770K [0x00000000eb400000, 0x00000000ed600000, 0x0000000100000000)
  eden space 24576K, 100% used [0x00000000eb400000,0x00000000ecc00000,0x00000000ecc00000)
  from space 3072K, 71% used [0x00000000ed300000,0x00000000ed524ae0,0x00000000ed600000)
  to   space 5120K, 0% used [0x00000000ecc00000,0x00000000ecc00000,0x00000000ed100000)
 ParOldGen       total 49152K, used 23953K [0x00000000c1c00000, 0x00000000c4c00000, 0x00000000eb400000)
  object space 49152K, 48% used [0x00000000c1c00000,0x00000000c3364660,0x00000000c4c00000)
 Metaspace       used 28872K, capacity 30026K, committed 30208K, reserved 1075200K
  class space    used 3698K, capacity 3970K, committed 4096K, reserved 1048576K
Event: 360.846 GC heap after
Heap after GC invocations=120 (full 1):
 PSYoungGen      total 27136K, used 3061K [0x00000000eb400000, 0x00000000ed580000, 0x0000000100000000)
  eden space 24064K, 0% used [0x00000000eb400000,0x00000000eb400000,0x00000000ecb80000)
  from space 3072K, 99% used [0x00000000ecc00000,0x00000000ecefd590,0x00000000ecf00000)
  to   space 5120K, 0% used [0x00000000ed080000,0x00000000ed080000,0x00000000ed580000)
 ParOldGen       total 49152K, used 23985K [0x00000000c1c00000, 0x00000000c4c00000, 0x00000000eb400000)
  object space 49152K, 48% used [0x00000000c1c00000,0x00000000c336c660,0x00000000c4c00000)
 Metaspace       used 28872K, capacity 30026K, committed 30208K, reserved 1075200K
  class space    used 3698K, capacity 3970K, committed 4096K, reserved 1048576K
}

Deoptimization events (10 events):
Event: 341.735 Thread 0x0000000016d30000 Uncommon trap: reason=unstable_if action=reinterpret pc=0x00000000037b0000 method=com.sun.javafx.sg.prism.NGNode.markCullRegions(Lcom/sun/javafx/geom/DirtyRegionContainer;ILcom/sun/javafx/geom/transform/BaseTransform;Lcom/sun/javafx/geom/transform/General
Event: 341.746 Thread 0x0000000016d30000 Uncommon trap: reason=unstable_if action=reinterpret pc=0x00000000037de9a0 method=com.sun.javafx.geom.Rectangle.grow(II)V @ 70
Event: 352.023 Thread 0x0000000016d30000 Uncommon trap: reason=null_check action=make_not_entrant pc=0x00000000038fa68c method=com.sun.scenario.effect.impl.Renderer.getPeerInstance(Lcom/sun/scenario/effect/FilterContext;Ljava/lang/String;I)Lcom/sun/scenario/effect/impl/EffectPeer; @ 59
Event: 352.023 Thread 0x0000000016d30000 Uncommon trap: reason=unstable_if action=reinterpret pc=0x00000000038fd218 method=com.sun.scenario.effect.impl.prism.ps.PPSOneSamplerPeer.filterImpl([Lcom/sun/scenario/effect/ImageData;)Lcom/sun/scenario/effect/ImageData; @ 210
Event: 352.081 Thread 0x0000000016d30000 Uncommon trap: reason=unstable_if action=reinterpret pc=0x0000000002d29b5c method=com.sun.scenario.effect.impl.state.BoxRenderState.validateWeights()V @ 147
Event: 352.869 Thread 0x0000000016d69800 Uncommon trap: reason=null_check action=make_not_entrant pc=0x000000000387f830 method=javafx.scene.Node$MiscProperties.getEffect()Ljavafx/scene/effect/Effect; @ 20
Event: 360.610 Thread 0x0000000016d69800 Uncommon trap: reason=class_check action=maybe_recompile pc=0x0000000003953efc method=javafx.scene.CssStyleHelper.transitionToState(Ljavafx/scene/Node;)V @ 519
Event: 361.110 Thread 0x0000000015040000 Uncommon trap: reason=unstable_if action=reinterpret pc=0x0000000002f29248 method=java.util.concurrent.locks.ReentrantLock$NonfairSync.lock()V @ 6
Event: 361.110 Thread 0x0000000015040000 Uncommon trap: reason=unstable_if action=reinterpret pc=0x0000000002dda614 method=java.util.concurrent.locks.ReentrantLock$Sync.nonfairTryAcquire(I)Z @ 10
Event: 361.110 Thread 0x0000000015040000 Uncommon trap: reason=unstable_if action=reinterpret pc=0x0000000003233e40 method=java.util.concurrent.locks.ReentrantLock$Sync.tryRelease(I)Z @ 28

Classes redefined (0 events):
No events

Internal exceptions (10 events):
Event: 237.093 Thread 0x0000000016d69800 Implicit null exception at 0x0000000003545d9a to 0x0000000003546205
Event: 237.093 Thread 0x0000000016d69800 Implicit null exception at 0x000000000360a114 to 0x000000000360a8cd
Event: 237.099 Thread 0x0000000016d30000 Implicit null exception at 0x00000000037bb61b to 0x00000000037bcc21
Event: 237.100 Thread 0x0000000016d30000 Implicit null exception at 0x0000000002cb8c65 to 0x0000000002cb93e1
Event: 237.285 Thread 0x0000000016d30000 Implicit null exception at 0x00000000032a2794 to 0x00000000032a2989
Event: 237.289 Thread 0x0000000016d30000 Implicit null exception at 0x0000000003654725 to 0x0000000003654efd
Event: 340.040 Thread 0x0000000016d69800 Implicit null exception at 0x0000000003815f9e to 0x0000000003817b55
Event: 352.023 Thread 0x0000000016d30000 Implicit null exception at 0x00000000038f9af4 to 0x00000000038fa66d
Event: 352.023 Thread 0x0000000016d30000 Implicit null exception at 0x00000000038fc0aa to 0x00000000038fd1c1
Event: 352.869 Thread 0x0000000016d69800 Implicit null exception at 0x000000000387f027 to 0x000000000387f819

Events (10 events):
Event: 361.137 Thread 0x000000001506c800 flushing nmethod 0x0000000002d2be90
Event: 361.138 Thread 0x000000001506c800 flushing nmethod 0x0000000002dbab50
Event: 361.148 Thread 0x000000001506c800 flushing nmethod 0x0000000002e873d0
Event: 361.148 Thread 0x000000001506c800 flushing nmethod 0x0000000002ecc250
Event: 361.149 Thread 0x000000001506c800 flushing nmethod 0x0000000002fb4910
Event: 361.152 Thread 0x000000001506c800 flushing nmethod 0x00000000030d2b10
Event: 361.154 Thread 0x000000001506c800 flushing nmethod 0x0000000003200f10
Event: 361.154 Thread 0x000000001506c800 flushing nmethod 0x0000000003208210
Event: 361.154 Thread 0x000000001506c800 flushing nmethod 0x000000000322cb50
Event: 361.154 Thread 0x000000001506c800 flushing nmethod 0x0000000003265050


Dynamic libraries:
0x00007ff7fa770000 - 0x00007ff7fa7a7000 	C:\Program Files\Java\jre1.8.0_221\bin\javaw.exe
0x00007ff85e6c0000 - 0x00007ff85e8b0000 	C:\Windows\SYSTEM32\ntdll.dll
0x00007ff85de40000 - 0x00007ff85def2000 	C:\Windows\System32\KERNEL32.DLL
0x00007ff85bf60000 - 0x00007ff85c204000 	C:\Windows\System32\KERNELBASE.dll
0x00007ff85d1a0000 - 0x00007ff85d243000 	C:\Windows\System32\ADVAPI32.dll
0x00007ff85d260000 - 0x00007ff85d2fe000 	C:\Windows\System32\msvcrt.dll
0x00007ff85df00000 - 0x00007ff85df97000 	C:\Windows\System32\sechost.dll
0x00007ff85d610000 - 0x00007ff85d730000 	C:\Windows\System32\RPCRT4.dll
0x00007ff85e050000 - 0x00007ff85e1e4000 	C:\Windows\System32\USER32.dll
0x00007ff85c230000 - 0x00007ff85c251000 	C:\Windows\System32\win32u.dll
0x00007ff85e1f0000 - 0x00007ff85e216000 	C:\Windows\System32\GDI32.dll
0x00007ff85c4d0000 - 0x00007ff85c665000 	C:\Windows\System32\gdi32full.dll
0x00007ff85c430000 - 0x00007ff85c4ce000 	C:\Windows\System32\msvcp_win.dll
0x00007ff85b6b0000 - 0x00007ff85b7aa000 	C:\Windows\System32\ucrtbase.dll
0x00007ff84dd80000 - 0x00007ff84e004000 	C:\Windows\WinSxS\amd64_microsoft.windows.common-controls_6595b64144ccf1df_6.0.18362.900_none_e6beb9d913147d17\COMCTL32.dll
0x00007ff85c770000 - 0x00007ff85caa5000 	C:\Windows\System32\combase.dll
0x00007ff85c260000 - 0x00007ff85c2e0000 	C:\Windows\System32\bcryptPrimitives.dll
0x00007ff85dfa0000 - 0x00007ff85dfce000 	C:\Windows\System32\IMM32.DLL
0x0000000052380000 - 0x0000000052452000 	C:\Program Files\Java\jre1.8.0_221\bin\msvcr100.dll
0x0000000050bd0000 - 0x0000000051475000 	C:\Program Files\Java\jre1.8.0_221\bin\server\jvm.dll
0x00007ff85e670000 - 0x00007ff85e678000 	C:\Windows\System32\PSAPI.DLL
0x00007ff84a340000 - 0x00007ff84a349000 	C:\Windows\SYSTEM32\WSOCK32.dll
0x00007ff85d4d0000 - 0x00007ff85d53f000 	C:\Windows\System32\WS2_32.dll
0x00007ff858500000 - 0x00007ff858524000 	C:\Windows\SYSTEM32\WINMM.dll
0x00007ff850380000 - 0x00007ff85038a000 	C:\Windows\SYSTEM32\VERSION.dll
0x00007ff8582f0000 - 0x00007ff85831d000 	C:\Windows\SYSTEM32\WINMMBASE.dll
0x00007ff85c720000 - 0x00007ff85c76a000 	C:\Windows\System32\cfgmgr32.dll
0x00007ff858560000 - 0x00007ff85856f000 	C:\Program Files\Java\jre1.8.0_221\bin\verify.dll
0x00007ff851fb0000 - 0x00007ff851fd9000 	C:\Program Files\Java\jre1.8.0_221\bin\java.dll
0x00007ff8562d0000 - 0x00007ff8562e6000 	C:\Program Files\Java\jre1.8.0_221\bin\zip.dll
0x00007ff85cab0000 - 0x00007ff85d196000 	C:\Windows\System32\SHELL32.dll
0x00007ff85d300000 - 0x00007ff85d3a9000 	C:\Windows\System32\shcore.dll
0x00007ff85b7e0000 - 0x00007ff85bf60000 	C:\Windows\System32\windows.storage.dll
0x00007ff85b5b0000 - 0x00007ff85b5d3000 	C:\Windows\System32\profapi.dll
0x00007ff85b5e0000 - 0x00007ff85b62a000 	C:\Windows\System32\powrprof.dll
0x00007ff85b580000 - 0x00007ff85b590000 	C:\Windows\System32\UMPDC.dll
0x00007ff85e3e0000 - 0x00007ff85e432000 	C:\Windows\System32\shlwapi.dll
0x00007ff85b590000 - 0x00007ff85b5a1000 	C:\Windows\System32\kernel.appcore.dll
0x00007ff85c210000 - 0x00007ff85c227000 	C:\Windows\System32\cryptsp.dll
0x0000000000de0000 - 0x0000000000de3000 	C:\Program Files\Java\jre1.8.0_221\bin\api-ms-win-core-console-l1-1-0.dll
0x0000000000df0000 - 0x0000000000df3000 	C:\Program Files\Java\jre1.8.0_221\bin\api-ms-win-core-datetime-l1-1-0.dll
0x0000000000e00000 - 0x0000000000e03000 	C:\Program Files\Java\jre1.8.0_221\bin\api-ms-win-core-debug-l1-1-0.dll
0x0000000000e10000 - 0x0000000000e13000 	C:\Program Files\Java\jre1.8.0_221\bin\api-ms-win-core-errorhandling-l1-1-0.dll
0x0000000000e20000 - 0x0000000000e24000 	C:\Program Files\Java\jre1.8.0_221\bin\api-ms-win-core-file-l1-1-0.dll
0x0000000000e30000 - 0x0000000000e33000 	C:\Program Files\Java\jre1.8.0_221\bin\api-ms-win-core-file-l1-2-0.dll
0x0000000000e40000 - 0x0000000000e43000 	C:\Program Files\Java\jre1.8.0_221\bin\api-ms-win-core-file-l2-1-0.dll
0x0000000000e50000 - 0x0000000000e53000 	C:\Program Files\Java\jre1.8.0_221\bin\api-ms-win-core-handle-l1-1-0.dll
0x0000000002810000 - 0x0000000002813000 	C:\Program Files\Java\jre1.8.0_221\bin\api-ms-win-core-heap-l1-1-0.dll
0x0000000002820000 - 0x0000000002823000 	C:\Program Files\Java\jre1.8.0_221\bin\api-ms-win-core-interlocked-l1-1-0.dll
0x0000000002940000 - 0x0000000002943000 	C:\Program Files\Java\jre1.8.0_221\bin\api-ms-win-core-libraryloader-l1-1-0.dll
0x0000000002950000 - 0x0000000002953000 	C:\Program Files\Java\jre1.8.0_221\bin\api-ms-win-core-localization-l1-2-0.dll
0x0000000002960000 - 0x0000000002963000 	C:\Program Files\Java\jre1.8.0_221\bin\api-ms-win-core-memory-l1-1-0.dll
0x0000000016fd0000 - 0x0000000016fd3000 	C:\Program Files\Java\jre1.8.0_221\bin\api-ms-win-core-namedpipe-l1-1-0.dll
0x0000000016fe0000 - 0x0000000016fe3000 	C:\Program Files\Java\jre1.8.0_221\bin\api-ms-win-core-processenvironment-l1-1-0.dll
0x0000000016ff0000 - 0x0000000016ff3000 	C:\Program Files\Java\jre1.8.0_221\bin\api-ms-win-core-processthreads-l1-1-0.dll
0x0000000017000000 - 0x0000000017003000 	C:\Program Files\Java\jre1.8.0_221\bin\api-ms-win-core-processthreads-l1-1-1.dll
0x0000000017010000 - 0x0000000017013000 	C:\Program Files\Java\jre1.8.0_221\bin\api-ms-win-core-profile-l1-1-0.dll
0x0000000017020000 - 0x0000000017023000 	C:\Program Files\Java\jre1.8.0_221\bin\api-ms-win-core-rtlsupport-l1-1-0.dll
0x0000000017030000 - 0x0000000017033000 	C:\Program Files\Java\jre1.8.0_221\bin\api-ms-win-core-string-l1-1-0.dll
0x0000000017040000 - 0x0000000017043000 	C:\Program Files\Java\jre1.8.0_221\bin\api-ms-win-core-synch-l1-1-0.dll
0x0000000017050000 - 0x0000000017053000 	C:\Program Files\Java\jre1.8.0_221\bin\api-ms-win-core-synch-l1-2-0.dll
0x0000000017060000 - 0x0000000017063000 	C:\Program Files\Java\jre1.8.0_221\bin\api-ms-win-core-sysinfo-l1-1-0.dll
0x0000000017070000 - 0x0000000017073000 	C:\Program Files\Java\jre1.8.0_221\bin\api-ms-win-core-timezone-l1-1-0.dll
0x0000000017080000 - 0x0000000017083000 	C:\Program Files\Java\jre1.8.0_221\bin\api-ms-win-core-util-l1-1-0.dll
0x0000000017090000 - 0x0000000017093000 	C:\Program Files\Java\jre1.8.0_221\bin\api-ms-win-crt-conio-l1-1-0.dll
0x00000000170a0000 - 0x00000000170a4000 	C:\Program Files\Java\jre1.8.0_221\bin\api-ms-win-crt-convert-l1-1-0.dll
0x00000000170b0000 - 0x00000000170b3000 	C:\Program Files\Java\jre1.8.0_221\bin\api-ms-win-crt-environment-l1-1-0.dll
0x00000000170c0000 - 0x00000000170c3000 	C:\Program Files\Java\jre1.8.0_221\bin\api-ms-win-crt-filesystem-l1-1-0.dll
0x00000000170d0000 - 0x00000000170d3000 	C:\Program Files\Java\jre1.8.0_221\bin\api-ms-win-crt-heap-l1-1-0.dll
0x00000000170e0000 - 0x00000000170e3000 	C:\Program Files\Java\jre1.8.0_221\bin\api-ms-win-crt-locale-l1-1-0.dll
0x00000000170f0000 - 0x00000000170f5000 	C:\Program Files\Java\jre1.8.0_221\bin\api-ms-win-crt-math-l1-1-0.dll
0x0000000017100000 - 0x0000000017105000 	C:\Program Files\Java\jre1.8.0_221\bin\api-ms-win-crt-multibyte-l1-1-0.dll
0x0000000017110000 - 0x0000000017120000 	C:\Program Files\Java\jre1.8.0_221\bin\api-ms-win-crt-private-l1-1-0.dll
0x0000000017120000 - 0x0000000017123000 	C:\Program Files\Java\jre1.8.0_221\bin\api-ms-win-crt-process-l1-1-0.dll
0x0000000017130000 - 0x0000000017134000 	C:\Program Files\Java\jre1.8.0_221\bin\api-ms-win-crt-runtime-l1-1-0.dll
0x0000000017140000 - 0x0000000017144000 	C:\Program Files\Java\jre1.8.0_221\bin\api-ms-win-crt-stdio-l1-1-0.dll
0x0000000017150000 - 0x0000000017154000 	C:\Program Files\Java\jre1.8.0_221\bin\api-ms-win-crt-string-l1-1-0.dll
0x0000000017160000 - 0x0000000017163000 	C:\Program Files\Java\jre1.8.0_221\bin\api-ms-win-crt-time-l1-1-0.dll
0x0000000017170000 - 0x0000000017173000 	C:\Program Files\Java\jre1.8.0_221\bin\api-ms-win-crt-utility-l1-1-0.dll
0x00007ff841b70000 - 0x00007ff841c66000 	C:\Program Files\Java\jre1.8.0_221\bin\ucrtbase.dll
0x00007ff8585d0000 - 0x00007ff8585e6000 	C:\Program Files\Java\jre1.8.0_221\bin\vcruntime140.dll
0x00007ff8427e0000 - 0x00007ff84288a000 	C:\Program Files\Java\jre1.8.0_221\bin\msvcp140.dll
0x00007ff841a20000 - 0x00007ff841a74000 	C:\Program Files\Java\jre1.8.0_221\bin\concrt140.dll
0x00007ff8562f0000 - 0x00007ff856313000 	C:\Program Files\Java\jre1.8.0_221\bin\prism_d3d.dll
0x00007ff82f770000 - 0x00007ff82f937000 	C:\Windows\system32\d3d9.dll
0x00007ff8594e0000 - 0x00007ff85950d000 	C:\Windows\SYSTEM32\dwmapi.dll
0x00007ff85a1f0000 - 0x00007ff85a210000 	C:\Windows\SYSTEM32\dxcore.dll
0x00007ff859420000 - 0x00007ff8594b9000 	C:\Windows\system32\uxtheme.dll
0x00007ff8085c0000 - 0x00007ff80aafd000 	C:\Windows\SYSTEM32\igdumdim64.dll
0x00007ff85d540000 - 0x00007ff85d605000 	C:\Windows\System32\OLEAUT32.dll
0x00007ff85e280000 - 0x00007ff85e3d7000 	C:\Windows\System32\ole32.dll
0x00007ff85d9d0000 - 0x00007ff85de40000 	C:\Windows\System32\SETUPAPI.dll
0x00007ff85b7b0000 - 0x00007ff85b7d6000 	C:\Windows\System32\bcrypt.dll
0x00007ff847980000 - 0x00007ff8479c9000 	C:\Program Files\Java\jre1.8.0_221\bin\glass.dll
0x00007ff85d730000 - 0x00007ff85d800000 	C:\Windows\System32\COMDLG32.dll
0x00007ff85d860000 - 0x00007ff85d995000 	C:\Windows\System32\MSCTF.dll
0x00007ff8528c0000 - 0x00007ff853300000 	C:\Windows\SYSTEM32\igdusc64.dll
0x00007ff82f680000 - 0x00007ff82f76f000 	C:\Users\mmcam\.javacpp\cache\opencv-3.2.0-1.3-windows-x86_64.jar\org\bytedeco\javacpp\windows-x86_64\msvcr120.dll
0x00007ff82f320000 - 0x00007ff82f3c6000 	C:\Users\mmcam\.javacpp\cache\opencv-3.2.0-1.3-windows-x86_64.jar\org\bytedeco\javacpp\windows-x86_64\msvcp120.dll
0x00007ff81d530000 - 0x00007ff81d7b8000 	C:\Users\mmcam\.javacpp\cache\opencv-3.2.0-1.3-windows-x86_64.jar\org\bytedeco\javacpp\windows-x86_64\opencv_core320.dll
0x00007ff80bc00000 - 0x00007ff80bf62000 	C:\Users\mmcam\.javacpp\cache\opencv-3.2.0-1.3-windows-x86_64.jar\org\bytedeco\javacpp\windows-x86_64\opencv_imgproc320.dll
0x00007ff80c860000 - 0x00007ff80caaa000 	C:\Users\mmcam\.javacpp\cache\opencv-3.2.0-1.3-windows-x86_64.jar\org\bytedeco\javacpp\windows-x86_64\jniopencv_core.dll
0x00007ff851cc0000 - 0x00007ff851cda000 	C:\Program Files\Java\jre1.8.0_221\bin\net.dll
0x00007ff84b700000 - 0x00007ff84b8d6000 	C:\Windows\SYSTEM32\urlmon.dll
0x00007ff84ba20000 - 0x00007ff84bcc6000 	C:\Windows\SYSTEM32\iertutil.dll
0x00007ff85afc0000 - 0x00007ff85afcc000 	C:\Windows\SYSTEM32\CRYPTBASE.DLL
0x00007ff85adf0000 - 0x00007ff85ae57000 	C:\Windows\system32\mswsock.dll
0x00007ff851ca0000 - 0x00007ff851cb2000 	C:\Program Files\Java\jre1.8.0_221\bin\nio.dll
0x00007ff82b220000 - 0x00007ff82b3b9000 	C:\Program Files\Java\jre1.8.0_221\bin\awt.dll
0x00007ff858c30000 - 0x00007ff858cbf000 	C:\Windows\SYSTEM32\apphelp.dll
0x00007ff856200000 - 0x00007ff856214000 	C:\Program Files\Java\jre1.8.0_221\bin\javafx_font.dll
0x00007ff84b400000 - 0x00007ff84b6fe000 	C:\Windows\SYSTEM32\dwrite.dll
0x00007ff85d420000 - 0x00007ff85d4c2000 	C:\Windows\System32\clbcatq.dll
0x00007ff855970000 - 0x00007ff855b1f000 	C:\Windows\SYSTEM32\WindowsCodecs.dll
0x00007ff8276d0000 - 0x00007ff82770a000 	C:\Windows\system32\dataexchange.dll
0x00007ff857ad0000 - 0x00007ff857d2b000 	C:\Windows\system32\d3d11.dll
0x00007ff858320000 - 0x00007ff8584fc000 	C:\Windows\system32\dcomp.dll
0x00007ff85a280000 - 0x00007ff85a36b000 	C:\Windows\system32\dxgi.dll
0x00007ff8590c0000 - 0x00007ff859321000 	C:\Windows\system32\twinapi.appcore.dll
0x00007ff8596a0000 - 0x00007ff8596c9000 	C:\Windows\system32\RMCLIENT.dll
0x00007ff856220000 - 0x00007ff856253000 	C:\Program Files\Common Files\Microsoft Shared\Ink\rtscom.dll
0x00007ff84eb70000 - 0x00007ff84ec0e000 	C:\Windows\System32\TextInputFramework.dll
0x00007ff855c00000 - 0x00007ff855f2a000 	C:\Windows\System32\CoreUIComponents.dll
0x00007ff858970000 - 0x00007ff858a44000 	C:\Windows\System32\CoreMessaging.dll
0x00007ff85a5e0000 - 0x00007ff85a611000 	C:\Windows\SYSTEM32\ntmarta.dll
0x00007ff856cf0000 - 0x00007ff856e43000 	C:\Windows\SYSTEM32\wintypes.dll
0x00007ff84fc70000 - 0x00007ff84fcd5000 	C:\Windows\system32\Oleacc.dll
0x00007ff84ec30000 - 0x00007ff84ec41000 	C:\Program Files\Java\jre1.8.0_221\bin\prism_common.dll

VM Arguments:
jvm_args: -Djava.library.path=C:\Users\Administrator\Desktop\opencv\build\java\x64 -Dfile.encoding=Cp1252 
java_command: application.Main
java_class_path (initial): C:\Users\mmcam\OneDrive\Bureau\projet java\ensahVision\target\classes;C:\Users\mmcam\.p2\pool\plugins\org.eclipse.fx.ide.css.jfx8_1.2.0.201501301049.jar;C:\Users\mmcam\OneDrive\Bureau\projet java\ensahVision\bin\opencv-341.jar;C:\Users\mmcam\.m2\repository\org\bytedeco\javacv-platform\1.3.2\javacv-platform-1.3.2.jar;C:\Users\mmcam\.m2\repository\org\bytedeco\javacv\1.3.2\javacv-1.3.2.jar;C:\Users\mmcam\.m2\repository\org\bytedeco\javacpp\1.3.2\javacpp-1.3.2.jar;C:\Users\mmcam\.m2\repository\org\bytedeco\javacpp-presets\opencv\3.2.0-1.3\opencv-3.2.0-1.3.jar;C:\Users\mmcam\.m2\repository\org\bytedeco\javacpp-presets\ffmpeg\3.2.1-1.3\ffmpeg-3.2.1-1.3.jar;C:\Users\mmcam\.m2\repository\org\bytedeco\javacpp-presets\flycapture\2.9.3.43-1.3\flycapture-2.9.3.43-1.3.jar;C:\Users\mmcam\.m2\repository\org\bytedeco\javacpp-presets\libdc1394\2.2.4-1.3\libdc1394-2.2.4-1.3.jar;C:\Users\mmcam\.m2\repository\org\bytedeco\javacpp-presets\libfreenect\0.5.3-1.3\libfreenect-0.5.3-1.3.jar;C:\Users\mmcam\.m2\repository\org\bytedeco\javacpp-presets\libfreenect2\0.2.0-1.3\libfreenect2-0.2.0-1.3.jar;C:\Users\mmcam\.m2\repository\org\bytedeco\javacpp-presets\librealsense\1.9.6-1.3\librealsense-1.9.6-1.3.jar;C:\Users\mmcam\.m2\repository\org\bytedeco\javacpp-presets\videoinput\0.200-1.3\videoinput-0.200-1.3.jar;C:\Users\mmcam\.m2\repository\org\bytedeco\javacpp-presets\artoolkitplus\2.3.1-1.3\artoolkitplus-2.3.1-1.3.jar;C:\Users\mmcam\.m2\repository\org\bytedeco\javacpp-presets\flandmark\1.07-1.3\flandmark-1.07-1.3.jar;C:\Users\mmcam\.m2\repository\org\bytedeco\javacpp-presets\opencv-platform\3.2.0-1.3\opencv-platform-3.2.0-1.3.jar;C:\Users\mmcam\.m2\repository\org\bytedeco\javacpp-presets\opencv\3.2.0-1.3\opencv-3.2.0-1.3-android-arm.jar;C:\Users\mmcam\.m2\repository\org\bytedeco\javacpp-presets\opencv\3.2.0-1.3\opencv-3.2.0-1.3-android-x86.jar;C:\Users\mmcam\.m2\repository\org\bytedeco\javacpp-presets\opencv\3.2.0-1.3\opencv-3.2.0-1.3-linux-x86.jar;C:\Users\mmcam\
Launcher Type: SUN_STANDARD

Environment Variables:
PATH=C:/Program Files/Java/jre1.8.0_221/bin/server;C:/Program Files/Java/jre1.8.0_221/bin;C:/Program Files/Java/jre1.8.0_221/lib/amd64;C:\Program Files (x86)\Common Files\Oracle\Java\javapath;C:\opencv\build\bin;C:\Users\mmcam\AppData\Local\Microsoft\WindowsApps;;C:\Users\mmcam\AppData\Local\Programs\Microsoft VS Code\bin;C:\Users\mmcam\AppData\Roaming\npm;C:\Users\mmcam\OneDrive\Bureau;
USERNAME=mmcam
OS=Windows_NT
PROCESSOR_IDENTIFIER=Intel64 Family 6 Model 69 Stepping 1, GenuineIntel



---------------  S Y S T E M  ---------------

OS: Windows 10.0 , 64 bit Build 18362 (10.0.18362.900)

CPU:total 4 (initial active 4) (2 cores per cpu, 2 threads per core) family 6 model 69 stepping 1, cmov, cx8, fxsr, mmx, sse, sse2, sse3, ssse3, sse4.1, sse4.2, popcnt, avx, avx2, aes, clmul, erms, lzcnt, ht, tsc, tscinvbit, bmi1, bmi2

Memory: 4k page, physical 4077868k(266308k free), swap 10631468k(3207988k free)

vm_info: Java HotSpot(TM) 64-Bit Server VM (25.221-b11) for windows-amd64 JRE (1.8.0_221-b11), built on Jul  4 2019 04:39:29 by "java_re" with MS VC++ 10.0 (VS2010)

time: Thu Jun 11 11:57:38 2020
timezone: Maroc (heure d’été)
elapsed time: 361 seconds (0d 0h 6m 1s)

