#
# A fatal error has been detected by the Java Runtime Environment:
#
#  EXCEPTION_ACCESS_VIOLATION (0xc0000005) at pc=0x00007fff8bd872a6, pid=6340, tid=0x0000000000002480
#
# JRE version: Java(TM) SE Runtime Environment (8.0_221-b11) (build 1.8.0_221-b11)
# Java VM: Java HotSpot(TM) 64-Bit Server VM (25.221-b11 mixed mode windows-amd64 compressed oops)
# Problematic frame:
# C  [ntdll.dll+0x72a6]
#
# Failed to write core dump. Minidumps are not enabled by default on client versions of Windows
#
# If you would like to submit a bug report, please visit:
#   http://bugreport.java.com/bugreport/crash.jsp
# The crash happened outside the Java Virtual Machine in native code.
# See problematic frame for where to report the bug.
#

---------------  T H R E A D  ---------------

Current thread (0x000000001d938000):  JavaThread "Thread-7" [_thread_in_native, id=9344, stack(0x000000002f6b0000,0x000000002f7b0000)]

siginfo: ExceptionCode=0xc0000005, writing address 0x0000000000000024

Registers:
RAX=0x0000000000000000, RBX=0x000000001f2c0258, RCX=0x000000001f2c0258, RDX=0x00000000fffffffa
RSP=0x000000002f7aee00, RBP=0x0000000000000000, RSI=0x0000000000000000, RDI=0x0000000000000000
R8 =0x0000000000000000, R9 =0x000000001f2c0200, R10=0x0000000000000000, R11=0x0000000000000246
R12=0x0000000000000000, R13=0x00000000010d1000, R14=0x0000000000000001, R15=0x0000000000000000
RIP=0x00007fff8bd872a6, EFLAGS=0x0000000000010213

Top of Stack: (sp=0x000000002f7aee00)
0x000000002f7aee00:   ffffffffffffffff 000000001f2c0258
0x000000002f7aee10:   00000000014c0000 00007fff8bdc535c
0x000000002f7aee20:   0000000027439fa0 0000000026ce0000
0x000000002f7aee30:   00000000014c0000 0000000000000001
0x000000002f7aee40:   000000002713f200 00000000fffffffa
0x000000002f7aee50:   00000000010d1000 00007fff8bdc78da
0x000000002f7aee60:   0000000000000111 0000000026a23000
0x000000002f7aee70:   00000000014c0000 0000000026a22ec0
0x000000002f7aee80:   0000000000efcaa0 00007fff8bdc4c7d
0x000000002f7aee90:   00004aea42d74c84 000000002f7aeef9
0x000000002f7aeea0:   000000001d938000 0000000000000001
0x000000002f7aeeb0:   0000000000000001 0000000000000001
0x000000002f7aeec0:   0000000000000000 000000001f2c0258
0x000000002f7aeed0:   0000000000000000 00007fff8bd9b576
0x000000002f7aeee0:   00000000014c0000 0000000000000000
0x000000002f7aeef0:   00000000fffffffa ffffffffff676980 

Instructions: (pc=0x00007fff8bd872a6)
0x00007fff8bd87286:   48 39 73 18 0f 84 d1 00 00 00 48 8b 03 48 83 f8
0x00007fff8bd87296:   ff 0f 84 d1 00 00 00 44 8b fe 48 83 f8 ff 74 03
0x00007fff8bd872a6:   ff 40 24 4c 8b 73 18 4c 8d 2d 44 82 15 00 bd 22
0x00007fff8bd872b6:   17 00 00 e8 72 89 03 00 85 c0 0f 85 5e 0b 0a 00 


Register to memory mapping:

RAX=0x0000000000000000 is an unknown value
RBX=0x000000001f2c0258 is an unknown value
RCX=0x000000001f2c0258 is an unknown value
RDX=0x00000000fffffffa is an unallocated location in the heap
RSP=0x000000002f7aee00 is pointing into the stack for thread: 0x000000001d938000
RBP=0x0000000000000000 is an unknown value
RSI=0x0000000000000000 is an unknown value
RDI=0x0000000000000000 is an unknown value
R8 =0x0000000000000000 is an unknown value
R9 =0x000000001f2c0200 is an unknown value
R10=0x0000000000000000 is an unknown value
R11=0x0000000000000246 is an unknown value
R12=0x0000000000000000 is an unknown value
R13=0x00000000010d1000 is an unknown value
R14=0x0000000000000001 is an unknown value
R15=0x0000000000000000 is an unknown value


Stack: [0x000000002f6b0000,0x000000002f7b0000],  sp=0x000000002f7aee00,  free space=1019k
Native frames: (J=compiled Java code, j=interpreted, Vv=VM code, C=native code)

Java frames: (J=compiled Java code, j=interpreted, Vv=VM code)
j  org.bytedeco.javacpp.opencv_videoio$VideoCapture.retrieve(Lorg/bytedeco/javacpp/opencv_core$Mat;)Z+0
j  org.bytedeco.javacv.OpenCVFrameGrabber.grab()Lorg/bytedeco/javacv/Frame;+8
j  application.FaceDetector.run()V+1109
j  java.lang.Thread.run()V+11
v  ~StubRoutines::call_stub

---------------  P R O C E S S  ---------------

Java Threads: ( => current thread )
  0x000000001d935800 JavaThread "URL-Loader-3" daemon [_thread_in_native, id=9868, stack(0x000000002f8b0000,0x000000002f9b0000)]
  0x000000001d936800 JavaThread "Keep-Alive-Timer" daemon [_thread_blocked, id=3352, stack(0x000000002aeb0000,0x000000002afb0000)]
  0x000000001d93a800 JavaThread "URL-Loader-2" daemon [_thread_in_native, id=8028, stack(0x000000002adb0000,0x000000002aeb0000)]
=>0x000000001d938000 JavaThread "Thread-7" [_thread_in_native, id=9344, stack(0x000000002f6b0000,0x000000002f7b0000)]
  0x000000001d934000 JavaThread "URL-Loader-1" daemon [_thread_blocked, id=4480, stack(0x000000002f2b0000,0x000000002f3b0000)]
  0x000000001d937000 JavaThread "Disposer" daemon [_thread_blocked, id=7180, stack(0x0000000020f50000,0x0000000021050000)]
  0x000000001d939800 JavaThread "Prism Font Disposer" daemon [_thread_blocked, id=9276, stack(0x0000000020650000,0x0000000020750000)]
  0x000000001ddeb800 JavaThread "AWT-Windows" daemon [_thread_in_native, id=8572, stack(0x000000001eab0000,0x000000001ebb0000)]
  0x000000001daed800 JavaThread "Java2D Disposer" daemon [_thread_blocked, id=4244, stack(0x000000001e8b0000,0x000000001e9b0000)]
  0x000000001d667800 JavaThread "JavaCPP Deallocator" daemon [_thread_blocked, id=7232, stack(0x000000001e440000,0x000000001e540000)]
  0x0000000017b88800 JavaThread "Thread-3" daemon [_thread_in_native, id=2268, stack(0x000000001d050000,0x000000001d150000)]
  0x0000000017b62000 JavaThread "JavaFX-Launcher" [_thread_blocked, id=8664, stack(0x000000001d150000,0x000000001d250000)]
  0x0000000017aa4000 JavaThread "JavaFX Application Thread" [_thread_in_native, id=4348, stack(0x0000000018780000,0x0000000018880000)]
  0x0000000017a95800 JavaThread "Thread-1" daemon [_thread_blocked, id=904, stack(0x0000000018680000,0x0000000018780000)]
  0x0000000017a85800 JavaThread "QuantumRenderer-0" daemon [_thread_blocked, id=9564, stack(0x0000000018310000,0x0000000018410000)]
  0x0000000017472800 JavaThread "Service Thread" daemon [_thread_blocked, id=8452, stack(0x0000000017840000,0x0000000017940000)]
  0x0000000015ab2800 JavaThread "C1 CompilerThread2" daemon [_thread_blocked, id=6164, stack(0x0000000017340000,0x0000000017440000)]
  0x0000000015ab0800 JavaThread "C2 CompilerThread1" daemon [_thread_blocked, id=6516, stack(0x0000000017240000,0x0000000017340000)]
  0x0000000015aa6000 JavaThread "C2 CompilerThread0" daemon [_thread_blocked, id=4516, stack(0x0000000017140000,0x0000000017240000)]
  0x0000000015aa4800 JavaThread "Attach Listener" daemon [_thread_blocked, id=4236, stack(0x0000000017040000,0x0000000017140000)]
  0x0000000015aa3800 JavaThread "Signal Dispatcher" daemon [_thread_blocked, id=9512, stack(0x0000000016f40000,0x0000000017040000)]
  0x0000000015a90000 JavaThread "Finalizer" daemon [_thread_blocked, id=10116, stack(0x0000000016d10000,0x0000000016e10000)]
  0x00000000034c7800 JavaThread "Reference Handler" daemon [_thread_blocked, id=9856, stack(0x0000000016c10000,0x0000000016d10000)]
  0x00000000033d7000 JavaThread "main" [_thread_blocked, id=9728, stack(0x0000000003280000,0x0000000003380000)]

Other Threads:
  0x0000000015a68800 VMThread [stack: 0x0000000016b10000,0x0000000016c10000] [id=3876]
  0x00000000174a0000 WatcherThread [stack: 0x0000000017940000,0x0000000017a40000] [id=9384]

VM state:not at safepoint (normal execution)

VM Mutex/Monitor currently owned by a thread: None

heap address: 0x00000000c1c00000, size: 996 MB, Compressed Oops mode: 32-bit
Narrow klass base: 0x0000000000000000, Narrow klass shift: 3
Compressed class space size: 1073741824 Address: 0x0000000100000000

Heap:
 PSYoungGen      total 91136K, used 15178K [0x00000000eb400000, 0x00000000f2100000, 0x0000000100000000)
  eden space 78336K, 4% used [0x00000000eb400000,0x00000000eb735860,0x00000000f0080000)
  from space 12800K, 92% used [0x00000000f0080000,0x00000000f0c1d240,0x00000000f0d00000)
  to   space 14336K, 0% used [0x00000000f1300000,0x00000000f1300000,0x00000000f2100000)
 ParOldGen       total 32256K, used 14940K [0x00000000c1c00000, 0x00000000c3b80000, 0x00000000eb400000)
  object space 32256K, 46% used [0x00000000c1c00000,0x00000000c2a97140,0x00000000c3b80000)
 Metaspace       used 33651K, capacity 34964K, committed 35200K, reserved 1079296K
  class space    used 4313K, capacity 4623K, committed 4736K, reserved 1048576K

Card table byte_map: [0x0000000012890000,0x0000000012a90000] byte_map_base: 0x0000000012282000

Marking Bits: (ParMarkBitMap*) 0x000000005deb5ce0
 Begin Bits: [0x0000000012fe0000, 0x0000000013f70000)
 End Bits:   [0x0000000013f70000, 0x0000000014f00000)

Polling page: 0x00000000013f0000

CodeCache: size=245760Kb used=15168Kb max_used=15289Kb free=230591Kb
 bounds [0x00000000034d0000, 0x0000000004400000, 0x00000000124d0000]
 total_blobs=5739 nmethods=4729 adapters=921
 compilation: enabled

Compilation events (10 events):
Event: 73.049 Thread 0x0000000015ab2800 nmethod 5435 0x0000000003843610 code [0x0000000003843780, 0x0000000003843b48]
Event: 73.049 Thread 0x0000000015ab2800 5433       1       com.mysql.jdbc.ConnectionImpl::getAutoCommit (5 bytes)
Event: 73.049 Thread 0x0000000015ab2800 nmethod 5433 0x0000000003b6e2d0 code [0x0000000003b6e420, 0x0000000003b6e530]
Event: 73.050 Thread 0x0000000015ab2800 5436  s!   3       com.mysql.jdbc.StatementImpl::realClose (226 bytes)
Event: 73.053 Thread 0x0000000015ab2800 nmethod 5436 0x0000000003f46b90 code [0x0000000003f46e40, 0x0000000003f48428]
Event: 73.053 Thread 0x0000000015ab2800 5437  s!   3       com.mysql.jdbc.StatementImpl::closeAllOpenResults (64 bytes)
Event: 73.054 Thread 0x0000000015ab2800 nmethod 5437 0x0000000004132950 code [0x0000000004132b40, 0x0000000004133418]
Event: 73.054 Thread 0x0000000015ab2800 5438       3       java.nio.CharBuffer::array (35 bytes)
Event: 73.054 Thread 0x0000000015ab2800 nmethod 5438 0x00000000041323d0 code [0x0000000004132560, 0x0000000004132858]
Event: 73.076 Thread 0x0000000015aa6000 nmethod 5428 0x0000000004129f50 code [0x000000000412a180, 0x000000000412c6e8]

GC Heap History (10 events):
Event: 51.614 GC heap before
{Heap before GC invocations=14 (full 1):
 PSYoungGen      total 72704K, used 69929K [0x00000000eb400000, 0x00000000f0680000, 0x0000000100000000)
  eden space 64000K, 98% used [0x00000000eb400000,0x00000000ef1916b8,0x00000000ef280000)
  from space 8704K, 79% used [0x00000000efe00000,0x00000000f04b9090,0x00000000f0680000)
  to   space 10240K, 0% used [0x00000000ef280000,0x00000000ef280000,0x00000000efc80000)
 ParOldGen       total 32256K, used 14900K [0x00000000c1c00000, 0x00000000c3b80000, 0x00000000eb400000)
  object space 32256K, 46% used [0x00000000c1c00000,0x00000000c2a8d140,0x00000000c3b80000)
 Metaspace       used 28991K, capacity 30208K, committed 30336K, reserved 1075200K
  class space    used 3860K, capacity 4147K, committed 4224K, reserved 1048576K
Event: 51.619 GC heap after
Heap after GC invocations=14 (full 1):
 PSYoungGen      total 74240K, used 6948K [0x00000000eb400000, 0x00000000f0f80000, 0x0000000100000000)
  eden space 64000K, 0% used [0x00000000eb400000,0x00000000eb400000,0x00000000ef280000)
  from space 10240K, 67% used [0x00000000ef280000,0x00000000ef949090,0x00000000efc80000)
  to   space 10240K, 0% used [0x00000000f0580000,0x00000000f0580000,0x00000000f0f80000)
 ParOldGen       total 32256K, used 14908K [0x00000000c1c00000, 0x00000000c3b80000, 0x00000000eb400000)
  object space 32256K, 46% used [0x00000000c1c00000,0x00000000c2a8f140,0x00000000c3b80000)
 Metaspace       used 28991K, capacity 30208K, committed 30336K, reserved 1075200K
  class space    used 3860K, capacity 4147K, committed 4224K, reserved 1048576K
}
Event: 57.040 GC heap before
{Heap before GC invocations=15 (full 1):
 PSYoungGen      total 74240K, used 70120K [0x00000000eb400000, 0x00000000f0f80000, 0x0000000100000000)
  eden space 64000K, 98% used [0x00000000eb400000,0x00000000ef1b1160,0x00000000ef280000)
  from space 10240K, 67% used [0x00000000ef280000,0x00000000ef949090,0x00000000efc80000)
  to   space 10240K, 0% used [0x00000000f0580000,0x00000000f0580000,0x00000000f0f80000)
 ParOldGen       total 32256K, used 14908K [0x00000000c1c00000, 0x00000000c3b80000, 0x00000000eb400000)
  object space 32256K, 46% used [0x00000000c1c00000,0x00000000c2a8f140,0x00000000c3b80000)
 Metaspace       used 29697K, capacity 30924K, committed 31104K, reserved 1077248K
  class space    used 3924K, capacity 4213K, committed 4224K, reserved 1048576K
Event: 57.048 GC heap after
Heap after GC invocations=15 (full 1):
 PSYoungGen      total 81408K, used 7364K [0x00000000eb400000, 0x00000000f0f00000, 0x0000000100000000)
  eden space 71680K, 0% used [0x00000000eb400000,0x00000000eb400000,0x00000000efa00000)
  from space 9728K, 75% used [0x00000000f0580000,0x00000000f0cb1090,0x00000000f0f00000)
  to   space 10752K, 0% used [0x00000000efa00000,0x00000000efa00000,0x00000000f0480000)
 ParOldGen       total 32256K, used 14916K [0x00000000c1c00000, 0x00000000c3b80000, 0x00000000eb400000)
  object space 32256K, 46% used [0x00000000c1c00000,0x00000000c2a91140,0x00000000c3b80000)
 Metaspace       used 29697K, capacity 30924K, committed 31104K, reserved 1077248K
  class space    used 3924K, capacity 4213K, committed 4224K, reserved 1048576K
}
Event: 62.235 GC heap before
{Heap before GC invocations=16 (full 1):
 PSYoungGen      total 81408K, used 78199K [0x00000000eb400000, 0x00000000f0f00000, 0x0000000100000000)
  eden space 71680K, 98% used [0x00000000eb400000,0x00000000ef92cbc8,0x00000000efa00000)
  from space 9728K, 75% used [0x00000000f0580000,0x00000000f0cb1090,0x00000000f0f00000)
  to   space 10752K, 0% used [0x00000000efa00000,0x00000000efa00000,0x00000000f0480000)
 ParOldGen       total 32256K, used 14916K [0x00000000c1c00000, 0x00000000c3b80000, 0x00000000eb400000)
  object space 32256K, 46% used [0x00000000c1c00000,0x00000000c2a91140,0x00000000c3b80000)
 Metaspace       used 30325K, capacity 31512K, committed 31744K, reserved 1077248K
  class space    used 3977K, capacity 4253K, committed 4352K, reserved 1048576K
Event: 62.247 GC heap after
Heap after GC invocations=16 (full 1):
 PSYoungGen      total 82432K, used 9860K [0x00000000eb400000, 0x00000000f1880000, 0x0000000100000000)
  eden space 71680K, 0% used [0x00000000eb400000,0x00000000eb400000,0x00000000efa00000)
  from space 10752K, 91% used [0x00000000efa00000,0x00000000f03a1090,0x00000000f0480000)
  to   space 11776K, 0% used [0x00000000f0d00000,0x00000000f0d00000,0x00000000f1880000)
 ParOldGen       total 32256K, used 14924K [0x00000000c1c00000, 0x00000000c3b80000, 0x00000000eb400000)
  object space 32256K, 46% used [0x00000000c1c00000,0x00000000c2a93140,0x00000000c3b80000)
 Metaspace       used 30325K, capacity 31512K, committed 31744K, reserved 1077248K
  class space    used 3977K, capacity 4253K, committed 4352K, reserved 1048576K
}
Event: 66.638 GC heap before
{Heap before GC invocations=17 (full 1):
 PSYoungGen      total 82432K, used 81540K [0x00000000eb400000, 0x00000000f1880000, 0x0000000100000000)
  eden space 71680K, 100% used [0x00000000eb400000,0x00000000efa00000,0x00000000efa00000)
  from space 10752K, 91% used [0x00000000efa00000,0x00000000f03a1090,0x00000000f0480000)
  to   space 11776K, 0% used [0x00000000f0d00000,0x00000000f0d00000,0x00000000f1880000)
 ParOldGen       total 32256K, used 14924K [0x00000000c1c00000, 0x00000000c3b80000, 0x00000000eb400000)
  object space 32256K, 46% used [0x00000000c1c00000,0x00000000c2a93140,0x00000000c3b80000)
 Metaspace       used 32858K, capacity 34132K, committed 34304K, reserved 1079296K
  class space    used 4235K, capacity 4519K, committed 4608K, reserved 1048576K
Event: 66.653 GC heap after
Heap after GC invocations=17 (full 1):
 PSYoungGen      total 90112K, used 11423K [0x00000000eb400000, 0x00000000f1a00000, 0x0000000100000000)
  eden space 78336K, 0% used [0x00000000eb400000,0x00000000eb400000,0x00000000f0080000)
  from space 11776K, 97% used [0x00000000f0d00000,0x00000000f1827fe8,0x00000000f1880000)
  to   space 12800K, 0% used [0x00000000f0080000,0x00000000f0080000,0x00000000f0d00000)
 ParOldGen       total 32256K, used 14932K [0x00000000c1c00000, 0x00000000c3b80000, 0x00000000eb400000)
  object space 32256K, 46% used [0x00000000c1c00000,0x00000000c2a95140,0x00000000c3b80000)
 Metaspace       used 32858K, capacity 34132K, committed 34304K, reserved 1079296K
  class space    used 4235K, capacity 4519K, committed 4608K, reserved 1048576K
}
Event: 73.056 GC heap before
{Heap before GC invocations=18 (full 1):
 PSYoungGen      total 90112K, used 88862K [0x00000000eb400000, 0x00000000f1a00000, 0x0000000100000000)
  eden space 78336K, 98% used [0x00000000eb400000,0x00000000eff9f8e0,0x00000000f0080000)
  from space 11776K, 97% used [0x00000000f0d00000,0x00000000f1827fe8,0x00000000f1880000)
  to   space 12800K, 0% used [0x00000000f0080000,0x00000000f0080000,0x00000000f0d00000)
 ParOldGen       total 32256K, used 14932K [0x00000000c1c00000, 0x00000000c3b80000, 0x00000000eb400000)
  object space 32256K, 46% used [0x00000000c1c00000,0x00000000c2a95140,0x00000000c3b80000)
 Metaspace       used 33650K, capacity 34964K, committed 35200K, reserved 1079296K
  class space    used 4313K, capacity 4623K, committed 4736K, reserved 1048576K
Event: 73.069 GC heap after
Heap after GC invocations=18 (full 1):
 PSYoungGen      total 91136K, used 11892K [0x00000000eb400000, 0x00000000f2100000, 0x0000000100000000)
  eden space 78336K, 0% used [0x00000000eb400000,0x00000000eb400000,0x00000000f0080000)
  from space 12800K, 92% used [0x00000000f0080000,0x00000000f0c1d240,0x00000000f0d00000)
  to   space 14336K, 0% used [0x00000000f1300000,0x00000000f1300000,0x00000000f2100000)
 ParOldGen       total 32256K, used 14940K [0x00000000c1c00000, 0x00000000c3b80000, 0x00000000eb400000)
  object space 32256K, 46% used [0x00000000c1c00000,0x00000000c2a97140,0x00000000c3b80000)
 Metaspace       used 33650K, capacity 34964K, committed 35200K, reserved 1079296K
  class space    used 4313K, capacity 4623K, committed 4736K, reserved 1048576K
}

Deoptimization events (10 events):
Event: 65.993 Thread 0x000000001d934000 Uncommon trap: reason=bimorphic action=maybe_recompile pc=0x000000000436cd18 method=java.io.DataInputStream.readChar()C @ 4
Event: 65.993 Thread 0x000000001d934000 Uncommon trap: reason=bimorphic action=maybe_recompile pc=0x000000000436cd18 method=java.io.DataInputStream.readChar()C @ 4
Event: 66.037 Thread 0x000000001d93a800 Uncommon trap: reason=unstable_if action=reinterpret pc=0x00000000041cc658 method=com.mysql.jdbc.util.ReadAheadInputStream.read()I @ 12
Event: 66.795 Thread 0x000000001d934000 Uncommon trap: reason=unstable_if action=reinterpret pc=0x0000000004329804 method=java.util.Arrays.equals([B[B)Z @ 41
Event: 66.795 Thread 0x000000001d934000 Uncommon trap: reason=unstable_if action=reinterpret pc=0x00000000039f71b8 method=java.lang.String.indexOf([CII[CIII)I @ 27
Event: 66.826 Thread 0x000000001d934000 Uncommon trap: reason=unstable_if action=reinterpret pc=0x00000000041d2734 method=java.lang.reflect.Field.get(Ljava/lang/Object;)Ljava/lang/Object; @ 4
Event: 66.943 Thread 0x000000001d934000 Uncommon trap: reason=unstable_if action=reinterpret pc=0x000000000370bec0 method=java.util.concurrent.locks.ReentrantLock$Sync.tryRelease(I)Z @ 28
Event: 67.926 Thread 0x0000000017a85800 Uncommon trap: reason=unstable_if action=reinterpret pc=0x0000000003a239d4 method=com.sun.scenario.effect.impl.state.BoxRenderState.validateWeights()V @ 147
Event: 68.792 Thread 0x0000000017aa4000 Uncommon trap: reason=null_check action=make_not_entrant pc=0x0000000004127444 method=javafx.scene.Node$MiscProperties.getEffect()Ljavafx/scene/effect/Effect; @ 20
Event: 70.853 Thread 0x000000001d93a800 Uncommon trap: reason=predicate action=maybe_recompile pc=0x0000000003dd3790 method=java.util.regex.Pattern$SliceI.match(Ljava/util/regex/Matcher;ILjava/lang/CharSequence;)Z @ 21

Classes redefined (0 events):
No events

Internal exceptions (10 events):
Event: 24.860 Thread 0x0000000017aa4000 Exception <a 'java/security/PrivilegedActionException'> (0x00000000ece47318) thrown at [C:\re\workspace\8-2-build-windows-amd64-cygwin\jdk8u221\13320\hotspot\src\share\vm\prims\jvm.cpp, line 1502]
Event: 24.860 Thread 0x0000000017aa4000 Exception <a 'java/security/PrivilegedActionException'> (0x00000000ece478f8) thrown at [C:\re\workspace\8-2-build-windows-amd64-cygwin\jdk8u221\13320\hotspot\src\share\vm\prims\jvm.cpp, line 1502]
Event: 49.972 Thread 0x0000000017a85800 Implicit null exception at 0x00000000036fdeca to 0x00000000036ff649
Event: 49.973 Thread 0x0000000017a85800 Implicit null exception at 0x0000000003fd9914 to 0x0000000003fd9979
Event: 49.973 Thread 0x0000000017a85800 Implicit null exception at 0x0000000003653a10 to 0x0000000003653a69
Event: 55.679 Thread 0x0000000017aa4000 Implicit null exception at 0x00000000038b0d9a to 0x00000000038b1205
Event: 55.679 Thread 0x0000000017aa4000 Implicit null exception at 0x0000000004044aa9 to 0x00000000040451f5
Event: 61.289 Thread 0x0000000017aa4000 Exception <a 'sun/nio/fs/WindowsException'> (0x00000000eea5a888) thrown at [C:\re\workspace\8-2-build-windows-amd64-cygwin\jdk8u221\13320\hotspot\src\share\vm\prims\jni.cpp, line 710]
Event: 61.322 Thread 0x0000000017aa4000 Exception <a 'sun/nio/fs/WindowsException'> (0x00000000eea5c2a8) thrown at [C:\re\workspace\8-2-build-windows-amd64-cygwin\jdk8u221\13320\hotspot\src\share\vm\prims\jni.cpp, line 710]
Event: 68.792 Thread 0x0000000017aa4000 Implicit null exception at 0x0000000004126c42 to 0x000000000412742d

Events (10 events):
Event: 72.216 loading class com/sun/webkit/network/URLLoader$Redirect done
Event: 72.218 loading class com/sun/webkit/network/URLLoader
Event: 72.218 loading class com/sun/webkit/network/URLLoader done
Event: 72.467 Thread 0x000000001d935800 Thread added: 0x000000001d935800
Event: 72.476 Thread 0x0000000017a85800 DEOPT PACKING pc=0x0000000003d64e79 sp=0x000000001840dae0
Event: 72.476 Thread 0x0000000017a85800 DEOPT UNPACKING pc=0x0000000003517890 sp=0x000000001840d870 mode 0
Event: 72.666 loading class java/util/AbstractList$1
Event: 72.684 loading class java/util/AbstractList$1 done
Event: 73.056 Executing VM operation: ParallelGCFailedAllocation
Event: 73.069 Executing VM operation: ParallelGCFailedAllocation done


Dynamic libraries:
0x00007ff618160000 - 0x00007ff618197000 	C:\Program Files\Java\jre1.8.0_221\bin\javaw.exe
0x00007fff8bd80000 - 0x00007fff8bf70000 	C:\Windows\SYSTEM32\ntdll.dll
0x00007fff8bbe0000 - 0x00007fff8bc92000 	C:\Windows\System32\KERNEL32.DLL
0x00007fff89330000 - 0x00007fff895d4000 	C:\Windows\System32\KERNELBASE.dll
0x00007fff8b180000 - 0x00007fff8b223000 	C:\Windows\System32\ADVAPI32.dll
0x00007fff8bca0000 - 0x00007fff8bd3e000 	C:\Windows\System32\msvcrt.dll
0x00007fff89e30000 - 0x00007fff89ec7000 	C:\Windows\System32\sechost.dll
0x00007fff8b030000 - 0x00007fff8b150000 	C:\Windows\System32\RPCRT4.dll
0x00007fff8b910000 - 0x00007fff8baa4000 	C:\Windows\System32\USER32.dll
0x00007fff895e0000 - 0x00007fff89601000 	C:\Windows\System32\win32u.dll
0x00007fff8b150000 - 0x00007fff8b176000 	C:\Windows\System32\GDI32.dll
0x00007fff88de0000 - 0x00007fff88f75000 	C:\Windows\System32\gdi32full.dll
0x00007fff89610000 - 0x00007fff896ae000 	C:\Windows\System32\msvcp_win.dll
0x00007fff89230000 - 0x00007fff8932a000 	C:\Windows\System32\ucrtbase.dll
0x00007fff7b9c0000 - 0x00007fff7bc44000 	C:\Windows\WinSxS\amd64_microsoft.windows.common-controls_6595b64144ccf1df_6.0.18362.900_none_e6beb9d913147d17\COMCTL32.dll
0x00007fff8a850000 - 0x00007fff8ab85000 	C:\Windows\System32\combase.dll
0x00007fff89010000 - 0x00007fff89090000 	C:\Windows\System32\bcryptPrimitives.dll
0x00007fff8b470000 - 0x00007fff8b49e000 	C:\Windows\System32\IMM32.DLL
0x000000005f030000 - 0x000000005f102000 	C:\Program Files\Java\jre1.8.0_221\bin\msvcr100.dll
0x000000005d690000 - 0x000000005df35000 	C:\Program Files\Java\jre1.8.0_221\bin\server\jvm.dll
0x00007fff8afc0000 - 0x00007fff8afc8000 	C:\Windows\System32\PSAPI.DLL
0x00007fff7de90000 - 0x00007fff7de9a000 	C:\Windows\SYSTEM32\VERSION.dll
0x00007fff776d0000 - 0x00007fff776d9000 	C:\Windows\SYSTEM32\WSOCK32.dll
0x00007fff85bf0000 - 0x00007fff85c14000 	C:\Windows\SYSTEM32\WINMM.dll
0x00007fff8acf0000 - 0x00007fff8ad5f000 	C:\Windows\System32\WS2_32.dll
0x00007fff85bc0000 - 0x00007fff85bed000 	C:\Windows\SYSTEM32\WINMMBASE.dll
0x00007fff89090000 - 0x00007fff890da000 	C:\Windows\System32\cfgmgr32.dll
0x00007fff84bd0000 - 0x00007fff84bdf000 	C:\Program Files\Java\jre1.8.0_221\bin\verify.dll
0x00007fff725d0000 - 0x00007fff725f9000 	C:\Program Files\Java\jre1.8.0_221\bin\java.dll
0x00007fff82400000 - 0x00007fff82416000 	C:\Program Files\Java\jre1.8.0_221\bin\zip.dll
0x00007fff8a020000 - 0x00007fff8a706000 	C:\Windows\System32\SHELL32.dll
0x00007fff8ad60000 - 0x00007fff8ae09000 	C:\Windows\System32\shcore.dll
0x00007fff896b0000 - 0x00007fff89e30000 	C:\Windows\System32\windows.storage.dll
0x00007fff88ce0000 - 0x00007fff88d03000 	C:\Windows\System32\profapi.dll
0x00007fff88c50000 - 0x00007fff88c9a000 	C:\Windows\System32\powrprof.dll
0x00007fff88c40000 - 0x00007fff88c50000 	C:\Windows\System32\UMPDC.dll
0x00007fff8b370000 - 0x00007fff8b3c2000 	C:\Windows\System32\shlwapi.dll
0x00007fff88cc0000 - 0x00007fff88cd1000 	C:\Windows\System32\kernel.appcore.dll
0x00007fff88d10000 - 0x00007fff88d27000 	C:\Windows\System32\cryptsp.dll
0x0000000001450000 - 0x0000000001453000 	C:\Program Files\Java\jre1.8.0_221\bin\api-ms-win-core-console-l1-1-0.dll
0x0000000001460000 - 0x0000000001463000 	C:\Program Files\Java\jre1.8.0_221\bin\api-ms-win-core-datetime-l1-1-0.dll
0x0000000001470000 - 0x0000000001473000 	C:\Program Files\Java\jre1.8.0_221\bin\api-ms-win-core-debug-l1-1-0.dll
0x0000000001480000 - 0x0000000001483000 	C:\Program Files\Java\jre1.8.0_221\bin\api-ms-win-core-errorhandling-l1-1-0.dll
0x0000000001490000 - 0x0000000001494000 	C:\Program Files\Java\jre1.8.0_221\bin\api-ms-win-core-file-l1-1-0.dll
0x00000000014a0000 - 0x00000000014a3000 	C:\Program Files\Java\jre1.8.0_221\bin\api-ms-win-core-file-l1-2-0.dll
0x00000000014b0000 - 0x00000000014b3000 	C:\Program Files\Java\jre1.8.0_221\bin\api-ms-win-core-file-l2-1-0.dll
0x0000000001a50000 - 0x0000000001a53000 	C:\Program Files\Java\jre1.8.0_221\bin\api-ms-win-core-handle-l1-1-0.dll
0x0000000003180000 - 0x0000000003183000 	C:\Program Files\Java\jre1.8.0_221\bin\api-ms-win-core-heap-l1-1-0.dll
0x0000000003190000 - 0x0000000003193000 	C:\Program Files\Java\jre1.8.0_221\bin\api-ms-win-core-interlocked-l1-1-0.dll
0x00000000031a0000 - 0x00000000031a3000 	C:\Program Files\Java\jre1.8.0_221\bin\api-ms-win-core-libraryloader-l1-1-0.dll
0x00000000031b0000 - 0x00000000031b3000 	C:\Program Files\Java\jre1.8.0_221\bin\api-ms-win-core-localization-l1-2-0.dll
0x00000000031c0000 - 0x00000000031c3000 	C:\Program Files\Java\jre1.8.0_221\bin\api-ms-win-core-memory-l1-1-0.dll
0x00000000031d0000 - 0x00000000031d3000 	C:\Program Files\Java\jre1.8.0_221\bin\api-ms-win-core-namedpipe-l1-1-0.dll
0x00000000031e0000 - 0x00000000031e3000 	C:\Program Files\Java\jre1.8.0_221\bin\api-ms-win-core-processenvironment-l1-1-0.dll
0x00000000031f0000 - 0x00000000031f3000 	C:\Program Files\Java\jre1.8.0_221\bin\api-ms-win-core-processthreads-l1-1-0.dll
0x0000000003200000 - 0x0000000003203000 	C:\Program Files\Java\jre1.8.0_221\bin\api-ms-win-core-processthreads-l1-1-1.dll
0x0000000003210000 - 0x0000000003213000 	C:\Program Files\Java\jre1.8.0_221\bin\api-ms-win-core-profile-l1-1-0.dll
0x0000000003220000 - 0x0000000003223000 	C:\Program Files\Java\jre1.8.0_221\bin\api-ms-win-core-rtlsupport-l1-1-0.dll
0x0000000003230000 - 0x0000000003233000 	C:\Program Files\Java\jre1.8.0_221\bin\api-ms-win-core-string-l1-1-0.dll
0x0000000003240000 - 0x0000000003243000 	C:\Program Files\Java\jre1.8.0_221\bin\api-ms-win-core-synch-l1-1-0.dll
0x0000000003250000 - 0x0000000003253000 	C:\Program Files\Java\jre1.8.0_221\bin\api-ms-win-core-synch-l1-2-0.dll
0x0000000003260000 - 0x0000000003263000 	C:\Program Files\Java\jre1.8.0_221\bin\api-ms-win-core-sysinfo-l1-1-0.dll
0x0000000003380000 - 0x0000000003383000 	C:\Program Files\Java\jre1.8.0_221\bin\api-ms-win-core-timezone-l1-1-0.dll
0x0000000003390000 - 0x0000000003393000 	C:\Program Files\Java\jre1.8.0_221\bin\api-ms-win-core-util-l1-1-0.dll
0x00000000033a0000 - 0x00000000033a3000 	C:\Program Files\Java\jre1.8.0_221\bin\api-ms-win-crt-conio-l1-1-0.dll
0x00000000033b0000 - 0x00000000033b4000 	C:\Program Files\Java\jre1.8.0_221\bin\api-ms-win-crt-convert-l1-1-0.dll
0x0000000018240000 - 0x0000000018243000 	C:\Program Files\Java\jre1.8.0_221\bin\api-ms-win-crt-environment-l1-1-0.dll
0x0000000018250000 - 0x0000000018253000 	C:\Program Files\Java\jre1.8.0_221\bin\api-ms-win-crt-filesystem-l1-1-0.dll
0x0000000018260000 - 0x0000000018263000 	C:\Program Files\Java\jre1.8.0_221\bin\api-ms-win-crt-heap-l1-1-0.dll
0x0000000018270000 - 0x0000000018273000 	C:\Program Files\Java\jre1.8.0_221\bin\api-ms-win-crt-locale-l1-1-0.dll
0x0000000018280000 - 0x0000000018285000 	C:\Program Files\Java\jre1.8.0_221\bin\api-ms-win-crt-math-l1-1-0.dll
0x0000000018290000 - 0x0000000018295000 	C:\Program Files\Java\jre1.8.0_221\bin\api-ms-win-crt-multibyte-l1-1-0.dll
0x00000000182a0000 - 0x00000000182b0000 	C:\Program Files\Java\jre1.8.0_221\bin\api-ms-win-crt-private-l1-1-0.dll
0x00000000182b0000 - 0x00000000182b3000 	C:\Program Files\Java\jre1.8.0_221\bin\api-ms-win-crt-process-l1-1-0.dll
0x00000000182c0000 - 0x00000000182c4000 	C:\Program Files\Java\jre1.8.0_221\bin\api-ms-win-crt-runtime-l1-1-0.dll
0x00000000182d0000 - 0x00000000182d4000 	C:\Program Files\Java\jre1.8.0_221\bin\api-ms-win-crt-stdio-l1-1-0.dll
0x00000000182e0000 - 0x00000000182e4000 	C:\Program Files\Java\jre1.8.0_221\bin\api-ms-win-crt-string-l1-1-0.dll
0x00000000182f0000 - 0x00000000182f3000 	C:\Program Files\Java\jre1.8.0_221\bin\api-ms-win-crt-time-l1-1-0.dll
0x0000000018300000 - 0x0000000018303000 	C:\Program Files\Java\jre1.8.0_221\bin\api-ms-win-crt-utility-l1-1-0.dll
0x00007fff59260000 - 0x00007fff59356000 	C:\Program Files\Java\jre1.8.0_221\bin\ucrtbase.dll
0x00007fff84aa0000 - 0x00007fff84ab6000 	C:\Program Files\Java\jre1.8.0_221\bin\vcruntime140.dll
0x00007fff5b5d0000 - 0x00007fff5b67a000 	C:\Program Files\Java\jre1.8.0_221\bin\msvcp140.dll
0x00007fff5b8b0000 - 0x00007fff5b904000 	C:\Program Files\Java\jre1.8.0_221\bin\concrt140.dll
0x00007fff72670000 - 0x00007fff72693000 	C:\Program Files\Java\jre1.8.0_221\bin\prism_d3d.dll
0x00007fff4a8a0000 - 0x00007fff4aa67000 	C:\Windows\system32\d3d9.dll
0x00007fff86790000 - 0x00007fff867bd000 	C:\Windows\SYSTEM32\dwmapi.dll
0x00007fff878b0000 - 0x00007fff878d0000 	C:\Windows\SYSTEM32\dxcore.dll
0x00007fff86430000 - 0x00007fff864c9000 	C:\Windows\system32\uxtheme.dll
0x00007fff2d5a0000 - 0x00007fff2fadd000 	C:\Windows\SYSTEM32\igdumdim64.dll
0x00007fff89ed0000 - 0x00007fff89f95000 	C:\Windows\System32\OLEAUT32.dll
0x00007fff8ab90000 - 0x00007fff8ace7000 	C:\Windows\System32\ole32.dll
0x00007fff8b4a0000 - 0x00007fff8b910000 	C:\Windows\System32\SETUPAPI.dll
0x00007fff88f80000 - 0x00007fff88fa6000 	C:\Windows\System32\bcrypt.dll
0x00007fff5b000000 - 0x00007fff5b049000 	C:\Program Files\Java\jre1.8.0_221\bin\glass.dll
0x00007fff8b230000 - 0x00007fff8b300000 	C:\Windows\System32\COMDLG32.dll
0x00007fff8a710000 - 0x00007fff8a845000 	C:\Windows\System32\MSCTF.dll
0x00007fff7f540000 - 0x00007fff7ff80000 	C:\Windows\SYSTEM32\igdusc64.dll
0x00007fff54c40000 - 0x00007fff54d2f000 	C:\Users\mmcam\.javacpp\cache\opencv-3.2.0-1.3-windows-x86_64.jar\org\bytedeco\javacpp\windows-x86_64\msvcr120.dll
0x00007fff54ac0000 - 0x00007fff54b66000 	C:\Users\mmcam\.javacpp\cache\opencv-3.2.0-1.3-windows-x86_64.jar\org\bytedeco\javacpp\windows-x86_64\msvcp120.dll
0x00007fff3c9e0000 - 0x00007fff3cc68000 	C:\Users\mmcam\.javacpp\cache\opencv-3.2.0-1.3-windows-x86_64.jar\org\bytedeco\javacpp\windows-x86_64\opencv_core320.dll
0x00007fff3b400000 - 0x00007fff3b762000 	C:\Users\mmcam\.javacpp\cache\opencv-3.2.0-1.3-windows-x86_64.jar\org\bytedeco\javacpp\windows-x86_64\opencv_imgproc320.dll
0x00007fff3c790000 - 0x00007fff3c9da000 	C:\Users\mmcam\.javacpp\cache\opencv-3.2.0-1.3-windows-x86_64.jar\org\bytedeco\javacpp\windows-x86_64\jniopencv_core.dll
0x00007fff617f0000 - 0x00007fff6180a000 	C:\Program Files\Java\jre1.8.0_221\bin\net.dll
0x00007fff78d80000 - 0x00007fff78f56000 	C:\Windows\SYSTEM32\urlmon.dll
0x00007fff79080000 - 0x00007fff79326000 	C:\Windows\SYSTEM32\iertutil.dll
0x00007fff88680000 - 0x00007fff8868c000 	C:\Windows\SYSTEM32\CRYPTBASE.DLL
0x00007fff884b0000 - 0x00007fff88517000 	C:\Windows\system32\mswsock.dll
0x00007fff617d0000 - 0x00007fff617e2000 	C:\Program Files\Java\jre1.8.0_221\bin\nio.dll
0x00007fff4a700000 - 0x00007fff4a899000 	C:\Program Files\Java\jre1.8.0_221\bin\awt.dll
0x00007fff86270000 - 0x00007fff862ff000 	C:\Windows\SYSTEM32\apphelp.dll
0x00007fff84a80000 - 0x00007fff84a94000 	C:\Program Files\Java\jre1.8.0_221\bin\javafx_font.dll
0x00007fff29540000 - 0x00007fff2d59b000 	C:\Program Files\Java\jre1.8.0_221\bin\jfxwebkit.dll
0x00007fff88020000 - 0x00007fff88053000 	C:\Windows\system32\rsaenh.dll
0x00007fff78a80000 - 0x00007fff78d7e000 	C:\Windows\SYSTEM32\dwrite.dll
0x00007fff8bb30000 - 0x00007fff8bbd2000 	C:\Windows\System32\clbcatq.dll
0x00007fff84060000 - 0x00007fff8420f000 	C:\Windows\SYSTEM32\WindowsCodecs.dll
0x00007fff54a10000 - 0x00007fff54a4a000 	C:\Windows\system32\dataexchange.dll
0x00007fff859e0000 - 0x00007fff85bbc000 	C:\Windows\system32\dcomp.dll
0x00007fff85780000 - 0x00007fff859db000 	C:\Windows\system32\d3d11.dll
0x00007fff87940000 - 0x00007fff87a2b000 	C:\Windows\system32\dxgi.dll
0x00007fff86520000 - 0x00007fff86781000 	C:\Windows\system32\twinapi.appcore.dll
0x00007fff86a40000 - 0x00007fff86a69000 	C:\Windows\system32\RMCLIENT.dll
0x00007fff5b450000 - 0x00007fff5b483000 	C:\Program Files\Common Files\Microsoft Shared\Ink\rtscom.dll
0x00007fff7aed0000 - 0x00007fff7af6e000 	C:\Windows\System32\TextInputFramework.dll
0x00007fff85f90000 - 0x00007fff86064000 	C:\Windows\System32\CoreMessaging.dll
0x00007fff84450000 - 0x00007fff8477a000 	C:\Windows\System32\CoreUIComponents.dll
0x00007fff87ca0000 - 0x00007fff87cd1000 	C:\Windows\SYSTEM32\ntmarta.dll
0x00007fff842f0000 - 0x00007fff84443000 	C:\Windows\SYSTEM32\wintypes.dll

VM Arguments:
jvm_args: -Djava.library.path=C:\Users\Administrator\Desktop\opencv\build\java\x64 -Dfile.encoding=Cp1252 
java_command: application.Main
java_class_path (initial): C:\Users\mmcam\OneDrive\Bureau\projet java\ensahVision\target\classes;C:\Users\mmcam\.p2\pool\plugins\org.eclipse.fx.ide.css.jfx8_1.2.0.201501301049.jar;C:\Users\mmcam\OneDrive\Bureau\projet java\ensahVision\bin\opencv-341.jar;C:\Users\mmcam\.m2\repository\org\bytedeco\javacv-platform\1.3.2\javacv-platform-1.3.2.jar;C:\Users\mmcam\.m2\repository\org\bytedeco\javacv\1.3.2\javacv-1.3.2.jar;C:\Users\mmcam\.m2\repository\org\bytedeco\javacpp-presets\ffmpeg\3.2.1-1.3\ffmpeg-3.2.1-1.3.jar;C:\Users\mmcam\.m2\repository\org\bytedeco\javacpp-presets\flycapture\2.9.3.43-1.3\flycapture-2.9.3.43-1.3.jar;C:\Users\mmcam\.m2\repository\org\bytedeco\javacpp-presets\libdc1394\2.2.4-1.3\libdc1394-2.2.4-1.3.jar;C:\Users\mmcam\.m2\repository\org\bytedeco\javacpp-presets\libfreenect\0.5.3-1.3\libfreenect-0.5.3-1.3.jar;C:\Users\mmcam\.m2\repository\org\bytedeco\javacpp-presets\libfreenect2\0.2.0-1.3\libfreenect2-0.2.0-1.3.jar;C:\Users\mmcam\.m2\repository\org\bytedeco\javacpp-presets\librealsense\1.9.6-1.3\librealsense-1.9.6-1.3.jar;C:\Users\mmcam\.m2\repository\org\bytedeco\javacpp-presets\videoinput\0.200-1.3\videoinput-0.200-1.3.jar;C:\Users\mmcam\.m2\repository\org\bytedeco\javacpp-presets\artoolkitplus\2.3.1-1.3\artoolkitplus-2.3.1-1.3.jar;C:\Users\mmcam\.m2\repository\org\bytedeco\javacpp-presets\flandmark\1.07-1.3\flandmark-1.07-1.3.jar;C:\Users\mmcam\.m2\repository\org\bytedeco\javacpp-presets\opencv-platform\3.2.0-1.3\opencv-platform-3.2.0-1.3.jar;C:\Users\mmcam\.m2\repository\org\bytedeco\javacpp-presets\opencv\3.2.0-1.3\opencv-3.2.0-1.3-android-arm.jar;C:\Users\mmcam\.m2\repository\org\bytedeco\javacpp-presets\opencv\3.2.0-1.3\opencv-3.2.0-1.3-android-x86.jar;C:\Users\mmcam\.m2\repository\org\bytedeco\javacpp-presets\opencv\3.2.0-1.3\opencv-3.2.0-1.3-linux-x86.jar;C:\Users\mmcam\.m2\repository\org\bytedeco\javacpp-presets\opencv\3.2.0-1.3\opencv-3.2.0-1.3-linux-x86_64.jar;C:\Users\mmcam\.m2\repository\org\bytedeco\javacpp-presets\opencv\3.2.0-1.3\o
Launcher Type: SUN_STANDARD

Environment Variables:
PATH=C:/Program Files/Java/jre1.8.0_221/bin/server;C:/Program Files/Java/jre1.8.0_221/bin;C:/Program Files/Java/jre1.8.0_221/lib/amd64;C:\Program Files (x86)\Common Files\Oracle\Java\javapath;C:\opencv\build\bin;C:\Users\mmcam\AppData\Local\Microsoft\WindowsApps;;C:\Users\mmcam\AppData\Local\Programs\Microsoft VS Code\bin;C:\Users\mmcam\AppData\Roaming\npm;C:\Users\mmcam\OneDrive\Bureau;
USERNAME=mmcam
OS=Windows_NT
PROCESSOR_IDENTIFIER=Intel64 Family 6 Model 69 Stepping 1, GenuineIntel



---------------  S Y S T E M  ---------------

OS: Windows 10.0 , 64 bit Build 18362 (10.0.18362.900)

CPU:total 4 (initial active 4) (2 cores per cpu, 2 threads per core) family 6 model 69 stepping 1, cmov, cx8, fxsr, mmx, sse, sse2, sse3, ssse3, sse4.1, sse4.2, popcnt, avx, avx2, aes, clmul, erms, lzcnt, ht, tsc, tscinvbit, bmi1, bmi2

Memory: 4k page, physical 4074888k(1252220k free), swap 10890632k(2728744k free)

vm_info: Java HotSpot(TM) 64-Bit Server VM (25.221-b11) for windows-amd64 JRE (1.8.0_221-b11), built on Jul  4 2019 04:39:29 by "java_re" with MS VC++ 10.0 (VS2010)

time: Fri Jun 12 20:29:09 2020
timezone: Maroc (heure d’été)
elapsed time: 73 seconds (0d 0h 1m 13s)

