#
# A fatal error has been detected by the Java Runtime Environment:
#
#  EXCEPTION_UNCAUGHT_CXX_EXCEPTION (0xe06d7363) at pc=0x00007ff85bf9a799, pid=8964, tid=0x000000000000260c
#
# JRE version: Java(TM) SE Runtime Environment (8.0_221-b11) (build 1.8.0_221-b11)
# Java VM: Java HotSpot(TM) 64-Bit Server VM (25.221-b11 mixed mode windows-amd64 compressed oops)
# Problematic frame:
# C  [KERNELBASE.dll+0x3a799]
#
# Failed to write core dump. Minidumps are not enabled by default on client versions of Windows
#
# If you would like to submit a bug report, please visit:
#   http://bugreport.java.com/bugreport/crash.jsp
# The crash happened outside the Java Virtual Machine in native code.
# See problematic frame for where to report the bug.
#

---------------  T H R E A D  ---------------

Current thread (0x000000001d19f800):  JavaThread "Thread-5" [_thread_in_native, id=9740, stack(0x0000000026560000,0x0000000026660000)]

siginfo: ExceptionCode=0xe06d7363, ExceptionInformation=0x0000000019930520 0x000000002664f1c0 0x00007ff81d77cd78 0x00007ff81d530000 

Registers:
RAX=0x0000000000000000, RBX=0x00007ff81d77cd78, RCX=0x0000000000000000, RDX=0x0000000000000000
RSP=0x000000002664f030, RBP=0x000000002664f170, RSI=0x00007ff80be01238, RDI=0x000000002664f1c0
R8 =0x0000000000000000, R9 =0x0000000000000000, R10=0x0000000000000000, R11=0x0000000000000000
R12=0x00000000ffffff29, R13=0x0000000000000000, R14=0x00007ff80be00b80, R15=0x000000002665f360
RIP=0x00007ff85bf9a799, EFLAGS=0x0000000000000202

Top of Stack: (sp=0x000000002664f030)
0x000000002664f030:   0000000000000000 00007ff81d77cd78
0x000000002664f040:   00007ff80be01238 0000000000000000
0x000000002664f050:   00000001e06d7363 0000000000000000
0x000000002664f060:   00007ff85bf9a799 0000000000000004
0x000000002664f070:   0000000019930520 000000002664f1c0
0x000000002664f080:   00007ff81d77cd78 00007ff81d530000
0x000000002664f090:   0000000000000000 00000000ffffff29
0x000000002664f0a0:   00007ff80be01238 000000002664f170
0x000000002664f0b0:   000000002664f180 00007ff85e6df41f
0x000000002664f0c0:   000000002664f1c0 00007ff800000000
0x000000002664f0d0:   000000002664f1c0 00007ff841bdd306
0x000000002664f0e0:   00007ff81d79f000 00007ff81d530000
0x000000002664f0f0:   000074f292440327 00007ff841c5c4d0
0x000000002664f100:   00007ff81d77cd78 00007ff841bdef63
0x000000002664f110:   000000002664f1c0 00007ff841baeb8d
0x000000002664f120:   00007ff841c5c4d0 00007ff80be01238 

Instructions: (pc=0x00007ff85bf9a799)
0x00007ff85bf9a779:   8b d1 44 0f 47 c0 44 89 44 24 38 49 c1 e0 03 e8
0x00007ff85bf9a789:   da 4e 05 00 48 8d 4c 24 20 48 ff 15 1f c8 16 00
0x00007ff85bf9a799:   0f 1f 44 00 00 48 8b 8c 24 c0 00 00 00 48 33 cc
0x00007ff85bf9a7a9:   e8 72 ef 04 00 48 81 c4 d8 00 00 00 c3 83 64 24 


Register to memory mapping:

RAX=0x0000000000000000 is an unknown value
RBX=0x00007ff81d77cd78 is an unknown value
RCX=0x0000000000000000 is an unknown value
RDX=0x0000000000000000 is an unknown value
RSP=0x000000002664f030 is pointing into the stack for thread: 0x000000001d19f800
RBP=0x000000002664f170 is pointing into the stack for thread: 0x000000001d19f800
RSI=0x00007ff80be01238 is an unknown value
RDI=0x000000002664f1c0 is pointing into the stack for thread: 0x000000001d19f800
R8 =0x0000000000000000 is an unknown value
R9 =0x0000000000000000 is an unknown value
R10=0x0000000000000000 is an unknown value
R11=0x0000000000000000 is an unknown value
R12=0x00000000ffffff29 is an unallocated location in the heap
R13=0x0000000000000000 is an unknown value
R14=0x00007ff80be00b80 is an unknown value
R15=0x000000002665f360 is pointing into the stack for thread: 0x000000001d19f800


Stack: [0x0000000026560000,0x0000000026660000],  sp=0x000000002664f030,  free space=956k
Native frames: (J=compiled Java code, j=interpreted, Vv=VM code, C=native code)
C  [KERNELBASE.dll+0x3a799]
C  [msvcr120.dll+0x5ef63]
C  [opencv_core320.dll+0x1a2c34]
C  [opencv_core320.dll+0x1a2d76]
C  [opencv_imgproc320.dll+0x46c7a]
C  0x00007ff82f6ee52d
C  0x0000000003e5e931

Java frames: (J=compiled Java code, j=interpreted, Vv=VM code)
J 4219  org.bytedeco.javacpp.opencv_imgproc.cvCvtColor(Lorg/bytedeco/javacpp/helper/opencv_core$CvArr;Lorg/bytedeco/javacpp/helper/opencv_core$CvArr;I)V (0 bytes) @ 0x0000000003e5e8ab [0x0000000003e5e840+0x6b]
j  application.FaceDetector.run()V+295
j  java.lang.Thread.run()V+11
v  ~StubRoutines::call_stub

---------------  P R O C E S S  ---------------

Java Threads: ( => current thread )
=>0x000000001d19f800 JavaThread "Thread-5" [_thread_in_native, id=9740, stack(0x0000000026560000,0x0000000026660000)]
  0x000000001da8d800 JavaThread "Prism Font Disposer" daemon [_thread_blocked, id=10192, stack(0x0000000021370000,0x0000000021470000)]
  0x000000001da91000 JavaThread "AWT-Windows" daemon [_thread_in_native, id=5244, stack(0x000000001e880000,0x000000001e980000)]
  0x000000001da90800 JavaThread "Java2D Disposer" daemon [_thread_blocked, id=8552, stack(0x000000001e680000,0x000000001e780000)]
  0x000000001d4a7800 JavaThread "JavaCPP Deallocator" daemon [_thread_blocked, id=2300, stack(0x000000001e210000,0x000000001e310000)]
  0x000000001c665000 JavaThread "Thread-3" daemon [_thread_in_native, id=2900, stack(0x000000001ce20000,0x000000001cf20000)]
  0x000000001758e800 JavaThread "JavaFX-Launcher" [_thread_blocked, id=10080, stack(0x000000001cf20000,0x000000001d020000)]
  0x000000001750e800 JavaThread "JavaFX Application Thread" [_thread_in_native, id=3328, stack(0x0000000017c20000,0x0000000017d20000)]
  0x00000000174f3800 JavaThread "Thread-1" daemon [_thread_blocked, id=10156, stack(0x0000000017b20000,0x0000000017c20000)]
  0x00000000174bb000 JavaThread "QuantumRenderer-0" daemon [_thread_blocked, id=4076, stack(0x00000000178e0000,0x00000000179e0000)]
  0x000000001585e800 JavaThread "Service Thread" daemon [_thread_blocked, id=7632, stack(0x0000000017590000,0x0000000017690000)]
  0x0000000015815000 JavaThread "C1 CompilerThread2" daemon [_thread_blocked, id=10104, stack(0x0000000017090000,0x0000000017190000)]
  0x0000000015812800 JavaThread "C2 CompilerThread1" daemon [_thread_in_native, id=9104, stack(0x0000000016f90000,0x0000000017090000)]
  0x0000000015808800 JavaThread "C2 CompilerThread0" daemon [_thread_blocked, id=9780, stack(0x0000000016e90000,0x0000000016f90000)]
  0x0000000015804800 JavaThread "Attach Listener" daemon [_thread_blocked, id=9592, stack(0x0000000016d90000,0x0000000016e90000)]
  0x0000000015803000 JavaThread "Signal Dispatcher" daemon [_thread_blocked, id=4556, stack(0x0000000016c90000,0x0000000016d90000)]
  0x00000000157ec000 JavaThread "Finalizer" daemon [_thread_blocked, id=9424, stack(0x0000000016a60000,0x0000000016b60000)]
  0x0000000003226000 JavaThread "Reference Handler" daemon [_thread_blocked, id=4008, stack(0x0000000016960000,0x0000000016a60000)]
  0x0000000003137000 JavaThread "main" [_thread_blocked, id=1936, stack(0x0000000003030000,0x0000000003130000)]

Other Threads:
  0x00000000157c8000 VMThread [stack: 0x0000000016860000,0x0000000016960000] [id=9912]
  0x000000001720d000 WatcherThread [stack: 0x0000000017690000,0x0000000017790000] [id=3724]

VM state:not at safepoint (normal execution)

VM Mutex/Monitor currently owned by a thread: None

heap address: 0x00000000c1c00000, size: 996 MB, Compressed Oops mode: 32-bit
Narrow klass base: 0x0000000000000000, Narrow klass shift: 3
Compressed class space size: 1073741824 Address: 0x0000000100000000

Heap:
 PSYoungGen      total 27136K, used 7602K [0x00000000eb400000, 0x00000000ed600000, 0x0000000100000000)
  eden space 20480K, 12% used [0x00000000eb400000,0x00000000eb6947f8,0x00000000ec800000)
  from space 6656K, 74% used [0x00000000ec800000,0x00000000eccd8040,0x00000000ece80000)
  to   space 7168K, 0% used [0x00000000ecf00000,0x00000000ecf00000,0x00000000ed600000)
 ParOldGen       total 57344K, used 30325K [0x00000000c1c00000, 0x00000000c5400000, 0x00000000eb400000)
  object space 57344K, 52% used [0x00000000c1c00000,0x00000000c399d450,0x00000000c5400000)
 Metaspace       used 31058K, capacity 32142K, committed 32384K, reserved 1077248K
  class space    used 3959K, capacity 4222K, committed 4224K, reserved 1048576K

Card table byte_map: [0x00000000125f0000,0x00000000127f0000] byte_map_base: 0x0000000011fe2000

Marking Bits: (ParMarkBitMap*) 0x00000000513f5ce0
 Begin Bits: [0x0000000012d40000, 0x0000000013cd0000)
 End Bits:   [0x0000000013cd0000, 0x0000000014c60000)

Polling page: 0x0000000000df0000

CodeCache: size=245760Kb used=17687Kb max_used=17687Kb free=228072Kb
 bounds [0x0000000003230000, 0x0000000004390000, 0x0000000012230000]
 total_blobs=6328 nmethods=5376 adapters=863
 compilation: enabled

Compilation events (10 events):
Event: 280.817 Thread 0x0000000015812800 6437       4       java.util.AbstractList::iterator (10 bytes)
Event: 280.817 Thread 0x0000000015815000 nmethod 6435 0x000000000434af10 code [0x000000000434b060, 0x000000000434b1b0]
Event: 280.817 Thread 0x0000000015815000 6436       3       javafx.scene.paint.LinearGradient::getEndY (5 bytes)
Event: 280.817 Thread 0x0000000015815000 nmethod 6436 0x0000000004352e50 code [0x0000000004352fa0, 0x00000000043530f0]
Event: 280.819 Thread 0x0000000015812800 nmethod 6437 0x0000000004351690 code [0x00000000043517e0, 0x00000000043518b8]
Event: 280.852 Thread 0x0000000015808800 nmethod 6433 0x00000000043604d0 code [0x0000000004360b20, 0x0000000004364ef0]
Event: 280.986 Thread 0x0000000015815000 6438       3       sun.java2d.pipe.ValidatePipe::drawOval (25 bytes)
Event: 280.987 Thread 0x0000000015815000 nmethod 6438 0x0000000004352390 code [0x0000000004352540, 0x0000000004352b68]
Event: 281.056 Thread 0x0000000015812800 6439       4       com.sun.javafx.scene.input.PickResultChooser::computePoint (55 bytes)
Event: 281.060 Thread 0x0000000015812800 nmethod 6439 0x00000000043512d0 code [0x0000000004351420, 0x0000000004351558]

GC Heap History (10 events):
Event: 278.907 GC heap before
{Heap before GC invocations=277 (full 2):
 PSYoungGen      total 26624K, used 23941K [0x00000000eb400000, 0x00000000ed500000, 0x0000000100000000)
  eden space 20992K, 96% used [0x00000000eb400000,0x00000000ec7b54b8,0x00000000ec880000)
  from space 5632K, 66% used [0x00000000ece80000,0x00000000ed22c030,0x00000000ed400000)
  to   space 6144K, 0% used [0x00000000ec880000,0x00000000ec880000,0x00000000ece80000)
 ParOldGen       total 57344K, used 30309K [0x00000000c1c00000, 0x00000000c5400000, 0x00000000eb400000)
  object space 57344K, 52% used [0x00000000c1c00000,0x00000000c3999450,0x00000000c5400000)
 Metaspace       used 31023K, capacity 32142K, committed 32384K, reserved 1077248K
  class space    used 3959K, capacity 4222K, committed 4224K, reserved 1048576K
Event: 278.909 GC heap after
Heap after GC invocations=277 (full 2):
 PSYoungGen      total 27136K, used 3760K [0x00000000eb400000, 0x00000000ed480000, 0x0000000100000000)
  eden space 20992K, 0% used [0x00000000eb400000,0x00000000eb400000,0x00000000ec880000)
  from space 6144K, 61% used [0x00000000ec880000,0x00000000ecc2c030,0x00000000ece80000)
  to   space 6144K, 0% used [0x00000000ece80000,0x00000000ece80000,0x00000000ed480000)
 ParOldGen       total 57344K, used 30317K [0x00000000c1c00000, 0x00000000c5400000, 0x00000000eb400000)
  object space 57344K, 52% used [0x00000000c1c00000,0x00000000c399b450,0x00000000c5400000)
 Metaspace       used 31023K, capacity 32142K, committed 32384K, reserved 1077248K
  class space    used 3959K, capacity 4222K, committed 4224K, reserved 1048576K
}
Event: 279.508 GC heap before
{Heap before GC invocations=278 (full 2):
 PSYoungGen      total 27136K, used 23718K [0x00000000eb400000, 0x00000000ed480000, 0x0000000100000000)
  eden space 20992K, 95% used [0x00000000eb400000,0x00000000ec77daf8,0x00000000ec880000)
  from space 6144K, 61% used [0x00000000ec880000,0x00000000ecc2c030,0x00000000ece80000)
  to   space 6144K, 0% used [0x00000000ece80000,0x00000000ece80000,0x00000000ed480000)
 ParOldGen       total 57344K, used 30317K [0x00000000c1c00000, 0x00000000c5400000, 0x00000000eb400000)
  object space 57344K, 52% used [0x00000000c1c00000,0x00000000c399b450,0x00000000c5400000)
 Metaspace       used 31023K, capacity 32142K, committed 32384K, reserved 1077248K
  class space    used 3959K, capacity 4222K, committed 4224K, reserved 1048576K
Event: 279.511 GC heap after
Heap after GC invocations=278 (full 2):
 PSYoungGen      total 27136K, used 3760K [0x00000000eb400000, 0x00000000ed480000, 0x0000000100000000)
  eden space 20992K, 0% used [0x00000000eb400000,0x00000000eb400000,0x00000000ec880000)
  from space 6144K, 61% used [0x00000000ece80000,0x00000000ed22c030,0x00000000ed480000)
  to   space 6144K, 0% used [0x00000000ec880000,0x00000000ec880000,0x00000000ece80000)
 ParOldGen       total 57344K, used 30325K [0x00000000c1c00000, 0x00000000c5400000, 0x00000000eb400000)
  object space 57344K, 52% used [0x00000000c1c00000,0x00000000c399d450,0x00000000c5400000)
 Metaspace       used 31023K, capacity 32142K, committed 32384K, reserved 1077248K
  class space    used 3959K, capacity 4222K, committed 4224K, reserved 1048576K
}
Event: 279.990 GC heap before
{Heap before GC invocations=279 (full 2):
 PSYoungGen      total 27136K, used 23689K [0x00000000eb400000, 0x00000000ed480000, 0x0000000100000000)
  eden space 20992K, 94% used [0x00000000eb400000,0x00000000ec776540,0x00000000ec880000)
  from space 6144K, 61% used [0x00000000ece80000,0x00000000ed22c030,0x00000000ed480000)
  to   space 6144K, 0% used [0x00000000ec880000,0x00000000ec880000,0x00000000ece80000)
 ParOldGen       total 57344K, used 30325K [0x00000000c1c00000, 0x00000000c5400000, 0x00000000eb400000)
  object space 57344K, 52% used [0x00000000c1c00000,0x00000000c399d450,0x00000000c5400000)
 Metaspace       used 31033K, capacity 32142K, committed 32384K, reserved 1077248K
  class space    used 3959K, capacity 4222K, committed 4224K, reserved 1048576K
Event: 279.992 GC heap after
Heap after GC invocations=279 (full 2):
 PSYoungGen      total 27136K, used 3728K [0x00000000eb400000, 0x00000000ed480000, 0x0000000100000000)
  eden space 20992K, 0% used [0x00000000eb400000,0x00000000eb400000,0x00000000ec880000)
  from space 6144K, 60% used [0x00000000ec880000,0x00000000ecc24030,0x00000000ece80000)
  to   space 6144K, 0% used [0x00000000ece80000,0x00000000ece80000,0x00000000ed480000)
 ParOldGen       total 57344K, used 30325K [0x00000000c1c00000, 0x00000000c5400000, 0x00000000eb400000)
  object space 57344K, 52% used [0x00000000c1c00000,0x00000000c399d450,0x00000000c5400000)
 Metaspace       used 31033K, capacity 32142K, committed 32384K, reserved 1077248K
  class space    used 3959K, capacity 4222K, committed 4224K, reserved 1048576K
}
Event: 280.672 GC heap before
{Heap before GC invocations=280 (full 2):
 PSYoungGen      total 27136K, used 23610K [0x00000000eb400000, 0x00000000ed480000, 0x0000000100000000)
  eden space 20992K, 94% used [0x00000000eb400000,0x00000000ec76a820,0x00000000ec880000)
  from space 6144K, 60% used [0x00000000ec880000,0x00000000ecc24030,0x00000000ece80000)
  to   space 6144K, 0% used [0x00000000ece80000,0x00000000ece80000,0x00000000ed480000)
 ParOldGen       total 57344K, used 30325K [0x00000000c1c00000, 0x00000000c5400000, 0x00000000eb400000)
  object space 57344K, 52% used [0x00000000c1c00000,0x00000000c399d450,0x00000000c5400000)
 Metaspace       used 31033K, capacity 32142K, committed 32384K, reserved 1077248K
  class space    used 3959K, capacity 4222K, committed 4224K, reserved 1048576K
Event: 280.674 GC heap after
Heap after GC invocations=280 (full 2):
 PSYoungGen      total 26624K, used 4960K [0x00000000eb400000, 0x00000000ed580000, 0x0000000100000000)
  eden space 20480K, 0% used [0x00000000eb400000,0x00000000eb400000,0x00000000ec800000)
  from space 6144K, 80% used [0x00000000ece80000,0x00000000ed358040,0x00000000ed480000)
  to   space 6656K, 0% used [0x00000000ec800000,0x00000000ec800000,0x00000000ece80000)
 ParOldGen       total 57344K, used 30325K [0x00000000c1c00000, 0x00000000c5400000, 0x00000000eb400000)
  object space 57344K, 52% used [0x00000000c1c00000,0x00000000c399d450,0x00000000c5400000)
 Metaspace       used 31033K, capacity 32142K, committed 32384K, reserved 1077248K
  class space    used 3959K, capacity 4222K, committed 4224K, reserved 1048576K
}
Event: 281.183 GC heap before
{Heap before GC invocations=281 (full 2):
 PSYoungGen      total 26624K, used 24890K [0x00000000eb400000, 0x00000000ed580000, 0x0000000100000000)
  eden space 20480K, 97% used [0x00000000eb400000,0x00000000ec776840,0x00000000ec800000)
  from space 6144K, 80% used [0x00000000ece80000,0x00000000ed358040,0x00000000ed480000)
  to   space 6656K, 0% used [0x00000000ec800000,0x00000000ec800000,0x00000000ece80000)
 ParOldGen       total 57344K, used 30325K [0x00000000c1c00000, 0x00000000c5400000, 0x00000000eb400000)
  object space 57344K, 52% used [0x00000000c1c00000,0x00000000c399d450,0x00000000c5400000)
 Metaspace       used 31034K, capacity 32142K, committed 32384K, reserved 1077248K
  class space    used 3959K, capacity 4222K, committed 4224K, reserved 1048576K
Event: 281.185 GC heap after
Heap after GC invocations=281 (full 2):
 PSYoungGen      total 27136K, used 4960K [0x00000000eb400000, 0x00000000ed600000, 0x0000000100000000)
  eden space 20480K, 0% used [0x00000000eb400000,0x00000000eb400000,0x00000000ec800000)
  from space 6656K, 74% used [0x00000000ec800000,0x00000000eccd8040,0x00000000ece80000)
  to   space 7168K, 0% used [0x00000000ecf00000,0x00000000ecf00000,0x00000000ed600000)
 ParOldGen       total 57344K, used 30325K [0x00000000c1c00000, 0x00000000c5400000, 0x00000000eb400000)
  object space 57344K, 52% used [0x00000000c1c00000,0x00000000c399d450,0x00000000c5400000)
 Metaspace       used 31034K, capacity 32142K, committed 32384K, reserved 1077248K
  class space    used 3959K, capacity 4222K, committed 4224K, reserved 1048576K
}

Deoptimization events (10 events):
Event: 239.714 Thread 0x00000000174bb000 Uncommon trap: reason=range_check action=make_not_entrant pc=0x0000000003d46a50 method=java.util.ArrayList.elementData(I)Ljava/lang/Object; @ 5
Event: 239.715 Thread 0x00000000174bb000 Uncommon trap: reason=range_check action=make_not_entrant pc=0x00000000035a7924 method=java.util.ArrayList.elementData(I)Ljava/lang/Object; @ 5
Event: 239.928 Thread 0x00000000174bb000 Uncommon trap: reason=unstable_if action=reinterpret pc=0x0000000003ebb7b4 method=com.sun.prism.impl.ps.PaintHelper.initGradient(Lcom/sun/prism/paint/Gradient;)I @ 8
Event: 240.036 Thread 0x000000001da91000 Uncommon trap: reason=class_check action=maybe_recompile pc=0x00000000037ef8fc method=java.util.Collections$SynchronizedMap.get(Ljava/lang/Object;)Ljava/lang/Object; @ 12
Event: 240.117 Thread 0x000000001da91000 Uncommon trap: reason=class_check action=maybe_recompile pc=0x00000000037ef8fc method=java.util.Collections$SynchronizedMap.get(Ljava/lang/Object;)Ljava/lang/Object; @ 12
Event: 240.196 Thread 0x000000001da91000 Uncommon trap: reason=class_check action=maybe_recompile pc=0x00000000037ef8fc method=java.util.Collections$SynchronizedMap.get(Ljava/lang/Object;)Ljava/lang/Object; @ 12
Event: 244.483 Thread 0x000000001d199000 Uncommon trap: reason=bimorphic action=maybe_recompile pc=0x0000000003d10464 method=java.util.ArrayList.remove(Ljava/lang/Object;)Z @ 56
Event: 250.433 Thread 0x000000001750e800 Uncommon trap: reason=bimorphic action=maybe_recompile pc=0x0000000003480564 method=java.util.AbstractList.rangeCheckForAdd(I)V @ 6
Event: 252.955 Thread 0x000000001750e800 Uncommon trap: reason=unstable_if action=reinterpret pc=0x0000000003bd04e0 method=com.sun.javafx.geom.RoundRectangle2D.contains(FF)Z @ 54
Event: 252.960 Thread 0x000000001750e800 Uncommon trap: reason=unstable_if action=reinterpret pc=0x0000000004267d88 method=com.sun.javafx.geom.RoundRectangle2D.contains(FF)Z @ 54

Classes redefined (0 events):
No events

Internal exceptions (10 events):
Event: 155.567 Thread 0x00000000174bb000 Implicit null exception at 0x0000000003a97340 to 0x0000000003a9829d
Event: 155.568 Thread 0x00000000174bb000 Implicit null exception at 0x0000000003ce0697 to 0x0000000003ce0e2d
Event: 155.575 Thread 0x00000000174bb000 Implicit null exception at 0x000000000344b694 to 0x000000000344bd41
Event: 220.306 Thread 0x00000000174bb000 Implicit null exception at 0x0000000003eabdaa to 0x0000000003eade15
Event: 220.354 Thread 0x00000000174bb000 Implicit null exception at 0x000000000414a1db to 0x000000000414d899
Event: 224.523 Thread 0x000000001d199000 Implicit null exception at 0x0000000003a4699a to 0x0000000003a46b11
Event: 239.714 Thread 0x00000000174bb000 Exception <a 'java/lang/ArrayIndexOutOfBoundsException': -1> (0x00000000ed7a20e8) thrown at [C:\re\workspace\8-2-build-windows-amd64-cygwin\jdk8u221\13320\hotspot\src\share\vm\interpreter\interpreterRuntime.cpp, line 368]
Event: 239.715 Thread 0x00000000174bb000 Exception <a 'java/lang/ArrayIndexOutOfBoundsException': -1> (0x00000000ed7a2508) thrown at [C:\re\workspace\8-2-build-windows-amd64-cygwin\jdk8u221\13320\hotspot\src\share\vm\interpreter\interpreterRuntime.cpp, line 368]
Event: 239.716 Thread 0x00000000174bb000 Exception <a 'java/lang/ArrayIndexOutOfBoundsException'> (0x00000000ed7a2928) thrown at [C:\re\workspace\8-2-build-windows-amd64-cygwin\jdk8u221\13320\hotspot\src\share\vm\runtime\sharedRuntime.cpp, line 605]
Event: 239.716 Thread 0x00000000174bb000 Exception <a 'java/lang/ArrayIndexOutOfBoundsException'> (0x00000000ed7a2e38) thrown at [C:\re\workspace\8-2-build-windows-amd64-cygwin\jdk8u221\13320\hotspot\src\share\vm\runtime\sharedRuntime.cpp, line 605]

Events (10 events):
Event: 278.907 Executing VM operation: ParallelGCFailedAllocation
Event: 278.909 Executing VM operation: ParallelGCFailedAllocation done
Event: 279.508 Executing VM operation: ParallelGCFailedAllocation
Event: 279.511 Executing VM operation: ParallelGCFailedAllocation done
Event: 279.990 Executing VM operation: ParallelGCFailedAllocation
Event: 279.992 Executing VM operation: ParallelGCFailedAllocation done
Event: 280.672 Executing VM operation: ParallelGCFailedAllocation
Event: 280.675 Executing VM operation: ParallelGCFailedAllocation done
Event: 281.183 Executing VM operation: ParallelGCFailedAllocation
Event: 281.185 Executing VM operation: ParallelGCFailedAllocation done


Dynamic libraries:
0x00007ff7fa770000 - 0x00007ff7fa7a7000 	C:\Program Files\Java\jre1.8.0_221\bin\javaw.exe
0x00007ff85e6c0000 - 0x00007ff85e8b0000 	C:\Windows\SYSTEM32\ntdll.dll
0x00007ff85de40000 - 0x00007ff85def2000 	C:\Windows\System32\KERNEL32.DLL
0x00007ff85bf60000 - 0x00007ff85c204000 	C:\Windows\System32\KERNELBASE.dll
0x00007ff85d1a0000 - 0x00007ff85d243000 	C:\Windows\System32\ADVAPI32.dll
0x00007ff85d260000 - 0x00007ff85d2fe000 	C:\Windows\System32\msvcrt.dll
0x00007ff85df00000 - 0x00007ff85df97000 	C:\Windows\System32\sechost.dll
0x00007ff85d610000 - 0x00007ff85d730000 	C:\Windows\System32\RPCRT4.dll
0x00007ff85e050000 - 0x00007ff85e1e4000 	C:\Windows\System32\USER32.dll
0x00007ff85c230000 - 0x00007ff85c251000 	C:\Windows\System32\win32u.dll
0x00007ff85e1f0000 - 0x00007ff85e216000 	C:\Windows\System32\GDI32.dll
0x00007ff85c4d0000 - 0x00007ff85c665000 	C:\Windows\System32\gdi32full.dll
0x00007ff85c430000 - 0x00007ff85c4ce000 	C:\Windows\System32\msvcp_win.dll
0x00007ff85b6b0000 - 0x00007ff85b7aa000 	C:\Windows\System32\ucrtbase.dll
0x00007ff84dd80000 - 0x00007ff84e004000 	C:\Windows\WinSxS\amd64_microsoft.windows.common-controls_6595b64144ccf1df_6.0.18362.900_none_e6beb9d913147d17\COMCTL32.dll
0x00007ff85c770000 - 0x00007ff85caa5000 	C:\Windows\System32\combase.dll
0x00007ff85c260000 - 0x00007ff85c2e0000 	C:\Windows\System32\bcryptPrimitives.dll
0x00007ff85dfa0000 - 0x00007ff85dfce000 	C:\Windows\System32\IMM32.DLL
0x0000000052380000 - 0x0000000052452000 	C:\Program Files\Java\jre1.8.0_221\bin\msvcr100.dll
0x0000000050bd0000 - 0x0000000051475000 	C:\Program Files\Java\jre1.8.0_221\bin\server\jvm.dll
0x00007ff85e670000 - 0x00007ff85e678000 	C:\Windows\System32\PSAPI.DLL
0x00007ff84a340000 - 0x00007ff84a349000 	C:\Windows\SYSTEM32\WSOCK32.dll
0x00007ff858500000 - 0x00007ff858524000 	C:\Windows\SYSTEM32\WINMM.dll
0x00007ff85d4d0000 - 0x00007ff85d53f000 	C:\Windows\System32\WS2_32.dll
0x00007ff850380000 - 0x00007ff85038a000 	C:\Windows\SYSTEM32\VERSION.dll
0x00007ff8582f0000 - 0x00007ff85831d000 	C:\Windows\SYSTEM32\WINMMBASE.dll
0x00007ff85c720000 - 0x00007ff85c76a000 	C:\Windows\System32\cfgmgr32.dll
0x00007ff858560000 - 0x00007ff85856f000 	C:\Program Files\Java\jre1.8.0_221\bin\verify.dll
0x00007ff851fb0000 - 0x00007ff851fd9000 	C:\Program Files\Java\jre1.8.0_221\bin\java.dll
0x00007ff8562d0000 - 0x00007ff8562e6000 	C:\Program Files\Java\jre1.8.0_221\bin\zip.dll
0x00007ff85cab0000 - 0x00007ff85d196000 	C:\Windows\System32\SHELL32.dll
0x00007ff85d300000 - 0x00007ff85d3a9000 	C:\Windows\System32\shcore.dll
0x00007ff85b7e0000 - 0x00007ff85bf60000 	C:\Windows\System32\windows.storage.dll
0x00007ff85b5b0000 - 0x00007ff85b5d3000 	C:\Windows\System32\profapi.dll
0x00007ff85b5e0000 - 0x00007ff85b62a000 	C:\Windows\System32\powrprof.dll
0x00007ff85b580000 - 0x00007ff85b590000 	C:\Windows\System32\UMPDC.dll
0x00007ff85e3e0000 - 0x00007ff85e432000 	C:\Windows\System32\shlwapi.dll
0x00007ff85b590000 - 0x00007ff85b5a1000 	C:\Windows\System32\kernel.appcore.dll
0x00007ff85c210000 - 0x00007ff85c227000 	C:\Windows\System32\cryptsp.dll
0x0000000001170000 - 0x0000000001173000 	C:\Program Files\Java\jre1.8.0_221\bin\api-ms-win-core-console-l1-1-0.dll
0x0000000002ef0000 - 0x0000000002ef3000 	C:\Program Files\Java\jre1.8.0_221\bin\api-ms-win-core-datetime-l1-1-0.dll
0x0000000002f00000 - 0x0000000002f03000 	C:\Program Files\Java\jre1.8.0_221\bin\api-ms-win-core-debug-l1-1-0.dll
0x0000000002f10000 - 0x0000000002f13000 	C:\Program Files\Java\jre1.8.0_221\bin\api-ms-win-core-errorhandling-l1-1-0.dll
0x0000000002f20000 - 0x0000000002f24000 	C:\Program Files\Java\jre1.8.0_221\bin\api-ms-win-core-file-l1-1-0.dll
0x0000000002f30000 - 0x0000000002f33000 	C:\Program Files\Java\jre1.8.0_221\bin\api-ms-win-core-file-l1-2-0.dll
0x0000000002f40000 - 0x0000000002f43000 	C:\Program Files\Java\jre1.8.0_221\bin\api-ms-win-core-file-l2-1-0.dll
0x0000000002f60000 - 0x0000000002f63000 	C:\Program Files\Java\jre1.8.0_221\bin\api-ms-win-core-handle-l1-1-0.dll
0x0000000002f70000 - 0x0000000002f73000 	C:\Program Files\Java\jre1.8.0_221\bin\api-ms-win-core-heap-l1-1-0.dll
0x0000000002f80000 - 0x0000000002f83000 	C:\Program Files\Java\jre1.8.0_221\bin\api-ms-win-core-interlocked-l1-1-0.dll
0x0000000002f90000 - 0x0000000002f93000 	C:\Program Files\Java\jre1.8.0_221\bin\api-ms-win-core-libraryloader-l1-1-0.dll
0x0000000002fa0000 - 0x0000000002fa3000 	C:\Program Files\Java\jre1.8.0_221\bin\api-ms-win-core-localization-l1-2-0.dll
0x0000000002fb0000 - 0x0000000002fb3000 	C:\Program Files\Java\jre1.8.0_221\bin\api-ms-win-core-memory-l1-1-0.dll
0x0000000002fc0000 - 0x0000000002fc3000 	C:\Program Files\Java\jre1.8.0_221\bin\api-ms-win-core-namedpipe-l1-1-0.dll
0x0000000002fd0000 - 0x0000000002fd3000 	C:\Program Files\Java\jre1.8.0_221\bin\api-ms-win-core-processenvironment-l1-1-0.dll
0x0000000002fe0000 - 0x0000000002fe3000 	C:\Program Files\Java\jre1.8.0_221\bin\api-ms-win-core-processthreads-l1-1-0.dll
0x0000000002ff0000 - 0x0000000002ff3000 	C:\Program Files\Java\jre1.8.0_221\bin\api-ms-win-core-processthreads-l1-1-1.dll
0x0000000003000000 - 0x0000000003003000 	C:\Program Files\Java\jre1.8.0_221\bin\api-ms-win-core-profile-l1-1-0.dll
0x0000000003010000 - 0x0000000003013000 	C:\Program Files\Java\jre1.8.0_221\bin\api-ms-win-core-rtlsupport-l1-1-0.dll
0x0000000017790000 - 0x0000000017793000 	C:\Program Files\Java\jre1.8.0_221\bin\api-ms-win-core-string-l1-1-0.dll
0x00000000177a0000 - 0x00000000177a3000 	C:\Program Files\Java\jre1.8.0_221\bin\api-ms-win-core-synch-l1-1-0.dll
0x00000000177b0000 - 0x00000000177b3000 	C:\Program Files\Java\jre1.8.0_221\bin\api-ms-win-core-synch-l1-2-0.dll
0x00000000177c0000 - 0x00000000177c3000 	C:\Program Files\Java\jre1.8.0_221\bin\api-ms-win-core-sysinfo-l1-1-0.dll
0x00000000177d0000 - 0x00000000177d3000 	C:\Program Files\Java\jre1.8.0_221\bin\api-ms-win-core-timezone-l1-1-0.dll
0x00000000177e0000 - 0x00000000177e3000 	C:\Program Files\Java\jre1.8.0_221\bin\api-ms-win-core-util-l1-1-0.dll
0x00000000177f0000 - 0x00000000177f3000 	C:\Program Files\Java\jre1.8.0_221\bin\api-ms-win-crt-conio-l1-1-0.dll
0x0000000017800000 - 0x0000000017804000 	C:\Program Files\Java\jre1.8.0_221\bin\api-ms-win-crt-convert-l1-1-0.dll
0x0000000017810000 - 0x0000000017813000 	C:\Program Files\Java\jre1.8.0_221\bin\api-ms-win-crt-environment-l1-1-0.dll
0x0000000017820000 - 0x0000000017823000 	C:\Program Files\Java\jre1.8.0_221\bin\api-ms-win-crt-filesystem-l1-1-0.dll
0x0000000017830000 - 0x0000000017833000 	C:\Program Files\Java\jre1.8.0_221\bin\api-ms-win-crt-heap-l1-1-0.dll
0x0000000017840000 - 0x0000000017843000 	C:\Program Files\Java\jre1.8.0_221\bin\api-ms-win-crt-locale-l1-1-0.dll
0x0000000017850000 - 0x0000000017855000 	C:\Program Files\Java\jre1.8.0_221\bin\api-ms-win-crt-math-l1-1-0.dll
0x0000000017860000 - 0x0000000017865000 	C:\Program Files\Java\jre1.8.0_221\bin\api-ms-win-crt-multibyte-l1-1-0.dll
0x0000000017870000 - 0x0000000017880000 	C:\Program Files\Java\jre1.8.0_221\bin\api-ms-win-crt-private-l1-1-0.dll
0x0000000017880000 - 0x0000000017883000 	C:\Program Files\Java\jre1.8.0_221\bin\api-ms-win-crt-process-l1-1-0.dll
0x0000000017890000 - 0x0000000017894000 	C:\Program Files\Java\jre1.8.0_221\bin\api-ms-win-crt-runtime-l1-1-0.dll
0x00000000178a0000 - 0x00000000178a4000 	C:\Program Files\Java\jre1.8.0_221\bin\api-ms-win-crt-stdio-l1-1-0.dll
0x00000000178b0000 - 0x00000000178b4000 	C:\Program Files\Java\jre1.8.0_221\bin\api-ms-win-crt-string-l1-1-0.dll
0x00000000178c0000 - 0x00000000178c3000 	C:\Program Files\Java\jre1.8.0_221\bin\api-ms-win-crt-time-l1-1-0.dll
0x00000000178d0000 - 0x00000000178d3000 	C:\Program Files\Java\jre1.8.0_221\bin\api-ms-win-crt-utility-l1-1-0.dll
0x00007ff8422e0000 - 0x00007ff8423d6000 	C:\Program Files\Java\jre1.8.0_221\bin\ucrtbase.dll
0x00007ff8585d0000 - 0x00007ff8585e6000 	C:\Program Files\Java\jre1.8.0_221\bin\vcruntime140.dll
0x00007ff842230000 - 0x00007ff8422da000 	C:\Program Files\Java\jre1.8.0_221\bin\msvcp140.dll
0x00007ff856200000 - 0x00007ff856254000 	C:\Program Files\Java\jre1.8.0_221\bin\concrt140.dll
0x00007ff8568b0000 - 0x00007ff8568d3000 	C:\Program Files\Java\jre1.8.0_221\bin\prism_d3d.dll
0x00007ff82f770000 - 0x00007ff82f937000 	C:\Windows\system32\d3d9.dll
0x00007ff8594e0000 - 0x00007ff85950d000 	C:\Windows\SYSTEM32\dwmapi.dll
0x00007ff85a1f0000 - 0x00007ff85a210000 	C:\Windows\SYSTEM32\dxcore.dll
0x00007ff859420000 - 0x00007ff8594b9000 	C:\Windows\system32\uxtheme.dll
0x00007ff8085c0000 - 0x00007ff80aafd000 	C:\Windows\SYSTEM32\igdumdim64.dll
0x00007ff85d540000 - 0x00007ff85d605000 	C:\Windows\System32\OLEAUT32.dll
0x00007ff85e280000 - 0x00007ff85e3d7000 	C:\Windows\System32\ole32.dll
0x00007ff85d9d0000 - 0x00007ff85de40000 	C:\Windows\System32\SETUPAPI.dll
0x00007ff85b7b0000 - 0x00007ff85b7d6000 	C:\Windows\System32\bcrypt.dll
0x00007ff847980000 - 0x00007ff8479c9000 	C:\Program Files\Java\jre1.8.0_221\bin\glass.dll
0x00007ff85d730000 - 0x00007ff85d800000 	C:\Windows\System32\COMDLG32.dll
0x00007ff85d860000 - 0x00007ff85d995000 	C:\Windows\System32\MSCTF.dll
0x00007ff8528c0000 - 0x00007ff853300000 	C:\Windows\SYSTEM32\igdusc64.dll
0x00007ff841b80000 - 0x00007ff841c6f000 	C:\Users\mmcam\.javacpp\cache\opencv-3.2.0-1.3-windows-x86_64.jar\org\bytedeco\javacpp\windows-x86_64\msvcr120.dll
0x00007ff841ad0000 - 0x00007ff841b76000 	C:\Users\mmcam\.javacpp\cache\opencv-3.2.0-1.3-windows-x86_64.jar\org\bytedeco\javacpp\windows-x86_64\msvcp120.dll
0x00007ff81d530000 - 0x00007ff81d7b8000 	C:\Users\mmcam\.javacpp\cache\opencv-3.2.0-1.3-windows-x86_64.jar\org\bytedeco\javacpp\windows-x86_64\opencv_core320.dll
0x00007ff80bc00000 - 0x00007ff80bf62000 	C:\Users\mmcam\.javacpp\cache\opencv-3.2.0-1.3-windows-x86_64.jar\org\bytedeco\javacpp\windows-x86_64\opencv_imgproc320.dll
0x00007ff80c860000 - 0x00007ff80caaa000 	C:\Users\mmcam\.javacpp\cache\opencv-3.2.0-1.3-windows-x86_64.jar\org\bytedeco\javacpp\windows-x86_64\jniopencv_core.dll
0x00007ff851cc0000 - 0x00007ff851cda000 	C:\Program Files\Java\jre1.8.0_221\bin\net.dll
0x00007ff84b700000 - 0x00007ff84b8d6000 	C:\Windows\SYSTEM32\urlmon.dll
0x00007ff84ba20000 - 0x00007ff84bcc6000 	C:\Windows\SYSTEM32\iertutil.dll
0x00007ff85afc0000 - 0x00007ff85afcc000 	C:\Windows\SYSTEM32\CRYPTBASE.DLL
0x00007ff85adf0000 - 0x00007ff85ae57000 	C:\Windows\system32\mswsock.dll
0x00007ff851ca0000 - 0x00007ff851cb2000 	C:\Program Files\Java\jre1.8.0_221\bin\nio.dll
0x00007ff82b220000 - 0x00007ff82b3b9000 	C:\Program Files\Java\jre1.8.0_221\bin\awt.dll
0x00007ff858c30000 - 0x00007ff858cbf000 	C:\Windows\SYSTEM32\apphelp.dll
0x00007ff856300000 - 0x00007ff856314000 	C:\Program Files\Java\jre1.8.0_221\bin\javafx_font.dll
0x00007ff84b400000 - 0x00007ff84b6fe000 	C:\Windows\SYSTEM32\dwrite.dll
0x00007ff85d420000 - 0x00007ff85d4c2000 	C:\Windows\System32\clbcatq.dll
0x00007ff855970000 - 0x00007ff855b1f000 	C:\Windows\SYSTEM32\WindowsCodecs.dll
0x00007ff8276d0000 - 0x00007ff82770a000 	C:\Windows\system32\dataexchange.dll
0x00007ff857ad0000 - 0x00007ff857d2b000 	C:\Windows\system32\d3d11.dll
0x00007ff858320000 - 0x00007ff8584fc000 	C:\Windows\system32\dcomp.dll
0x00007ff85a280000 - 0x00007ff85a36b000 	C:\Windows\system32\dxgi.dll
0x00007ff8590c0000 - 0x00007ff859321000 	C:\Windows\system32\twinapi.appcore.dll
0x00007ff8596a0000 - 0x00007ff8596c9000 	C:\Windows\system32\RMCLIENT.dll
0x00007ff851fe0000 - 0x00007ff852013000 	C:\Program Files\Common Files\Microsoft Shared\Ink\rtscom.dll
0x00007ff84eb70000 - 0x00007ff84ec0e000 	C:\Windows\System32\TextInputFramework.dll
0x00007ff855c00000 - 0x00007ff855f2a000 	C:\Windows\System32\CoreUIComponents.dll
0x00007ff858970000 - 0x00007ff858a44000 	C:\Windows\System32\CoreMessaging.dll
0x00007ff85a5e0000 - 0x00007ff85a611000 	C:\Windows\SYSTEM32\ntmarta.dll
0x00007ff856cf0000 - 0x00007ff856e43000 	C:\Windows\SYSTEM32\wintypes.dll
0x00007ff84fc70000 - 0x00007ff84fcd5000 	C:\Windows\system32\Oleacc.dll
0x00007ff84ec30000 - 0x00007ff84ec41000 	C:\Program Files\Java\jre1.8.0_221\bin\prism_common.dll

VM Arguments:
jvm_args: -Djava.library.path=C:\Users\Administrator\Desktop\opencv\build\java\x64 -Dfile.encoding=Cp1252 
java_command: application.Main
java_class_path (initial): C:\Users\mmcam\OneDrive\Bureau\projet java\ensahVision\target\classes;C:\Users\mmcam\.p2\pool\plugins\org.eclipse.fx.ide.css.jfx8_1.2.0.201501301049.jar;C:\Users\mmcam\OneDrive\Bureau\projet java\ensahVision\bin\opencv-341.jar;C:\Users\mmcam\.m2\repository\org\bytedeco\javacv-platform\1.3.2\javacv-platform-1.3.2.jar;C:\Users\mmcam\.m2\repository\org\bytedeco\javacv\1.3.2\javacv-1.3.2.jar;C:\Users\mmcam\.m2\repository\org\bytedeco\javacpp-presets\ffmpeg\3.2.1-1.3\ffmpeg-3.2.1-1.3.jar;C:\Users\mmcam\.m2\repository\org\bytedeco\javacpp-presets\flycapture\2.9.3.43-1.3\flycapture-2.9.3.43-1.3.jar;C:\Users\mmcam\.m2\repository\org\bytedeco\javacpp-presets\libdc1394\2.2.4-1.3\libdc1394-2.2.4-1.3.jar;C:\Users\mmcam\.m2\repository\org\bytedeco\javacpp-presets\libfreenect\0.5.3-1.3\libfreenect-0.5.3-1.3.jar;C:\Users\mmcam\.m2\repository\org\bytedeco\javacpp-presets\libfreenect2\0.2.0-1.3\libfreenect2-0.2.0-1.3.jar;C:\Users\mmcam\.m2\repository\org\bytedeco\javacpp-presets\librealsense\1.9.6-1.3\librealsense-1.9.6-1.3.jar;C:\Users\mmcam\.m2\repository\org\bytedeco\javacpp-presets\videoinput\0.200-1.3\videoinput-0.200-1.3.jar;C:\Users\mmcam\.m2\repository\org\bytedeco\javacpp-presets\artoolkitplus\2.3.1-1.3\artoolkitplus-2.3.1-1.3.jar;C:\Users\mmcam\.m2\repository\org\bytedeco\javacpp-presets\flandmark\1.07-1.3\flandmark-1.07-1.3.jar;C:\Users\mmcam\.m2\repository\org\bytedeco\javacpp-presets\opencv-platform\3.2.0-1.3\opencv-platform-3.2.0-1.3.jar;C:\Users\mmcam\.m2\repository\org\bytedeco\javacpp-presets\opencv\3.2.0-1.3\opencv-3.2.0-1.3-android-arm.jar;C:\Users\mmcam\.m2\repository\org\bytedeco\javacpp-presets\opencv\3.2.0-1.3\opencv-3.2.0-1.3-android-x86.jar;C:\Users\mmcam\.m2\repository\org\bytedeco\javacpp-presets\opencv\3.2.0-1.3\opencv-3.2.0-1.3-linux-x86.jar;C:\Users\mmcam\.m2\repository\org\bytedeco\javacpp-presets\opencv\3.2.0-1.3\opencv-3.2.0-1.3-linux-x86_64.jar;C:\Users\mmcam\.m2\repository\org\bytedeco\javacpp-presets\opencv\3.2.0-1.3\o
Launcher Type: SUN_STANDARD

Environment Variables:
PATH=C:/Program Files/Java/jre1.8.0_221/bin/server;C:/Program Files/Java/jre1.8.0_221/bin;C:/Program Files/Java/jre1.8.0_221/lib/amd64;C:\Program Files (x86)\Common Files\Oracle\Java\javapath;C:\opencv\build\bin;C:\Users\mmcam\AppData\Local\Microsoft\WindowsApps;;C:\Users\mmcam\AppData\Local\Programs\Microsoft VS Code\bin;C:\Users\mmcam\AppData\Roaming\npm;C:\Users\mmcam\OneDrive\Bureau;
USERNAME=mmcam
OS=Windows_NT
PROCESSOR_IDENTIFIER=Intel64 Family 6 Model 69 Stepping 1, GenuineIntel



---------------  S Y S T E M  ---------------

OS: Windows 10.0 , 64 bit Build 18362 (10.0.18362.900)

CPU:total 4 (initial active 4) (2 cores per cpu, 2 threads per core) family 6 model 69 stepping 1, cmov, cx8, fxsr, mmx, sse, sse2, sse3, ssse3, sse4.1, sse4.2, popcnt, avx, avx2, aes, clmul, erms, lzcnt, ht, tsc, tscinvbit, bmi1, bmi2

Memory: 4k page, physical 4077868k(390376k free), swap 10631468k(2709140k free)

vm_info: Java HotSpot(TM) 64-Bit Server VM (25.221-b11) for windows-amd64 JRE (1.8.0_221-b11), built on Jul  4 2019 04:39:29 by "java_re" with MS VC++ 10.0 (VS2010)

time: Thu Jun 11 12:36:50 2020
timezone: Maroc (heure d’été)
elapsed time: 281 seconds (0d 0h 4m 41s)

