#
# A fatal error has been detected by the Java Runtime Environment:
#
#  EXCEPTION_ACCESS_VIOLATION (0xc0000005) at pc=0x00007fff8bd872a6, pid=1892, tid=0x00000000000019b4
#
# JRE version: Java(TM) SE Runtime Environment (8.0_221-b11) (build 1.8.0_221-b11)
# Java VM: Java HotSpot(TM) 64-Bit Server VM (25.221-b11 mixed mode windows-amd64 compressed oops)
# Problematic frame:
# C  [ntdll.dll+0x72a6]
#
# Failed to write core dump. Minidumps are not enabled by default on client versions of Windows
#
# If you would like to submit a bug report, please visit:
#   http://bugreport.java.com/bugreport/crash.jsp
# The crash happened outside the Java Virtual Machine in native code.
# See problematic frame for where to report the bug.
#

---------------  T H R E A D  ---------------

Current thread (0x00000000171cc800):  JavaThread "Thread-6" [_thread_in_native, id=6580, stack(0x0000000029700000,0x0000000029800000)]

siginfo: ExceptionCode=0xc0000005, writing address 0x0000000000000024

Registers:
RAX=0x0000000000000000, RBX=0x00000000235b7bc8, RCX=0x00000000235b7bc8, RDX=0x00000000fffffffa
RSP=0x00000000297fec00, RBP=0x0000000000000000, RSI=0x0000000000000000, RDI=0x0000000000000000
R8 =0x0000000000000000, R9 =0x00000000235b7b00, R10=0x0000000000000000, R11=0x0000000000000246
R12=0x0000000000000000, R13=0x0000000000d6e000, R14=0x0000000000000001, R15=0x0000000000000000
RIP=0x00007fff8bd872a6, EFLAGS=0x0000000000010213

Top of Stack: (sp=0x00000000297fec00)
0x00000000297fec00:   ffffffffffffffff 00000000235b7bc8
0x00000000297fec10:   0000000000000078 0000000000000000
0x00000000297fec20:   0000000000000004 0000000000000280
0x00000000297fec30:   00000000171cc800 00000000eb542c88
0x00000000297fec40:   000000002361ab00 00000000fffffffa
0x00000000297fec50:   0000000000d6e000 fffffffffffffffe
0x00000000297fec60:   00000000c1cafc20 00000000eb542f50
0x00000000297fec70:   00000000eb543090 00000000e808e101
0x00000000297fec80:   000000000300dee0 0000000002000002
0x00000000297fec90:   00000ec2cc968b3e 0000000035b90000
0x00000000297feca0:   00000000171cc800 0000000000000001
0x00000000297fecb0:   0000000000000001 0000000000000001
0x00000000297fecc0:   0000000000000000 00000000235b7bc8
0x00000000297fecd0:   0000000000000000 00007fff8bd9b576
0x00000000297fece0:   00009ff284076361 00000000000000ff
0x00000000297fecf0:   00000000fffffffa ffffffffff676980 

Instructions: (pc=0x00007fff8bd872a6)
0x00007fff8bd87286:   48 39 73 18 0f 84 d1 00 00 00 48 8b 03 48 83 f8
0x00007fff8bd87296:   ff 0f 84 d1 00 00 00 44 8b fe 48 83 f8 ff 74 03
0x00007fff8bd872a6:   ff 40 24 4c 8b 73 18 4c 8d 2d 44 82 15 00 bd 22
0x00007fff8bd872b6:   17 00 00 e8 72 89 03 00 85 c0 0f 85 5e 0b 0a 00 


Register to memory mapping:

RAX=0x0000000000000000 is an unknown value
RBX=0x00000000235b7bc8 is an unknown value
RCX=0x00000000235b7bc8 is an unknown value
RDX=0x00000000fffffffa is an unallocated location in the heap
RSP=0x00000000297fec00 is pointing into the stack for thread: 0x00000000171cc800
RBP=0x0000000000000000 is an unknown value
RSI=0x0000000000000000 is an unknown value
RDI=0x0000000000000000 is an unknown value
R8 =0x0000000000000000 is an unknown value
R9 =0x00000000235b7b00 is an unknown value
R10=0x0000000000000000 is an unknown value
R11=0x0000000000000246 is an unknown value
R12=0x0000000000000000 is an unknown value
R13=0x0000000000d6e000 is an unknown value
R14=0x0000000000000001 is an unknown value
R15=0x0000000000000000 is an unknown value


Stack: [0x0000000029700000,0x0000000029800000],  sp=0x00000000297fec00,  free space=1019k
Native frames: (J=compiled Java code, j=interpreted, Vv=VM code, C=native code)

Java frames: (J=compiled Java code, j=interpreted, Vv=VM code)
J 5412  org.bytedeco.javacpp.opencv_videoio$VideoCapture.retrieve(Lorg/bytedeco/javacpp/opencv_core$Mat;)Z (0 bytes) @ 0x000000000395b28f [0x000000000395b240+0x4f]
J 5247 C1 org.bytedeco.javacv.OpenCVFrameGrabber.grab()Lorg/bytedeco/javacv/Frame; (255 bytes) @ 0x0000000003a7958c [0x0000000003a794e0+0xac]
j  application.FaceDetector.run()V+1109
j  java.lang.Thread.run()V+11
v  ~StubRoutines::call_stub

---------------  P R O C E S S  ---------------

Java Threads: ( => current thread )
  0x0000000022d86800 JavaThread "Thread-8" [_thread_in_native, id=9208, stack(0x000000001e680000,0x000000001e780000)]
  0x0000000022d85000 JavaThread "Keep-Alive-SocketCleaner" daemon [_thread_blocked, id=8560, stack(0x0000000035a90000,0x0000000035b90000)]
  0x000000001dcf2800 JavaThread "URL-Loader-20" daemon [_thread_blocked, id=6728, stack(0x0000000035990000,0x0000000035a90000)]
  0x000000001dcf1800 JavaThread "URL-Loader-19" daemon [_thread_in_native, id=9404, stack(0x0000000035890000,0x0000000035990000)]
  0x000000001dcf7000 JavaThread "URL-Loader-18" daemon [_thread_blocked, id=6972, stack(0x0000000035790000,0x0000000035890000)]
  0x000000001dcf4000 JavaThread "URL-Loader-17" daemon [_thread_blocked, id=6352, stack(0x0000000035690000,0x0000000035790000)]
  0x000000001dcf3000 JavaThread "URL-Loader-16" daemon [_thread_blocked, id=2628, stack(0x0000000035590000,0x0000000035690000)]
  0x000000001dcf5800 JavaThread "URL-Loader-15" daemon [_thread_blocked, id=8252, stack(0x0000000035490000,0x0000000035590000)]
  0x000000001dcf7800 JavaThread "URL-Loader-14" daemon [_thread_blocked, id=2112, stack(0x0000000035390000,0x0000000035490000)]
  0x000000001dcf4800 JavaThread "URL-Loader-13" daemon [_thread_blocked, id=8428, stack(0x0000000035290000,0x0000000035390000)]
  0x000000001dcf6000 JavaThread "Thread-7" daemon [_thread_in_native, id=3592, stack(0x00000000341a0000,0x00000000342a0000)]
  0x000000001dcf1000 JavaThread "URL-Loader-12" daemon [_thread_blocked, id=4440, stack(0x0000000033080000,0x0000000033180000)]
  0x000000001dce9800 JavaThread "URL-Loader-11" daemon [_thread_blocked, id=9996, stack(0x0000000032c80000,0x0000000032d80000)]
  0x000000001dce8800 JavaThread "URL-Loader-10" daemon [_thread_blocked, id=9172, stack(0x0000000032b80000,0x0000000032c80000)]
  0x000000001dcf0000 JavaThread "URL-Loader-9" daemon [_thread_blocked, id=6876, stack(0x0000000032980000,0x0000000032a80000)]
  0x000000001dcea000 JavaThread "URL-Loader-8" daemon [_thread_blocked, id=8708, stack(0x0000000032880000,0x0000000032980000)]
  0x000000001dcec800 JavaThread "URL-Loader-7" daemon [_thread_blocked, id=8684, stack(0x0000000032780000,0x0000000032880000)]
  0x000000001dcee800 JavaThread "URL-Loader-6" daemon [_thread_blocked, id=10220, stack(0x0000000032680000,0x0000000032780000)]
  0x000000001dcee000 JavaThread "URL-Loader-5" daemon [_thread_blocked, id=1880, stack(0x0000000032580000,0x0000000032680000)]
  0x000000001dceb800 JavaThread "URL-Loader-4" daemon [_thread_blocked, id=9624, stack(0x000000002f1d0000,0x000000002f2d0000)]
  0x000000001dced000 JavaThread "URL-Loader-3" daemon [_thread_blocked, id=2456, stack(0x000000002f0d0000,0x000000002f1d0000)]
  0x000000001dceb000 JavaThread "URL-Loader-2" daemon [_thread_blocked, id=10120, stack(0x000000002a7d0000,0x000000002a8d0000)]
  0x00000000171cf800 JavaThread "Keep-Alive-Timer" daemon [_thread_blocked, id=6940, stack(0x00000000213f0000,0x00000000214f0000)]
  0x00000000171ca000 JavaThread "URL-Loader-1" daemon [_thread_blocked, id=8832, stack(0x00000000013b0000,0x00000000014b0000)]
=>0x00000000171cc800 JavaThread "Thread-6" [_thread_in_native, id=6580, stack(0x0000000029700000,0x0000000029800000)]
  0x000000001d014800 JavaThread "Disposer" daemon [_thread_blocked, id=5244, stack(0x0000000020c20000,0x0000000020d20000)]
  0x0000000017f93800 JavaThread "Prism Font Disposer" daemon [_thread_blocked, id=568, stack(0x0000000020320000,0x0000000020420000)]
  0x000000001d583000 JavaThread "AWT-Windows" daemon [_thread_in_native, id=9296, stack(0x000000001e780000,0x000000001e880000)]
  0x000000001da63000 JavaThread "Java2D Disposer" daemon [_thread_blocked, id=9572, stack(0x000000001e580000,0x000000001e680000)]
  0x000000001da75800 JavaThread "JavaCPP Deallocator" daemon [_thread_blocked, id=8692, stack(0x000000001e110000,0x000000001e210000)]
  0x0000000017884000 JavaThread "Thread-3" daemon [_thread_in_native, id=3652, stack(0x000000001cd20000,0x000000001ce20000)]
  0x0000000017896800 JavaThread "JavaFX-Launcher" [_thread_blocked, id=1460, stack(0x000000001ce20000,0x000000001cf20000)]
  0x00000000177fd800 JavaThread "JavaFX Application Thread" [_thread_in_native, id=9044, stack(0x0000000018350000,0x0000000018450000)]
  0x00000000177e7800 JavaThread "Thread-1" daemon [_thread_blocked, id=9272, stack(0x0000000018250000,0x0000000018350000)]
  0x0000000017434800 JavaThread "QuantumRenderer-0" daemon [_thread_blocked, id=9316, stack(0x0000000017fe0000,0x00000000180e0000)]
  0x000000001573c800 JavaThread "Service Thread" daemon [_thread_blocked, id=2272, stack(0x0000000017460000,0x0000000017560000)]
  0x00000000156fb800 JavaThread "C1 CompilerThread2" daemon [_thread_blocked, id=4560, stack(0x0000000016f60000,0x0000000017060000)]
  0x00000000156f3000 JavaThread "C2 CompilerThread1" daemon [_thread_blocked, id=7008, stack(0x0000000016e60000,0x0000000016f60000)]
  0x00000000156e6800 JavaThread "C2 CompilerThread0" daemon [_thread_in_native, id=188, stack(0x0000000016d60000,0x0000000016e60000)]
  0x00000000156e4800 JavaThread "Attach Listener" daemon [_thread_blocked, id=9468, stack(0x0000000016c60000,0x0000000016d60000)]
  0x00000000156e3000 JavaThread "Signal Dispatcher" daemon [_thread_blocked, id=2064, stack(0x0000000016b60000,0x0000000016c60000)]
  0x00000000156cc000 JavaThread "Finalizer" daemon [_thread_blocked, id=6924, stack(0x0000000016930000,0x0000000016a30000)]
  0x0000000003106000 JavaThread "Reference Handler" daemon [_thread_blocked, id=9880, stack(0x0000000016830000,0x0000000016930000)]
  0x0000000003017000 JavaThread "main" [_thread_blocked, id=1484, stack(0x0000000002e70000,0x0000000002f70000)]

Other Threads:
  0x00000000156a8000 VMThread [stack: 0x0000000016730000,0x0000000016830000] [id=9312]
  0x000000001573d800 WatcherThread [stack: 0x0000000017560000,0x0000000017660000] [id=9784]

VM state:not at safepoint (normal execution)

VM Mutex/Monitor currently owned by a thread: None

heap address: 0x00000000c1c00000, size: 996 MB, Compressed Oops mode: 32-bit
Narrow klass base: 0x0000000000000000, Narrow klass shift: 3
Compressed class space size: 1073741824 Address: 0x0000000100000000

Heap:
 PSYoungGen      total 98816K, used 66772K [0x00000000eb400000, 0x00000000f3080000, 0x0000000100000000)
  eden space 86528K, 72% used [0x00000000eb400000,0x00000000ef14a4f0,0x00000000f0880000)
  from space 12288K, 32% used [0x00000000f0880000,0x00000000f0c6ace0,0x00000000f1480000)
  to   space 11264K, 0% used [0x00000000f2580000,0x00000000f2580000,0x00000000f3080000)
 ParOldGen       total 72704K, used 24057K [0x00000000c1c00000, 0x00000000c6300000, 0x00000000eb400000)
  object space 72704K, 33% used [0x00000000c1c00000,0x00000000c337e7e0,0x00000000c6300000)
 Metaspace       used 35272K, capacity 36620K, committed 36776K, reserved 1081344K
  class space    used 4437K, capacity 4751K, committed 4864K, reserved 1048576K

Card table byte_map: [0x00000000124d0000,0x00000000126d0000] byte_map_base: 0x0000000011ec2000

Marking Bits: (ParMarkBitMap*) 0x000000005deb5ce0
 Begin Bits: [0x0000000012c20000, 0x0000000013bb0000)
 End Bits:   [0x0000000013bb0000, 0x0000000014b40000)

Polling page: 0x0000000000fd0000

CodeCache: size=245760Kb used=18578Kb max_used=18584Kb free=227181Kb
 bounds [0x0000000003110000, 0x0000000004360000, 0x0000000012110000]
 total_blobs=6784 nmethods=5755 adapters=940
 compilation: enabled

Compilation events (10 events):
Event: 189.813 Thread 0x00000000156fb800 nmethod 6915 0x0000000003ee7390 code [0x0000000003ee74e0, 0x0000000003ee75f0]
Event: 189.813 Thread 0x00000000156f3000 nmethod 6914 0x00000000033e2950 code [0x00000000033e2a80, 0x00000000033e2af8]
Event: 189.813 Thread 0x00000000156fb800 6916   !   3       sun.security.x509.X509CertImpl::getSubjectX500Principal (27 bytes)
Event: 189.813 Thread 0x00000000156fb800 nmethod 6916 0x000000000434bf50 code [0x000000000434c0c0, 0x000000000434c3e8]
Event: 189.813 Thread 0x00000000156fb800 6917       3       java.util.TreeMap$PrivateEntryIterator::<init> (28 bytes)
Event: 189.814 Thread 0x00000000156fb800 nmethod 6917 0x0000000004349c50 code [0x0000000004349dc0, 0x0000000004349fd0]
Event: 189.834 Thread 0x00000000156fb800 6918       3       java.security.Provider$UString::<init> (21 bytes)
Event: 189.835 Thread 0x00000000156fb800 nmethod 6918 0x0000000004349710 code [0x0000000004349880, 0x0000000004349b48]
Event: 189.835 Thread 0x00000000156fb800 6919       3       java.security.Provider$UString::hashCode (8 bytes)
Event: 189.835 Thread 0x00000000156fb800 nmethod 6919 0x00000000043492d0 code [0x0000000004349440, 0x0000000004349648]

GC Heap History (10 events):
Event: 182.356 GC heap before
{Heap before GC invocations=35 (full 2):
 PSYoungGen      total 76800K, used 66481K [0x00000000eb400000, 0x00000000f0f00000, 0x0000000100000000)
  eden space 66560K, 99% used [0x00000000eb400000,0x00000000ef4ec588,0x00000000ef500000)
  from space 10240K, 0% used [0x00000000f0500000,0x00000000f0500000,0x00000000f0f00000)
  to   space 13312K, 0% used [0x00000000ef500000,0x00000000ef500000,0x00000000f0200000)
 ParOldGen       total 72704K, used 24033K [0x00000000c1c00000, 0x00000000c6300000, 0x00000000eb400000)
  object space 72704K, 33% used [0x00000000c1c00000,0x00000000c33787e0,0x00000000c6300000)
 Metaspace       used 34277K, capacity 35612K, committed 35880K, reserved 1081344K
  class space    used 4330K, capacity 4633K, committed 4736K, reserved 1048576K
Event: 182.360 GC heap after
Heap after GC invocations=35 (full 2):
 PSYoungGen      total 79872K, used 346K [0x00000000eb400000, 0x00000000f1380000, 0x0000000100000000)
  eden space 66560K, 0% used [0x00000000eb400000,0x00000000eb400000,0x00000000ef500000)
  from space 13312K, 2% used [0x00000000ef500000,0x00000000ef556988,0x00000000f0200000)
  to   space 13312K, 0% used [0x00000000f0680000,0x00000000f0680000,0x00000000f1380000)
 ParOldGen       total 72704K, used 24041K [0x00000000c1c00000, 0x00000000c6300000, 0x00000000eb400000)
  object space 72704K, 33% used [0x00000000c1c00000,0x00000000c337a7e0,0x00000000c6300000)
 Metaspace       used 34277K, capacity 35612K, committed 35880K, reserved 1081344K
  class space    used 4330K, capacity 4633K, committed 4736K, reserved 1048576K
}
Event: 182.397 GC heap before
{Heap before GC invocations=36 (full 2):
 PSYoungGen      total 79872K, used 66870K [0x00000000eb400000, 0x00000000f1380000, 0x0000000100000000)
  eden space 66560K, 99% used [0x00000000eb400000,0x00000000ef4f7018,0x00000000ef500000)
  from space 13312K, 2% used [0x00000000ef500000,0x00000000ef556988,0x00000000f0200000)
  to   space 13312K, 0% used [0x00000000f0680000,0x00000000f0680000,0x00000000f1380000)
 ParOldGen       total 72704K, used 24041K [0x00000000c1c00000, 0x00000000c6300000, 0x00000000eb400000)
  object space 72704K, 33% used [0x00000000c1c00000,0x00000000c337a7e0,0x00000000c6300000)
 Metaspace       used 34277K, capacity 35612K, committed 35880K, reserved 1081344K
  class space    used 4330K, capacity 4633K, committed 4736K, reserved 1048576K
Event: 182.412 GC heap after
Heap after GC invocations=36 (full 2):
 PSYoungGen      total 84480K, used 354K [0x00000000eb400000, 0x00000000f1d00000, 0x0000000100000000)
  eden space 71168K, 0% used [0x00000000eb400000,0x00000000eb400000,0x00000000ef980000)
  from space 13312K, 2% used [0x00000000f0680000,0x00000000f06d8a20,0x00000000f1380000)
  to   space 13312K, 0% used [0x00000000ef980000,0x00000000ef980000,0x00000000f0680000)
 ParOldGen       total 72704K, used 24041K [0x00000000c1c00000, 0x00000000c6300000, 0x00000000eb400000)
  object space 72704K, 33% used [0x00000000c1c00000,0x00000000c337a7e0,0x00000000c6300000)
 Metaspace       used 34277K, capacity 35612K, committed 35880K, reserved 1081344K
  class space    used 4330K, capacity 4633K, committed 4736K, reserved 1048576K
}
Event: 182.464 GC heap before
{Heap before GC invocations=37 (full 2):
 PSYoungGen      total 84480K, used 71409K [0x00000000eb400000, 0x00000000f1d00000, 0x0000000100000000)
  eden space 71168K, 99% used [0x00000000eb400000,0x00000000ef963b10,0x00000000ef980000)
  from space 13312K, 2% used [0x00000000f0680000,0x00000000f06d8a20,0x00000000f1380000)
  to   space 13312K, 0% used [0x00000000ef980000,0x00000000ef980000,0x00000000f0680000)
 ParOldGen       total 72704K, used 24041K [0x00000000c1c00000, 0x00000000c6300000, 0x00000000eb400000)
  object space 72704K, 33% used [0x00000000c1c00000,0x00000000c337a7e0,0x00000000c6300000)
 Metaspace       used 34277K, capacity 35612K, committed 35880K, reserved 1081344K
  class space    used 4330K, capacity 4633K, committed 4736K, reserved 1048576K
Event: 182.477 GC heap after
Heap after GC invocations=37 (full 2):
 PSYoungGen      total 84480K, used 371K [0x00000000eb400000, 0x00000000f2200000, 0x0000000100000000)
  eden space 71168K, 0% used [0x00000000eb400000,0x00000000eb400000,0x00000000ef980000)
  from space 13312K, 2% used [0x00000000ef980000,0x00000000ef9dcdb0,0x00000000f0680000)
  to   space 12800K, 0% used [0x00000000f1580000,0x00000000f1580000,0x00000000f2200000)
 ParOldGen       total 72704K, used 24041K [0x00000000c1c00000, 0x00000000c6300000, 0x00000000eb400000)
  object space 72704K, 33% used [0x00000000c1c00000,0x00000000c337a7e0,0x00000000c6300000)
 Metaspace       used 34277K, capacity 35612K, committed 35880K, reserved 1081344K
  class space    used 4330K, capacity 4633K, committed 4736K, reserved 1048576K
}
Event: 182.768 GC heap before
{Heap before GC invocations=38 (full 2):
 PSYoungGen      total 84480K, used 70442K [0x00000000eb400000, 0x00000000f2200000, 0x0000000100000000)
  eden space 71168K, 98% used [0x00000000eb400000,0x00000000ef86daa8,0x00000000ef980000)
  from space 13312K, 2% used [0x00000000ef980000,0x00000000ef9dcdb0,0x00000000f0680000)
  to   space 12800K, 0% used [0x00000000f1580000,0x00000000f1580000,0x00000000f2200000)
 ParOldGen       total 72704K, used 24041K [0x00000000c1c00000, 0x00000000c6300000, 0x00000000eb400000)
  object space 72704K, 33% used [0x00000000c1c00000,0x00000000c337a7e0,0x00000000c6300000)
 Metaspace       used 34540K, capacity 35856K, committed 36136K, reserved 1081344K
  class space    used 4360K, capacity 4671K, committed 4736K, reserved 1048576K
Event: 182.775 GC heap after
Heap after GC invocations=38 (full 2):
 PSYoungGen      total 97792K, used 3305K [0x00000000eb400000, 0x00000000f2080000, 0x0000000100000000)
  eden space 86528K, 0% used [0x00000000eb400000,0x00000000eb400000,0x00000000f0880000)
  from space 11264K, 29% used [0x00000000f1580000,0x00000000f18ba750,0x00000000f2080000)
  to   space 12288K, 0% used [0x00000000f0880000,0x00000000f0880000,0x00000000f1480000)
 ParOldGen       total 72704K, used 24049K [0x00000000c1c00000, 0x00000000c6300000, 0x00000000eb400000)
  object space 72704K, 33% used [0x00000000c1c00000,0x00000000c337c7e0,0x00000000c6300000)
 Metaspace       used 34540K, capacity 35856K, committed 36136K, reserved 1081344K
  class space    used 4360K, capacity 4671K, committed 4736K, reserved 1048576K
}
Event: 186.737 GC heap before
{Heap before GC invocations=39 (full 2):
 PSYoungGen      total 97792K, used 89626K [0x00000000eb400000, 0x00000000f2080000, 0x0000000100000000)
  eden space 86528K, 99% used [0x00000000eb400000,0x00000000f084c290,0x00000000f0880000)
  from space 11264K, 29% used [0x00000000f1580000,0x00000000f18ba750,0x00000000f2080000)
  to   space 12288K, 0% used [0x00000000f0880000,0x00000000f0880000,0x00000000f1480000)
 ParOldGen       total 72704K, used 24049K [0x00000000c1c00000, 0x00000000c6300000, 0x00000000eb400000)
  object space 72704K, 33% used [0x00000000c1c00000,0x00000000c337c7e0,0x00000000c6300000)
 Metaspace       used 35069K, capacity 36414K, committed 36776K, reserved 1081344K
  class space    used 4429K, capacity 4746K, committed 4864K, reserved 1048576K
Event: 186.742 GC heap after
Heap after GC invocations=39 (full 2):
 PSYoungGen      total 98816K, used 4011K [0x00000000eb400000, 0x00000000f3080000, 0x0000000100000000)
  eden space 86528K, 0% used [0x00000000eb400000,0x00000000eb400000,0x00000000f0880000)
  from space 12288K, 32% used [0x00000000f0880000,0x00000000f0c6ace0,0x00000000f1480000)
  to   space 11264K, 0% used [0x00000000f2580000,0x00000000f2580000,0x00000000f3080000)
 ParOldGen       total 72704K, used 24057K [0x00000000c1c00000, 0x00000000c6300000, 0x00000000eb400000)
  object space 72704K, 33% used [0x00000000c1c00000,0x00000000c337e7e0,0x00000000c6300000)
 Metaspace       used 35069K, capacity 36414K, committed 36776K, reserved 1081344K
  class space    used 4429K, capacity 4746K, committed 4864K, reserved 1048576K
}

Deoptimization events (10 events):
Event: 185.065 Thread 0x0000000017434800 Uncommon trap: reason=class_check action=maybe_recompile pc=0x0000000003cf49ec method=com.sun.javafx.sg.prism.NGNode.doRender(Lcom/sun/prism/Graphics;)V @ 319
Event: 186.146 Thread 0x00000000177fd800 Uncommon trap: reason=array_check action=maybe_recompile pc=0x000000000411e994 method=com.sun.javafx.css.CompoundSelector.applies(Ljavafx/css/Styleable;[Ljava/util/Set;I)Z @ 128
Event: 186.146 Thread 0x00000000177fd800 Uncommon trap: reason=array_check action=maybe_recompile pc=0x000000000411e994 method=com.sun.javafx.css.CompoundSelector.applies(Ljavafx/css/Styleable;[Ljava/util/Set;I)Z @ 128
Event: 186.146 Thread 0x00000000177fd800 Uncommon trap: reason=array_check action=maybe_recompile pc=0x000000000411e994 method=com.sun.javafx.css.CompoundSelector.applies(Ljavafx/css/Styleable;[Ljava/util/Set;I)Z @ 128
Event: 186.146 Thread 0x00000000177fd800 Uncommon trap: reason=array_check action=maybe_recompile pc=0x000000000411e994 method=com.sun.javafx.css.CompoundSelector.applies(Ljavafx/css/Styleable;[Ljava/util/Set;I)Z @ 128
Event: 186.205 Thread 0x0000000017434800 Uncommon trap: reason=predicate action=maybe_recompile pc=0x0000000003d1c0ec method=java.util.Arrays.binarySearch0([Ljava/lang/Object;IILjava/lang/Object;Ljava/util/Comparator;)I @ 28
Event: 187.117 Thread 0x00000000177fd800 Uncommon trap: reason=unstable_if action=reinterpret pc=0x0000000003877b08 method=javafx.scene.Scene.isDirty(Ljavafx/scene/Scene$DirtyBits;)Z @ 9
Event: 187.576 Thread 0x00000000177fd800 Uncommon trap: reason=unstable_if action=reinterpret pc=0x0000000003f267a4 method=java.util.concurrent.locks.AbstractQueuedSynchronizer$ConditionObject.doSignal(Ljava/util/concurrent/locks/AbstractQueuedSynchronizer$Node;)V @ 9
Event: 189.770 Thread 0x0000000017434800 Uncommon trap: reason=unstable_if action=reinterpret pc=0x0000000004132568 method=com.sun.javafx.geom.Rectangle.grow(II)V @ 192
Event: 189.790 Thread 0x0000000017434800 Uncommon trap: reason=unstable_if action=reinterpret pc=0x0000000003d0be08 method=com.sun.scenario.effect.impl.state.BoxRenderState.validateWeights()V @ 147

Classes redefined (0 events):
No events

Internal exceptions (10 events):
Event: 184.877 Thread 0x00000000177fd800 Exception <a 'java/io/FileNotFoundException'> (0x00000000ee6c5548) thrown at [C:\re\workspace\8-2-build-windows-amd64-cygwin\jdk8u221\13320\hotspot\src\share\vm\prims\jni.cpp, line 710]
Event: 184.877 Thread 0x00000000177fd800 Exception <a 'java/io/FileNotFoundException'> (0x00000000ee6c6668) thrown at [C:\re\workspace\8-2-build-windows-amd64-cygwin\jdk8u221\13320\hotspot\src\share\vm\prims\jni.cpp, line 710]
Event: 184.877 Thread 0x00000000177fd800 Exception <a 'java/io/FileNotFoundException'> (0x00000000ee6c76f0) thrown at [C:\re\workspace\8-2-build-windows-amd64-cygwin\jdk8u221\13320\hotspot\src\share\vm\prims\jni.cpp, line 710]
Event: 184.982 Thread 0x0000000017434800 Implicit null exception at 0x000000000405ca6a to 0x000000000405eae1
Event: 184.988 Thread 0x0000000017434800 Implicit null exception at 0x0000000003332a3a to 0x0000000003332aed
Event: 185.020 Thread 0x0000000017434800 Implicit null exception at 0x0000000003db7c6f to 0x0000000003db83e5
Event: 185.025 Thread 0x0000000017434800 Implicit null exception at 0x0000000003785990 to 0x00000000037859c1
Event: 185.832 Thread 0x000000001dcf6000 Exception <a 'sun/nio/fs/WindowsException'> (0x00000000ef677c28) thrown at [C:\re\workspace\8-2-build-windows-amd64-cygwin\jdk8u221\13320\hotspot\src\share\vm\prims\jni.cpp, line 710]
Event: 186.870 Thread 0x00000000177fd800 Exception <a 'java/lang/ClassNotFoundException': sun/net/www/protocol/about/Handler> (0x00000000eb530a18) thrown at [C:\re\workspace\8-2-build-windows-amd64-cygwin\jdk8u221\13320\hotspot\src\share\vm\classfile\systemDictionary.cpp, line 210]
Event: 187.489 Thread 0x00000000177fd800 Exception <a 'java/lang/ClassNotFoundException': sun/net/www/protocol/about/Handler> (0x00000000ec33cd38) thrown at [C:\re\workspace\8-2-build-windows-amd64-cygwin\jdk8u221\13320\hotspot\src\share\vm\classfile\systemDictionary.cpp, line 210]

Events (10 events):
Event: 188.911 loading class com/sun/javafx/iio/gif/GIFImageLoader2 done
Event: 188.913 loading class com/sun/javafx/iio/gif/GIFImageLoader2$LZWDecoder
Event: 188.913 loading class com/sun/javafx/iio/gif/GIFImageLoader2$LZWDecoder done
Event: 189.745 Thread 0x0000000022d86800 Thread added: 0x0000000022d86800
Event: 189.770 Thread 0x0000000017434800 Uncommon trap: trap_request=0xffffff65 fr.pc=0x0000000004132568
Event: 189.770 Thread 0x0000000017434800 DEOPT PACKING pc=0x0000000004132568 sp=0x00000000180dca40
Event: 189.770 Thread 0x0000000017434800 DEOPT UNPACKING pc=0x000000000315583b sp=0x00000000180dc9b0 mode 2
Event: 189.790 Thread 0x0000000017434800 Uncommon trap: trap_request=0xffffff65 fr.pc=0x0000000003d0be08
Event: 189.790 Thread 0x0000000017434800 DEOPT PACKING pc=0x0000000003d0be08 sp=0x00000000180dda90
Event: 189.790 Thread 0x0000000017434800 DEOPT UNPACKING pc=0x000000000315583b sp=0x00000000180dd9f8 mode 2


Dynamic libraries:
0x00007ff618160000 - 0x00007ff618197000 	C:\Program Files\Java\jre1.8.0_221\bin\javaw.exe
0x00007fff8bd80000 - 0x00007fff8bf70000 	C:\Windows\SYSTEM32\ntdll.dll
0x00007fff8bbe0000 - 0x00007fff8bc92000 	C:\Windows\System32\KERNEL32.DLL
0x00007fff89330000 - 0x00007fff895d4000 	C:\Windows\System32\KERNELBASE.dll
0x00007fff8b180000 - 0x00007fff8b223000 	C:\Windows\System32\ADVAPI32.dll
0x00007fff8bca0000 - 0x00007fff8bd3e000 	C:\Windows\System32\msvcrt.dll
0x00007fff89e30000 - 0x00007fff89ec7000 	C:\Windows\System32\sechost.dll
0x00007fff8b030000 - 0x00007fff8b150000 	C:\Windows\System32\RPCRT4.dll
0x00007fff8b910000 - 0x00007fff8baa4000 	C:\Windows\System32\USER32.dll
0x00007fff895e0000 - 0x00007fff89601000 	C:\Windows\System32\win32u.dll
0x00007fff8b150000 - 0x00007fff8b176000 	C:\Windows\System32\GDI32.dll
0x00007fff88de0000 - 0x00007fff88f75000 	C:\Windows\System32\gdi32full.dll
0x00007fff89610000 - 0x00007fff896ae000 	C:\Windows\System32\msvcp_win.dll
0x00007fff89230000 - 0x00007fff8932a000 	C:\Windows\System32\ucrtbase.dll
0x00007fff7b9c0000 - 0x00007fff7bc44000 	C:\Windows\WinSxS\amd64_microsoft.windows.common-controls_6595b64144ccf1df_6.0.18362.900_none_e6beb9d913147d17\COMCTL32.dll
0x00007fff8a850000 - 0x00007fff8ab85000 	C:\Windows\System32\combase.dll
0x00007fff89010000 - 0x00007fff89090000 	C:\Windows\System32\bcryptPrimitives.dll
0x00007fff8b470000 - 0x00007fff8b49e000 	C:\Windows\System32\IMM32.DLL
0x000000005f030000 - 0x000000005f102000 	C:\Program Files\Java\jre1.8.0_221\bin\msvcr100.dll
0x000000005d690000 - 0x000000005df35000 	C:\Program Files\Java\jre1.8.0_221\bin\server\jvm.dll
0x00007fff8afc0000 - 0x00007fff8afc8000 	C:\Windows\System32\PSAPI.DLL
0x00007fff776d0000 - 0x00007fff776d9000 	C:\Windows\SYSTEM32\WSOCK32.dll
0x00007fff8acf0000 - 0x00007fff8ad5f000 	C:\Windows\System32\WS2_32.dll
0x00007fff85bf0000 - 0x00007fff85c14000 	C:\Windows\SYSTEM32\WINMM.dll
0x00007fff7de90000 - 0x00007fff7de9a000 	C:\Windows\SYSTEM32\VERSION.dll
0x00007fff85bc0000 - 0x00007fff85bed000 	C:\Windows\SYSTEM32\WINMMBASE.dll
0x00007fff89090000 - 0x00007fff890da000 	C:\Windows\System32\cfgmgr32.dll
0x00007fff84bd0000 - 0x00007fff84bdf000 	C:\Program Files\Java\jre1.8.0_221\bin\verify.dll
0x00007fff725d0000 - 0x00007fff725f9000 	C:\Program Files\Java\jre1.8.0_221\bin\java.dll
0x00007fff82400000 - 0x00007fff82416000 	C:\Program Files\Java\jre1.8.0_221\bin\zip.dll
0x00007fff8a020000 - 0x00007fff8a706000 	C:\Windows\System32\SHELL32.dll
0x00007fff8ad60000 - 0x00007fff8ae09000 	C:\Windows\System32\shcore.dll
0x00007fff896b0000 - 0x00007fff89e30000 	C:\Windows\System32\windows.storage.dll
0x00007fff88ce0000 - 0x00007fff88d03000 	C:\Windows\System32\profapi.dll
0x00007fff88c50000 - 0x00007fff88c9a000 	C:\Windows\System32\powrprof.dll
0x00007fff88c40000 - 0x00007fff88c50000 	C:\Windows\System32\UMPDC.dll
0x00007fff8b370000 - 0x00007fff8b3c2000 	C:\Windows\System32\shlwapi.dll
0x00007fff88cc0000 - 0x00007fff88cd1000 	C:\Windows\System32\kernel.appcore.dll
0x00007fff88d10000 - 0x00007fff88d27000 	C:\Windows\System32\cryptsp.dll
0x0000000001550000 - 0x0000000001553000 	C:\Program Files\Java\jre1.8.0_221\bin\api-ms-win-core-console-l1-1-0.dll
0x0000000001560000 - 0x0000000001563000 	C:\Program Files\Java\jre1.8.0_221\bin\api-ms-win-core-datetime-l1-1-0.dll
0x0000000001570000 - 0x0000000001573000 	C:\Program Files\Java\jre1.8.0_221\bin\api-ms-win-core-debug-l1-1-0.dll
0x0000000001580000 - 0x0000000001583000 	C:\Program Files\Java\jre1.8.0_221\bin\api-ms-win-core-errorhandling-l1-1-0.dll
0x0000000001590000 - 0x0000000001594000 	C:\Program Files\Java\jre1.8.0_221\bin\api-ms-win-core-file-l1-1-0.dll
0x00000000015a0000 - 0x00000000015a3000 	C:\Program Files\Java\jre1.8.0_221\bin\api-ms-win-core-file-l1-2-0.dll
0x00000000015b0000 - 0x00000000015b3000 	C:\Program Files\Java\jre1.8.0_221\bin\api-ms-win-core-file-l2-1-0.dll
0x0000000002f70000 - 0x0000000002f73000 	C:\Program Files\Java\jre1.8.0_221\bin\api-ms-win-core-handle-l1-1-0.dll
0x0000000002f80000 - 0x0000000002f83000 	C:\Program Files\Java\jre1.8.0_221\bin\api-ms-win-core-heap-l1-1-0.dll
0x0000000002f90000 - 0x0000000002f93000 	C:\Program Files\Java\jre1.8.0_221\bin\api-ms-win-core-interlocked-l1-1-0.dll
0x0000000002fa0000 - 0x0000000002fa3000 	C:\Program Files\Java\jre1.8.0_221\bin\api-ms-win-core-libraryloader-l1-1-0.dll
0x0000000002fb0000 - 0x0000000002fb3000 	C:\Program Files\Java\jre1.8.0_221\bin\api-ms-win-core-localization-l1-2-0.dll
0x0000000002fc0000 - 0x0000000002fc3000 	C:\Program Files\Java\jre1.8.0_221\bin\api-ms-win-core-memory-l1-1-0.dll
0x0000000002fd0000 - 0x0000000002fd3000 	C:\Program Files\Java\jre1.8.0_221\bin\api-ms-win-core-namedpipe-l1-1-0.dll
0x0000000002fe0000 - 0x0000000002fe3000 	C:\Program Files\Java\jre1.8.0_221\bin\api-ms-win-core-processenvironment-l1-1-0.dll
0x0000000002ff0000 - 0x0000000002ff3000 	C:\Program Files\Java\jre1.8.0_221\bin\api-ms-win-core-processthreads-l1-1-0.dll
0x0000000017660000 - 0x0000000017663000 	C:\Program Files\Java\jre1.8.0_221\bin\api-ms-win-core-processthreads-l1-1-1.dll
0x0000000017670000 - 0x0000000017673000 	C:\Program Files\Java\jre1.8.0_221\bin\api-ms-win-core-profile-l1-1-0.dll
0x0000000017680000 - 0x0000000017683000 	C:\Program Files\Java\jre1.8.0_221\bin\api-ms-win-core-rtlsupport-l1-1-0.dll
0x0000000017690000 - 0x0000000017693000 	C:\Program Files\Java\jre1.8.0_221\bin\api-ms-win-core-string-l1-1-0.dll
0x00000000176a0000 - 0x00000000176a3000 	C:\Program Files\Java\jre1.8.0_221\bin\api-ms-win-core-synch-l1-1-0.dll
0x00000000176b0000 - 0x00000000176b3000 	C:\Program Files\Java\jre1.8.0_221\bin\api-ms-win-core-synch-l1-2-0.dll
0x00000000176c0000 - 0x00000000176c3000 	C:\Program Files\Java\jre1.8.0_221\bin\api-ms-win-core-sysinfo-l1-1-0.dll
0x00000000176d0000 - 0x00000000176d3000 	C:\Program Files\Java\jre1.8.0_221\bin\api-ms-win-core-timezone-l1-1-0.dll
0x00000000176e0000 - 0x00000000176e3000 	C:\Program Files\Java\jre1.8.0_221\bin\api-ms-win-core-util-l1-1-0.dll
0x00000000176f0000 - 0x00000000176f3000 	C:\Program Files\Java\jre1.8.0_221\bin\api-ms-win-crt-conio-l1-1-0.dll
0x0000000017700000 - 0x0000000017704000 	C:\Program Files\Java\jre1.8.0_221\bin\api-ms-win-crt-convert-l1-1-0.dll
0x0000000017710000 - 0x0000000017713000 	C:\Program Files\Java\jre1.8.0_221\bin\api-ms-win-crt-environment-l1-1-0.dll
0x0000000017720000 - 0x0000000017723000 	C:\Program Files\Java\jre1.8.0_221\bin\api-ms-win-crt-filesystem-l1-1-0.dll
0x0000000017730000 - 0x0000000017733000 	C:\Program Files\Java\jre1.8.0_221\bin\api-ms-win-crt-heap-l1-1-0.dll
0x0000000017740000 - 0x0000000017743000 	C:\Program Files\Java\jre1.8.0_221\bin\api-ms-win-crt-locale-l1-1-0.dll
0x0000000017750000 - 0x0000000017755000 	C:\Program Files\Java\jre1.8.0_221\bin\api-ms-win-crt-math-l1-1-0.dll
0x0000000017760000 - 0x0000000017765000 	C:\Program Files\Java\jre1.8.0_221\bin\api-ms-win-crt-multibyte-l1-1-0.dll
0x0000000017770000 - 0x0000000017780000 	C:\Program Files\Java\jre1.8.0_221\bin\api-ms-win-crt-private-l1-1-0.dll
0x0000000017780000 - 0x0000000017783000 	C:\Program Files\Java\jre1.8.0_221\bin\api-ms-win-crt-process-l1-1-0.dll
0x0000000017790000 - 0x0000000017794000 	C:\Program Files\Java\jre1.8.0_221\bin\api-ms-win-crt-runtime-l1-1-0.dll
0x00000000177a0000 - 0x00000000177a4000 	C:\Program Files\Java\jre1.8.0_221\bin\api-ms-win-crt-stdio-l1-1-0.dll
0x00000000177b0000 - 0x00000000177b4000 	C:\Program Files\Java\jre1.8.0_221\bin\api-ms-win-crt-string-l1-1-0.dll
0x00000000177c0000 - 0x00000000177c3000 	C:\Program Files\Java\jre1.8.0_221\bin\api-ms-win-crt-time-l1-1-0.dll
0x00000000177d0000 - 0x00000000177d3000 	C:\Program Files\Java\jre1.8.0_221\bin\api-ms-win-crt-utility-l1-1-0.dll
0x00007fff59260000 - 0x00007fff59356000 	C:\Program Files\Java\jre1.8.0_221\bin\ucrtbase.dll
0x00007fff84aa0000 - 0x00007fff84ab6000 	C:\Program Files\Java\jre1.8.0_221\bin\vcruntime140.dll
0x00007fff5b5d0000 - 0x00007fff5b67a000 	C:\Program Files\Java\jre1.8.0_221\bin\msvcp140.dll
0x00007fff5b8b0000 - 0x00007fff5b904000 	C:\Program Files\Java\jre1.8.0_221\bin\concrt140.dll
0x00007fff72670000 - 0x00007fff72693000 	C:\Program Files\Java\jre1.8.0_221\bin\prism_d3d.dll
0x00007fff4a8a0000 - 0x00007fff4aa67000 	C:\Windows\system32\d3d9.dll
0x00007fff86790000 - 0x00007fff867bd000 	C:\Windows\SYSTEM32\dwmapi.dll
0x00007fff878b0000 - 0x00007fff878d0000 	C:\Windows\SYSTEM32\dxcore.dll
0x00007fff86430000 - 0x00007fff864c9000 	C:\Windows\system32\uxtheme.dll
0x00007fff2d5a0000 - 0x00007fff2fadd000 	C:\Windows\SYSTEM32\igdumdim64.dll
0x00007fff89ed0000 - 0x00007fff89f95000 	C:\Windows\System32\OLEAUT32.dll
0x00007fff8ab90000 - 0x00007fff8ace7000 	C:\Windows\System32\ole32.dll
0x00007fff8b4a0000 - 0x00007fff8b910000 	C:\Windows\System32\SETUPAPI.dll
0x00007fff88f80000 - 0x00007fff88fa6000 	C:\Windows\System32\bcrypt.dll
0x00007fff5b440000 - 0x00007fff5b489000 	C:\Program Files\Java\jre1.8.0_221\bin\glass.dll
0x00007fff8b230000 - 0x00007fff8b300000 	C:\Windows\System32\COMDLG32.dll
0x00007fff8a710000 - 0x00007fff8a845000 	C:\Windows\System32\MSCTF.dll
0x00007fff7f540000 - 0x00007fff7ff80000 	C:\Windows\SYSTEM32\igdusc64.dll
0x00007fff54c40000 - 0x00007fff54d2f000 	C:\Users\mmcam\.javacpp\cache\opencv-3.2.0-1.3-windows-x86_64.jar\org\bytedeco\javacpp\windows-x86_64\msvcr120.dll
0x00007fff54ac0000 - 0x00007fff54b66000 	C:\Users\mmcam\.javacpp\cache\opencv-3.2.0-1.3-windows-x86_64.jar\org\bytedeco\javacpp\windows-x86_64\msvcp120.dll
0x00007fff424b0000 - 0x00007fff42738000 	C:\Users\mmcam\.javacpp\cache\opencv-3.2.0-1.3-windows-x86_64.jar\org\bytedeco\javacpp\windows-x86_64\opencv_core320.dll
0x00007fff3c900000 - 0x00007fff3cc62000 	C:\Users\mmcam\.javacpp\cache\opencv-3.2.0-1.3-windows-x86_64.jar\org\bytedeco\javacpp\windows-x86_64\opencv_imgproc320.dll
0x00007fff3c6b0000 - 0x00007fff3c8fa000 	C:\Users\mmcam\.javacpp\cache\opencv-3.2.0-1.3-windows-x86_64.jar\org\bytedeco\javacpp\windows-x86_64\jniopencv_core.dll
0x00007fff617f0000 - 0x00007fff6180a000 	C:\Program Files\Java\jre1.8.0_221\bin\net.dll
0x00007fff78d80000 - 0x00007fff78f56000 	C:\Windows\SYSTEM32\urlmon.dll
0x00007fff79080000 - 0x00007fff79326000 	C:\Windows\SYSTEM32\iertutil.dll
0x00007fff88680000 - 0x00007fff8868c000 	C:\Windows\SYSTEM32\CRYPTBASE.DLL
0x00007fff884b0000 - 0x00007fff88517000 	C:\Windows\system32\mswsock.dll
0x00007fff617d0000 - 0x00007fff617e2000 	C:\Program Files\Java\jre1.8.0_221\bin\nio.dll
0x00007fff4a700000 - 0x00007fff4a899000 	C:\Program Files\Java\jre1.8.0_221\bin\awt.dll
0x00007fff86270000 - 0x00007fff862ff000 	C:\Windows\SYSTEM32\apphelp.dll
0x00007fff84a80000 - 0x00007fff84a94000 	C:\Program Files\Java\jre1.8.0_221\bin\javafx_font.dll
0x00007fff29540000 - 0x00007fff2d59b000 	C:\Program Files\Java\jre1.8.0_221\bin\jfxwebkit.dll
0x00007fff88020000 - 0x00007fff88053000 	C:\Windows\system32\rsaenh.dll
0x00007fff78a80000 - 0x00007fff78d7e000 	C:\Windows\SYSTEM32\dwrite.dll
0x00007fff8bb30000 - 0x00007fff8bbd2000 	C:\Windows\System32\clbcatq.dll
0x00007fff84060000 - 0x00007fff8420f000 	C:\Windows\SYSTEM32\WindowsCodecs.dll
0x00007fff54a10000 - 0x00007fff54a4a000 	C:\Windows\system32\dataexchange.dll
0x00007fff859e0000 - 0x00007fff85bbc000 	C:\Windows\system32\dcomp.dll
0x00007fff85780000 - 0x00007fff859db000 	C:\Windows\system32\d3d11.dll
0x00007fff87940000 - 0x00007fff87a2b000 	C:\Windows\system32\dxgi.dll
0x00007fff86520000 - 0x00007fff86781000 	C:\Windows\system32\twinapi.appcore.dll
0x00007fff86a40000 - 0x00007fff86a69000 	C:\Windows\system32\RMCLIENT.dll
0x00007fff5b010000 - 0x00007fff5b043000 	C:\Program Files\Common Files\Microsoft Shared\Ink\rtscom.dll
0x00007fff7aed0000 - 0x00007fff7af6e000 	C:\Windows\System32\TextInputFramework.dll
0x00007fff84450000 - 0x00007fff8477a000 	C:\Windows\System32\CoreUIComponents.dll
0x00007fff85f90000 - 0x00007fff86064000 	C:\Windows\System32\CoreMessaging.dll
0x00007fff842f0000 - 0x00007fff84443000 	C:\Windows\SYSTEM32\wintypes.dll
0x00007fff87ca0000 - 0x00007fff87cd1000 	C:\Windows\SYSTEM32\ntmarta.dll

VM Arguments:
jvm_args: -Djava.library.path=C:\Users\Administrator\Desktop\opencv\build\java\x64 -Dfile.encoding=Cp1252 
java_command: application.Main
java_class_path (initial): C:\Users\mmcam\OneDrive\Bureau\projet java\ensahVision\target\classes;C:\Users\mmcam\.p2\pool\plugins\org.eclipse.fx.ide.css.jfx8_1.2.0.201501301049.jar;C:\Users\mmcam\OneDrive\Bureau\projet java\ensahVision\bin\opencv-341.jar;C:\Users\mmcam\.m2\repository\org\bytedeco\javacv-platform\1.3.2\javacv-platform-1.3.2.jar;C:\Users\mmcam\.m2\repository\org\bytedeco\javacv\1.3.2\javacv-1.3.2.jar;C:\Users\mmcam\.m2\repository\org\bytedeco\javacpp-presets\ffmpeg\3.2.1-1.3\ffmpeg-3.2.1-1.3.jar;C:\Users\mmcam\.m2\repository\org\bytedeco\javacpp-presets\flycapture\2.9.3.43-1.3\flycapture-2.9.3.43-1.3.jar;C:\Users\mmcam\.m2\repository\org\bytedeco\javacpp-presets\libdc1394\2.2.4-1.3\libdc1394-2.2.4-1.3.jar;C:\Users\mmcam\.m2\repository\org\bytedeco\javacpp-presets\libfreenect\0.5.3-1.3\libfreenect-0.5.3-1.3.jar;C:\Users\mmcam\.m2\repository\org\bytedeco\javacpp-presets\libfreenect2\0.2.0-1.3\libfreenect2-0.2.0-1.3.jar;C:\Users\mmcam\.m2\repository\org\bytedeco\javacpp-presets\librealsense\1.9.6-1.3\librealsense-1.9.6-1.3.jar;C:\Users\mmcam\.m2\repository\org\bytedeco\javacpp-presets\videoinput\0.200-1.3\videoinput-0.200-1.3.jar;C:\Users\mmcam\.m2\repository\org\bytedeco\javacpp-presets\artoolkitplus\2.3.1-1.3\artoolkitplus-2.3.1-1.3.jar;C:\Users\mmcam\.m2\repository\org\bytedeco\javacpp-presets\flandmark\1.07-1.3\flandmark-1.07-1.3.jar;C:\Users\mmcam\.m2\repository\org\bytedeco\javacpp-presets\opencv-platform\3.2.0-1.3\opencv-platform-3.2.0-1.3.jar;C:\Users\mmcam\.m2\repository\org\bytedeco\javacpp-presets\opencv\3.2.0-1.3\opencv-3.2.0-1.3-android-arm.jar;C:\Users\mmcam\.m2\repository\org\bytedeco\javacpp-presets\opencv\3.2.0-1.3\opencv-3.2.0-1.3-android-x86.jar;C:\Users\mmcam\.m2\repository\org\bytedeco\javacpp-presets\opencv\3.2.0-1.3\opencv-3.2.0-1.3-linux-x86.jar;C:\Users\mmcam\.m2\repository\org\bytedeco\javacpp-presets\opencv\3.2.0-1.3\opencv-3.2.0-1.3-linux-x86_64.jar;C:\Users\mmcam\.m2\repository\org\bytedeco\javacpp-presets\opencv\3.2.0-1.3\o
Launcher Type: SUN_STANDARD

Environment Variables:
PATH=C:/Program Files/Java/jre1.8.0_221/bin/server;C:/Program Files/Java/jre1.8.0_221/bin;C:/Program Files/Java/jre1.8.0_221/lib/amd64;C:\Program Files (x86)\Common Files\Oracle\Java\javapath;C:\opencv\build\bin;C:\Users\mmcam\AppData\Local\Microsoft\WindowsApps;;C:\Users\mmcam\AppData\Local\Programs\Microsoft VS Code\bin;C:\Users\mmcam\AppData\Roaming\npm;C:\Users\mmcam\OneDrive\Bureau;
USERNAME=mmcam
OS=Windows_NT
PROCESSOR_IDENTIFIER=Intel64 Family 6 Model 69 Stepping 1, GenuineIntel



---------------  S Y S T E M  ---------------

OS: Windows 10.0 , 64 bit Build 18362 (10.0.18362.900)

CPU:total 4 (initial active 4) (2 cores per cpu, 2 threads per core) family 6 model 69 stepping 1, cmov, cx8, fxsr, mmx, sse, sse2, sse3, ssse3, sse4.1, sse4.2, popcnt, avx, avx2, aes, clmul, erms, lzcnt, ht, tsc, tscinvbit, bmi1, bmi2

Memory: 4k page, physical 4074888k(1167688k free), swap 10890632k(2700512k free)

vm_info: Java HotSpot(TM) 64-Bit Server VM (25.221-b11) for windows-amd64 JRE (1.8.0_221-b11), built on Jul  4 2019 04:39:29 by "java_re" with MS VC++ 10.0 (VS2010)

time: Fri Jun 12 20:34:27 2020
timezone: Maroc (heure d’été)
elapsed time: 190 seconds (0d 0h 3m 10s)

