#
# A fatal error has been detected by the Java Runtime Environment:
#
#  EXCEPTION_ACCESS_VIOLATION (0xc0000005) at pc=0x00007ffe91d872a6, pid=9176, tid=0x00000000000025bc
#
# JRE version: Java(TM) SE Runtime Environment (8.0_251-b08) (build 1.8.0_251-b08)
# Java VM: Java HotSpot(TM) 64-Bit Server VM (25.251-b08 mixed mode windows-amd64 compressed oops)
# Problematic frame:
# C  [ntdll.dll+0x72a6]
#
# Failed to write core dump. Minidumps are not enabled by default on client versions of Windows
#
# If you would like to submit a bug report, please visit:
#   http://bugreport.java.com/bugreport/crash.jsp
# The crash happened outside the Java Virtual Machine in native code.
# See problematic frame for where to report the bug.
#

---------------  T H R E A D  ---------------

Current thread (0x0000000015518800):  JavaThread "Thread-5" [_thread_in_native, id=9660, stack(0x0000000025320000,0x0000000025420000)]

siginfo: ExceptionCode=0xc0000005, writing address 0x0000000000000024

Registers:
RAX=0x0000000000000000, RBX=0x00000000267ccbc8, RCX=0x00000000267ccbc8, RDX=0x00000000fffffffa
RSP=0x000000002541e770, RBP=0x0000000000000000, RSI=0x0000000000000000, RDI=0x0000000000000000
R8 =0x0000000000000000, R9 =0x00000000267ccb00, R10=0x0000000000000000, R11=0x0000000000000246
R12=0x0000000000000000, R13=0x0000000000c63000, R14=0x0000000000000001, R15=0x0000000000000000
RIP=0x00007ffe91d872a6, EFLAGS=0x0000000000010213

Top of Stack: (sp=0x000000002541e770)
0x000000002541e770:   ffffffffffffffff 00000000267ccbc8
0x000000002541e780:   0000000000000078 0000000000000000
0x000000002541e790:   0000000000000004 0000000000000280
0x000000002541e7a0:   0000000015518800 00000000eb666430
0x000000002541e7b0:   0000000022e8a000 00000000fffffffa
0x000000002541e7c0:   0000000000c63000 fffffffffffffffe
0x000000002541e7d0:   00000000c1c4add8 00000000eb6666f8
0x000000002541e7e0:   00000000eb666838 00000000ec08e105
0x000000002541e7f0:   0000000002e337a0 0000000058bbec32
0x000000002541e800:   00007c27446adad3 0000000003c9fe84
0x000000002541e810:   0000000015518800 0000000000000001
0x000000002541e820:   0000000000000001 0000000000000001
0x000000002541e830:   0000000000000000 00000000267ccbc8
0x000000002541e840:   0000000000000000 00007ffe91d9b576
0x000000002541e850:   0000c40fee515b3b 0000000058bb7e2c
0x000000002541e860:   00000000fffffffa ffffffffff676980 

Instructions: (pc=0x00007ffe91d872a6)
0x00007ffe91d87286:   48 39 73 18 0f 84 d1 00 00 00 48 8b 03 48 83 f8
0x00007ffe91d87296:   ff 0f 84 d1 00 00 00 44 8b fe 48 83 f8 ff 74 03
0x00007ffe91d872a6:   ff 40 24 4c 8b 73 18 4c 8d 2d 44 82 15 00 bd 22
0x00007ffe91d872b6:   17 00 00 e8 72 89 03 00 85 c0 0f 85 5e 0b 0a 00 


Register to memory mapping:

RAX=0x0000000000000000 is an unknown value
RBX=0x00000000267ccbc8 is an unknown value
RCX=0x00000000267ccbc8 is an unknown value
RDX=0x00000000fffffffa is an unallocated location in the heap
RSP=0x000000002541e770 is pointing into the stack for thread: 0x0000000015518800
RBP=0x0000000000000000 is an unknown value
RSI=0x0000000000000000 is an unknown value
RDI=0x0000000000000000 is an unknown value
R8 =0x0000000000000000 is an unknown value
R9 =0x00000000267ccb00 is an unknown value
R10=0x0000000000000000 is an unknown value
R11=0x0000000000000246 is an unknown value
R12=0x0000000000000000 is an unknown value
R13=0x0000000000c63000 is an unknown value
R14=0x0000000000000001 is an unknown value
R15=0x0000000000000000 is an unknown value


Stack: [0x0000000025320000,0x0000000025420000],  sp=0x000000002541e770,  free space=1017k
Native frames: (J=compiled Java code, j=interpreted, Vv=VM code, C=native code)

Java frames: (J=compiled Java code, j=interpreted, Vv=VM code)
J 4284  org.bytedeco.javacpp.opencv_videoio$VideoCapture.retrieve(Lorg/bytedeco/javacpp/opencv_core$Mat;)Z (0 bytes) @ 0x0000000003bb468f [0x0000000003bb4640+0x4f]
J 4283 C1 org.bytedeco.javacv.OpenCVFrameGrabber.grab()Lorg/bytedeco/javacv/Frame; (255 bytes) @ 0x0000000003bbd68c [0x0000000003bbd5e0+0xac]
j  application.FaceDetector.run()V+1205
j  java.lang.Thread.run()V+11
v  ~StubRoutines::call_stub

---------------  P R O C E S S  ---------------

Java Threads: ( => current thread )
  0x0000000015515000 JavaThread "Thread-7" [_thread_in_native, id=10036, stack(0x0000000001150000,0x0000000001250000)]
=>0x0000000015518800 JavaThread "Thread-5" [_thread_in_native, id=9660, stack(0x0000000025320000,0x0000000025420000)]
  0x000000002042a000 JavaThread "Prism Font Disposer" daemon [_thread_blocked, id=7612, stack(0x00000000213b0000,0x00000000214b0000)]
  0x000000001d660000 JavaThread "AWT-Windows" daemon [_thread_in_native, id=4496, stack(0x000000001e6c0000,0x000000001e7c0000)]
  0x000000001d754000 JavaThread "Java2D Disposer" daemon [_thread_blocked, id=10500, stack(0x000000001e010000,0x000000001e110000)]
  0x000000001da7c000 JavaThread "JavaCPP Deallocator" daemon [_thread_blocked, id=9268, stack(0x000000001e120000,0x000000001e220000)]
  0x0000000017926000 JavaThread "JavaFX-Launcher" [_thread_blocked, id=8668, stack(0x000000001cd40000,0x000000001ce40000)]
  0x0000000017917000 JavaThread "Thread-2" daemon [_thread_in_native, id=6996, stack(0x000000001cc40000,0x000000001cd40000)]
  0x000000001726f000 JavaThread "JavaFX Application Thread" [_thread_in_native, id=1004, stack(0x0000000018260000,0x0000000018360000)]
  0x0000000017268800 JavaThread "Thread-1" daemon [_thread_blocked, id=9236, stack(0x0000000018160000,0x0000000018260000)]
  0x0000000017277800 JavaThread "QuantumRenderer-0" daemon [_thread_blocked, id=9108, stack(0x00000000176a0000,0x00000000177a0000)]
  0x0000000016eb0800 JavaThread "Service Thread" daemon [_thread_blocked, id=6560, stack(0x0000000017280000,0x0000000017380000)]
  0x0000000015518000 JavaThread "C1 CompilerThread2" daemon [_thread_blocked, id=10616, stack(0x0000000016d80000,0x0000000016e80000)]
  0x0000000015512800 JavaThread "C2 CompilerThread1" daemon [_thread_blocked, id=9760, stack(0x0000000016c80000,0x0000000016d80000)]
  0x000000001550a000 JavaThread "C2 CompilerThread0" daemon [_thread_in_native, id=7872, stack(0x0000000016b80000,0x0000000016c80000)]
  0x0000000015506800 JavaThread "Attach Listener" daemon [_thread_blocked, id=11916, stack(0x0000000016a80000,0x0000000016b80000)]
  0x0000000015505800 JavaThread "Signal Dispatcher" daemon [_thread_blocked, id=7380, stack(0x0000000016980000,0x0000000016a80000)]
  0x00000000154f0000 JavaThread "Finalizer" daemon [_thread_blocked, id=4612, stack(0x0000000016750000,0x0000000016850000)]
  0x0000000002f2a000 JavaThread "Reference Handler" daemon [_thread_blocked, id=11212, stack(0x0000000016650000,0x0000000016750000)]
  0x0000000002e36800 JavaThread "main" [_thread_blocked, id=11356, stack(0x0000000002d30000,0x0000000002e30000)]

Other Threads:
  0x00000000154c8000 VMThread [stack: 0x0000000016550000,0x0000000016650000] [id=10888]
  0x000000001555d000 WatcherThread [stack: 0x0000000017380000,0x0000000017480000] [id=8768]

VM state:not at safepoint (normal execution)

VM Mutex/Monitor currently owned by a thread: None

heap address: 0x00000000c1c00000, size: 996 MB, Compressed Oops mode: 32-bit
Narrow klass base: 0x0000000000000000, Narrow klass shift: 3
Compressed class space size: 1073741824 Address: 0x0000000100000000

Heap:
 PSYoungGen      total 126464K, used 49581K [0x00000000eb400000, 0x00000000f4000000, 0x0000000100000000)
  eden space 117760K, 42% used [0x00000000eb400000,0x00000000ee46b730,0x00000000f2700000)
  from space 8704K, 0% used [0x00000000f3080000,0x00000000f3080000,0x00000000f3900000)
  to   space 9728K, 0% used [0x00000000f2700000,0x00000000f2700000,0x00000000f3080000)
 ParOldGen       total 207872K, used 107868K [0x00000000c1c00000, 0x00000000ce700000, 0x00000000eb400000)
  object space 207872K, 51% used [0x00000000c1c00000,0x00000000c8557030,0x00000000ce700000)
 Metaspace       used 28458K, capacity 29560K, committed 29824K, reserved 1075200K
  class space    used 3677K, capacity 3925K, committed 3968K, reserved 1048576K

Card table byte_map: [0x00000000122f0000,0x00000000124f0000] byte_map_base: 0x0000000011ce2000

Marking Bits: (ParMarkBitMap*) 0x00000000591caf90
 Begin Bits: [0x0000000012a40000, 0x00000000139d0000)
 End Bits:   [0x00000000139d0000, 0x0000000014960000)

Polling page: 0x0000000002b30000

CodeCache: size=245760Kb used=14776Kb max_used=14778Kb free=230983Kb
 bounds [0x0000000002f30000, 0x0000000003dc0000, 0x0000000011f30000]
 total_blobs=5429 nmethods=4512 adapters=828
 compilation: enabled

Compilation events (10 events):
Event: 136.287 Thread 0x000000001550a000 nmethod 5157 0x0000000003ace390 code [0x0000000003ace4e0, 0x0000000003ace5d8]
Event: 136.292 Thread 0x000000001550a000 5160       4       javafx.scene.Node::getLocalBounds (162 bytes)
Event: 136.293 Thread 0x0000000015518000 5161       3       javafx.scene.Node::getGeomBounds (141 bytes)
Event: 136.294 Thread 0x0000000015512800 nmethod 5155% 0x0000000003da04d0 code [0x0000000003da0620, 0x0000000003da08f8]
Event: 136.294 Thread 0x0000000015512800 5162       4       javafx.scene.Node::updateBounds (174 bytes)
Event: 136.295 Thread 0x0000000015518000 nmethod 5161 0x0000000003da1f10 code [0x0000000003da21c0, 0x0000000003da3648]
Event: 136.318 Thread 0x000000001550a000 nmethod 5160 0x0000000003da5a50 code [0x0000000003da5c80, 0x0000000003da65a8]
Event: 136.344 Thread 0x000000001550a000 5163       4       com.sun.javafx.geom.Path2D::curveTo (150 bytes)
Event: 136.348 Thread 0x000000001550a000 nmethod 5163 0x0000000003da1850 code [0x0000000003da19a0, 0x0000000003da1c78]
Event: 136.378 Thread 0x0000000015512800 nmethod 5162 0x0000000003da9fd0 code [0x0000000003daa3c0, 0x0000000003dabde8]

GC Heap History (10 events):
Event: 131.828 GC heap before
{Heap before GC invocations=51 (full 1):
 PSYoungGen      total 121856K, used 120213K [0x00000000eb400000, 0x00000000f3400000, 0x0000000100000000)
  eden space 115200K, 99% used [0x00000000eb400000,0x00000000f247d640,0x00000000f2480000)
  from space 6656K, 75% used [0x00000000f2480000,0x00000000f2968040,0x00000000f2b00000)
  to   space 7168K, 0% used [0x00000000f2d00000,0x00000000f2d00000,0x00000000f3400000)
 ParOldGen       total 55808K, used 31105K [0x00000000c1c00000, 0x00000000c5280000, 0x00000000eb400000)
  object space 55808K, 55% used [0x00000000c1c00000,0x00000000c3a606a8,0x00000000c5280000)
 Metaspace       used 28352K, capacity 29426K, committed 29568K, reserved 1075200K
  class space    used 3664K, capacity 3924K, committed 3968K, reserved 1048576K
Event: 131.831 GC heap after
Heap after GC invocations=51 (full 1):
 PSYoungGen      total 123392K, used 5024K [0x00000000eb400000, 0x00000000f3500000, 0x0000000100000000)
  eden space 116224K, 0% used [0x00000000eb400000,0x00000000eb400000,0x00000000f2580000)
  from space 7168K, 70% used [0x00000000f2d00000,0x00000000f31e8040,0x00000000f3400000)
  to   space 7680K, 0% used [0x00000000f2580000,0x00000000f2580000,0x00000000f2d00000)
 ParOldGen       total 55808K, used 31129K [0x00000000c1c00000, 0x00000000c5280000, 0x00000000eb400000)
  object space 55808K, 55% used [0x00000000c1c00000,0x00000000c3a666a8,0x00000000c5280000)
 Metaspace       used 28352K, capacity 29426K, committed 29568K, reserved 1075200K
  class space    used 3664K, capacity 3924K, committed 3968K, reserved 1048576K
}
Event: 133.492 GC heap before
{Heap before GC invocations=52 (full 1):
 PSYoungGen      total 123392K, used 120096K [0x00000000eb400000, 0x00000000f3500000, 0x0000000100000000)
  eden space 116224K, 99% used [0x00000000eb400000,0x00000000f24602e0,0x00000000f2580000)
  from space 7168K, 70% used [0x00000000f2d00000,0x00000000f31e8040,0x00000000f3400000)
  to   space 7680K, 0% used [0x00000000f2580000,0x00000000f2580000,0x00000000f2d00000)
 ParOldGen       total 55808K, used 31129K [0x00000000c1c00000, 0x00000000c5280000, 0x00000000eb400000)
  object space 55808K, 55% used [0x00000000c1c00000,0x00000000c3a666a8,0x00000000c5280000)
 Metaspace       used 28418K, capacity 29496K, committed 29568K, reserved 1075200K
  class space    used 3674K, capacity 3925K, committed 3968K, reserved 1048576K
Event: 133.505 GC heap after
Heap after GC invocations=52 (full 1):
 PSYoungGen      total 123904K, used 7456K [0x00000000eb400000, 0x00000000f3900000, 0x0000000100000000)
  eden space 116224K, 0% used [0x00000000eb400000,0x00000000eb400000,0x00000000f2580000)
  from space 7680K, 97% used [0x00000000f2580000,0x00000000f2cc8060,0x00000000f2d00000)
  to   space 8704K, 0% used [0x00000000f3080000,0x00000000f3080000,0x00000000f3900000)
 ParOldGen       total 55808K, used 53969K [0x00000000c1c00000, 0x00000000c5280000, 0x00000000eb400000)
  object space 55808K, 96% used [0x00000000c1c00000,0x00000000c50b47d8,0x00000000c5280000)
 Metaspace       used 28418K, capacity 29496K, committed 29568K, reserved 1075200K
  class space    used 3674K, capacity 3925K, committed 3968K, reserved 1048576K
}
Event: 133.505 GC heap before
{Heap before GC invocations=53 (full 2):
 PSYoungGen      total 123904K, used 7456K [0x00000000eb400000, 0x00000000f3900000, 0x0000000100000000)
  eden space 116224K, 0% used [0x00000000eb400000,0x00000000eb400000,0x00000000f2580000)
  from space 7680K, 97% used [0x00000000f2580000,0x00000000f2cc8060,0x00000000f2d00000)
  to   space 8704K, 0% used [0x00000000f3080000,0x00000000f3080000,0x00000000f3900000)
 ParOldGen       total 55808K, used 53969K [0x00000000c1c00000, 0x00000000c5280000, 0x00000000eb400000)
  object space 55808K, 96% used [0x00000000c1c00000,0x00000000c50b47d8,0x00000000c5280000)
 Metaspace       used 28418K, capacity 29496K, committed 29568K, reserved 1075200K
  class space    used 3674K, capacity 3925K, committed 3968K, reserved 1048576K
Event: 133.702 GC heap after
Heap after GC invocations=53 (full 2):
 PSYoungGen      total 123904K, used 1228K [0x00000000eb400000, 0x00000000f3900000, 0x0000000100000000)
  eden space 116224K, 0% used [0x00000000eb400000,0x00000000eb400000,0x00000000f2580000)
  from space 7680K, 15% used [0x00000000f2580000,0x00000000f26b3028,0x00000000f2d00000)
  to   space 8704K, 0% used [0x00000000f3080000,0x00000000f3080000,0x00000000f3900000)
 ParOldGen       total 114688K, used 55036K [0x00000000c1c00000, 0x00000000c8c00000, 0x00000000eb400000)
  object space 114688K, 47% used [0x00000000c1c00000,0x00000000c51bf0a8,0x00000000c8c00000)
 Metaspace       used 28418K, capacity 29496K, committed 29568K, reserved 1075200K
  class space    used 3674K, capacity 3925K, committed 3968K, reserved 1048576K
}
Event: 135.356 GC heap before
{Heap before GC invocations=54 (full 2):
 PSYoungGen      total 123904K, used 117075K [0x00000000eb400000, 0x00000000f3900000, 0x0000000100000000)
  eden space 116224K, 99% used [0x00000000eb400000,0x00000000f2521d68,0x00000000f2580000)
  from space 7680K, 15% used [0x00000000f2580000,0x00000000f26b3028,0x00000000f2d00000)
  to   space 8704K, 0% used [0x00000000f3080000,0x00000000f3080000,0x00000000f3900000)
 ParOldGen       total 114688K, used 55036K [0x00000000c1c00000, 0x00000000c8c00000, 0x00000000eb400000)
  object space 114688K, 47% used [0x00000000c1c00000,0x00000000c51bf0a8,0x00000000c8c00000)
 Metaspace       used 28425K, capacity 29496K, committed 29568K, reserved 1075200K
  class space    used 3675K, capacity 3925K, committed 3968K, reserved 1048576K
Event: 135.386 GC heap after
Heap after GC invocations=54 (full 2):
 PSYoungGen      total 126464K, used 8560K [0x00000000eb400000, 0x00000000f4000000, 0x0000000100000000)
  eden space 117760K, 0% used [0x00000000eb400000,0x00000000eb400000,0x00000000f2700000)
  from space 8704K, 98% used [0x00000000f3080000,0x00000000f38dc070,0x00000000f3900000)
  to   space 9728K, 0% used [0x00000000f2700000,0x00000000f2700000,0x00000000f3080000)
 ParOldGen       total 114688K, used 100644K [0x00000000c1c00000, 0x00000000c8c00000, 0x00000000eb400000)
  object space 114688K, 87% used [0x00000000c1c00000,0x00000000c7e49308,0x00000000c8c00000)
 Metaspace       used 28425K, capacity 29496K, committed 29568K, reserved 1075200K
  class space    used 3675K, capacity 3925K, committed 3968K, reserved 1048576K
}
Event: 135.386 GC heap before
{Heap before GC invocations=55 (full 3):
 PSYoungGen      total 126464K, used 8560K [0x00000000eb400000, 0x00000000f4000000, 0x0000000100000000)
  eden space 117760K, 0% used [0x00000000eb400000,0x00000000eb400000,0x00000000f2700000)
  from space 8704K, 98% used [0x00000000f3080000,0x00000000f38dc070,0x00000000f3900000)
  to   space 9728K, 0% used [0x00000000f2700000,0x00000000f2700000,0x00000000f3080000)
 ParOldGen       total 114688K, used 100644K [0x00000000c1c00000, 0x00000000c8c00000, 0x00000000eb400000)
  object space 114688K, 87% used [0x00000000c1c00000,0x00000000c7e49308,0x00000000c8c00000)
 Metaspace       used 28425K, capacity 29496K, committed 29568K, reserved 1075200K
  class space    used 3675K, capacity 3925K, committed 3968K, reserved 1048576K
Event: 135.484 GC heap after
Heap after GC invocations=55 (full 3):
 PSYoungGen      total 126464K, used 0K [0x00000000eb400000, 0x00000000f4000000, 0x0000000100000000)
  eden space 117760K, 0% used [0x00000000eb400000,0x00000000eb400000,0x00000000f2700000)
  from space 8704K, 0% used [0x00000000f3080000,0x00000000f3080000,0x00000000f3900000)
  to   space 9728K, 0% used [0x00000000f2700000,0x00000000f2700000,0x00000000f3080000)
 ParOldGen       total 207872K, used 107868K [0x00000000c1c00000, 0x00000000ce700000, 0x00000000eb400000)
  object space 207872K, 51% used [0x00000000c1c00000,0x00000000c8557030,0x00000000ce700000)
 Metaspace       used 28425K, capacity 29496K, committed 29568K, reserved 1075200K
  class space    used 3675K, capacity 3925K, committed 3968K, reserved 1048576K
}

Deoptimization events (10 events):
Event: 136.290 Thread 0x000000001726f000 Uncommon trap: reason=unstable_if action=reinterpret pc=0x000000000315674c method=javafx.scene.Parent.setChildDirty(Ljavafx/scene/Node;Z)V @ 51
Event: 136.290 Thread 0x000000001726f000 Uncommon trap: reason=predicate action=maybe_recompile pc=0x0000000003a7fa0c method=java.util.ArrayList.remove(Ljava/lang/Object;)Z @ 49
Event: 136.299 Thread 0x0000000017277800 Uncommon trap: reason=unstable_if action=reinterpret pc=0x0000000003ca3e68 method=com.sun.javafx.sg.prism.NGText.renderText(Lcom/sun/prism/Graphics;Lcom/sun/javafx/font/FontStrike;Lcom/sun/javafx/geom/BaseBounds;Lcom/sun/prism/paint/Color;I)V @ 147
Event: 136.299 Thread 0x0000000017277800 Uncommon trap: reason=class_check action=maybe_recompile pc=0x0000000003d1cb24 method=com.sun.prism.impl.shape.NativePiscesRasterizer.getMaskData(Lcom/sun/javafx/geom/Shape;Lcom/sun/prism/BasicStroke;Lcom/sun/javafx/geom/RectBounds;Lcom/sun/javafx/geom/tr
Event: 136.344 Thread 0x0000000017277800 Uncommon trap: reason=class_check action=maybe_recompile pc=0x0000000003505658 method=com.sun.prism.impl.ps.BaseShaderGraphics.setPaint(Lcom/sun/prism/paint/Paint;)V @ 11
Event: 136.344 Thread 0x0000000017277800 Uncommon trap: reason=class_check action=maybe_recompile pc=0x000000000369a9a0 method=com.sun.prism.impl.ps.BaseShaderContext.validatePaintOp(Lcom/sun/prism/impl/ps/BaseShaderGraphics;Lcom/sun/javafx/geom/transform/BaseTransform;Lcom/sun/prism/impl/ps/Bas
Event: 136.431 Thread 0x0000000017277800 Uncommon trap: reason=class_check action=maybe_recompile pc=0x0000000003d1cb24 method=com.sun.prism.impl.shape.NativePiscesRasterizer.getMaskData(Lcom/sun/javafx/geom/Shape;Lcom/sun/prism/BasicStroke;Lcom/sun/javafx/geom/RectBounds;Lcom/sun/javafx/geom/tr
Event: 136.461 Thread 0x0000000017277800 Uncommon trap: reason=unstable_if action=reinterpret pc=0x0000000003c90018 method=com.sun.javafx.sg.prism.NGText.getStrike(Lcom/sun/javafx/geom/transform/BaseTransform;)Lcom/sun/javafx/font/FontStrike; @ 70
Event: 136.462 Thread 0x0000000017277800 Uncommon trap: reason=class_check action=maybe_recompile pc=0x0000000003d1cb24 method=com.sun.prism.impl.shape.NativePiscesRasterizer.getMaskData(Lcom/sun/javafx/geom/Shape;Lcom/sun/prism/BasicStroke;Lcom/sun/javafx/geom/RectBounds;Lcom/sun/javafx/geom/tr
Event: 136.465 Thread 0x0000000017277800 Uncommon trap: reason=class_check action=maybe_recompile pc=0x0000000003d1cb24 method=com.sun.prism.impl.shape.NativePiscesRasterizer.getMaskData(Lcom/sun/javafx/geom/Shape;Lcom/sun/prism/BasicStroke;Lcom/sun/javafx/geom/RectBounds;Lcom/sun/javafx/geom/tr

Classes redefined (0 events):
No events

Internal exceptions (10 events):
Event: 24.441 Thread 0x000000001726f000 Exception <a 'java/security/PrivilegedActionException'> (0x00000000ecfe10b8) thrown at [C:\jenkins\workspace\8-2-build-windows-amd64-cygwin\jdk8u251\737\hotspot\src\share\vm\prims\jvm.cpp, line 1502]
Event: 34.667 Thread 0x0000000017277800 Implicit null exception at 0x0000000003996310 to 0x0000000003996369
Event: 103.206 Thread 0x0000000017277800 Implicit null exception at 0x0000000003ca5ac5 to 0x0000000003cac571
Event: 103.207 Thread 0x0000000017277800 Implicit null exception at 0x0000000003cc4694 to 0x0000000003cc4889
Event: 103.220 Thread 0x0000000017277800 Implicit null exception at 0x00000000035b4525 to 0x00000000035b4cfd
Event: 136.269 Thread 0x000000001726f000 Implicit null exception at 0x00000000031c625a to 0x00000000031c66cd
Event: 136.269 Thread 0x000000001726f000 Implicit null exception at 0x0000000003a04669 to 0x0000000003a04db5
Event: 136.281 Thread 0x0000000017277800 Implicit null exception at 0x0000000003ca1140 to 0x0000000003ca20ad
Event: 136.282 Thread 0x0000000017277800 Implicit null exception at 0x0000000003d47aaf to 0x0000000003d4bb59
Event: 136.461 Thread 0x0000000017277800 Implicit null exception at 0x0000000003c8f954 to 0x0000000003c90001

Events (10 events):
Event: 136.432 loading class com/sun/javafx/geom/ArcIterator done
Event: 136.461 Thread 0x0000000017277800 Uncommon trap: trap_request=0xffffff65 fr.pc=0x0000000003c90018
Event: 136.461 Thread 0x0000000017277800 DEOPT PACKING pc=0x0000000003c90018 sp=0x000000001779d740
Event: 136.461 Thread 0x0000000017277800 DEOPT UNPACKING pc=0x0000000002f7583b sp=0x000000001779d720 mode 2
Event: 136.462 Thread 0x0000000017277800 Uncommon trap: trap_request=0xffffffde fr.pc=0x0000000003d1cb24
Event: 136.462 Thread 0x0000000017277800 DEOPT PACKING pc=0x0000000003d1cb24 sp=0x000000001779d470
Event: 136.462 Thread 0x0000000017277800 DEOPT UNPACKING pc=0x0000000002f7583b sp=0x000000001779d3b0 mode 2
Event: 136.465 Thread 0x0000000017277800 Uncommon trap: trap_request=0xffffffde fr.pc=0x0000000003d1cb24
Event: 136.465 Thread 0x0000000017277800 DEOPT PACKING pc=0x0000000003d1cb24 sp=0x000000001779d5b0
Event: 136.465 Thread 0x0000000017277800 DEOPT UNPACKING pc=0x0000000002f7583b sp=0x000000001779d4f0 mode 2


Dynamic libraries:
0x00007ff6273d0000 - 0x00007ff627407000 	C:\Program Files\Java\jre1.8.0_251\bin\javaw.exe
0x00007ffe91d80000 - 0x00007ffe91f70000 	C:\Windows\SYSTEM32\ntdll.dll
0x00007ffe91000000 - 0x00007ffe910b2000 	C:\Windows\System32\KERNEL32.DLL
0x00007ffe8f9b0000 - 0x00007ffe8fc54000 	C:\Windows\System32\KERNELBASE.dll
0x00007ffe90450000 - 0x00007ffe904f3000 	C:\Windows\System32\ADVAPI32.dll
0x00007ffe90f60000 - 0x00007ffe90ffe000 	C:\Windows\System32\msvcrt.dll
0x00007ffe91170000 - 0x00007ffe91207000 	C:\Windows\System32\sechost.dll
0x00007ffe90330000 - 0x00007ffe90450000 	C:\Windows\System32\RPCRT4.dll
0x00007ffe91af0000 - 0x00007ffe91c84000 	C:\Windows\System32\USER32.dll
0x00007ffe8f100000 - 0x00007ffe8f121000 	C:\Windows\System32\win32u.dll
0x00007ffe91210000 - 0x00007ffe91236000 	C:\Windows\System32\GDI32.dll
0x00007ffe8ed90000 - 0x00007ffe8ef24000 	C:\Windows\System32\gdi32full.dll
0x00007ffe8f130000 - 0x00007ffe8f1ce000 	C:\Windows\System32\msvcp_win.dll
0x00007ffe8ef50000 - 0x00007ffe8f04a000 	C:\Windows\System32\ucrtbase.dll
0x00007ffe82050000 - 0x00007ffe822d4000 	C:\Windows\WinSxS\amd64_microsoft.windows.common-controls_6595b64144ccf1df_6.0.18362.836_none_e6c4b943130f18ed\COMCTL32.dll
0x00007ffe8ff90000 - 0x00007ffe902c6000 	C:\Windows\System32\combase.dll
0x00007ffe8ed10000 - 0x00007ffe8ed90000 	C:\Windows\System32\bcryptPrimitives.dll
0x00007ffe90500000 - 0x00007ffe9052e000 	C:\Windows\System32\IMM32.DLL
0x000000005a340000 - 0x000000005a412000 	C:\Program Files\Java\jre1.8.0_251\bin\msvcr100.dll
0x00000000589a0000 - 0x000000005924b000 	C:\Program Files\Java\jre1.8.0_251\bin\server\jvm.dll
0x00007ffe8ff80000 - 0x00007ffe8ff88000 	C:\Windows\System32\PSAPI.DLL
0x00007ffe7bcf0000 - 0x00007ffe7bcf9000 	C:\Windows\SYSTEM32\WSOCK32.dll
0x00007ffe91a80000 - 0x00007ffe91aef000 	C:\Windows\System32\WS2_32.dll
0x00007ffe8bbf0000 - 0x00007ffe8bc14000 	C:\Windows\SYSTEM32\WINMM.dll
0x00007ffe840c0000 - 0x00007ffe840ca000 	C:\Windows\SYSTEM32\VERSION.dll
0x00007ffe8bbc0000 - 0x00007ffe8bbed000 	C:\Windows\SYSTEM32\winmmbase.dll
0x00007ffe8fdb0000 - 0x00007ffe8fdfa000 	C:\Windows\System32\cfgmgr32.dll
0x00007ffe7f210000 - 0x00007ffe7f21f000 	C:\Program Files\Java\jre1.8.0_251\bin\verify.dll
0x00007ffe6ea00000 - 0x00007ffe6ea29000 	C:\Program Files\Java\jre1.8.0_251\bin\java.dll
0x00007ffe75670000 - 0x00007ffe75686000 	C:\Program Files\Java\jre1.8.0_251\bin\zip.dll
0x00007ffe91240000 - 0x00007ffe91924000 	C:\Windows\System32\SHELL32.dll
0x00007ffe91c90000 - 0x00007ffe91d39000 	C:\Windows\System32\shcore.dll
0x00007ffe8f1d0000 - 0x00007ffe8f94e000 	C:\Windows\System32\windows.storage.dll
0x00007ffe8ecc0000 - 0x00007ffe8ece3000 	C:\Windows\System32\profapi.dll
0x00007ffe8ec70000 - 0x00007ffe8ecba000 	C:\Windows\System32\powrprof.dll
0x00007ffe8ec40000 - 0x00007ffe8ec50000 	C:\Windows\System32\UMPDC.dll
0x00007ffe908c0000 - 0x00007ffe90912000 	C:\Windows\System32\shlwapi.dll
0x00007ffe8ec50000 - 0x00007ffe8ec61000 	C:\Windows\System32\kernel.appcore.dll
0x00007ffe8ef30000 - 0x00007ffe8ef47000 	C:\Windows\System32\cryptsp.dll
0x0000000002cc0000 - 0x0000000002cc3000 	C:\Program Files\Java\jre1.8.0_251\bin\api-ms-win-core-console-l1-1-0.dll
0x0000000002cd0000 - 0x0000000002cd3000 	C:\Program Files\Java\jre1.8.0_251\bin\api-ms-win-core-datetime-l1-1-0.dll
0x0000000002ce0000 - 0x0000000002ce3000 	C:\Program Files\Java\jre1.8.0_251\bin\api-ms-win-core-debug-l1-1-0.dll
0x0000000002cf0000 - 0x0000000002cf3000 	C:\Program Files\Java\jre1.8.0_251\bin\api-ms-win-core-errorhandling-l1-1-0.dll
0x0000000002d00000 - 0x0000000002d04000 	C:\Program Files\Java\jre1.8.0_251\bin\api-ms-win-core-file-l1-1-0.dll
0x0000000002d10000 - 0x0000000002d13000 	C:\Program Files\Java\jre1.8.0_251\bin\api-ms-win-core-file-l1-2-0.dll
0x0000000017480000 - 0x0000000017483000 	C:\Program Files\Java\jre1.8.0_251\bin\api-ms-win-core-file-l2-1-0.dll
0x0000000017490000 - 0x0000000017493000 	C:\Program Files\Java\jre1.8.0_251\bin\api-ms-win-core-handle-l1-1-0.dll
0x00000000174a0000 - 0x00000000174a3000 	C:\Program Files\Java\jre1.8.0_251\bin\api-ms-win-core-heap-l1-1-0.dll
0x00000000174b0000 - 0x00000000174b3000 	C:\Program Files\Java\jre1.8.0_251\bin\api-ms-win-core-interlocked-l1-1-0.dll
0x00000000174c0000 - 0x00000000174c3000 	C:\Program Files\Java\jre1.8.0_251\bin\api-ms-win-core-libraryloader-l1-1-0.dll
0x00000000174d0000 - 0x00000000174d3000 	C:\Program Files\Java\jre1.8.0_251\bin\api-ms-win-core-localization-l1-2-0.dll
0x00000000174e0000 - 0x00000000174e3000 	C:\Program Files\Java\jre1.8.0_251\bin\api-ms-win-core-memory-l1-1-0.dll
0x00000000174f0000 - 0x00000000174f3000 	C:\Program Files\Java\jre1.8.0_251\bin\api-ms-win-core-namedpipe-l1-1-0.dll
0x0000000017500000 - 0x0000000017503000 	C:\Program Files\Java\jre1.8.0_251\bin\api-ms-win-core-processenvironment-l1-1-0.dll
0x0000000017510000 - 0x0000000017513000 	C:\Program Files\Java\jre1.8.0_251\bin\api-ms-win-core-processthreads-l1-1-0.dll
0x0000000017520000 - 0x0000000017523000 	C:\Program Files\Java\jre1.8.0_251\bin\api-ms-win-core-processthreads-l1-1-1.dll
0x0000000017530000 - 0x0000000017533000 	C:\Program Files\Java\jre1.8.0_251\bin\api-ms-win-core-profile-l1-1-0.dll
0x0000000017540000 - 0x0000000017543000 	C:\Program Files\Java\jre1.8.0_251\bin\api-ms-win-core-rtlsupport-l1-1-0.dll
0x0000000017550000 - 0x0000000017553000 	C:\Program Files\Java\jre1.8.0_251\bin\api-ms-win-core-string-l1-1-0.dll
0x0000000017560000 - 0x0000000017563000 	C:\Program Files\Java\jre1.8.0_251\bin\api-ms-win-core-synch-l1-1-0.dll
0x0000000017570000 - 0x0000000017573000 	C:\Program Files\Java\jre1.8.0_251\bin\api-ms-win-core-synch-l1-2-0.dll
0x0000000017580000 - 0x0000000017583000 	C:\Program Files\Java\jre1.8.0_251\bin\api-ms-win-core-sysinfo-l1-1-0.dll
0x0000000017590000 - 0x0000000017593000 	C:\Program Files\Java\jre1.8.0_251\bin\api-ms-win-core-timezone-l1-1-0.dll
0x00000000175a0000 - 0x00000000175a3000 	C:\Program Files\Java\jre1.8.0_251\bin\api-ms-win-core-util-l1-1-0.dll
0x00000000175b0000 - 0x00000000175b3000 	C:\Program Files\Java\jre1.8.0_251\bin\api-ms-win-crt-conio-l1-1-0.dll
0x00000000175c0000 - 0x00000000175c4000 	C:\Program Files\Java\jre1.8.0_251\bin\api-ms-win-crt-convert-l1-1-0.dll
0x00000000175d0000 - 0x00000000175d3000 	C:\Program Files\Java\jre1.8.0_251\bin\api-ms-win-crt-environment-l1-1-0.dll
0x00000000175e0000 - 0x00000000175e3000 	C:\Program Files\Java\jre1.8.0_251\bin\api-ms-win-crt-filesystem-l1-1-0.dll
0x00000000175f0000 - 0x00000000175f3000 	C:\Program Files\Java\jre1.8.0_251\bin\api-ms-win-crt-heap-l1-1-0.dll
0x0000000017600000 - 0x0000000017603000 	C:\Program Files\Java\jre1.8.0_251\bin\api-ms-win-crt-locale-l1-1-0.dll
0x0000000017610000 - 0x0000000017615000 	C:\Program Files\Java\jre1.8.0_251\bin\api-ms-win-crt-math-l1-1-0.dll
0x0000000017620000 - 0x0000000017625000 	C:\Program Files\Java\jre1.8.0_251\bin\api-ms-win-crt-multibyte-l1-1-0.dll
0x0000000017630000 - 0x0000000017640000 	C:\Program Files\Java\jre1.8.0_251\bin\api-ms-win-crt-private-l1-1-0.dll
0x0000000017640000 - 0x0000000017643000 	C:\Program Files\Java\jre1.8.0_251\bin\api-ms-win-crt-process-l1-1-0.dll
0x0000000017650000 - 0x0000000017654000 	C:\Program Files\Java\jre1.8.0_251\bin\api-ms-win-crt-runtime-l1-1-0.dll
0x0000000017660000 - 0x0000000017664000 	C:\Program Files\Java\jre1.8.0_251\bin\api-ms-win-crt-stdio-l1-1-0.dll
0x0000000017670000 - 0x0000000017674000 	C:\Program Files\Java\jre1.8.0_251\bin\api-ms-win-crt-string-l1-1-0.dll
0x0000000017680000 - 0x0000000017683000 	C:\Program Files\Java\jre1.8.0_251\bin\api-ms-win-crt-time-l1-1-0.dll
0x0000000017690000 - 0x0000000017693000 	C:\Program Files\Java\jre1.8.0_251\bin\api-ms-win-crt-utility-l1-1-0.dll
0x00007ffe5f5f0000 - 0x00007ffe5f6ec000 	C:\Program Files\Java\jre1.8.0_251\bin\ucrtbase.dll
0x00007ffe88620000 - 0x00007ffe88635000 	C:\Program Files\Java\jre1.8.0_251\bin\vcruntime140.dll
0x00007ffe6ed50000 - 0x00007ffe6edeb000 	C:\Program Files\Java\jre1.8.0_251\bin\msvcp140.dll
0x00007ffe66150000 - 0x00007ffe661a1000 	C:\Program Files\Java\jre1.8.0_251\bin\concrt140.dll
0x00007ffe81600000 - 0x00007ffe81623000 	C:\Program Files\Java\jre1.8.0_251\bin\prism_d3d.dll
0x00007ffe543c0000 - 0x00007ffe54587000 	C:\Windows\system32\d3d9.dll
0x00007ffe8ca50000 - 0x00007ffe8ca7d000 	C:\Windows\SYSTEM32\dwmapi.dll
0x00007ffe8d8b0000 - 0x00007ffe8d8d0000 	C:\Windows\SYSTEM32\dxcore.dll
0x00007ffe8c450000 - 0x00007ffe8c4e9000 	C:\Windows\system32\uxtheme.dll
0x00007ffe308e0000 - 0x00007ffe32e1d000 	C:\Windows\SYSTEM32\igdumdim64.dll
0x00007ffe905a0000 - 0x00007ffe90664000 	C:\Windows\System32\OLEAUT32.dll
0x00007ffe90930000 - 0x00007ffe90a87000 	C:\Windows\System32\ole32.dll
0x00007ffe90af0000 - 0x00007ffe90f60000 	C:\Windows\System32\SETUPAPI.dll
0x00007ffe8fe00000 - 0x00007ffe8fe26000 	C:\Windows\System32\bcrypt.dll
0x00007ffe79dc0000 - 0x00007ffe79e05000 	C:\Program Files\Java\jre1.8.0_251\bin\glass.dll
0x00007ffe919b0000 - 0x00007ffe91a80000 	C:\Windows\System32\COMDLG32.dll
0x00007ffe8fe30000 - 0x00007ffe8ff66000 	C:\Windows\System32\MSCTF.dll
0x00007ffe86a00000 - 0x00007ffe87440000 	C:\Windows\SYSTEM32\igdusc64.dll
0x00007ffe5ef20000 - 0x00007ffe5f00f000 	C:\Users\mmcam\.javacpp\cache\opencv-3.2.0-1.3-windows-x86_64.jar\org\bytedeco\javacpp\windows-x86_64\msvcr120.dll
0x00007ffe5ee70000 - 0x00007ffe5ef16000 	C:\Users\mmcam\.javacpp\cache\opencv-3.2.0-1.3-windows-x86_64.jar\org\bytedeco\javacpp\windows-x86_64\msvcp120.dll
0x00007ffe4fe90000 - 0x00007ffe50118000 	C:\Users\mmcam\.javacpp\cache\opencv-3.2.0-1.3-windows-x86_64.jar\org\bytedeco\javacpp\windows-x86_64\opencv_core320.dll
0x00007ffe4c0a0000 - 0x00007ffe4c402000 	C:\Users\mmcam\.javacpp\cache\opencv-3.2.0-1.3-windows-x86_64.jar\org\bytedeco\javacpp\windows-x86_64\opencv_imgproc320.dll
0x00007ffe4be50000 - 0x00007ffe4c09a000 	C:\Users\mmcam\.javacpp\cache\opencv-3.2.0-1.3-windows-x86_64.jar\org\bytedeco\javacpp\windows-x86_64\jniopencv_core.dll
0x00007ffe6e930000 - 0x00007ffe6e94a000 	C:\Program Files\Java\jre1.8.0_251\bin\net.dll
0x00007ffe8e4b0000 - 0x00007ffe8e517000 	C:\Windows\system32\mswsock.dll
0x00007ffe6e8c0000 - 0x00007ffe6e8d2000 	C:\Program Files\Java\jre1.8.0_251\bin\nio.dll
0x00007ffe54830000 - 0x00007ffe549ca000 	C:\Program Files\Java\jre1.8.0_251\bin\awt.dll
0x00007ffe8c280000 - 0x00007ffe8c30f000 	C:\Windows\SYSTEM32\apphelp.dll
0x00007ffe75720000 - 0x00007ffe75734000 	C:\Program Files\Java\jre1.8.0_251\bin\javafx_font.dll
0x00007ffe7f3c0000 - 0x00007ffe7f6be000 	C:\Windows\SYSTEM32\dwrite.dll
0x00007ffe910c0000 - 0x00007ffe91162000 	C:\Windows\System32\clbcatq.dll
0x00007ffe8a060000 - 0x00007ffe8a20f000 	C:\Windows\SYSTEM32\WindowsCodecs.dll
0x00007ffe5bb10000 - 0x00007ffe5bb4a000 	C:\Windows\system32\dataexchange.dll
0x00007ffe8b320000 - 0x00007ffe8b57b000 	C:\Windows\system32\d3d11.dll
0x00007ffe8b9e0000 - 0x00007ffe8bbbc000 	C:\Windows\system32\dcomp.dll
0x00007ffe8d940000 - 0x00007ffe8da2b000 	C:\Windows\system32\dxgi.dll
0x00007ffe8c520000 - 0x00007ffe8c781000 	C:\Windows\system32\twinapi.appcore.dll
0x00007ffe8c960000 - 0x00007ffe8c989000 	C:\Windows\system32\RMCLIENT.dll
0x00007ffe6e9a0000 - 0x00007ffe6e9d3000 	C:\Program Files\Common Files\Microsoft Shared\Ink\rtscom.dll
0x00007ffe80ef0000 - 0x00007ffe80f8e000 	C:\Windows\System32\TextInputFramework.dll
0x00007ffe8c060000 - 0x00007ffe8c134000 	C:\Windows\System32\CoreMessaging.dll
0x00007ffe8a450000 - 0x00007ffe8a77a000 	C:\Windows\System32\CoreUIComponents.dll
0x00007ffe8dca0000 - 0x00007ffe8dcd1000 	C:\Windows\SYSTEM32\ntmarta.dll
0x00007ffe8a210000 - 0x00007ffe8a363000 	C:\Windows\SYSTEM32\wintypes.dll
0x00007ffe7f9c0000 - 0x00007ffe7fc66000 	C:\Windows\System32\iertutil.dll
0x00007ffe83d50000 - 0x00007ffe83db5000 	C:\Windows\system32\Oleacc.dll
0x00007ffe6ed20000 - 0x00007ffe6ed4c000 	C:\Program Files\Java\jre1.8.0_251\bin\javafx_iio.dll
0x00007ffe75700000 - 0x00007ffe75711000 	C:\Program Files\Java\jre1.8.0_251\bin\prism_common.dll
0x00007ffe8ad60000 - 0x00007ffe8b320000 	C:\Windows\SYSTEM32\d2d1.dll

VM Arguments:
jvm_args: -Djava.library.path=C:\Users\Administrator\Desktop\opencv\build\java\x64 -Dfile.encoding=Cp1252 
java_command: application.Main
java_class_path (initial): C:\Users\mmcam\OneDrive\Bureau\projet java\ExoVisix-master\target\classes;C:\Users\mmcam\.p2\pool\plugins\org.eclipse.fx.ide.css.jfx8_1.2.0.201501301049.jar;C:\Users\mmcam\OneDrive\Bureau\projet java\ExoVisix-master\bin\opencv-341.jar;C:\Users\mmcam\.m2\repository\org\bytedeco\javacv-platform\1.3.2\javacv-platform-1.3.2.jar;C:\Users\mmcam\.m2\repository\org\bytedeco\javacv\1.3.2\javacv-1.3.2.jar;C:\Users\mmcam\.m2\repository\org\bytedeco\javacpp\1.3.2\javacpp-1.3.2.jar;C:\Users\mmcam\.m2\repository\org\bytedeco\javacpp-presets\opencv\3.2.0-1.3\opencv-3.2.0-1.3.jar;C:\Users\mmcam\.m2\repository\org\bytedeco\javacpp-presets\ffmpeg\3.2.1-1.3\ffmpeg-3.2.1-1.3.jar;C:\Users\mmcam\.m2\repository\org\bytedeco\javacpp-presets\flycapture\2.9.3.43-1.3\flycapture-2.9.3.43-1.3.jar;C:\Users\mmcam\.m2\repository\org\bytedeco\javacpp-presets\libdc1394\2.2.4-1.3\libdc1394-2.2.4-1.3.jar;C:\Users\mmcam\.m2\repository\org\bytedeco\javacpp-presets\libfreenect\0.5.3-1.3\libfreenect-0.5.3-1.3.jar;C:\Users\mmcam\.m2\repository\org\bytedeco\javacpp-presets\libfreenect2\0.2.0-1.3\libfreenect2-0.2.0-1.3.jar;C:\Users\mmcam\.m2\repository\org\bytedeco\javacpp-presets\librealsense\1.9.6-1.3\librealsense-1.9.6-1.3.jar;C:\Users\mmcam\.m2\repository\org\bytedeco\javacpp-presets\videoinput\0.200-1.3\videoinput-0.200-1.3.jar;C:\Users\mmcam\.m2\repository\org\bytedeco\javacpp-presets\artoolkitplus\2.3.1-1.3\artoolkitplus-2.3.1-1.3.jar;C:\Users\mmcam\.m2\repository\org\bytedeco\javacpp-presets\flandmark\1.07-1.3\flandmark-1.07-1.3.jar;C:\Users\mmcam\.m2\repository\org\bytedeco\javacpp-presets\opencv-platform\3.2.0-1.3\opencv-platform-3.2.0-1.3.jar;C:\Users\mmcam\.m2\repository\org\bytedeco\javacpp-presets\opencv\3.2.0-1.3\opencv-3.2.0-1.3-android-arm.jar;C:\Users\mmcam\.m2\repository\org\bytedeco\javacpp-presets\opencv\3.2.0-1.3\opencv-3.2.0-1.3-android-x86.jar;C:\Users\mmcam\.m2\repository\org\bytedeco\javacpp-presets\opencv\3.2.0-1.3\opencv-3.2.0-1.3-linux-x86.jar;C:\User
Launcher Type: SUN_STANDARD

Environment Variables:
PATH=C:/Program Files/Java/jre1.8.0_251/bin/server;C:/Program Files/Java/jre1.8.0_251/bin;C:/Program Files/Java/jre1.8.0_251/lib/amd64;C:\Program Files (x86)\Common Files\Oracle\Java\javapath;C:\opencv\build\bin;C:\Users\mmcam\AppData\Local\Microsoft\WindowsApps;;C:\Users\mmcam\AppData\Local\Programs\Microsoft VS Code\bin;C:\Users\mmcam\AppData\Roaming\npm;C:\Users\mmcam\OneDrive\Bureau;
USERNAME=mmcam
OS=Windows_NT
PROCESSOR_IDENTIFIER=Intel64 Family 6 Model 69 Stepping 1, GenuineIntel



---------------  S Y S T E M  ---------------

OS: Windows 10.0 , 64 bit Build 18362 (10.0.18362.778)

CPU:total 4 (initial active 4) (2 cores per cpu, 2 threads per core) family 6 model 69 stepping 1, cmov, cx8, fxsr, mmx, sse, sse2, sse3, ssse3, sse4.1, sse4.2, popcnt, avx, avx2, aes, clmul, erms, lzcnt, ht, tsc, tscinvbit, bmi1, bmi2

Memory: 4k page, physical 4077868k(258916k free), swap 9845036k(1810496k free)

vm_info: Java HotSpot(TM) 64-Bit Server VM (25.251-b08) for windows-amd64 JRE (1.8.0_251-b08), built on Mar 12 2020 06:31:49 by "" with MS VC++ 10.0 (VS2010)

time: Sun Jun 07 15:54:44 2020
timezone: Maroc (heure d’été)
elapsed time: 136 seconds (0d 0h 2m 16s)

