#
# A fatal error has been detected by the Java Runtime Environment:
#
#  EXCEPTION_ACCESS_VIOLATION (0xc0000005) at pc=0x00007fff8bd872a6, pid=6316, tid=0x0000000000001438
#
# JRE version: Java(TM) SE Runtime Environment (8.0_221-b11) (build 1.8.0_221-b11)
# Java VM: Java HotSpot(TM) 64-Bit Server VM (25.221-b11 mixed mode windows-amd64 compressed oops)
# Problematic frame:
# C  [ntdll.dll+0x72a6]
#
# Failed to write core dump. Minidumps are not enabled by default on client versions of Windows
#
# If you would like to submit a bug report, please visit:
#   http://bugreport.java.com/bugreport/crash.jsp
# The crash happened outside the Java Virtual Machine in native code.
# See problematic frame for where to report the bug.
#

---------------  T H R E A D  ---------------

Current thread (0x00000000211c7000):  JavaThread "Thread-8" [_thread_in_native, id=5176, stack(0x0000000031ae0000,0x0000000031be0000)]

siginfo: ExceptionCode=0xc0000005, writing address 0x0000000000000024

Registers:
RAX=0x0000000000000000, RBX=0x00000000291d8268, RCX=0x00000000291d8268, RDX=0x00000000fffffffa
RSP=0x0000000031bdecb0, RBP=0x0000000000000000, RSI=0x0000000000000000, RDI=0x0000000000000000
R8 =0x0000000000000000, R9 =0x00000000291d8200, R10=0x0000000000000000, R11=0x0000000000000246
R12=0x0000000000000000, R13=0x0000000000b3c000, R14=0x0000000000000001, R15=0x0000000000000000
RIP=0x00007fff8bd872a6, EFLAGS=0x0000000000010213

Top of Stack: (sp=0x0000000031bdecb0)
0x0000000031bdecb0:   ffffffffffffffff 00000000291d8268
0x0000000031bdecc0:   0000000000001001 00007fff8bdc535c
0x0000000031bdecd0:   00000000346780f0 0000000033d80000
0x0000000031bdece0:   0000000000ea0000 00000000c2ddb7c0
0x0000000031bdecf0:   000000001ebe2600 00000000fffffffa
0x0000000031bded00:   0000000000b3c000 fffffffffffffffe
0x0000000031bded10:   0000000030dc8f00 000000003465a110
0x0000000031bded20:   0000000000000000 0000000000000000
0x0000000031bded30:   0000000000010f01 00007fff8bdc4c9b
0x0000000031bded40:   0000a3c72f261b58 0000000031bdeda9
0x0000000031bded50:   00000000211c7000 0000000000000001
0x0000000031bded60:   0000000000000001 0000000000000001
0x0000000031bded70:   0000000000000000 00000000291d8268
0x0000000031bded80:   0000000000000000 00007fff8bd9b576
0x0000000031bded90:   0000db833b8c2f50 0000000000000000
0x0000000031bdeda0:   00000000fffffffa ffffffffff676980 

Instructions: (pc=0x00007fff8bd872a6)
0x00007fff8bd87286:   48 39 73 18 0f 84 d1 00 00 00 48 8b 03 48 83 f8
0x00007fff8bd87296:   ff 0f 84 d1 00 00 00 44 8b fe 48 83 f8 ff 74 03
0x00007fff8bd872a6:   ff 40 24 4c 8b 73 18 4c 8d 2d 44 82 15 00 bd 22
0x00007fff8bd872b6:   17 00 00 e8 72 89 03 00 85 c0 0f 85 5e 0b 0a 00 


Register to memory mapping:

RAX=0x0000000000000000 is an unknown value
RBX=0x00000000291d8268 is an unknown value
RCX=0x00000000291d8268 is an unknown value
RDX=0x00000000fffffffa is an unallocated location in the heap
RSP=0x0000000031bdecb0 is pointing into the stack for thread: 0x00000000211c7000
RBP=0x0000000000000000 is an unknown value
RSI=0x0000000000000000 is an unknown value
RDI=0x0000000000000000 is an unknown value
R8 =0x0000000000000000 is an unknown value
R9 =0x00000000291d8200 is an unknown value
R10=0x0000000000000000 is an unknown value
R11=0x0000000000000246 is an unknown value
R12=0x0000000000000000 is an unknown value
R13=0x0000000000b3c000 is an unknown value
R14=0x0000000000000001 is an unknown value
R15=0x0000000000000000 is an unknown value


Stack: [0x0000000031ae0000,0x0000000031be0000],  sp=0x0000000031bdecb0,  free space=1019k
Native frames: (J=compiled Java code, j=interpreted, Vv=VM code, C=native code)

Java frames: (J=compiled Java code, j=interpreted, Vv=VM code)
j  org.bytedeco.javacpp.opencv_videoio$VideoCapture.retrieve(Lorg/bytedeco/javacpp/opencv_core$Mat;)Z+0
j  org.bytedeco.javacv.OpenCVFrameGrabber.grab()Lorg/bytedeco/javacv/Frame;+8
j  application.FaceDetector.run()V+1235
j  java.lang.Thread.run()V+11
v  ~StubRoutines::call_stub

---------------  P R O C E S S  ---------------

Java Threads: ( => current thread )
  0x00000000211c8800 JavaThread "Thread-10" [_thread_in_native, id=9464, stack(0x0000000031800000,0x0000000031900000)]
  0x00000000211c6800 JavaThread "URL-Loader-34" daemon [_thread_blocked, id=3380, stack(0x0000000031700000,0x0000000031800000)]
  0x00000000211c5800 JavaThread "URL-Loader-33" daemon [_thread_blocked, id=9044, stack(0x0000000031600000,0x0000000031700000)]
  0x00000000211c8000 JavaThread "URL-Loader-32" daemon [_thread_blocked, id=4560, stack(0x0000000029a20000,0x0000000029b20000)]
  0x00000000211be000 JavaThread "URL-Loader-31" daemon [_thread_blocked, id=7092, stack(0x0000000031500000,0x0000000031600000)]
  0x00000000211c5000 JavaThread "URL-Loader-30" daemon [_thread_blocked, id=8564, stack(0x0000000031400000,0x0000000031500000)]
  0x00000000211bd800 JavaThread "URL-Loader-29" daemon [_thread_blocked, id=6684, stack(0x000000002f1f0000,0x000000002f2f0000)]
  0x00000000211c4000 JavaThread "URL-Loader-28" daemon [_thread_blocked, id=9196, stack(0x000000002f0f0000,0x000000002f1f0000)]
  0x00000000211c2800 JavaThread "URL-Loader-27" daemon [_thread_blocked, id=10096, stack(0x000000002ccf0000,0x000000002cdf0000)]
  0x00000000211bf800 JavaThread "URL-Loader-26" daemon [_thread_blocked, id=4764, stack(0x000000002abf0000,0x000000002acf0000)]
  0x00000000211c2000 JavaThread "URL-Loader-25" daemon [_thread_blocked, id=1748, stack(0x000000002a9f0000,0x000000002aaf0000)]
  0x00000000211bf000 JavaThread "URL-Loader-24" daemon [_thread_blocked, id=9928, stack(0x000000002a8f0000,0x000000002a9f0000)]
  0x00000000211c0800 JavaThread "URL-Loader-23" daemon [_thread_blocked, id=5484, stack(0x000000002a7f0000,0x000000002a8f0000)]
  0x00000000211bc800 JavaThread "URL-Loader-22" daemon [_thread_blocked, id=3796, stack(0x000000002a5f0000,0x000000002a6f0000)]
  0x00000000211c3800 JavaThread "URL-Loader-21" daemon [_thread_blocked, id=1460, stack(0x000000002a020000,0x000000002a120000)]
=>0x00000000211c7000 JavaThread "Thread-8" [_thread_in_native, id=5176, stack(0x0000000031ae0000,0x0000000031be0000)]
  0x00000000211ca000 JavaThread "Keep-Alive-SocketCleaner" daemon [_thread_blocked, id=9660, stack(0x00000000319e0000,0x0000000031ae0000)]
  0x00000000211c1000 JavaThread "Thread-7" daemon [_thread_in_native, id=7280, stack(0x00000000310e0000,0x00000000311e0000)]
  0x000000001d1e0800 JavaThread "Keep-Alive-Timer" daemon [_thread_blocked, id=10064, stack(0x0000000029f20000,0x000000002a020000)]
  0x000000001d066800 JavaThread "Disposer" daemon [_thread_blocked, id=4820, stack(0x0000000020900000,0x0000000020a00000)]
  0x000000001d1dc000 JavaThread "Prism Font Disposer" daemon [_thread_blocked, id=8096, stack(0x0000000020000000,0x0000000020100000)]
  0x000000001cf1f000 JavaThread "AWT-Windows" daemon [_thread_in_native, id=10028, stack(0x000000001e460000,0x000000001e560000)]
  0x000000001d1a3000 JavaThread "Java2D Disposer" daemon [_thread_blocked, id=9972, stack(0x000000001e260000,0x000000001e360000)]
  0x000000001cb96800 JavaThread "JavaCPP Deallocator" daemon [_thread_blocked, id=7812, stack(0x000000001dcf0000,0x000000001ddf0000)]
  0x0000000017074800 JavaThread "JavaFX-Launcher" [_thread_blocked, id=9800, stack(0x000000001ca00000,0x000000001cb00000)]
  0x000000001c137800 JavaThread "Thread-3" daemon [_thread_in_native, id=9576, stack(0x000000001c900000,0x000000001ca00000)]
  0x0000000017062800 JavaThread "JavaFX Application Thread" [_thread_in_native, id=8616, stack(0x0000000017720000,0x0000000017820000)]
  0x000000001704f000 JavaThread "Thread-1" daemon [_thread_blocked, id=9896, stack(0x0000000017620000,0x0000000017720000)]
  0x0000000017038800 JavaThread "QuantumRenderer-0" daemon [_thread_blocked, id=4664, stack(0x00000000173c0000,0x00000000174c0000)]
  0x00000000153ac800 JavaThread "Service Thread" daemon [_thread_blocked, id=7180, stack(0x00000000170e0000,0x00000000171e0000)]
  0x0000000015363800 JavaThread "C1 CompilerThread2" daemon [_thread_blocked, id=6720, stack(0x0000000016be0000,0x0000000016ce0000)]
  0x0000000015361000 JavaThread "C2 CompilerThread1" daemon [_thread_in_native, id=9372, stack(0x0000000016ae0000,0x0000000016be0000)]
  0x0000000015356800 JavaThread "C2 CompilerThread0" daemon [_thread_blocked, id=8124, stack(0x00000000169e0000,0x0000000016ae0000)]
  0x0000000015354800 JavaThread "Attach Listener" daemon [_thread_blocked, id=3316, stack(0x00000000168e0000,0x00000000169e0000)]
  0x0000000015353000 JavaThread "Signal Dispatcher" daemon [_thread_blocked, id=344, stack(0x00000000167e0000,0x00000000168e0000)]
  0x000000001533c000 JavaThread "Finalizer" daemon [_thread_blocked, id=1840, stack(0x00000000165b0000,0x00000000166b0000)]
  0x0000000002d76000 JavaThread "Reference Handler" daemon [_thread_blocked, id=8888, stack(0x00000000164b0000,0x00000000165b0000)]
  0x0000000002c87000 JavaThread "main" [_thread_blocked, id=2096, stack(0x0000000002aa0000,0x0000000002ba0000)]

Other Threads:
  0x0000000015318000 VMThread [stack: 0x00000000163b0000,0x00000000164b0000] [id=5860]
  0x00000000153ae000 WatcherThread [stack: 0x00000000171e0000,0x00000000172e0000] [id=7988]

VM state:not at safepoint (normal execution)

VM Mutex/Monitor currently owned by a thread: None

heap address: 0x00000000c1c00000, size: 996 MB, Compressed Oops mode: 32-bit
Narrow klass base: 0x0000000000000000, Narrow klass shift: 3
Compressed class space size: 1073741824 Address: 0x0000000100000000

Heap:
 PSYoungGen      total 159744K, used 84686K [0x00000000eb400000, 0x00000000f5d00000, 0x0000000100000000)
  eden space 155136K, 51% used [0x00000000eb400000,0x00000000f02a41f8,0x00000000f4b80000)
  from space 4608K, 90% used [0x00000000f5880000,0x00000000f5c8f7c0,0x00000000f5d00000)
  to   space 8704K, 0% used [0x00000000f4c00000,0x00000000f4c00000,0x00000000f5480000)
 ParOldGen       total 58880K, used 26751K [0x00000000c1c00000, 0x00000000c5580000, 0x00000000eb400000)
  object space 58880K, 45% used [0x00000000c1c00000,0x00000000c361ff30,0x00000000c5580000)
 Metaspace       used 34242K, capacity 35552K, committed 35712K, reserved 1081344K
  class space    used 4380K, capacity 4681K, committed 4736K, reserved 1048576K

Card table byte_map: [0x0000000012140000,0x0000000012340000] byte_map_base: 0x0000000011b32000

Marking Bits: (ParMarkBitMap*) 0x000000005deb5ce0
 Begin Bits: [0x0000000012890000, 0x0000000013820000)
 End Bits:   [0x0000000013820000, 0x00000000147b0000)

Polling page: 0x00000000009e0000

CodeCache: size=245760Kb used=16596Kb max_used=16596Kb free=229163Kb
 bounds [0x0000000002d80000, 0x0000000003dd0000, 0x0000000011d80000]
 total_blobs=6163 nmethods=5147 adapters=927
 compilation: enabled

Compilation events (10 events):
Event: 39.872 Thread 0x0000000015363800 6019       3       javafx.scene.layout.AnchorPane::computeChildHeight (60 bytes)
Event: 39.873 Thread 0x0000000015363800 nmethod 6019 0x0000000003dc2250 code [0x0000000003dc2440, 0x0000000003dc2d68]
Event: 39.873 Thread 0x0000000015363800 6018       3       com.sun.javafx.collections.ObservableMapWrapper::isEmpty (10 bytes)
Event: 39.873 Thread 0x0000000015363800 nmethod 6018 0x0000000003dc3110 code [0x0000000003dc3280, 0x0000000003dc34a8]
Event: 39.874 Thread 0x0000000015363800 6020       3       com.sun.javafx.geom.DirtyRegionContainer::grow (37 bytes)
Event: 39.875 Thread 0x0000000015363800 nmethod 6020 0x0000000003dc3550 code [0x0000000003dc36e0, 0x0000000003dc3b48]
Event: 39.875 Thread 0x0000000015363800 6021   !   3       com.sun.prism.impl.BaseResourcePool::cleanup (764 bytes)
Event: 39.889 Thread 0x0000000015363800 nmethod 6021 0x0000000003dc3d50 code [0x0000000003dc4200, 0x0000000003dc7f98]
Event: 40.074 Thread 0x0000000015363800 6022       3       java.lang.Math::min (12 bytes)
Event: 40.074 Thread 0x0000000015363800 nmethod 6022 0x0000000003dca590 code [0x0000000003dca6e0, 0x0000000003dca870]

GC Heap History (10 events):
Event: 22.680 GC heap before
{Heap before GC invocations=14 (full 2):
 PSYoungGen      total 90624K, used 4921K [0x00000000eb400000, 0x00000000f1700000, 0x0000000100000000)
  eden space 83968K, 0% used [0x00000000eb400000,0x00000000eb400000,0x00000000f0600000)
  from space 6656K, 73% used [0x00000000f1080000,0x00000000f154e698,0x00000000f1700000)
  to   space 8704K, 0% used [0x00000000f0600000,0x00000000f0600000,0x00000000f0e80000)
 ParOldGen       total 29696K, used 24174K [0x00000000c1c00000, 0x00000000c3900000, 0x00000000eb400000)
  object space 29696K, 81% used [0x00000000c1c00000,0x00000000c339b818,0x00000000c3900000)
 Metaspace       used 32564K, capacity 33842K, committed 34048K, reserved 1079296K
  class space    used 4251K, capacity 4552K, committed 4608K, reserved 1048576K
Event: 22.760 GC heap after
Heap after GC invocations=14 (full 2):
 PSYoungGen      total 90624K, used 0K [0x00000000eb400000, 0x00000000f1700000, 0x0000000100000000)
  eden space 83968K, 0% used [0x00000000eb400000,0x00000000eb400000,0x00000000f0600000)
  from space 6656K, 0% used [0x00000000f1080000,0x00000000f1080000,0x00000000f1700000)
  to   space 8704K, 0% used [0x00000000f0600000,0x00000000f0600000,0x00000000f0e80000)
 ParOldGen       total 58880K, used 24346K [0x00000000c1c00000, 0x00000000c5580000, 0x00000000eb400000)
  object space 58880K, 41% used [0x00000000c1c00000,0x00000000c33c6ac0,0x00000000c5580000)
 Metaspace       used 32564K, capacity 33842K, committed 34048K, reserved 1079296K
  class space    used 4251K, capacity 4552K, committed 4608K, reserved 1048576K
}
Event: 23.093 GC heap before
{Heap before GC invocations=15 (full 2):
 PSYoungGen      total 90624K, used 83862K [0x00000000eb400000, 0x00000000f1700000, 0x0000000100000000)
  eden space 83968K, 99% used [0x00000000eb400000,0x00000000f05e5b60,0x00000000f0600000)
  from space 6656K, 0% used [0x00000000f1080000,0x00000000f1080000,0x00000000f1700000)
  to   space 8704K, 0% used [0x00000000f0600000,0x00000000f0600000,0x00000000f0e80000)
 ParOldGen       total 58880K, used 24346K [0x00000000c1c00000, 0x00000000c5580000, 0x00000000eb400000)
  object space 58880K, 41% used [0x00000000c1c00000,0x00000000c33c6ac0,0x00000000c5580000)
 Metaspace       used 32706K, capacity 33970K, committed 34304K, reserved 1079296K
  class space    used 4264K, capacity 4552K, committed 4608K, reserved 1048576K
Event: 23.111 GC heap after
Heap after GC invocations=15 (full 2):
 PSYoungGen      total 92672K, used 432K [0x00000000eb400000, 0x00000000f3680000, 0x0000000100000000)
  eden space 83968K, 0% used [0x00000000eb400000,0x00000000eb400000,0x00000000f0600000)
  from space 8704K, 4% used [0x00000000f0600000,0x00000000f066c130,0x00000000f0e80000)
  to   space 8704K, 0% used [0x00000000f2e00000,0x00000000f2e00000,0x00000000f3680000)
 ParOldGen       total 58880K, used 24354K [0x00000000c1c00000, 0x00000000c5580000, 0x00000000eb400000)
  object space 58880K, 41% used [0x00000000c1c00000,0x00000000c33c8ac0,0x00000000c5580000)
 Metaspace       used 32706K, capacity 33970K, committed 34304K, reserved 1079296K
  class space    used 4264K, capacity 4552K, committed 4608K, reserved 1048576K
}
Event: 23.146 GC heap before
{Heap before GC invocations=16 (full 2):
 PSYoungGen      total 92672K, used 84261K [0x00000000eb400000, 0x00000000f3680000, 0x0000000100000000)
  eden space 83968K, 99% used [0x00000000eb400000,0x00000000f05dd338,0x00000000f0600000)
  from space 8704K, 4% used [0x00000000f0600000,0x00000000f066c130,0x00000000f0e80000)
  to   space 8704K, 0% used [0x00000000f2e00000,0x00000000f2e00000,0x00000000f3680000)
 ParOldGen       total 58880K, used 24354K [0x00000000c1c00000, 0x00000000c5580000, 0x00000000eb400000)
  object space 58880K, 41% used [0x00000000c1c00000,0x00000000c33c8ac0,0x00000000c5580000)
 Metaspace       used 32706K, capacity 33970K, committed 34304K, reserved 1079296K
  class space    used 4264K, capacity 4552K, committed 4608K, reserved 1048576K
Event: 23.148 GC heap after
Heap after GC invocations=16 (full 2):
 PSYoungGen      total 124416K, used 399K [0x00000000eb400000, 0x00000000f3a00000, 0x0000000100000000)
  eden space 115712K, 0% used [0x00000000eb400000,0x00000000eb400000,0x00000000f2500000)
  from space 8704K, 4% used [0x00000000f2e00000,0x00000000f2e63d70,0x00000000f3680000)
  to   space 9216K, 0% used [0x00000000f2500000,0x00000000f2500000,0x00000000f2e00000)
 ParOldGen       total 58880K, used 24577K [0x00000000c1c00000, 0x00000000c5580000, 0x00000000eb400000)
  object space 58880K, 41% used [0x00000000c1c00000,0x00000000c3400538,0x00000000c5580000)
 Metaspace       used 32706K, capacity 33970K, committed 34304K, reserved 1079296K
  class space    used 4264K, capacity 4552K, committed 4608K, reserved 1048576K
}
Event: 24.759 GC heap before
{Heap before GC invocations=17 (full 2):
 PSYoungGen      total 124416K, used 116111K [0x00000000eb400000, 0x00000000f3a00000, 0x0000000100000000)
  eden space 115712K, 100% used [0x00000000eb400000,0x00000000f2500000,0x00000000f2500000)
  from space 8704K, 4% used [0x00000000f2e00000,0x00000000f2e63d70,0x00000000f3680000)
  to   space 9216K, 0% used [0x00000000f2500000,0x00000000f2500000,0x00000000f2e00000)
 ParOldGen       total 58880K, used 24577K [0x00000000c1c00000, 0x00000000c5580000, 0x00000000eb400000)
  object space 58880K, 41% used [0x00000000c1c00000,0x00000000c3400538,0x00000000c5580000)
 Metaspace       used 33419K, capacity 34706K, committed 34944K, reserved 1079296K
  class space    used 4356K, capacity 4664K, committed 4736K, reserved 1048576K
Event: 24.767 GC heap after
Heap after GC invocations=17 (full 2):
 PSYoungGen      total 124928K, used 2348K [0x00000000eb400000, 0x00000000f6100000, 0x0000000100000000)
  eden space 115712K, 0% used [0x00000000eb400000,0x00000000eb400000,0x00000000f2500000)
  from space 9216K, 25% used [0x00000000f2500000,0x00000000f274b018,0x00000000f2e00000)
  to   space 8704K, 0% used [0x00000000f5880000,0x00000000f5880000,0x00000000f6100000)
 ParOldGen       total 58880K, used 24585K [0x00000000c1c00000, 0x00000000c5580000, 0x00000000eb400000)
  object space 58880K, 41% used [0x00000000c1c00000,0x00000000c3402538,0x00000000c5580000)
 Metaspace       used 33419K, capacity 34706K, committed 34944K, reserved 1079296K
  class space    used 4356K, capacity 4664K, committed 4736K, reserved 1048576K
}
Event: 36.090 GC heap before
{Heap before GC invocations=18 (full 2):
 PSYoungGen      total 124928K, used 116985K [0x00000000eb400000, 0x00000000f6100000, 0x0000000100000000)
  eden space 115712K, 99% used [0x00000000eb400000,0x00000000f23f3570,0x00000000f2500000)
  from space 9216K, 25% used [0x00000000f2500000,0x00000000f274b018,0x00000000f2e00000)
  to   space 8704K, 0% used [0x00000000f5880000,0x00000000f5880000,0x00000000f6100000)
 ParOldGen       total 58880K, used 24585K [0x00000000c1c00000, 0x00000000c5580000, 0x00000000eb400000)
  object space 58880K, 41% used [0x00000000c1c00000,0x00000000c3402538,0x00000000c5580000)
 Metaspace       used 34028K, capacity 35324K, committed 35456K, reserved 1079296K
  class space    used 4377K, capacity 4675K, committed 4736K, reserved 1048576K
Event: 36.099 GC heap after
Heap after GC invocations=18 (full 2):
 PSYoungGen      total 159744K, used 4157K [0x00000000eb400000, 0x00000000f5d00000, 0x0000000100000000)
  eden space 155136K, 0% used [0x00000000eb400000,0x00000000eb400000,0x00000000f4b80000)
  from space 4608K, 90% used [0x00000000f5880000,0x00000000f5c8f7c0,0x00000000f5d00000)
  to   space 8704K, 0% used [0x00000000f4c00000,0x00000000f4c00000,0x00000000f5480000)
 ParOldGen       total 58880K, used 26751K [0x00000000c1c00000, 0x00000000c5580000, 0x00000000eb400000)
  object space 58880K, 45% used [0x00000000c1c00000,0x00000000c361ff30,0x00000000c5580000)
 Metaspace       used 34028K, capacity 35324K, committed 35456K, reserved 1079296K
  class space    used 4377K, capacity 4675K, committed 4736K, reserved 1048576K
}

Deoptimization events (10 events):
Event: 31.947 Thread 0x0000000017062800 Uncommon trap: reason=null_check action=make_not_entrant pc=0x000000000398c47c method=javafx.scene.Node$MiscProperties.getEffect()Ljavafx/scene/effect/Effect; @ 20
Event: 35.808 Thread 0x0000000017062800 Uncommon trap: reason=bimorphic action=maybe_recompile pc=0x0000000003bdb63c method=java.util.HashMap.removeNode(ILjava/lang/Object;Ljava/lang/Object;ZZ)Ljava/util/HashMap$Node; @ 143
Event: 35.953 Thread 0x0000000017038800 Uncommon trap: reason=unstable_if action=reinterpret pc=0x0000000003cc045c method=com.sun.prism.impl.ps.PaintHelper.initGradient(Lcom/sun/prism/paint/Gradient;)I @ 8
Event: 35.958 Thread 0x0000000017038800 Uncommon trap: reason=unstable_if action=reinterpret pc=0x0000000003be0afc method=com.sun.prism.impl.BaseResourceFactory.getCachedTexture(Lcom/sun/prism/Image;Lcom/sun/prism/Texture$WrapMode;Z)Lcom/sun/prism/Texture; @ 18
Event: 35.970 Thread 0x0000000017038800 Uncommon trap: reason=unstable_if action=reinterpret pc=0x00000000038c2638 method=com.sun.javafx.geom.transform.AffineBase.isTranslateOrIdentity()Z @ 5
Event: 35.970 Thread 0x0000000017038800 Uncommon trap: reason=class_check action=maybe_recompile pc=0x0000000002f1da68 method=com.sun.javafx.geom.transform.AffineBase.getType()I @ 9
Event: 35.970 Thread 0x0000000017038800 Uncommon trap: reason=unstable_if action=reinterpret pc=0x0000000003cd9630 method=com.sun.javafx.geom.transform.AffineBase.isTranslateOrIdentity()Z @ 5
Event: 36.027 Thread 0x0000000017038800 Uncommon trap: reason=class_check action=maybe_recompile pc=0x0000000002f1da68 method=com.sun.javafx.geom.transform.AffineBase.getType()I @ 9
Event: 37.424 Thread 0x0000000017038800 Uncommon trap: reason=class_check action=maybe_recompile pc=0x0000000002f1da68 method=com.sun.javafx.geom.transform.AffineBase.getType()I @ 9
Event: 38.913 Thread 0x00000000211c6800 Uncommon trap: reason=predicate action=maybe_recompile pc=0x0000000003d62278 method=java.util.ArrayList.indexOf(Ljava/lang/Object;)I @ 44

Classes redefined (0 events):
No events

Internal exceptions (10 events):
Event: 24.530 Thread 0x0000000017062800 Exception <a 'java/io/FileNotFoundException'> (0x00000000f23b8c58) thrown at [C:\re\workspace\8-2-build-windows-amd64-cygwin\jdk8u221\13320\hotspot\src\share\vm\prims\jni.cpp, line 710]
Event: 24.530 Thread 0x0000000017062800 Exception <a 'java/io/FileNotFoundException'> (0x00000000f23b9cc0) thrown at [C:\re\workspace\8-2-build-windows-amd64-cygwin\jdk8u221\13320\hotspot\src\share\vm\prims\jni.cpp, line 710]
Event: 24.530 Thread 0x0000000017062800 Exception <a 'java/io/FileNotFoundException'> (0x00000000f23badc0) thrown at [C:\re\workspace\8-2-build-windows-amd64-cygwin\jdk8u221\13320\hotspot\src\share\vm\prims\jni.cpp, line 710]
Event: 24.531 Thread 0x0000000017062800 Exception <a 'java/io/FileNotFoundException'> (0x00000000f23bbe08) thrown at [C:\re\workspace\8-2-build-windows-amd64-cygwin\jdk8u221\13320\hotspot\src\share\vm\prims\jni.cpp, line 710]
Event: 24.570 Thread 0x0000000017038800 Implicit null exception at 0x00000000032612fa to 0x00000000032613ad
Event: 24.724 Thread 0x00000000211c1000 Exception <a 'sun/nio/fs/WindowsException'> (0x00000000f24e0178) thrown at [C:\re\workspace\8-2-build-windows-amd64-cygwin\jdk8u221\13320\hotspot\src\share\vm\prims\jni.cpp, line 710]
Event: 25.180 Thread 0x0000000017062800 Exception <a 'java/lang/ClassNotFoundException': sun/net/www/protocol/about/Handler> (0x00000000eb6fe640) thrown at [C:\re\workspace\8-2-build-windows-amd64-cygwin\jdk8u221\13320\hotspot\src\share\vm\classfile\systemDictionary.cpp, line 210]
Event: 25.372 Thread 0x0000000017062800 Exception <a 'java/lang/ClassNotFoundException': sun/net/www/protocol/about/Handler> (0x00000000eb7d08d0) thrown at [C:\re\workspace\8-2-build-windows-amd64-cygwin\jdk8u221\13320\hotspot\src\share\vm\classfile\systemDictionary.cpp, line 210]
Event: 31.947 Thread 0x0000000017062800 Implicit null exception at 0x000000000398bcdb to 0x000000000398c465
Event: 37.113 Thread 0x00000000211c1000 Exception <a 'sun/nio/fs/WindowsException'> (0x00000000ecd95bb8) thrown at [C:\re\workspace\8-2-build-windows-amd64-cygwin\jdk8u221\13320\hotspot\src\share\vm\prims\jni.cpp, line 710]

Events (10 events):
Event: 38.732 Executing VM operation: RevokeBias done
Event: 38.733 Thread 0x00000000211c9800 Thread exited: 0x00000000211c9800
Event: 38.913 Thread 0x00000000211c6800 Uncommon trap: trap_request=0xffffff86 fr.pc=0x0000000003d62278
Event: 38.913 Thread 0x00000000211c6800 DEOPT PACKING pc=0x0000000003d62278 sp=0x00000000317fded0
Event: 38.913 Thread 0x00000000211c6800 DEOPT UNPACKING pc=0x0000000002dc583b sp=0x00000000317fde28 mode 2
Event: 38.997 Thread 0x00000000211cb000 Thread added: 0x00000000211cb000
Event: 38.999 Executing VM operation: RevokeBias
Event: 38.999 Executing VM operation: RevokeBias done
Event: 38.999 Thread 0x00000000211cb000 Thread exited: 0x00000000211cb000
Event: 39.855 Thread 0x00000000211c8800 Thread added: 0x00000000211c8800


Dynamic libraries:
0x00007ff618160000 - 0x00007ff618197000 	C:\Program Files\Java\jre1.8.0_221\bin\javaw.exe
0x00007fff8bd80000 - 0x00007fff8bf70000 	C:\Windows\SYSTEM32\ntdll.dll
0x00007fff8bbe0000 - 0x00007fff8bc92000 	C:\Windows\System32\KERNEL32.DLL
0x00007fff89330000 - 0x00007fff895d4000 	C:\Windows\System32\KERNELBASE.dll
0x00007fff8b180000 - 0x00007fff8b223000 	C:\Windows\System32\ADVAPI32.dll
0x00007fff8bca0000 - 0x00007fff8bd3e000 	C:\Windows\System32\msvcrt.dll
0x00007fff89e30000 - 0x00007fff89ec7000 	C:\Windows\System32\sechost.dll
0x00007fff8b030000 - 0x00007fff8b150000 	C:\Windows\System32\RPCRT4.dll
0x00007fff8b910000 - 0x00007fff8baa4000 	C:\Windows\System32\USER32.dll
0x00007fff895e0000 - 0x00007fff89601000 	C:\Windows\System32\win32u.dll
0x00007fff8b150000 - 0x00007fff8b176000 	C:\Windows\System32\GDI32.dll
0x00007fff88de0000 - 0x00007fff88f75000 	C:\Windows\System32\gdi32full.dll
0x00007fff89610000 - 0x00007fff896ae000 	C:\Windows\System32\msvcp_win.dll
0x00007fff89230000 - 0x00007fff8932a000 	C:\Windows\System32\ucrtbase.dll
0x00007fff7b9c0000 - 0x00007fff7bc44000 	C:\Windows\WinSxS\amd64_microsoft.windows.common-controls_6595b64144ccf1df_6.0.18362.900_none_e6beb9d913147d17\COMCTL32.dll
0x00007fff8a850000 - 0x00007fff8ab85000 	C:\Windows\System32\combase.dll
0x00007fff89010000 - 0x00007fff89090000 	C:\Windows\System32\bcryptPrimitives.dll
0x00007fff8b470000 - 0x00007fff8b49e000 	C:\Windows\System32\IMM32.DLL
0x000000005f030000 - 0x000000005f102000 	C:\Program Files\Java\jre1.8.0_221\bin\msvcr100.dll
0x000000005d690000 - 0x000000005df35000 	C:\Program Files\Java\jre1.8.0_221\bin\server\jvm.dll
0x00007fff8afc0000 - 0x00007fff8afc8000 	C:\Windows\System32\PSAPI.DLL
0x00007fff776d0000 - 0x00007fff776d9000 	C:\Windows\SYSTEM32\WSOCK32.dll
0x00007fff8acf0000 - 0x00007fff8ad5f000 	C:\Windows\System32\WS2_32.dll
0x00007fff85bf0000 - 0x00007fff85c14000 	C:\Windows\SYSTEM32\WINMM.dll
0x00007fff7de90000 - 0x00007fff7de9a000 	C:\Windows\SYSTEM32\VERSION.dll
0x00007fff85bc0000 - 0x00007fff85bed000 	C:\Windows\SYSTEM32\WINMMBASE.dll
0x00007fff89090000 - 0x00007fff890da000 	C:\Windows\System32\cfgmgr32.dll
0x00007fff84bd0000 - 0x00007fff84bdf000 	C:\Program Files\Java\jre1.8.0_221\bin\verify.dll
0x00007fff725d0000 - 0x00007fff725f9000 	C:\Program Files\Java\jre1.8.0_221\bin\java.dll
0x00007fff82400000 - 0x00007fff82416000 	C:\Program Files\Java\jre1.8.0_221\bin\zip.dll
0x00007fff8a020000 - 0x00007fff8a706000 	C:\Windows\System32\SHELL32.dll
0x00007fff8ad60000 - 0x00007fff8ae09000 	C:\Windows\System32\shcore.dll
0x00007fff896b0000 - 0x00007fff89e30000 	C:\Windows\System32\windows.storage.dll
0x00007fff88ce0000 - 0x00007fff88d03000 	C:\Windows\System32\profapi.dll
0x00007fff88c50000 - 0x00007fff88c9a000 	C:\Windows\System32\powrprof.dll
0x00007fff88c40000 - 0x00007fff88c50000 	C:\Windows\System32\UMPDC.dll
0x00007fff8b370000 - 0x00007fff8b3c2000 	C:\Windows\System32\shlwapi.dll
0x00007fff88cc0000 - 0x00007fff88cd1000 	C:\Windows\System32\kernel.appcore.dll
0x00007fff88d10000 - 0x00007fff88d27000 	C:\Windows\System32\cryptsp.dll
0x0000000000e10000 - 0x0000000000e13000 	C:\Program Files\Java\jre1.8.0_221\bin\api-ms-win-core-console-l1-1-0.dll
0x0000000000e20000 - 0x0000000000e23000 	C:\Program Files\Java\jre1.8.0_221\bin\api-ms-win-core-datetime-l1-1-0.dll
0x0000000000e30000 - 0x0000000000e33000 	C:\Program Files\Java\jre1.8.0_221\bin\api-ms-win-core-debug-l1-1-0.dll
0x0000000000e40000 - 0x0000000000e43000 	C:\Program Files\Java\jre1.8.0_221\bin\api-ms-win-core-errorhandling-l1-1-0.dll
0x0000000000e50000 - 0x0000000000e54000 	C:\Program Files\Java\jre1.8.0_221\bin\api-ms-win-core-file-l1-1-0.dll
0x0000000000e60000 - 0x0000000000e63000 	C:\Program Files\Java\jre1.8.0_221\bin\api-ms-win-core-file-l1-2-0.dll
0x0000000000e80000 - 0x0000000000e83000 	C:\Program Files\Java\jre1.8.0_221\bin\api-ms-win-core-file-l2-1-0.dll
0x0000000000e90000 - 0x0000000000e93000 	C:\Program Files\Java\jre1.8.0_221\bin\api-ms-win-core-handle-l1-1-0.dll
0x0000000002a40000 - 0x0000000002a43000 	C:\Program Files\Java\jre1.8.0_221\bin\api-ms-win-core-heap-l1-1-0.dll
0x0000000002a50000 - 0x0000000002a53000 	C:\Program Files\Java\jre1.8.0_221\bin\api-ms-win-core-interlocked-l1-1-0.dll
0x0000000002a60000 - 0x0000000002a63000 	C:\Program Files\Java\jre1.8.0_221\bin\api-ms-win-core-libraryloader-l1-1-0.dll
0x0000000002a70000 - 0x0000000002a73000 	C:\Program Files\Java\jre1.8.0_221\bin\api-ms-win-core-localization-l1-2-0.dll
0x0000000002a80000 - 0x0000000002a83000 	C:\Program Files\Java\jre1.8.0_221\bin\api-ms-win-core-memory-l1-1-0.dll
0x0000000002ba0000 - 0x0000000002ba3000 	C:\Program Files\Java\jre1.8.0_221\bin\api-ms-win-core-namedpipe-l1-1-0.dll
0x0000000002bb0000 - 0x0000000002bb3000 	C:\Program Files\Java\jre1.8.0_221\bin\api-ms-win-core-processenvironment-l1-1-0.dll
0x0000000002bc0000 - 0x0000000002bc3000 	C:\Program Files\Java\jre1.8.0_221\bin\api-ms-win-core-processthreads-l1-1-0.dll
0x0000000002bd0000 - 0x0000000002bd3000 	C:\Program Files\Java\jre1.8.0_221\bin\api-ms-win-core-processthreads-l1-1-1.dll
0x0000000002be0000 - 0x0000000002be3000 	C:\Program Files\Java\jre1.8.0_221\bin\api-ms-win-core-profile-l1-1-0.dll
0x0000000002bf0000 - 0x0000000002bf3000 	C:\Program Files\Java\jre1.8.0_221\bin\api-ms-win-core-rtlsupport-l1-1-0.dll
0x0000000002c00000 - 0x0000000002c03000 	C:\Program Files\Java\jre1.8.0_221\bin\api-ms-win-core-string-l1-1-0.dll
0x0000000002c10000 - 0x0000000002c13000 	C:\Program Files\Java\jre1.8.0_221\bin\api-ms-win-core-synch-l1-1-0.dll
0x0000000002c20000 - 0x0000000002c23000 	C:\Program Files\Java\jre1.8.0_221\bin\api-ms-win-core-synch-l1-2-0.dll
0x0000000002c30000 - 0x0000000002c33000 	C:\Program Files\Java\jre1.8.0_221\bin\api-ms-win-core-sysinfo-l1-1-0.dll
0x0000000002c40000 - 0x0000000002c43000 	C:\Program Files\Java\jre1.8.0_221\bin\api-ms-win-core-timezone-l1-1-0.dll
0x0000000002c50000 - 0x0000000002c53000 	C:\Program Files\Java\jre1.8.0_221\bin\api-ms-win-core-util-l1-1-0.dll
0x0000000002c60000 - 0x0000000002c63000 	C:\Program Files\Java\jre1.8.0_221\bin\api-ms-win-crt-conio-l1-1-0.dll
0x00000000172e0000 - 0x00000000172e4000 	C:\Program Files\Java\jre1.8.0_221\bin\api-ms-win-crt-convert-l1-1-0.dll
0x00000000172f0000 - 0x00000000172f3000 	C:\Program Files\Java\jre1.8.0_221\bin\api-ms-win-crt-environment-l1-1-0.dll
0x0000000017300000 - 0x0000000017303000 	C:\Program Files\Java\jre1.8.0_221\bin\api-ms-win-crt-filesystem-l1-1-0.dll
0x0000000017310000 - 0x0000000017313000 	C:\Program Files\Java\jre1.8.0_221\bin\api-ms-win-crt-heap-l1-1-0.dll
0x0000000017320000 - 0x0000000017323000 	C:\Program Files\Java\jre1.8.0_221\bin\api-ms-win-crt-locale-l1-1-0.dll
0x0000000017330000 - 0x0000000017335000 	C:\Program Files\Java\jre1.8.0_221\bin\api-ms-win-crt-math-l1-1-0.dll
0x0000000017340000 - 0x0000000017345000 	C:\Program Files\Java\jre1.8.0_221\bin\api-ms-win-crt-multibyte-l1-1-0.dll
0x0000000017350000 - 0x0000000017360000 	C:\Program Files\Java\jre1.8.0_221\bin\api-ms-win-crt-private-l1-1-0.dll
0x0000000017360000 - 0x0000000017363000 	C:\Program Files\Java\jre1.8.0_221\bin\api-ms-win-crt-process-l1-1-0.dll
0x0000000017370000 - 0x0000000017374000 	C:\Program Files\Java\jre1.8.0_221\bin\api-ms-win-crt-runtime-l1-1-0.dll
0x0000000017380000 - 0x0000000017384000 	C:\Program Files\Java\jre1.8.0_221\bin\api-ms-win-crt-stdio-l1-1-0.dll
0x0000000017390000 - 0x0000000017394000 	C:\Program Files\Java\jre1.8.0_221\bin\api-ms-win-crt-string-l1-1-0.dll
0x00000000173a0000 - 0x00000000173a3000 	C:\Program Files\Java\jre1.8.0_221\bin\api-ms-win-crt-time-l1-1-0.dll
0x00000000173b0000 - 0x00000000173b3000 	C:\Program Files\Java\jre1.8.0_221\bin\api-ms-win-crt-utility-l1-1-0.dll
0x00007fff59260000 - 0x00007fff59356000 	C:\Program Files\Java\jre1.8.0_221\bin\ucrtbase.dll
0x00007fff84aa0000 - 0x00007fff84ab6000 	C:\Program Files\Java\jre1.8.0_221\bin\vcruntime140.dll
0x00007fff54c80000 - 0x00007fff54d2a000 	C:\Program Files\Java\jre1.8.0_221\bin\msvcp140.dll
0x00007fff5b8b0000 - 0x00007fff5b904000 	C:\Program Files\Java\jre1.8.0_221\bin\concrt140.dll
0x00007fff72670000 - 0x00007fff72693000 	C:\Program Files\Java\jre1.8.0_221\bin\prism_d3d.dll
0x00007fff52e20000 - 0x00007fff52fe7000 	C:\Windows\system32\d3d9.dll
0x00007fff86790000 - 0x00007fff867bd000 	C:\Windows\SYSTEM32\dwmapi.dll
0x00007fff878b0000 - 0x00007fff878d0000 	C:\Windows\SYSTEM32\dxcore.dll
0x00007fff86430000 - 0x00007fff864c9000 	C:\Windows\system32\uxtheme.dll
0x00007fff2d5a0000 - 0x00007fff2fadd000 	C:\Windows\SYSTEM32\igdumdim64.dll
0x00007fff89ed0000 - 0x00007fff89f95000 	C:\Windows\System32\OLEAUT32.dll
0x00007fff8ab90000 - 0x00007fff8ace7000 	C:\Windows\System32\ole32.dll
0x00007fff8b4a0000 - 0x00007fff8b910000 	C:\Windows\System32\SETUPAPI.dll
0x00007fff88f80000 - 0x00007fff88fa6000 	C:\Windows\System32\bcrypt.dll
0x00007fff5b610000 - 0x00007fff5b659000 	C:\Program Files\Java\jre1.8.0_221\bin\glass.dll
0x00007fff8b230000 - 0x00007fff8b300000 	C:\Windows\System32\COMDLG32.dll
0x00007fff8a710000 - 0x00007fff8a845000 	C:\Windows\System32\MSCTF.dll
0x00007fff7f540000 - 0x00007fff7ff80000 	C:\Windows\SYSTEM32\igdusc64.dll
0x00007fff54920000 - 0x00007fff54a0f000 	C:\Users\mmcam\.javacpp\cache\opencv-3.2.0-1.3-windows-x86_64.jar\org\bytedeco\javacpp\windows-x86_64\msvcr120.dll
0x00007fff54ac0000 - 0x00007fff54b66000 	C:\Users\mmcam\.javacpp\cache\opencv-3.2.0-1.3-windows-x86_64.jar\org\bytedeco\javacpp\windows-x86_64\msvcp120.dll
0x00007fff4a7e0000 - 0x00007fff4aa68000 	C:\Users\mmcam\.javacpp\cache\opencv-3.2.0-1.3-windows-x86_64.jar\org\bytedeco\javacpp\windows-x86_64\opencv_core320.dll
0x00007fff3c900000 - 0x00007fff3cc62000 	C:\Users\mmcam\.javacpp\cache\opencv-3.2.0-1.3-windows-x86_64.jar\org\bytedeco\javacpp\windows-x86_64\opencv_imgproc320.dll
0x00007fff424f0000 - 0x00007fff4273a000 	C:\Users\mmcam\.javacpp\cache\opencv-3.2.0-1.3-windows-x86_64.jar\org\bytedeco\javacpp\windows-x86_64\jniopencv_core.dll
0x00007fff617f0000 - 0x00007fff6180a000 	C:\Program Files\Java\jre1.8.0_221\bin\net.dll
0x00007fff78d80000 - 0x00007fff78f56000 	C:\Windows\SYSTEM32\urlmon.dll
0x00007fff79080000 - 0x00007fff79326000 	C:\Windows\SYSTEM32\iertutil.dll
0x00007fff88680000 - 0x00007fff8868c000 	C:\Windows\SYSTEM32\CRYPTBASE.DLL
0x00007fff884b0000 - 0x00007fff88517000 	C:\Windows\system32\mswsock.dll
0x00007fff617d0000 - 0x00007fff617e2000 	C:\Program Files\Java\jre1.8.0_221\bin\nio.dll
0x00007fff52c80000 - 0x00007fff52e19000 	C:\Program Files\Java\jre1.8.0_221\bin\awt.dll
0x00007fff86270000 - 0x00007fff862ff000 	C:\Windows\SYSTEM32\apphelp.dll
0x00007fff84a80000 - 0x00007fff84a94000 	C:\Program Files\Java\jre1.8.0_221\bin\javafx_font.dll
0x00007fff29540000 - 0x00007fff2d59b000 	C:\Program Files\Java\jre1.8.0_221\bin\jfxwebkit.dll
0x00007fff88020000 - 0x00007fff88053000 	C:\Windows\system32\rsaenh.dll
0x00007fff78a80000 - 0x00007fff78d7e000 	C:\Windows\SYSTEM32\dwrite.dll
0x00007fff8bb30000 - 0x00007fff8bbd2000 	C:\Windows\System32\clbcatq.dll
0x00007fff84060000 - 0x00007fff8420f000 	C:\Windows\SYSTEM32\WindowsCodecs.dll
0x00007fff54a10000 - 0x00007fff54a4a000 	C:\Windows\system32\dataexchange.dll
0x00007fff85780000 - 0x00007fff859db000 	C:\Windows\system32\d3d11.dll
0x00007fff87940000 - 0x00007fff87a2b000 	C:\Windows\system32\dxgi.dll
0x00007fff859e0000 - 0x00007fff85bbc000 	C:\Windows\system32\dcomp.dll
0x00007fff86520000 - 0x00007fff86781000 	C:\Windows\system32\twinapi.appcore.dll
0x00007fff86a40000 - 0x00007fff86a69000 	C:\Windows\system32\RMCLIENT.dll
0x00007fff5b5d0000 - 0x00007fff5b603000 	C:\Program Files\Common Files\Microsoft Shared\Ink\rtscom.dll
0x00007fff7aed0000 - 0x00007fff7af6e000 	C:\Windows\System32\TextInputFramework.dll
0x00007fff84450000 - 0x00007fff8477a000 	C:\Windows\System32\CoreUIComponents.dll
0x00007fff85f90000 - 0x00007fff86064000 	C:\Windows\System32\CoreMessaging.dll
0x00007fff87ca0000 - 0x00007fff87cd1000 	C:\Windows\SYSTEM32\ntmarta.dll
0x00007fff842f0000 - 0x00007fff84443000 	C:\Windows\SYSTEM32\wintypes.dll

VM Arguments:
jvm_args: -Djava.library.path=C:\Users\Administrator\Desktop\opencv\build\java\x64 -Dfile.encoding=Cp1252 
java_command: application.Main
java_class_path (initial): C:\Users\mmcam\OneDrive\Bureau\projet java\ensahVision\target\classes;C:\Users\mmcam\.p2\pool\plugins\org.eclipse.fx.ide.css.jfx8_1.2.0.201501301049.jar;C:\Users\mmcam\OneDrive\Bureau\projet java\ensahVision\bin\opencv-341.jar;C:\Users\mmcam\.m2\repository\org\bytedeco\javacv-platform\1.3.2\javacv-platform-1.3.2.jar;C:\Users\mmcam\.m2\repository\org\bytedeco\javacv\1.3.2\javacv-1.3.2.jar;C:\Users\mmcam\.m2\repository\org\bytedeco\javacpp-presets\ffmpeg\3.2.1-1.3\ffmpeg-3.2.1-1.3.jar;C:\Users\mmcam\.m2\repository\org\bytedeco\javacpp-presets\flycapture\2.9.3.43-1.3\flycapture-2.9.3.43-1.3.jar;C:\Users\mmcam\.m2\repository\org\bytedeco\javacpp-presets\libdc1394\2.2.4-1.3\libdc1394-2.2.4-1.3.jar;C:\Users\mmcam\.m2\repository\org\bytedeco\javacpp-presets\libfreenect\0.5.3-1.3\libfreenect-0.5.3-1.3.jar;C:\Users\mmcam\.m2\repository\org\bytedeco\javacpp-presets\libfreenect2\0.2.0-1.3\libfreenect2-0.2.0-1.3.jar;C:\Users\mmcam\.m2\repository\org\bytedeco\javacpp-presets\librealsense\1.9.6-1.3\librealsense-1.9.6-1.3.jar;C:\Users\mmcam\.m2\repository\org\bytedeco\javacpp-presets\videoinput\0.200-1.3\videoinput-0.200-1.3.jar;C:\Users\mmcam\.m2\repository\org\bytedeco\javacpp-presets\artoolkitplus\2.3.1-1.3\artoolkitplus-2.3.1-1.3.jar;C:\Users\mmcam\.m2\repository\org\bytedeco\javacpp-presets\flandmark\1.07-1.3\flandmark-1.07-1.3.jar;C:\Users\mmcam\.m2\repository\org\bytedeco\javacpp-presets\opencv-platform\3.2.0-1.3\opencv-platform-3.2.0-1.3.jar;C:\Users\mmcam\.m2\repository\org\bytedeco\javacpp-presets\opencv\3.2.0-1.3\opencv-3.2.0-1.3-android-arm.jar;C:\Users\mmcam\.m2\repository\org\bytedeco\javacpp-presets\opencv\3.2.0-1.3\opencv-3.2.0-1.3-android-x86.jar;C:\Users\mmcam\.m2\repository\org\bytedeco\javacpp-presets\opencv\3.2.0-1.3\opencv-3.2.0-1.3-linux-x86.jar;C:\Users\mmcam\.m2\repository\org\bytedeco\javacpp-presets\opencv\3.2.0-1.3\opencv-3.2.0-1.3-linux-x86_64.jar;C:\Users\mmcam\.m2\repository\org\bytedeco\javacpp-presets\opencv\3.2.0-1.3\o
Launcher Type: SUN_STANDARD

Environment Variables:
PATH=C:/Program Files/Java/jre1.8.0_221/bin/server;C:/Program Files/Java/jre1.8.0_221/bin;C:/Program Files/Java/jre1.8.0_221/lib/amd64;C:\Program Files (x86)\Common Files\Oracle\Java\javapath;C:\opencv\build\bin;C:\Users\mmcam\AppData\Local\Microsoft\WindowsApps;;C:\Users\mmcam\AppData\Local\Programs\Microsoft VS Code\bin;C:\Users\mmcam\AppData\Roaming\npm;C:\Users\mmcam\OneDrive\Bureau;
USERNAME=mmcam
OS=Windows_NT
PROCESSOR_IDENTIFIER=Intel64 Family 6 Model 69 Stepping 1, GenuineIntel



---------------  S Y S T E M  ---------------

OS: Windows 10.0 , 64 bit Build 18362 (10.0.18362.900)

CPU:total 4 (initial active 4) (2 cores per cpu, 2 threads per core) family 6 model 69 stepping 1, cmov, cx8, fxsr, mmx, sse, sse2, sse3, ssse3, sse4.1, sse4.2, popcnt, avx, avx2, aes, clmul, erms, lzcnt, ht, tsc, tscinvbit, bmi1, bmi2

Memory: 4k page, physical 4074888k(562816k free), swap 10890632k(3023056k free)

vm_info: Java HotSpot(TM) 64-Bit Server VM (25.221-b11) for windows-amd64 JRE (1.8.0_221-b11), built on Jul  4 2019 04:39:29 by "java_re" with MS VC++ 10.0 (VS2010)

time: Fri Jun 12 15:55:39 2020
timezone: Maroc (heure d’été)
elapsed time: 40 seconds (0d 0h 0m 40s)

