#
# A fatal error has been detected by the Java Runtime Environment:
#
#  EXCEPTION_ACCESS_VIOLATION (0xc0000005) at pc=0x00007fff8bd872a6, pid=1676, tid=0x0000000000002350
#
# JRE version: Java(TM) SE Runtime Environment (8.0_221-b11) (build 1.8.0_221-b11)
# Java VM: Java HotSpot(TM) 64-Bit Server VM (25.221-b11 mixed mode windows-amd64 compressed oops)
# Problematic frame:
# C  [ntdll.dll+0x72a6]
#
# Failed to write core dump. Minidumps are not enabled by default on client versions of Windows
#
# If you would like to submit a bug report, please visit:
#   http://bugreport.java.com/bugreport/crash.jsp
# The crash happened outside the Java Virtual Machine in native code.
# See problematic frame for where to report the bug.
#

---------------  T H R E A D  ---------------

Current thread (0x000000001f469800):  JavaThread "Thread-6" [_thread_in_native, id=9040, stack(0x0000000022f80000,0x0000000023080000)]

siginfo: ExceptionCode=0xc0000005, writing address 0x0000000000000024

Registers:
RAX=0x0000000000000000, RBX=0x0000000028360918, RCX=0x0000000028360918, RDX=0x00000000fffffffa
RSP=0x000000002307f050, RBP=0x0000000000000000, RSI=0x0000000000000000, RDI=0x0000000000000000
R8 =0x0000000000000000, R9 =0x0000000028360900, R10=0x0000000000000000, R11=0x0000000000000246
R12=0x0000000000000000, R13=0x00000000006c5000, R14=0x0000000000000001, R15=0x0000000000000000
RIP=0x00007fff8bd872a6, EFLAGS=0x0000000000010213

Top of Stack: (sp=0x000000002307f050)
0x000000002307f050:   ffffffffffffffff 0000000028360918
0x000000002307f060:   000000000000e102 00007fff8bdc535c
0x000000002307f070:   0000000031d0dec0 0000000030fb0000
0x000000002307f080:   0000000000910000 00000000c2cce200
0x000000002307f090:   000000001f9d8000 00000000fffffffa
0x000000002307f0a0:   00000000006c5000 fffffffffffffffe
0x000000002307f0b0:   0000000000000000 0000000031deeee0
0x000000002307f0c0:   0000000000000000 0000000000000000
0x000000002307f0d0:   000000000000e102 00007fff8bdc4c9b
0x000000002307f0e0:   0000b7700c86e229 000000002307f149
0x000000002307f0f0:   000000001f469800 0000000000000001
0x000000002307f100:   0000000000000001 0000000000000001
0x000000002307f110:   0000000000000000 0000000028360918
0x000000002307f120:   0000000000000000 00007fff8bd9b576
0x000000002307f130:   0000c701251d7903 0000000000000000
0x000000002307f140:   00000000fffffffa ffffffffff676980 

Instructions: (pc=0x00007fff8bd872a6)
0x00007fff8bd87286:   48 39 73 18 0f 84 d1 00 00 00 48 8b 03 48 83 f8
0x00007fff8bd87296:   ff 0f 84 d1 00 00 00 44 8b fe 48 83 f8 ff 74 03
0x00007fff8bd872a6:   ff 40 24 4c 8b 73 18 4c 8d 2d 44 82 15 00 bd 22
0x00007fff8bd872b6:   17 00 00 e8 72 89 03 00 85 c0 0f 85 5e 0b 0a 00 


Register to memory mapping:

RAX=0x0000000000000000 is an unknown value
RBX=0x0000000028360918 is an unknown value
RCX=0x0000000028360918 is an unknown value
RDX=0x00000000fffffffa is an unallocated location in the heap
RSP=0x000000002307f050 is pointing into the stack for thread: 0x000000001f469800
RBP=0x0000000000000000 is an unknown value
RSI=0x0000000000000000 is an unknown value
RDI=0x0000000000000000 is an unknown value
R8 =0x0000000000000000 is an unknown value
R9 =0x0000000028360900 is an unknown value
R10=0x0000000000000000 is an unknown value
R11=0x0000000000000246 is an unknown value
R12=0x0000000000000000 is an unknown value
R13=0x00000000006c5000 is an unknown value
R14=0x0000000000000001 is an unknown value
R15=0x0000000000000000 is an unknown value


Stack: [0x0000000022f80000,0x0000000023080000],  sp=0x000000002307f050,  free space=1020k
Native frames: (J=compiled Java code, j=interpreted, Vv=VM code, C=native code)

Java frames: (J=compiled Java code, j=interpreted, Vv=VM code)
j  org.bytedeco.javacpp.opencv_videoio$VideoCapture.retrieve(Lorg/bytedeco/javacpp/opencv_core$Mat;)Z+0
j  org.bytedeco.javacv.OpenCVFrameGrabber.grab()Lorg/bytedeco/javacv/Frame;+8
j  application.FaceDetector.run()V+1109
j  java.lang.Thread.run()V+11
v  ~StubRoutines::call_stub

---------------  P R O C E S S  ---------------

Java Threads: ( => current thread )
  0x00000000169f9000 JavaThread "Thread-8" [_thread_in_native, id=9544, stack(0x00000000327a0000,0x00000000328a0000)]
  0x00000000169fb000 JavaThread "URL-Loader-20" daemon [_thread_blocked, id=7940, stack(0x00000000328a0000,0x00000000329a0000)]
  0x00000000169f8000 JavaThread "URL-Loader-19" daemon [_thread_blocked, id=3796, stack(0x0000000032480000,0x0000000032580000)]
  0x00000000169fa800 JavaThread "URL-Loader-18" daemon [_thread_blocked, id=524, stack(0x00000000326a0000,0x00000000327a0000)]
  0x00000000169f9800 JavaThread "URL-Loader-17" daemon [_thread_blocked, id=7608, stack(0x00000000325a0000,0x00000000326a0000)]
  0x00000000169f6800 JavaThread "URL-Loader-16" daemon [_thread_blocked, id=9400, stack(0x0000000032380000,0x0000000032480000)]
  0x00000000169f7800 JavaThread "URL-Loader-15" daemon [_thread_blocked, id=7284, stack(0x0000000032280000,0x0000000032380000)]
  0x00000000169ee800 JavaThread "URL-Loader-14" daemon [_thread_blocked, id=1996, stack(0x0000000032180000,0x0000000032280000)]
  0x00000000169f5000 JavaThread "URL-Loader-13" daemon [_thread_blocked, id=7860, stack(0x0000000032080000,0x0000000032180000)]
  0x00000000169f3800 JavaThread "Thread-7" daemon [_thread_in_native, id=8832, stack(0x0000000031f80000,0x0000000032080000)]
  0x00000000169f3000 JavaThread "URL-Loader-12" daemon [_thread_blocked, id=4632, stack(0x000000002fe90000,0x000000002ff90000)]
  0x00000000169ef000 JavaThread "URL-Loader-11" daemon [_thread_blocked, id=9412, stack(0x000000002fa90000,0x000000002fb90000)]
  0x00000000169f0000 JavaThread "URL-Loader-10" daemon [_thread_blocked, id=7024, stack(0x000000002f890000,0x000000002f990000)]
  0x00000000169f2000 JavaThread "URL-Loader-9" daemon [_thread_blocked, id=4372, stack(0x000000002f790000,0x000000002f890000)]
  0x00000000169f1800 JavaThread "URL-Loader-8" daemon [_thread_blocked, id=2336, stack(0x000000002f690000,0x000000002f790000)]
  0x00000000169f0800 JavaThread "URL-Loader-7" daemon [_thread_blocked, id=9880, stack(0x000000002f590000,0x000000002f690000)]
  0x00000000169f4800 JavaThread "URL-Loader-6" daemon [_thread_blocked, id=1880, stack(0x000000002f490000,0x000000002f590000)]
  0x000000001f468000 JavaThread "URL-Loader-5" daemon [_thread_blocked, id=4236, stack(0x000000002f390000,0x000000002f490000)]
  0x000000001f467000 JavaThread "URL-Loader-4" daemon [_thread_blocked, id=6712, stack(0x000000002f290000,0x000000002f390000)]
  0x000000001f466800 JavaThread "URL-Loader-3" daemon [_thread_blocked, id=7516, stack(0x000000002f190000,0x000000002f290000)]
  0x000000001f465800 JavaThread "URL-Loader-2" daemon [_thread_blocked, id=8564, stack(0x000000002f090000,0x000000002f190000)]
  0x000000001f46b000 JavaThread "Keep-Alive-Timer" daemon [_thread_blocked, id=6512, stack(0x000000002eb90000,0x000000002ec90000)]
  0x000000001f465000 JavaThread "URL-Loader-1" daemon [_thread_in_native, id=8692, stack(0x000000002e790000,0x000000002e890000)]
=>0x000000001f469800 JavaThread "Thread-6" [_thread_in_native, id=9040, stack(0x0000000022f80000,0x0000000023080000)]
  0x000000001d27d800 JavaThread "Disposer" daemon [_thread_blocked, id=5628, stack(0x0000000021470000,0x0000000021570000)]
  0x000000001cb9e000 JavaThread "Prism Font Disposer" daemon [_thread_blocked, id=6096, stack(0x0000000020b70000,0x0000000020c70000)]
  0x0000000017a6b800 JavaThread "AWT-Windows" daemon [_thread_in_native, id=10132, stack(0x000000001e020000,0x000000001e120000)]
  0x000000001cc48000 JavaThread "Java2D Disposer" daemon [_thread_blocked, id=10204, stack(0x000000001de20000,0x000000001df20000)]
  0x000000001c98d800 JavaThread "JavaCPP Deallocator" daemon [_thread_blocked, id=6728, stack(0x000000001d9b0000,0x000000001dab0000)]
  0x0000000017416800 JavaThread "Thread-3" daemon [_thread_in_native, id=9900, stack(0x000000001c5e0000,0x000000001c6e0000)]
  0x0000000017417000 JavaThread "JavaFX-Launcher" [_thread_blocked, id=10060, stack(0x000000001c6e0000,0x000000001c7e0000)]
  0x0000000016ba9800 JavaThread "JavaFX Application Thread" [_thread_in_native, id=3884, stack(0x0000000017c10000,0x0000000017d10000)]
  0x0000000016ba8800 JavaThread "Thread-1" daemon [_thread_blocked, id=220, stack(0x0000000017b10000,0x0000000017c10000)]
  0x0000000016b85000 JavaThread "QuantumRenderer-0" daemon [_thread_blocked, id=9256, stack(0x0000000017000000,0x0000000017100000)]
  0x00000000167f8800 JavaThread "Service Thread" daemon [_thread_blocked, id=9732, stack(0x0000000016bd0000,0x0000000016cd0000)]
  0x0000000014e5c800 JavaThread "C1 CompilerThread2" daemon [_thread_blocked, id=2236, stack(0x00000000166d0000,0x00000000167d0000)]
  0x0000000014e58000 JavaThread "C2 CompilerThread1" daemon [_thread_blocked, id=3424, stack(0x00000000165d0000,0x00000000166d0000)]
  0x0000000014e46800 JavaThread "C2 CompilerThread0" daemon [_thread_blocked, id=7592, stack(0x00000000164d0000,0x00000000165d0000)]
  0x0000000014e44800 JavaThread "Attach Listener" daemon [_thread_blocked, id=1876, stack(0x00000000163d0000,0x00000000164d0000)]
  0x0000000014e43000 JavaThread "Signal Dispatcher" daemon [_thread_blocked, id=10180, stack(0x00000000162d0000,0x00000000163d0000)]
  0x0000000014e2c000 JavaThread "Finalizer" daemon [_thread_blocked, id=10196, stack(0x00000000160a0000,0x00000000161a0000)]
  0x0000000002866000 JavaThread "Reference Handler" daemon [_thread_blocked, id=9936, stack(0x0000000015fa0000,0x00000000160a0000)]
  0x0000000002777000 JavaThread "main" [_thread_blocked, id=344, stack(0x0000000002640000,0x0000000002740000)]

Other Threads:
  0x0000000014e08000 VMThread [stack: 0x0000000015ea0000,0x0000000015fa0000] [id=8888]
  0x0000000016845000 WatcherThread [stack: 0x0000000016cd0000,0x0000000016dd0000] [id=232]

VM state:not at safepoint (normal execution)

VM Mutex/Monitor currently owned by a thread: None

heap address: 0x00000000c1c00000, size: 996 MB, Compressed Oops mode: 32-bit
Narrow klass base: 0x0000000000000000, Narrow klass shift: 3
Compressed class space size: 1073741824 Address: 0x0000000100000000

Heap:
 PSYoungGen      total 197632K, used 67965K [0x00000000eb400000, 0x00000000f8580000, 0x0000000100000000)
  eden space 184832K, 35% used [0x00000000eb400000,0x00000000ef436a88,0x00000000f6880000)
  from space 12800K, 17% used [0x00000000f7500000,0x00000000f7728d38,0x00000000f8180000)
  to   space 12800K, 0% used [0x00000000f6880000,0x00000000f6880000,0x00000000f7500000)
 ParOldGen       total 55808K, used 24188K [0x00000000c1c00000, 0x00000000c5280000, 0x00000000eb400000)
  object space 55808K, 43% used [0x00000000c1c00000,0x00000000c339f2a0,0x00000000c5280000)
 Metaspace       used 34382K, capacity 35716K, committed 36096K, reserved 1081344K
  class space    used 4425K, capacity 4739K, committed 4864K, reserved 1048576K

Card table byte_map: [0x0000000011c30000,0x0000000011e30000] byte_map_base: 0x0000000011622000

Marking Bits: (ParMarkBitMap*) 0x000000005deb5ce0
 Begin Bits: [0x0000000012380000, 0x0000000013310000)
 End Bits:   [0x0000000013310000, 0x00000000142a0000)

Polling page: 0x0000000000900000

CodeCache: size=245760Kb used=15543Kb max_used=15549Kb free=230217Kb
 bounds [0x0000000002870000, 0x00000000037d0000, 0x0000000011870000]
 total_blobs=5707 nmethods=4681 adapters=937
 compilation: enabled

Compilation events (10 events):
Event: 35.598 Thread 0x0000000014e5c800 5483       3       com.sun.prism.impl.BaseResourcePool::freeDisposalRequestedAndCheckResources (156 bytes)
Event: 35.601 Thread 0x0000000014e5c800 nmethod 5483 0x0000000002af3910 code [0x0000000002af3b40, 0x0000000002af4b88]
Event: 35.605 Thread 0x0000000014e46800 nmethod 5478 0x00000000036dad50 code [0x00000000036daf00, 0x00000000036db828]
Event: 35.605 Thread 0x0000000014e46800 5481       4       com.sun.scenario.effect.impl.prism.PrFilterContext::hashCode (16 bytes)
Event: 35.610 Thread 0x0000000014e46800 nmethod 5481 0x0000000002af2a50 code [0x0000000002af2bc0, 0x0000000002af2e38]
Event: 35.639 Thread 0x0000000014e58000 nmethod 5477 0x0000000002bc1910 code [0x0000000002bc1d40, 0x0000000002bc3470]
Event: 35.674 Thread 0x0000000014e5c800 5484       3       sun.security.provider.DigestBase::engineReset (33 bytes)
Event: 35.674 Thread 0x0000000014e5c800 nmethod 5484 0x00000000034b1450 code [0x00000000034b15c0, 0x00000000034b1878]
Event: 35.686 Thread 0x0000000014e5c800 5485       3       java.lang.IllegalArgumentException::<init> (6 bytes)
Event: 35.686 Thread 0x0000000014e5c800 nmethod 5485 0x0000000002af3450 code [0x0000000002af35c0, 0x0000000002af3808]

GC Heap History (10 events):
Event: 27.516 GC heap before
{Heap before GC invocations=10 (full 1):
 PSYoungGen      total 108544K, used 107112K [0x00000000eb400000, 0x00000000f2c80000, 0x0000000100000000)
  eden space 97792K, 99% used [0x00000000eb400000,0x00000000f132e020,0x00000000f1380000)
  from space 10752K, 89% used [0x00000000f2200000,0x00000000f2b6c118,0x00000000f2c80000)
  to   space 12800K, 0% used [0x00000000f1380000,0x00000000f1380000,0x00000000f2000000)
 ParOldGen       total 29696K, used 12940K [0x00000000c1c00000, 0x00000000c3900000, 0x00000000eb400000)
  object space 29696K, 43% used [0x00000000c1c00000,0x00000000c28a33f0,0x00000000c3900000)
 Metaspace       used 29602K, capacity 30814K, committed 30848K, reserved 1075200K
  class space    used 3919K, capacity 4214K, committed 4224K, reserved 1048576K
Event: 27.529 GC heap after
Heap after GC invocations=10 (full 1):
 PSYoungGen      total 110592K, used 5812K [0x00000000eb400000, 0x00000000f4e80000, 0x0000000100000000)
  eden space 97792K, 0% used [0x00000000eb400000,0x00000000eb400000,0x00000000f1380000)
  from space 12800K, 45% used [0x00000000f1380000,0x00000000f192d070,0x00000000f2000000)
  to   space 12288K, 0% used [0x00000000f4280000,0x00000000f4280000,0x00000000f4e80000)
 ParOldGen       total 29696K, used 19033K [0x00000000c1c00000, 0x00000000c3900000, 0x00000000eb400000)
  object space 29696K, 64% used [0x00000000c1c00000,0x00000000c2e96650,0x00000000c3900000)
 Metaspace       used 29602K, capacity 30814K, committed 30848K, reserved 1075200K
  class space    used 3919K, capacity 4214K, committed 4224K, reserved 1048576K
}
Event: 32.274 GC heap before
{Heap before GC invocations=11 (full 1):
 PSYoungGen      total 110592K, used 103591K [0x00000000eb400000, 0x00000000f4e80000, 0x0000000100000000)
  eden space 97792K, 99% used [0x00000000eb400000,0x00000000f137cdb8,0x00000000f1380000)
  from space 12800K, 45% used [0x00000000f1380000,0x00000000f192d070,0x00000000f2000000)
  to   space 12288K, 0% used [0x00000000f4280000,0x00000000f4280000,0x00000000f4e80000)
 ParOldGen       total 29696K, used 19033K [0x00000000c1c00000, 0x00000000c3900000, 0x00000000eb400000)
  object space 29696K, 64% used [0x00000000c1c00000,0x00000000c2e96650,0x00000000c3900000)
 Metaspace       used 33433K, capacity 34708K, committed 34944K, reserved 1079296K
  class space    used 4320K, capacity 4621K, committed 4736K, reserved 1048576K
Event: 32.303 GC heap after
Heap after GC invocations=11 (full 1):
 PSYoungGen      total 138752K, used 7771K [0x00000000eb400000, 0x00000000f4b00000, 0x0000000100000000)
  eden space 130048K, 0% used [0x00000000eb400000,0x00000000eb400000,0x00000000f3300000)
  from space 8704K, 89% used [0x00000000f4280000,0x00000000f4a16dc8,0x00000000f4b00000)
  to   space 12288K, 0% used [0x00000000f3300000,0x00000000f3300000,0x00000000f3f00000)
 ParOldGen       total 29696K, used 21297K [0x00000000c1c00000, 0x00000000c3900000, 0x00000000eb400000)
  object space 29696K, 71% used [0x00000000c1c00000,0x00000000c30cc6c0,0x00000000c3900000)
 Metaspace       used 33433K, capacity 34708K, committed 34944K, reserved 1079296K
  class space    used 4320K, capacity 4621K, committed 4736K, reserved 1048576K
}
Event: 32.410 GC heap before
{Heap before GC invocations=12 (full 1):
 PSYoungGen      total 138752K, used 137758K [0x00000000eb400000, 0x00000000f4b00000, 0x0000000100000000)
  eden space 130048K, 99% used [0x00000000eb400000,0x00000000f32f0d20,0x00000000f3300000)
  from space 8704K, 89% used [0x00000000f4280000,0x00000000f4a16dc8,0x00000000f4b00000)
  to   space 12288K, 0% used [0x00000000f3300000,0x00000000f3300000,0x00000000f3f00000)
 ParOldGen       total 29696K, used 21297K [0x00000000c1c00000, 0x00000000c3900000, 0x00000000eb400000)
  object space 29696K, 71% used [0x00000000c1c00000,0x00000000c30cc6c0,0x00000000c3900000)
 Metaspace       used 33435K, capacity 34708K, committed 34944K, reserved 1079296K
  class space    used 4320K, capacity 4621K, committed 4736K, reserved 1048576K
Event: 32.430 GC heap after
Heap after GC invocations=12 (full 1):
 PSYoungGen      total 142336K, used 205K [0x00000000eb400000, 0x00000000f8180000, 0x0000000100000000)
  eden space 130048K, 0% used [0x00000000eb400000,0x00000000eb400000,0x00000000f3300000)
  from space 12288K, 1% used [0x00000000f3300000,0x00000000f33337a0,0x00000000f3f00000)
  to   space 12800K, 0% used [0x00000000f7500000,0x00000000f7500000,0x00000000f8180000)
 ParOldGen       total 29696K, used 26885K [0x00000000c1c00000, 0x00000000c3900000, 0x00000000eb400000)
  object space 29696K, 90% used [0x00000000c1c00000,0x00000000c3641570,0x00000000c3900000)
 Metaspace       used 33435K, capacity 34708K, committed 34944K, reserved 1079296K
  class space    used 4320K, capacity 4621K, committed 4736K, reserved 1048576K
}
Event: 32.430 GC heap before
{Heap before GC invocations=13 (full 2):
 PSYoungGen      total 142336K, used 205K [0x00000000eb400000, 0x00000000f8180000, 0x0000000100000000)
  eden space 130048K, 0% used [0x00000000eb400000,0x00000000eb400000,0x00000000f3300000)
  from space 12288K, 1% used [0x00000000f3300000,0x00000000f33337a0,0x00000000f3f00000)
  to   space 12800K, 0% used [0x00000000f7500000,0x00000000f7500000,0x00000000f8180000)
 ParOldGen       total 29696K, used 26885K [0x00000000c1c00000, 0x00000000c3900000, 0x00000000eb400000)
  object space 29696K, 90% used [0x00000000c1c00000,0x00000000c3641570,0x00000000c3900000)
 Metaspace       used 33435K, capacity 34708K, committed 34944K, reserved 1079296K
  class space    used 4320K, capacity 4621K, committed 4736K, reserved 1048576K
Event: 32.635 GC heap after
Heap after GC invocations=13 (full 2):
 PSYoungGen      total 142336K, used 0K [0x00000000eb400000, 0x00000000f8180000, 0x0000000100000000)
  eden space 130048K, 0% used [0x00000000eb400000,0x00000000eb400000,0x00000000f3300000)
  from space 12288K, 0% used [0x00000000f3300000,0x00000000f3300000,0x00000000f3f00000)
  to   space 12800K, 0% used [0x00000000f7500000,0x00000000f7500000,0x00000000f8180000)
 ParOldGen       total 55808K, used 24180K [0x00000000c1c00000, 0x00000000c5280000, 0x00000000eb400000)
  object space 55808K, 43% used [0x00000000c1c00000,0x00000000c339d2a0,0x00000000c5280000)
 Metaspace       used 33435K, capacity 34708K, committed 34944K, reserved 1079296K
  class space    used 4320K, capacity 4621K, committed 4736K, reserved 1048576K
}
Event: 32.951 GC heap before
{Heap before GC invocations=14 (full 2):
 PSYoungGen      total 142336K, used 129132K [0x00000000eb400000, 0x00000000f8180000, 0x0000000100000000)
  eden space 130048K, 99% used [0x00000000eb400000,0x00000000f321b2c8,0x00000000f3300000)
  from space 12288K, 0% used [0x00000000f3300000,0x00000000f3300000,0x00000000f3f00000)
  to   space 12800K, 0% used [0x00000000f7500000,0x00000000f7500000,0x00000000f8180000)
 ParOldGen       total 55808K, used 24180K [0x00000000c1c00000, 0x00000000c5280000, 0x00000000eb400000)
  object space 55808K, 43% used [0x00000000c1c00000,0x00000000c339d2a0,0x00000000c5280000)
 Metaspace       used 33695K, capacity 34964K, committed 35200K, reserved 1079296K
  class space    used 4352K, capacity 4661K, committed 4736K, reserved 1048576K
Event: 32.959 GC heap after
Heap after GC invocations=14 (full 2):
 PSYoungGen      total 197632K, used 2211K [0x00000000eb400000, 0x00000000f8580000, 0x0000000100000000)
  eden space 184832K, 0% used [0x00000000eb400000,0x00000000eb400000,0x00000000f6880000)
  from space 12800K, 17% used [0x00000000f7500000,0x00000000f7728d38,0x00000000f8180000)
  to   space 12800K, 0% used [0x00000000f6880000,0x00000000f6880000,0x00000000f7500000)
 ParOldGen       total 55808K, used 24188K [0x00000000c1c00000, 0x00000000c5280000, 0x00000000eb400000)
  object space 55808K, 43% used [0x00000000c1c00000,0x00000000c339f2a0,0x00000000c5280000)
 Metaspace       used 33695K, capacity 34964K, committed 35200K, reserved 1079296K
  class space    used 4352K, capacity 4661K, committed 4736K, reserved 1048576K
}

Deoptimization events (10 events):
Event: 34.209 Thread 0x0000000016b85000 Uncommon trap: reason=class_check action=maybe_recompile pc=0x0000000002aff434 method=com.sun.javafx.sg.prism.NGNode.doRender(Lcom/sun/prism/Graphics;)V @ 319
Event: 34.211 Thread 0x0000000016b85000 Uncommon trap: reason=class_check action=maybe_recompile pc=0x0000000002aff434 method=com.sun.javafx.sg.prism.NGNode.doRender(Lcom/sun/prism/Graphics;)V @ 319
Event: 34.214 Thread 0x0000000016b85000 Uncommon trap: reason=class_check action=maybe_recompile pc=0x0000000002aff434 method=com.sun.javafx.sg.prism.NGNode.doRender(Lcom/sun/prism/Graphics;)V @ 319
Event: 34.873 Thread 0x0000000016b85000 Uncommon trap: reason=predicate action=maybe_recompile pc=0x00000000034fbeac method=java.util.Arrays.binarySearch0([Ljava/lang/Object;IILjava/lang/Object;Ljava/util/Comparator;)I @ 28
Event: 34.917 Thread 0x0000000016ba9800 Uncommon trap: reason=class_check action=maybe_recompile pc=0x00000000032f4274 method=java.util.HashMap.removeNode(ILjava/lang/Object;Ljava/lang/Object;ZZ)Ljava/util/HashMap$Node; @ 68
Event: 34.917 Thread 0x0000000016ba9800 Uncommon trap: reason=class_check action=maybe_recompile pc=0x00000000032f4274 method=java.util.HashMap.removeNode(ILjava/lang/Object;Ljava/lang/Object;ZZ)Ljava/util/HashMap$Node; @ 68
Event: 34.917 Thread 0x0000000016ba9800 Uncommon trap: reason=class_check action=maybe_recompile pc=0x00000000032f42cc method=java.util.HashMap.removeNode(ILjava/lang/Object;Ljava/lang/Object;ZZ)Ljava/util/HashMap$Node; @ 143
Event: 34.917 Thread 0x0000000016ba9800 Uncommon trap: reason=class_check action=maybe_recompile pc=0x00000000032f4274 method=java.util.HashMap.removeNode(ILjava/lang/Object;Ljava/lang/Object;ZZ)Ljava/util/HashMap$Node; @ 68
Event: 35.474 Thread 0x000000001f465000 Uncommon trap: reason=unstable_if action=reinterpret pc=0x0000000002b41f98 method=java.lang.StringCoding.decode(Ljava/lang/String;[BII)[C @ 51
Event: 35.563 Thread 0x0000000016b85000 Uncommon trap: reason=unstable_if action=reinterpret pc=0x00000000029aa1f8 method=com.sun.scenario.effect.impl.state.BoxRenderState.validateWeights()V @ 147

Classes redefined (0 events):
No events

Internal exceptions (10 events):
Event: 34.084 Thread 0x0000000016ba9800 Exception <a 'java/io/FileNotFoundException'> (0x00000000ed175598) thrown at [C:\re\workspace\8-2-build-windows-amd64-cygwin\jdk8u221\13320\hotspot\src\share\vm\prims\jni.cpp, line 710]
Event: 34.112 Thread 0x0000000016ba9800 Exception <a 'java/io/FileNotFoundException'> (0x00000000ed2f0888) thrown at [C:\re\workspace\8-2-build-windows-amd64-cygwin\jdk8u221\13320\hotspot\src\share\vm\prims\jni.cpp, line 710]
Event: 34.112 Thread 0x0000000016ba9800 Exception <a 'java/io/FileNotFoundException'> (0x00000000ed2f18f0) thrown at [C:\re\workspace\8-2-build-windows-amd64-cygwin\jdk8u221\13320\hotspot\src\share\vm\prims\jni.cpp, line 710]
Event: 34.112 Thread 0x0000000016ba9800 Exception <a 'java/io/FileNotFoundException'> (0x00000000ed2f29f0) thrown at [C:\re\workspace\8-2-build-windows-amd64-cygwin\jdk8u221\13320\hotspot\src\share\vm\prims\jni.cpp, line 710]
Event: 34.112 Thread 0x0000000016ba9800 Exception <a 'java/io/FileNotFoundException'> (0x00000000ed2f3a38) thrown at [C:\re\workspace\8-2-build-windows-amd64-cygwin\jdk8u221\13320\hotspot\src\share\vm\prims\jni.cpp, line 710]
Event: 34.153 Thread 0x0000000016b85000 Implicit null exception at 0x0000000002a637fa to 0x0000000002a638ad
Event: 34.167 Thread 0x0000000016b85000 Implicit null exception at 0x000000000357642f to 0x0000000003576ba5
Event: 34.541 Thread 0x00000000169f3800 Exception <a 'sun/nio/fs/WindowsException'> (0x00000000eda2f450) thrown at [C:\re\workspace\8-2-build-windows-amd64-cygwin\jdk8u221\13320\hotspot\src\share\vm\prims\jni.cpp, line 710]
Event: 35.169 Thread 0x0000000016ba9800 Exception <a 'java/lang/ClassNotFoundException': sun/net/www/protocol/about/Handler> (0x00000000ee6d6740) thrown at [C:\re\workspace\8-2-build-windows-amd64-cygwin\jdk8u221\13320\hotspot\src\share\vm\classfile\systemDictionary.cpp, line 210]
Event: 35.369 Thread 0x0000000016ba9800 Exception <a 'java/lang/ClassNotFoundException': sun/net/www/protocol/about/Handler> (0x00000000ee6f52e8) thrown at [C:\re\workspace\8-2-build-windows-amd64-cygwin\jdk8u221\13320\hotspot\src\share\vm\classfile\systemDictionary.cpp, line 210]

Events (10 events):
Event: 35.510 Thread 0x00000000169f9000 Thread added: 0x00000000169f9000
Event: 35.563 Thread 0x0000000016b85000 Uncommon trap: trap_request=0xffffff65 fr.pc=0x00000000029aa1f8
Event: 35.563 Thread 0x0000000016b85000 DEOPT PACKING pc=0x00000000029aa1f8 sp=0x00000000170fd270
Event: 35.563 Thread 0x0000000016b85000 DEOPT UNPACKING pc=0x00000000028b583b sp=0x00000000170fd1e0 mode 2
Event: 35.674 Thread 0x000000001f465000 DEOPT PACKING pc=0x0000000002970bd7 sp=0x000000002e88d3b0
Event: 35.674 Thread 0x000000001f465000 DEOPT UNPACKING pc=0x00000000028b7890 sp=0x000000002e88d098 mode 0
Event: 35.674 Thread 0x00000000169fc000 Thread added: 0x00000000169fc000
Event: 35.675 Executing VM operation: RevokeBias
Event: 35.675 Executing VM operation: RevokeBias done
Event: 35.675 Thread 0x00000000169fc000 Thread exited: 0x00000000169fc000


Dynamic libraries:
0x00007ff618160000 - 0x00007ff618197000 	C:\Program Files\Java\jre1.8.0_221\bin\javaw.exe
0x00007fff8bd80000 - 0x00007fff8bf70000 	C:\Windows\SYSTEM32\ntdll.dll
0x00007fff8bbe0000 - 0x00007fff8bc92000 	C:\Windows\System32\KERNEL32.DLL
0x00007fff89330000 - 0x00007fff895d4000 	C:\Windows\System32\KERNELBASE.dll
0x00007fff8b180000 - 0x00007fff8b223000 	C:\Windows\System32\ADVAPI32.dll
0x00007fff8bca0000 - 0x00007fff8bd3e000 	C:\Windows\System32\msvcrt.dll
0x00007fff89e30000 - 0x00007fff89ec7000 	C:\Windows\System32\sechost.dll
0x00007fff8b030000 - 0x00007fff8b150000 	C:\Windows\System32\RPCRT4.dll
0x00007fff8b910000 - 0x00007fff8baa4000 	C:\Windows\System32\USER32.dll
0x00007fff895e0000 - 0x00007fff89601000 	C:\Windows\System32\win32u.dll
0x00007fff8b150000 - 0x00007fff8b176000 	C:\Windows\System32\GDI32.dll
0x00007fff88de0000 - 0x00007fff88f75000 	C:\Windows\System32\gdi32full.dll
0x00007fff89610000 - 0x00007fff896ae000 	C:\Windows\System32\msvcp_win.dll
0x00007fff89230000 - 0x00007fff8932a000 	C:\Windows\System32\ucrtbase.dll
0x00007fff7b9c0000 - 0x00007fff7bc44000 	C:\Windows\WinSxS\amd64_microsoft.windows.common-controls_6595b64144ccf1df_6.0.18362.900_none_e6beb9d913147d17\COMCTL32.dll
0x00007fff8a850000 - 0x00007fff8ab85000 	C:\Windows\System32\combase.dll
0x00007fff89010000 - 0x00007fff89090000 	C:\Windows\System32\bcryptPrimitives.dll
0x00007fff8b470000 - 0x00007fff8b49e000 	C:\Windows\System32\IMM32.DLL
0x000000005f030000 - 0x000000005f102000 	C:\Program Files\Java\jre1.8.0_221\bin\msvcr100.dll
0x000000005d690000 - 0x000000005df35000 	C:\Program Files\Java\jre1.8.0_221\bin\server\jvm.dll
0x00007fff8afc0000 - 0x00007fff8afc8000 	C:\Windows\System32\PSAPI.DLL
0x00007fff776d0000 - 0x00007fff776d9000 	C:\Windows\SYSTEM32\WSOCK32.dll
0x00007fff8acf0000 - 0x00007fff8ad5f000 	C:\Windows\System32\WS2_32.dll
0x00007fff85bf0000 - 0x00007fff85c14000 	C:\Windows\SYSTEM32\WINMM.dll
0x00007fff7de90000 - 0x00007fff7de9a000 	C:\Windows\SYSTEM32\VERSION.dll
0x00007fff85bc0000 - 0x00007fff85bed000 	C:\Windows\SYSTEM32\WINMMBASE.dll
0x00007fff89090000 - 0x00007fff890da000 	C:\Windows\System32\cfgmgr32.dll
0x00007fff84bd0000 - 0x00007fff84bdf000 	C:\Program Files\Java\jre1.8.0_221\bin\verify.dll
0x00007fff725d0000 - 0x00007fff725f9000 	C:\Program Files\Java\jre1.8.0_221\bin\java.dll
0x00007fff82400000 - 0x00007fff82416000 	C:\Program Files\Java\jre1.8.0_221\bin\zip.dll
0x00007fff8a020000 - 0x00007fff8a706000 	C:\Windows\System32\SHELL32.dll
0x00007fff8ad60000 - 0x00007fff8ae09000 	C:\Windows\System32\shcore.dll
0x00007fff896b0000 - 0x00007fff89e30000 	C:\Windows\System32\windows.storage.dll
0x00007fff88ce0000 - 0x00007fff88d03000 	C:\Windows\System32\profapi.dll
0x00007fff88c50000 - 0x00007fff88c9a000 	C:\Windows\System32\powrprof.dll
0x00007fff88c40000 - 0x00007fff88c50000 	C:\Windows\System32\UMPDC.dll
0x00007fff8b370000 - 0x00007fff8b3c2000 	C:\Windows\System32\shlwapi.dll
0x00007fff88cc0000 - 0x00007fff88cd1000 	C:\Windows\System32\kernel.appcore.dll
0x00007fff88d10000 - 0x00007fff88d27000 	C:\Windows\System32\cryptsp.dll
0x0000000000d50000 - 0x0000000000d53000 	C:\Program Files\Java\jre1.8.0_221\bin\api-ms-win-core-console-l1-1-0.dll
0x0000000000d70000 - 0x0000000000d73000 	C:\Program Files\Java\jre1.8.0_221\bin\api-ms-win-core-datetime-l1-1-0.dll
0x0000000000d80000 - 0x0000000000d83000 	C:\Program Files\Java\jre1.8.0_221\bin\api-ms-win-core-debug-l1-1-0.dll
0x0000000002740000 - 0x0000000002743000 	C:\Program Files\Java\jre1.8.0_221\bin\api-ms-win-core-errorhandling-l1-1-0.dll
0x0000000002750000 - 0x0000000002754000 	C:\Program Files\Java\jre1.8.0_221\bin\api-ms-win-core-file-l1-1-0.dll
0x0000000016dd0000 - 0x0000000016dd3000 	C:\Program Files\Java\jre1.8.0_221\bin\api-ms-win-core-file-l1-2-0.dll
0x0000000016de0000 - 0x0000000016de3000 	C:\Program Files\Java\jre1.8.0_221\bin\api-ms-win-core-file-l2-1-0.dll
0x0000000016df0000 - 0x0000000016df3000 	C:\Program Files\Java\jre1.8.0_221\bin\api-ms-win-core-handle-l1-1-0.dll
0x0000000016e00000 - 0x0000000016e03000 	C:\Program Files\Java\jre1.8.0_221\bin\api-ms-win-core-heap-l1-1-0.dll
0x0000000016e10000 - 0x0000000016e13000 	C:\Program Files\Java\jre1.8.0_221\bin\api-ms-win-core-interlocked-l1-1-0.dll
0x0000000016e20000 - 0x0000000016e23000 	C:\Program Files\Java\jre1.8.0_221\bin\api-ms-win-core-libraryloader-l1-1-0.dll
0x0000000016e30000 - 0x0000000016e33000 	C:\Program Files\Java\jre1.8.0_221\bin\api-ms-win-core-localization-l1-2-0.dll
0x0000000016e40000 - 0x0000000016e43000 	C:\Program Files\Java\jre1.8.0_221\bin\api-ms-win-core-memory-l1-1-0.dll
0x0000000016e50000 - 0x0000000016e53000 	C:\Program Files\Java\jre1.8.0_221\bin\api-ms-win-core-namedpipe-l1-1-0.dll
0x0000000016e60000 - 0x0000000016e63000 	C:\Program Files\Java\jre1.8.0_221\bin\api-ms-win-core-processenvironment-l1-1-0.dll
0x0000000016e70000 - 0x0000000016e73000 	C:\Program Files\Java\jre1.8.0_221\bin\api-ms-win-core-processthreads-l1-1-0.dll
0x0000000016e80000 - 0x0000000016e83000 	C:\Program Files\Java\jre1.8.0_221\bin\api-ms-win-core-processthreads-l1-1-1.dll
0x0000000016e90000 - 0x0000000016e93000 	C:\Program Files\Java\jre1.8.0_221\bin\api-ms-win-core-profile-l1-1-0.dll
0x0000000016ea0000 - 0x0000000016ea3000 	C:\Program Files\Java\jre1.8.0_221\bin\api-ms-win-core-rtlsupport-l1-1-0.dll
0x0000000016eb0000 - 0x0000000016eb3000 	C:\Program Files\Java\jre1.8.0_221\bin\api-ms-win-core-string-l1-1-0.dll
0x0000000016ec0000 - 0x0000000016ec3000 	C:\Program Files\Java\jre1.8.0_221\bin\api-ms-win-core-synch-l1-1-0.dll
0x0000000016ed0000 - 0x0000000016ed3000 	C:\Program Files\Java\jre1.8.0_221\bin\api-ms-win-core-synch-l1-2-0.dll
0x0000000016ee0000 - 0x0000000016ee3000 	C:\Program Files\Java\jre1.8.0_221\bin\api-ms-win-core-sysinfo-l1-1-0.dll
0x0000000016ef0000 - 0x0000000016ef3000 	C:\Program Files\Java\jre1.8.0_221\bin\api-ms-win-core-timezone-l1-1-0.dll
0x0000000016f00000 - 0x0000000016f03000 	C:\Program Files\Java\jre1.8.0_221\bin\api-ms-win-core-util-l1-1-0.dll
0x0000000016f10000 - 0x0000000016f13000 	C:\Program Files\Java\jre1.8.0_221\bin\api-ms-win-crt-conio-l1-1-0.dll
0x0000000016f20000 - 0x0000000016f24000 	C:\Program Files\Java\jre1.8.0_221\bin\api-ms-win-crt-convert-l1-1-0.dll
0x0000000016f30000 - 0x0000000016f33000 	C:\Program Files\Java\jre1.8.0_221\bin\api-ms-win-crt-environment-l1-1-0.dll
0x0000000016f40000 - 0x0000000016f43000 	C:\Program Files\Java\jre1.8.0_221\bin\api-ms-win-crt-filesystem-l1-1-0.dll
0x0000000016f50000 - 0x0000000016f53000 	C:\Program Files\Java\jre1.8.0_221\bin\api-ms-win-crt-heap-l1-1-0.dll
0x0000000016f60000 - 0x0000000016f63000 	C:\Program Files\Java\jre1.8.0_221\bin\api-ms-win-crt-locale-l1-1-0.dll
0x0000000016f70000 - 0x0000000016f75000 	C:\Program Files\Java\jre1.8.0_221\bin\api-ms-win-crt-math-l1-1-0.dll
0x0000000016f80000 - 0x0000000016f85000 	C:\Program Files\Java\jre1.8.0_221\bin\api-ms-win-crt-multibyte-l1-1-0.dll
0x0000000016f90000 - 0x0000000016fa0000 	C:\Program Files\Java\jre1.8.0_221\bin\api-ms-win-crt-private-l1-1-0.dll
0x0000000016fa0000 - 0x0000000016fa3000 	C:\Program Files\Java\jre1.8.0_221\bin\api-ms-win-crt-process-l1-1-0.dll
0x0000000016fb0000 - 0x0000000016fb4000 	C:\Program Files\Java\jre1.8.0_221\bin\api-ms-win-crt-runtime-l1-1-0.dll
0x0000000016fc0000 - 0x0000000016fc4000 	C:\Program Files\Java\jre1.8.0_221\bin\api-ms-win-crt-stdio-l1-1-0.dll
0x0000000016fd0000 - 0x0000000016fd4000 	C:\Program Files\Java\jre1.8.0_221\bin\api-ms-win-crt-string-l1-1-0.dll
0x0000000016fe0000 - 0x0000000016fe3000 	C:\Program Files\Java\jre1.8.0_221\bin\api-ms-win-crt-time-l1-1-0.dll
0x0000000016ff0000 - 0x0000000016ff3000 	C:\Program Files\Java\jre1.8.0_221\bin\api-ms-win-crt-utility-l1-1-0.dll
0x00007fff59260000 - 0x00007fff59356000 	C:\Program Files\Java\jre1.8.0_221\bin\ucrtbase.dll
0x00007fff84af0000 - 0x00007fff84b06000 	C:\Program Files\Java\jre1.8.0_221\bin\vcruntime140.dll
0x00007fff54c80000 - 0x00007fff54d2a000 	C:\Program Files\Java\jre1.8.0_221\bin\msvcp140.dll
0x00007fff5b8b0000 - 0x00007fff5b904000 	C:\Program Files\Java\jre1.8.0_221\bin\concrt140.dll
0x00007fff84a90000 - 0x00007fff84ab3000 	C:\Program Files\Java\jre1.8.0_221\bin\prism_d3d.dll
0x00007fff4a8a0000 - 0x00007fff4aa67000 	C:\Windows\system32\d3d9.dll
0x00007fff86790000 - 0x00007fff867bd000 	C:\Windows\SYSTEM32\dwmapi.dll
0x00007fff878b0000 - 0x00007fff878d0000 	C:\Windows\SYSTEM32\dxcore.dll
0x00007fff86430000 - 0x00007fff864c9000 	C:\Windows\system32\uxtheme.dll
0x00007fff2cb10000 - 0x00007fff2f04d000 	C:\Windows\SYSTEM32\igdumdim64.dll
0x00007fff89ed0000 - 0x00007fff89f95000 	C:\Windows\System32\OLEAUT32.dll
0x00007fff8ab90000 - 0x00007fff8ace7000 	C:\Windows\System32\ole32.dll
0x00007fff8b4a0000 - 0x00007fff8b910000 	C:\Windows\System32\SETUPAPI.dll
0x00007fff88f80000 - 0x00007fff88fa6000 	C:\Windows\System32\bcrypt.dll
0x00007fff5b440000 - 0x00007fff5b489000 	C:\Program Files\Java\jre1.8.0_221\bin\glass.dll
0x00007fff8b230000 - 0x00007fff8b300000 	C:\Windows\System32\COMDLG32.dll
0x00007fff8a710000 - 0x00007fff8a845000 	C:\Windows\System32\MSCTF.dll
0x00007fff7f540000 - 0x00007fff7ff80000 	C:\Windows\SYSTEM32\igdusc64.dll
0x00007fff54920000 - 0x00007fff54a0f000 	C:\Users\mmcam\.javacpp\cache\opencv-3.2.0-1.3-windows-x86_64.jar\org\bytedeco\javacpp\windows-x86_64\msvcr120.dll
0x00007fff54ac0000 - 0x00007fff54b66000 	C:\Users\mmcam\.javacpp\cache\opencv-3.2.0-1.3-windows-x86_64.jar\org\bytedeco\javacpp\windows-x86_64\msvcp120.dll
0x00007fff424b0000 - 0x00007fff42738000 	C:\Users\mmcam\.javacpp\cache\opencv-3.2.0-1.3-windows-x86_64.jar\org\bytedeco\javacpp\windows-x86_64\opencv_core320.dll
0x00007fff3c900000 - 0x00007fff3cc62000 	C:\Users\mmcam\.javacpp\cache\opencv-3.2.0-1.3-windows-x86_64.jar\org\bytedeco\javacpp\windows-x86_64\opencv_imgproc320.dll
0x00007fff3c6b0000 - 0x00007fff3c8fa000 	C:\Users\mmcam\.javacpp\cache\opencv-3.2.0-1.3-windows-x86_64.jar\org\bytedeco\javacpp\windows-x86_64\jniopencv_core.dll
0x00007fff617f0000 - 0x00007fff6180a000 	C:\Program Files\Java\jre1.8.0_221\bin\net.dll
0x00007fff78d80000 - 0x00007fff78f56000 	C:\Windows\SYSTEM32\urlmon.dll
0x00007fff79080000 - 0x00007fff79326000 	C:\Windows\SYSTEM32\iertutil.dll
0x00007fff88680000 - 0x00007fff8868c000 	C:\Windows\SYSTEM32\CRYPTBASE.DLL
0x00007fff884b0000 - 0x00007fff88517000 	C:\Windows\system32\mswsock.dll
0x00007fff617d0000 - 0x00007fff617e2000 	C:\Program Files\Java\jre1.8.0_221\bin\nio.dll
0x00007fff4a700000 - 0x00007fff4a899000 	C:\Program Files\Java\jre1.8.0_221\bin\awt.dll
0x00007fff86270000 - 0x00007fff862ff000 	C:\Windows\SYSTEM32\apphelp.dll
0x00007fff84ad0000 - 0x00007fff84ae4000 	C:\Program Files\Java\jre1.8.0_221\bin\javafx_font.dll
0x00007fff231e0000 - 0x00007fff2723b000 	C:\Program Files\Java\jre1.8.0_221\bin\jfxwebkit.dll
0x00007fff88020000 - 0x00007fff88053000 	C:\Windows\system32\rsaenh.dll
0x00007fff78a80000 - 0x00007fff78d7e000 	C:\Windows\SYSTEM32\dwrite.dll
0x00007fff8bb30000 - 0x00007fff8bbd2000 	C:\Windows\System32\clbcatq.dll
0x00007fff84060000 - 0x00007fff8420f000 	C:\Windows\SYSTEM32\WindowsCodecs.dll
0x00007fff54a10000 - 0x00007fff54a4a000 	C:\Windows\system32\dataexchange.dll
0x00007fff85780000 - 0x00007fff859db000 	C:\Windows\system32\d3d11.dll
0x00007fff859e0000 - 0x00007fff85bbc000 	C:\Windows\system32\dcomp.dll
0x00007fff87940000 - 0x00007fff87a2b000 	C:\Windows\system32\dxgi.dll
0x00007fff86520000 - 0x00007fff86781000 	C:\Windows\system32\twinapi.appcore.dll
0x00007fff86a40000 - 0x00007fff86a69000 	C:\Windows\system32\RMCLIENT.dll
0x00007fff72660000 - 0x00007fff72693000 	C:\Program Files\Common Files\Microsoft Shared\Ink\rtscom.dll
0x00007fff7aed0000 - 0x00007fff7af6e000 	C:\Windows\System32\TextInputFramework.dll
0x00007fff84450000 - 0x00007fff8477a000 	C:\Windows\System32\CoreUIComponents.dll
0x00007fff85f90000 - 0x00007fff86064000 	C:\Windows\System32\CoreMessaging.dll
0x00007fff87ca0000 - 0x00007fff87cd1000 	C:\Windows\SYSTEM32\ntmarta.dll
0x00007fff842f0000 - 0x00007fff84443000 	C:\Windows\SYSTEM32\wintypes.dll

VM Arguments:
jvm_args: -Djava.library.path=C:\Users\Administrator\Desktop\opencv\build\java\x64 -Dfile.encoding=Cp1252 
java_command: application.Main
java_class_path (initial): C:\Users\mmcam\OneDrive\Bureau\projet java\ensahVision\target\classes;C:\Users\mmcam\.p2\pool\plugins\org.eclipse.fx.ide.css.jfx8_1.2.0.201501301049.jar;C:\Users\mmcam\OneDrive\Bureau\projet java\ensahVision\bin\opencv-341.jar;C:\Users\mmcam\.m2\repository\org\bytedeco\javacv-platform\1.3.2\javacv-platform-1.3.2.jar;C:\Users\mmcam\.m2\repository\org\bytedeco\javacv\1.3.2\javacv-1.3.2.jar;C:\Users\mmcam\.m2\repository\org\bytedeco\javacpp-presets\ffmpeg\3.2.1-1.3\ffmpeg-3.2.1-1.3.jar;C:\Users\mmcam\.m2\repository\org\bytedeco\javacpp-presets\flycapture\2.9.3.43-1.3\flycapture-2.9.3.43-1.3.jar;C:\Users\mmcam\.m2\repository\org\bytedeco\javacpp-presets\libdc1394\2.2.4-1.3\libdc1394-2.2.4-1.3.jar;C:\Users\mmcam\.m2\repository\org\bytedeco\javacpp-presets\libfreenect\0.5.3-1.3\libfreenect-0.5.3-1.3.jar;C:\Users\mmcam\.m2\repository\org\bytedeco\javacpp-presets\libfreenect2\0.2.0-1.3\libfreenect2-0.2.0-1.3.jar;C:\Users\mmcam\.m2\repository\org\bytedeco\javacpp-presets\librealsense\1.9.6-1.3\librealsense-1.9.6-1.3.jar;C:\Users\mmcam\.m2\repository\org\bytedeco\javacpp-presets\videoinput\0.200-1.3\videoinput-0.200-1.3.jar;C:\Users\mmcam\.m2\repository\org\bytedeco\javacpp-presets\artoolkitplus\2.3.1-1.3\artoolkitplus-2.3.1-1.3.jar;C:\Users\mmcam\.m2\repository\org\bytedeco\javacpp-presets\flandmark\1.07-1.3\flandmark-1.07-1.3.jar;C:\Users\mmcam\.m2\repository\org\bytedeco\javacpp-presets\opencv-platform\3.2.0-1.3\opencv-platform-3.2.0-1.3.jar;C:\Users\mmcam\.m2\repository\org\bytedeco\javacpp-presets\opencv\3.2.0-1.3\opencv-3.2.0-1.3-android-arm.jar;C:\Users\mmcam\.m2\repository\org\bytedeco\javacpp-presets\opencv\3.2.0-1.3\opencv-3.2.0-1.3-android-x86.jar;C:\Users\mmcam\.m2\repository\org\bytedeco\javacpp-presets\opencv\3.2.0-1.3\opencv-3.2.0-1.3-linux-x86.jar;C:\Users\mmcam\.m2\repository\org\bytedeco\javacpp-presets\opencv\3.2.0-1.3\opencv-3.2.0-1.3-linux-x86_64.jar;C:\Users\mmcam\.m2\repository\org\bytedeco\javacpp-presets\opencv\3.2.0-1.3\o
Launcher Type: SUN_STANDARD

Environment Variables:
PATH=C:/Program Files/Java/jre1.8.0_221/bin/server;C:/Program Files/Java/jre1.8.0_221/bin;C:/Program Files/Java/jre1.8.0_221/lib/amd64;C:\Program Files (x86)\Common Files\Oracle\Java\javapath;C:\opencv\build\bin;C:\Users\mmcam\AppData\Local\Microsoft\WindowsApps;;C:\Users\mmcam\AppData\Local\Programs\Microsoft VS Code\bin;C:\Users\mmcam\AppData\Roaming\npm;C:\Users\mmcam\OneDrive\Bureau;
USERNAME=mmcam
OS=Windows_NT
PROCESSOR_IDENTIFIER=Intel64 Family 6 Model 69 Stepping 1, GenuineIntel



---------------  S Y S T E M  ---------------

OS: Windows 10.0 , 64 bit Build 18362 (10.0.18362.900)

CPU:total 4 (initial active 4) (2 cores per cpu, 2 threads per core) family 6 model 69 stepping 1, cmov, cx8, fxsr, mmx, sse, sse2, sse3, ssse3, sse4.1, sse4.2, popcnt, avx, avx2, aes, clmul, erms, lzcnt, ht, tsc, tscinvbit, bmi1, bmi2

Memory: 4k page, physical 4074888k(668948k free), swap 10890632k(2735340k free)

vm_info: Java HotSpot(TM) 64-Bit Server VM (25.221-b11) for windows-amd64 JRE (1.8.0_221-b11), built on Jul  4 2019 04:39:29 by "java_re" with MS VC++ 10.0 (VS2010)

time: Fri Jun 12 18:50:18 2020
timezone: Maroc (heure d’été)
elapsed time: 35 seconds (0d 0h 0m 35s)

